
[INFO] 17:58:04:708 gamecard/(14767:14767): Puerto Broker:5002
[INFO] 17:58:04:722 gamecard/(14767:14767): El directorio ya existe
[INFO] 17:58:04:722 gamecard/(14767:14767): El directorio ya existe
[INFO] 17:58:04:722 gamecard/(14767:14767): El directorio ya existe
[INFO] 17:58:04:723 gamecard/(14767:14767): Escribiendo bloque:1, offset=0, longitud=5, buffer=Hola
[INFO] 17:58:04:723 gamecard/(14767:14767): Resultado:1
[INFO] 17:58:04:723 gamecard/(14767:14767): Escribiendo bloque:1, offset=5, longitud=5, buffer=Hola
[INFO] 17:58:04:723 gamecard/(14767:14767): Resultado:1
[INFO] 17:59:29:4 gamecard/(14847:14847): Puerto Broker:5002
[INFO] 17:59:30:54 gamecard/(14847:14847): El directorio ya existe
[INFO] 17:59:30:54 gamecard/(14847:14847): El directorio ya existe
[INFO] 17:59:30:54 gamecard/(14847:14847): El directorio ya existe
[INFO] 17:59:30:54 gamecard/(14847:14847): Escribiendo bloque:1, offset=0, longitud=5, buffer=Hola
[INFO] 17:59:30:54 gamecard/(14847:14847): Escribiendo bloque:1, offset=5, longitud=5, buffer=Hola
[INFO] 18:04:31:225 gamecard/(15014:15014): Puerto Broker:5002
[INFO] 18:04:31:233 gamecard/(15014:15014): El directorio ya existe
[INFO] 18:04:31:233 gamecard/(15014:15014): El directorio ya existe
[INFO] 18:04:31:233 gamecard/(15014:15014): El directorio ya existe
[INFO] 18:04:31:233 gamecard/(15014:15014): Escribiendo bloque:1, offset=0, longitud=5, buffer=Hola
[INFO] 18:04:31:233 gamecard/(15014:15014): Resultado Seek:0
[INFO] 18:04:31:233 gamecard/(15014:15014): Resultado Write:1
[INFO] 18:04:31:233 gamecard/(15014:15014): Escribiendo bloque:1, offset=5, longitud=5, buffer=Hola
[INFO] 18:04:31:233 gamecard/(15014:15014): Resultado Seek:0
[INFO] 18:04:31:233 gamecard/(15014:15014): Resultado Write:1
[INFO] 18:05:27:296 gamecard/(15089:15089): Puerto Broker:5002
[INFO] 18:05:27:303 gamecard/(15089:15089): El directorio ya existe
[INFO] 18:05:27:303 gamecard/(15089:15089): El directorio ya existe
[INFO] 18:05:27:304 gamecard/(15089:15089): El directorio ya existe
[INFO] 18:05:27:304 gamecard/(15089:15089): Escribiendo bloque:1, offset=0, longitud=5, buffer=Hola
[INFO] 18:05:27:304 gamecard/(15089:15089): Resultado Seek:0
[INFO] 18:05:27:304 gamecard/(15089:15089): Resultado Write:1
[INFO] 18:05:27:304 gamecard/(15089:15089): Escribiendo bloque:1, offset=5, longitud=5, buffer=Hola
[INFO] 18:05:27:304 gamecard/(15089:15089): Resultado Seek:5
[INFO] 18:05:27:304 gamecard/(15089:15089): Resultado Write:1
[INFO] 18:07:21:72 gamecard/(15205:15205): Puerto Broker:5002
[INFO] 18:07:21:83 gamecard/(15205:15205): El directorio ya existe
[INFO] 18:07:21:83 gamecard/(15205:15205): El directorio ya existe
[INFO] 18:07:21:83 gamecard/(15205:15205): El directorio ya existe
[INFO] 18:07:21:83 gamecard/(15205:15205): Escribiendo bloque:1, offset=0, longitud=29, buffer=Hola
[INFO] 18:07:21:83 gamecard/(15205:15205): Resultado Seek:0
[INFO] 18:07:21:83 gamecard/(15205:15205): Resultado Write:1
[INFO] 18:07:21:84 gamecard/(15205:15205): Escribiendo bloque:1, offset=5, longitud=5, buffer=Hola
[INFO] 18:07:21:84 gamecard/(15205:15205): Resultado Seek:5
[INFO] 18:07:21:84 gamecard/(15205:15205): Resultado Write:1
[INFO] 18:07:47:467 gamecard/(15266:15266): Puerto Broker:5002
[INFO] 18:07:47:469 gamecard/(15266:15266): El directorio ya existe
[INFO] 18:07:47:469 gamecard/(15266:15266): El directorio ya existe
[INFO] 18:07:47:469 gamecard/(15266:15266): El directorio ya existe
[INFO] 18:07:47:470 gamecard/(15266:15266): Escribiendo bloque:1, offset=0, longitud=29, buffer=Hola LA concha de tu m,adre3
[INFO] 18:07:47:470 gamecard/(15266:15266): Resultado Seek:0
[INFO] 18:07:47:470 gamecard/(15266:15266): Resultado Write:1
[INFO] 18:07:47:471 gamecard/(15266:15266): Escribiendo bloque:1, offset=5, longitud=5, buffer=Hola
[INFO] 18:07:47:471 gamecard/(15266:15266): Resultado Seek:5
[INFO] 18:07:47:471 gamecard/(15266:15266): Resultado Write:1
[INFO] 18:08:42:838 gamecard/(15356:15356): Puerto Broker:5002
[INFO] 18:08:42:866 gamecard/(15356:15356): El directorio ya existe
[INFO] 18:08:42:866 gamecard/(15356:15356): El directorio ya existe
[INFO] 18:08:42:866 gamecard/(15356:15356): El directorio ya existe
[INFO] 18:08:42:867 gamecard/(15356:15356): Escribiendo bloque:1, offset=0, longitud=5, buffer=Hola
[INFO] 18:08:42:867 gamecard/(15356:15356): Resultado Seek:0
[INFO] 18:08:42:867 gamecard/(15356:15356): Resultado Write:1
[INFO] 18:08:42:868 gamecard/(15356:15356): Escribiendo bloque:1, offset=5, longitud=5, buffer=Hola
[INFO] 18:08:42:868 gamecard/(15356:15356): Resultado Seek:5
[INFO] 18:08:42:868 gamecard/(15356:15356): Resultado Write:1
[INFO] 18:09:26:16 gamecard/(15438:15438): Puerto Broker:5002
[INFO] 18:09:26:18 gamecard/(15438:15438): El directorio ya existe
[INFO] 18:09:26:19 gamecard/(15438:15438): El directorio ya existe
[INFO] 18:09:26:19 gamecard/(15438:15438): El directorio ya existe
[INFO] 18:09:26:21 gamecard/(15438:15438): Escribiendo bloque:1, offset=0, longitud=5, buffer=Hola
[INFO] 18:09:26:21 gamecard/(15438:15438): Resultado Seek:0
[INFO] 18:09:26:21 gamecard/(15438:15438): Resultado Write:1
[INFO] 18:09:26:22 gamecard/(15438:15438): Escribiendo bloque:1, offset=4, longitud=5, buffer=Hola
[INFO] 18:09:26:22 gamecard/(15438:15438): Resultado Seek:4
[INFO] 18:09:26:22 gamecard/(15438:15438): Resultado Write:1
[INFO] 18:10:07:47 gamecard/(15517:15517): Puerto Broker:5002
[INFO] 18:10:07:53 gamecard/(15517:15517): El directorio ya existe
[INFO] 18:10:07:53 gamecard/(15517:15517): El directorio ya existe
[INFO] 18:10:07:53 gamecard/(15517:15517): El directorio ya existe
[INFO] 18:10:07:54 gamecard/(15517:15517): Escribiendo bloque:1, offset=0, longitud=5, buffer=Hola
[INFO] 18:10:07:54 gamecard/(15517:15517): Resultado Seek:0
[INFO] 18:10:07:54 gamecard/(15517:15517): Resultado Write:1
[INFO] 18:10:07:54 gamecard/(15517:15517): Escribiendo bloque:1, offset=4, longitud=5, buffer=Hola
[INFO] 18:10:07:55 gamecard/(15517:15517): Resultado Seek:4
[INFO] 18:10:07:55 gamecard/(15517:15517): Resultado Write:1
[INFO] 18:17:04:5 gamecard/(15862:15862): Puerto Broker:5002
[INFO] 18:17:05:8 gamecard/(15862:15862): El directorio ya existe
[INFO] 18:17:05:8 gamecard/(15862:15862): El directorio ya existe
[INFO] 18:17:05:8 gamecard/(15862:15862): El directorio ya existe
[INFO] 18:17:05:9 gamecard/(15862:15862): Escribiendo bloque:1, offset=0, longitud=5, buffer=Hola
[INFO] 18:17:05:9 gamecard/(15862:15862): Escribiendo bloque:1, offset=4, longitud=5, buffer=Hola
[INFO] 18:17:36:430 gamecard/(15905:15905): Puerto Broker:5002
[INFO] 18:17:36:435 gamecard/(15905:15905): Escribiendo bloque:1, offset=0, longitud=5, buffer=Hola
[INFO] 18:19:34:273 gamecard/(15999:15999): Puerto Broker:5002
[INFO] 18:19:34:279 gamecard/(15999:15999): El directorio ya existe
[INFO] 18:19:34:280 gamecard/(15999:15999): El directorio ya existe
[INFO] 18:19:34:280 gamecard/(15999:15999): El directorio ya existe
[INFO] 18:19:34:280 gamecard/(15999:15999): Escribiendo bloque:1, offset=0, longitud=5, buffer=Hola
[INFO] 18:20:03:509 gamecard/(16054:16054): Puerto Broker:5002
[INFO] 18:20:03:516 gamecard/(16054:16054): El directorio ya existe
[INFO] 18:20:03:516 gamecard/(16054:16054): El directorio ya existe
[INFO] 18:20:03:516 gamecard/(16054:16054): El directorio ya existe
[INFO] 18:20:03:516 gamecard/(16054:16054): Escribiendo bloque:1, offset=0, longitud=5, buffer=Hola
[INFO] 18:20:28:352 gamecard/(16110:16110): Puerto Broker:5002
[INFO] 18:20:28:363 gamecard/(16110:16110): El directorio ya existe
[INFO] 18:20:28:363 gamecard/(16110:16110): El directorio ya existe
[INFO] 18:20:28:364 gamecard/(16110:16110): El directorio ya existe
[INFO] 18:20:28:364 gamecard/(16110:16110): Escribiendo bloque:1, offset=0, longitud=5, buffer=Hola
[INFO] 18:20:54:113 gamecard/(16151:16151): Puerto Broker:5002
[INFO] 18:20:54:119 gamecard/(16151:16151): Escribiendo bloque:1, offset=0, longitud=5, buffer=Hola
[INFO] 18:22:48:26 gamecard/(16253:16253): Puerto Broker:5002
[INFO] 18:22:48:29 gamecard/(16253:16253): El directorio ya existe
[INFO] 18:22:48:29 gamecard/(16253:16253): El directorio ya existe
[INFO] 18:22:48:29 gamecard/(16253:16253): El directorio ya existe
[INFO] 18:22:48:29 gamecard/(16253:16253): Escribiendo bloque:1, offset=0, longitud=5, buffer=Hola
[INFO] 18:23:41:932 gamecard/(16322:16322): Puerto Broker:5002
[INFO] 18:23:41:954 gamecard/(16322:16322): Escribiendo bloque:1, offset=0, longitud=5, buffer=Hola
[INFO] 18:23:41:954 gamecard/(16322:16322): Escribiendo bloque:1, offset=4, longitud=5, buffer=Hola
[INFO] 19:43:46:258 gamecard/(10627:10627): Puerto Broker:5002
[INFO] 19:43:46:271 gamecard/(10627:10627): El directorio ya existe
[INFO] 19:43:46:288 gamecard/(10627:10627): Error al crear el directorio
[INFO] 19:43:46:288 gamecard/(10627:10627): El directorio ya existe
[INFO] 19:43:46:288 gamecard/(10627:10627): Error al crear el directorio
[INFO] 19:43:46:289 gamecard/(10627:10627): Escribiendo bloque:1, offset=0, longitud=5, buffer=Hola
[INFO] 19:43:46:289 gamecard/(10627:10627): Escribiendo bloque:1, offset=4, longitud=5, buffer=Hola
[INFO] 19:45:20:821 gamecard/(10812:10812): Puerto Broker:5002
[INFO] 19:46:38:235 gamecard/(11068:11068): Puerto Broker:5002
[INFO] 19:47:25:317 gamecard/(11197:11197): Puerto Broker:5002
[INFO] 19:47:58:301 gamecard/(11299:11299): Puerto Broker:5002
[INFO] 19:49:55:650 gamecard/(11501:11501): Puerto Broker:5002
[INFO] 19:49:55:654 gamecard/(11501:11501): Escribiendo bloque:1, offset=0, longitud=5, buffer=Hola
[INFO] 19:49:55:654 gamecard/(11501:11501): Escribiendo bloque:1, offset=4, longitud=5, buffer=Hola
[INFO] 20:40:16:993 gamecard/(19050:19050): Puerto Broker:5002
[INFO] 20:40:16:994 gamecard/(19050:19050): Se encontro el directorio metadata
[INFO] 20:40:16:994 gamecard/(19050:19050): Se encontro el archivo metadata.bin
[INFO] 20:40:16:994 gamecard/(19050:19050): Inicio de Metadata, Tamanio bloques: 64,  Cantidad de bloques: 10,  Magic number: TALL_GRASS
[INFO] 20:40:16:998 gamecard/(19050:19050): Soy directorio
[INFO] 20:40:16:998 gamecard/(19050:19050): Soy directorio
[INFO] 20:40:16:998 gamecard/(19050:19050): Soy archivo
[INFO] 20:40:16:998 gamecard/(19050:19050): Escribiendo bloque:1, offset=0, longitud=5, buffer=Hola
[INFO] 20:40:16:998 gamecard/(19050:19050): Escribiendo bloque:1, offset=4, longitud=5, buffer=Hola
[INFO] 20:40:16:0 gamecard/(19050:19058): Voy a llenar el paquete
[INFO] 20:40:16:1 gamecard/(19050:19058): cliente: 4
[INFO] 20:40:16:1 gamecard/(19050:19058): Conexión fallida con el Broker reintentando en 10 segundos...
[INFO] 20:40:16:1 gamecard/(19050:19057): Voy a llenar el paquete
[INFO] 20:40:16:1 gamecard/(19050:19057): cliente: 5
[INFO] 20:40:16:1 gamecard/(19050:19057): Conexión fallida con el Broker reintentando en 10 segundos...
[INFO] 20:40:17:5 gamecard/(19050:19056): Voy a llenar el paquete
[INFO] 20:40:17:6 gamecard/(19050:19056): cliente: 6
[INFO] 20:40:17:6 gamecard/(19050:19056): Conexión fallida con el Broker reintentando en 10 segundos...
[INFO] 20:40:26:1 gamecard/(19050:19057): Conexión fallida con el Broker reintentando en 10 segundos...
[INFO] 20:40:26:1 gamecard/(19050:19058): Conexión fallida con el Broker reintentando en 10 segundos...
[INFO] 20:40:27:6 gamecard/(19050:19056): Conexión fallida con el Broker reintentando en 10 segundos...
