[INFO] 11:26:33:829 GAMEBOY/(18334:18334): ___________________________________________________________________________________________________________
[INFO] 11:26:33:829 GAMEBOY/(18334:18334): Inició el GAMEBOY
[INFO] 11:26:33:844 GAMEBOY/(18334:18337): Estoy esperando respuesta al mensaje enviado

[INFO] 11:26:33:845 GAMEBOY/(18334:18337): Mensaje fue recibido correctamente, respuesta: 1

[INFO] 11:26:33:850 GAMEBOY/(18338:18338): ___________________________________________________________________________________________________________
[INFO] 11:26:33:854 GAMEBOY/(18338:18338): Inició el GAMEBOY
[INFO] 11:26:33:861 GAMEBOY/(18338:18342): Estoy esperando respuesta al mensaje enviado

[INFO] 11:26:33:862 GAMEBOY/(18338:18342): Mensaje fue recibido correctamente, respuesta: 2

[INFO] 11:26:33:879 GAMEBOY/(18343:18343): ___________________________________________________________________________________________________________
[INFO] 11:26:33:881 GAMEBOY/(18343:18343): Inició el GAMEBOY
[INFO] 11:26:33:889 GAMEBOY/(18343:18347): Estoy esperando respuesta al mensaje enviado

[INFO] 11:26:33:890 GAMEBOY/(18343:18347): Mensaje fue recibido correctamente, respuesta: 3

[INFO] 11:26:33:895 GAMEBOY/(18350:18350): ___________________________________________________________________________________________________________
[INFO] 11:26:33:907 GAMEBOY/(18350:18350): Inició el GAMEBOY
[INFO] 11:26:33:910 GAMEBOY/(18350:18352): Estoy esperando respuesta al mensaje enviado

[INFO] 11:26:33:917 GAMEBOY/(18350:18352): Mensaje fue recibido correctamente, respuesta: 4

[INFO] 11:29:51:96 GAMEBOY/(18598:18598): ___________________________________________________________________________________________________________
[INFO] 11:29:51:96 GAMEBOY/(18598:18598): Inició el GAMEBOY
[INFO] 11:29:51:113 GAMEBOY/(18598:18600): Estoy esperando respuesta al mensaje enviado

[INFO] 11:29:51:123 GAMEBOY/(18598:18600): Mensaje fue recibido correctamente, respuesta: 35

[INFO] 11:29:51:125 GAMEBOY/(18603:18603): ___________________________________________________________________________________________________________
[INFO] 11:29:51:125 GAMEBOY/(18603:18603): Inició el GAMEBOY
[INFO] 11:29:51:133 GAMEBOY/(18603:18605): Estoy esperando respuesta al mensaje enviado

[INFO] 11:29:51:133 GAMEBOY/(18603:18605): Mensaje fue recibido correctamente, respuesta: 36

[INFO] 11:29:51:146 GAMEBOY/(18608:18608): ___________________________________________________________________________________________________________
[INFO] 11:29:51:165 GAMEBOY/(18608:18608): Inició el GAMEBOY
[INFO] 11:29:51:167 GAMEBOY/(18608:18610): Estoy esperando respuesta al mensaje enviado

[INFO] 11:29:51:168 GAMEBOY/(18608:18610): Mensaje fue recibido correctamente, respuesta: 37

[INFO] 11:29:51:206 GAMEBOY/(18613:18613): ___________________________________________________________________________________________________________
[INFO] 11:29:51:206 GAMEBOY/(18613:18613): Inició el GAMEBOY
[INFO] 11:29:51:232 GAMEBOY/(18613:18615): Estoy esperando respuesta al mensaje enviado

[INFO] 11:29:51:232 GAMEBOY/(18613:18615): Mensaje fue recibido correctamente, respuesta: 38

[INFO] 11:29:51:244 GAMEBOY/(18618:18618): ___________________________________________________________________________________________________________
[INFO] 11:29:51:244 GAMEBOY/(18618:18618): Inició el GAMEBOY
[INFO] 11:29:51:273 GAMEBOY/(18618:18620): Estoy esperando respuesta al mensaje enviado

[INFO] 11:29:51:273 GAMEBOY/(18618:18620): Mensaje fue recibido correctamente, respuesta: 39

[INFO] 11:29:51:281 GAMEBOY/(18623:18623): ___________________________________________________________________________________________________________
[INFO] 11:29:51:281 GAMEBOY/(18623:18623): Inició el GAMEBOY
[INFO] 11:29:51:291 GAMEBOY/(18623:18625): Estoy esperando respuesta al mensaje enviado

[INFO] 11:29:51:292 GAMEBOY/(18623:18625): Mensaje fue recibido correctamente, respuesta: 40

[INFO] 11:41:28:38 GAMEBOY/(19154:19154): ___________________________________________________________________________________________________________
[INFO] 11:41:28:45 GAMEBOY/(19154:19154): Inició el GAMEBOY
[INFO] 11:41:28:45 GAMEBOY/(19154:19154): Arranco

[INFO] 11:41:28:46 GAMEBOY/(19154:19156): Estoy esperando respuesta al mensaje enviado

[INFO] 11:41:28:46 GAMEBOY/(19154:19156): Mensaje recibido incorrectamente, respuesta: 0

[INFO] 11:41:28:56 GAMEBOY/(19157:19157): ___________________________________________________________________________________________________________
[INFO] 11:41:28:56 GAMEBOY/(19157:19157): Inició el GAMEBOY
[INFO] 11:41:28:56 GAMEBOY/(19157:19157): Arranco

[INFO] 11:41:28:57 GAMEBOY/(19157:19158): Estoy esperando respuesta al mensaje enviado

[INFO] 11:41:28:57 GAMEBOY/(19157:19158): Mensaje recibido incorrectamente, respuesta: 0

[INFO] 11:41:28:58 GAMEBOY/(19159:19159): ___________________________________________________________________________________________________________
[INFO] 11:41:28:58 GAMEBOY/(19159:19159): Inició el GAMEBOY
[INFO] 11:41:28:58 GAMEBOY/(19159:19159): Arranco

[INFO] 11:41:28:58 GAMEBOY/(19159:19160): Estoy esperando respuesta al mensaje enviado

[INFO] 11:41:28:58 GAMEBOY/(19159:19160): Mensaje recibido incorrectamente, respuesta: 0

[INFO] 11:41:28:60 GAMEBOY/(19161:19161): ___________________________________________________________________________________________________________
[INFO] 11:41:28:60 GAMEBOY/(19161:19161): Inició el GAMEBOY
[INFO] 11:41:28:60 GAMEBOY/(19161:19161): Arranco

[INFO] 11:41:28:60 GAMEBOY/(19161:19162): Estoy esperando respuesta al mensaje enviado

[INFO] 11:41:28:60 GAMEBOY/(19161:19162): Mensaje recibido incorrectamente, respuesta: 0

