[INFO] 17:20:38:616 GAMEBOY/(18382:18382): arranco

[INFO] 18:59:10:792 GAMEBOY/(31951:31951): Arranco

[INFO] 18:59:10:800 GAMEBOY/(31951:31958): Estoy esperando respuesta al mensaje enviado

[INFO] 18:59:10:800 GAMEBOY/(31951:31958): Mensaje fue recibido correctamente, respuesta: 1

[INFO] 19:01:36:370 GAMEBOY/(32183:32183): Arranco

[INFO] 19:01:36:372 GAMEBOY/(32183:32189): Estoy esperando respuesta al mensaje enviado

[INFO] 19:01:36:374 GAMEBOY/(32183:32189): Mensaje recibido incorrectamente, respuesta: 0

[INFO] 19:01:54:988 GAMEBOY/(32247:32247): Arranco

[INFO] 19:01:54:993 GAMEBOY/(32247:32255): Estoy esperando respuesta al mensaje enviado

[INFO] 19:01:54:993 GAMEBOY/(32247:32255): Mensaje fue recibido correctamente, respuesta: 1

[INFO] 19:05:26:328 GAMEBOY/(32607:32607): Arranco

[INFO] 19:05:26:332 GAMEBOY/(32607:32618): Estoy esperando respuesta al mensaje enviado

[INFO] 19:05:26:332 GAMEBOY/(32607:32618): Mensaje fue recibido correctamente, respuesta: 1

[INFO] 19:08:27:537 GAMEBOY/(472:472): Arranco

[INFO] 19:08:27:541 GAMEBOY/(472:479): Estoy esperando respuesta al mensaje enviado

[INFO] 19:08:27:543 GAMEBOY/(472:479): Mensaje fue recibido correctamente, respuesta: 1

[INFO] 19:18:35:49 GAMEBOY/(1265:1265): Arranco

[INFO] 19:18:35:52 GAMEBOY/(1265:1272): Estoy esperando respuesta al mensaje enviado

[INFO] 19:18:35:53 GAMEBOY/(1265:1272): Mensaje fue recibido correctamente, respuesta: 1

[INFO] 19:26:30:848 GAMEBOY/(1933:1933): Arranco

[INFO] 19:26:30:852 GAMEBOY/(1933:1944): Estoy esperando respuesta al mensaje enviado

[INFO] 19:26:30:853 GAMEBOY/(1933:1944): Mensaje fue recibido correctamente, respuesta: 1

[INFO] 19:29:13:404 GAMEBOY/(2440:2440): Arranco

[INFO] 19:29:13:408 GAMEBOY/(2440:2447): Estoy esperando respuesta al mensaje enviado

[INFO] 19:29:13:408 GAMEBOY/(2440:2447): Mensaje fue recibido correctamente, respuesta: 1

[INFO] 19:31:46:362 GAMEBOY/(2795:2795): Arranco

[INFO] 19:31:46:362 GAMEBOY/(2795:2808): Estoy esperando respuesta al mensaje enviado

[INFO] 19:31:46:362 GAMEBOY/(2795:2808): Mensaje fue recibido correctamente, respuesta: 1

[INFO] 19:32:57:259 GAMEBOY/(2971:2971): Arranco

[INFO] 19:32:57:263 GAMEBOY/(2971:2977): Estoy esperando respuesta al mensaje enviado

[INFO] 19:32:57:263 GAMEBOY/(2971:2977): Mensaje recibido incorrectamente, respuesta: 0

[INFO] 19:33:10:181 GAMEBOY/(3081:3081): Arranco

[INFO] 19:33:10:189 GAMEBOY/(3081:3088): Estoy esperando respuesta al mensaje enviado

[INFO] 19:33:10:190 GAMEBOY/(3081:3088): Mensaje fue recibido correctamente, respuesta: 1

[INFO] 19:38:15:84 GAMEBOY/(3546:3546): Arranco

[INFO] 19:38:15:85 GAMEBOY/(3546:3553): Estoy esperando respuesta al mensaje enviado

[INFO] 19:38:15:86 GAMEBOY/(3546:3553): Mensaje fue recibido correctamente, respuesta: 1

[INFO] 19:40:24:868 GAMEBOY/(3808:3808): Arranco

[INFO] 19:40:24:873 GAMEBOY/(3808:3815): Estoy esperando respuesta al mensaje enviado

[INFO] 19:40:24:873 GAMEBOY/(3808:3815): Mensaje fue recibido correctamente, respuesta: 1

[INFO] 19:43:18:52 GAMEBOY/(4107:4107): Arranco

[INFO] 19:43:18:54 GAMEBOY/(4107:4114): Estoy esperando respuesta al mensaje enviado

[INFO] 19:43:18:54 GAMEBOY/(4107:4114): Mensaje fue recibido correctamente, respuesta: 1

[INFO] 19:46:51:752 GAMEBOY/(4586:4586): Arranco

[INFO] 19:46:51:753 GAMEBOY/(4586:4593): Estoy esperando respuesta al mensaje enviado

[INFO] 19:46:52:9 GAMEBOY/(4586:4593): Mensaje recibido incorrectamente, respuesta: 0

[INFO] 19:47:51:953 GAMEBOY/(4779:4779): Arranco

[INFO] 19:47:51:958 GAMEBOY/(4779:4786): Estoy esperando respuesta al mensaje enviado

[INFO] 19:47:51:959 GAMEBOY/(4779:4786): Mensaje recibido incorrectamente, respuesta: 0

[INFO] 19:48:24:85 GAMEBOY/(4903:4903): Arranco

[INFO] 19:48:24:92 GAMEBOY/(4903:4911): Estoy esperando respuesta al mensaje enviado

[INFO] 19:48:24:92 GAMEBOY/(4903:4911): Mensaje fue recibido correctamente, respuesta: 1

[INFO] 19:51:06:600 GAMEBOY/(5201:5201): Arranco

[INFO] 19:51:06:602 GAMEBOY/(5201:5209): Estoy esperando respuesta al mensaje enviado

[INFO] 19:51:06:602 GAMEBOY/(5201:5209): Mensaje fue recibido correctamente, respuesta: 1

[INFO] 15:41:51:160 GAMEBOY/(20795:20795): Arranco

[INFO] 15:41:51:168 GAMEBOY/(20795:20801): Estoy esperando respuesta al mensaje enviado

[INFO] 15:41:51:310 GAMEBOY/(20795:20801): Mensaje recibido incorrectamente, respuesta: 0

[INFO] 15:42:33:213 GAMEBOY/(20876:20876): Arranco

[INFO] 15:42:33:214 GAMEBOY/(20876:20883): Estoy esperando respuesta al mensaje enviado

[INFO] 15:42:33:466 GAMEBOY/(20876:20883): Mensaje recibido incorrectamente, respuesta: 0

[INFO] 15:45:06:602 GAMEBOY/(21095:21095): Arranco

[INFO] 15:45:06:605 GAMEBOY/(21095:21101): Estoy esperando respuesta al mensaje enviado

[INFO] 15:45:06:881 GAMEBOY/(21095:21101): Mensaje recibido incorrectamente, respuesta: 0

[INFO] 15:46:02:437 GAMEBOY/(21236:21236): Arranco

[INFO] 15:46:02:437 GAMEBOY/(21236:21242): Estoy esperando respuesta al mensaje enviado

[INFO] 15:46:02:566 GAMEBOY/(21236:21242): Mensaje recibido incorrectamente, respuesta: 0

[INFO] 15:48:36:572 GAMEBOY/(21530:21530): Arranco

[INFO] 15:48:36:581 GAMEBOY/(21530:21541): Estoy esperando respuesta al mensaje enviado

[INFO] 15:48:36:814 GAMEBOY/(21530:21541): Mensaje recibido incorrectamente, respuesta: 0

[INFO] 15:50:49:301 GAMEBOY/(22166:22166): Arranco

[INFO] 15:50:49:306 GAMEBOY/(22166:22172): Estoy esperando respuesta al mensaje enviado

[INFO] 15:50:49:482 GAMEBOY/(22166:22172): Mensaje recibido incorrectamente, respuesta: 0

[INFO] 15:52:33:429 GAMEBOY/(22410:22410): Arranco

[INFO] 15:52:33:433 GAMEBOY/(22410:22424): Estoy esperando respuesta al mensaje enviado

[INFO] 15:52:33:654 GAMEBOY/(22410:22424): Mensaje recibido incorrectamente, respuesta: 0

[INFO] 16:09:34:437 GAMEBOY/(23766:23766): Arranco

[INFO] 16:09:34:443 GAMEBOY/(23766:23772): Estoy esperando respuesta al mensaje enviado

[INFO] 16:09:34:656 GAMEBOY/(23766:23772): Mensaje recibido incorrectamente, respuesta: 0

[INFO] 16:15:03:375 GAMEBOY/(24304:24304): Arranco

[INFO] 16:15:03:380 GAMEBOY/(24304:24311): Estoy esperando respuesta al mensaje enviado

[INFO] 16:15:03:555 GAMEBOY/(24304:24311): Mensaje recibido incorrectamente, respuesta: 0

[INFO] 16:19:10:654 GAMEBOY/(24688:24688): Arranco

[INFO] 16:19:10:663 GAMEBOY/(24688:24694): Estoy esperando respuesta al mensaje enviado

[INFO] 16:19:10:860 GAMEBOY/(24688:24694): Mensaje recibido incorrectamente, respuesta: 0

[INFO] 16:20:00:131 GAMEBOY/(24844:24844): Arranco

[INFO] 16:20:00:136 GAMEBOY/(24844:24855): Estoy esperando respuesta al mensaje enviado

[INFO] 16:20:18:855 GAMEBOY/(24844:24855): Mensaje recibido incorrectamente, respuesta: 0

[INFO] 16:20:24:775 GAMEBOY/(24959:24959): Arranco

[INFO] 16:20:24:778 GAMEBOY/(24959:24964): Estoy esperando respuesta al mensaje enviado

[INFO] 16:20:24:778 GAMEBOY/(24959:24964): Mensaje recibido incorrectamente, respuesta: 0

[INFO] 16:20:46:596 GAMEBOY/(25068:25068): Arranco

[INFO] 16:20:46:602 GAMEBOY/(25068:25079): Estoy esperando respuesta al mensaje enviado

[INFO] 16:20:46:813 GAMEBOY/(25068:25079): Mensaje recibido incorrectamente, respuesta: 0

[INFO] 16:24:12:925 GAMEBOY/(25417:25417): Arranco

[INFO] 16:24:12:927 GAMEBOY/(25417:25424): Estoy esperando respuesta al mensaje enviado

[INFO] 16:24:13:134 GAMEBOY/(25417:25424): Mensaje recibido incorrectamente, respuesta: 0

[INFO] 16:28:14:755 GAMEBOY/(25857:25857): Arranco

[INFO] 16:28:14:755 GAMEBOY/(25857:25863): Estoy esperando respuesta al mensaje enviado

[INFO] 16:28:14:991 GAMEBOY/(25857:25863): Mensaje recibido incorrectamente, respuesta: 0

[INFO] 16:33:21:220 GAMEBOY/(26386:26386): Arranco

[INFO] 16:33:21:224 GAMEBOY/(26386:26392): Estoy esperando respuesta al mensaje enviado

[INFO] 16:33:21:505 GAMEBOY/(26386:26392): Mensaje recibido incorrectamente, respuesta: 0

[INFO] 16:35:50:235 GAMEBOY/(26696:26696): Arranco

[INFO] 16:35:50:243 GAMEBOY/(26696:26702): Estoy esperando respuesta al mensaje enviado

[INFO] 16:36:17:951 GAMEBOY/(26696:26702): Mensaje recibido incorrectamente, respuesta: 0

[INFO] 16:37:13:367 GAMEBOY/(26896:26896): Arranco

[INFO] 16:37:13:368 GAMEBOY/(26896:26901): Estoy esperando respuesta al mensaje enviado

[INFO] 16:37:13:368 GAMEBOY/(26896:26901): Mensaje recibido incorrectamente, respuesta: 0

[INFO] 16:37:28:120 GAMEBOY/(26998:26998): Arranco

[INFO] 16:37:28:123 GAMEBOY/(26998:27004): Estoy esperando respuesta al mensaje enviado

[INFO] 16:37:28:123 GAMEBOY/(26998:27004): Mensaje fue recibido correctamente, respuesta: 1

[INFO] 16:39:32:104 GAMEBOY/(27277:27277): Arranco

[INFO] 16:39:32:105 GAMEBOY/(27277:27283): Estoy esperando respuesta al mensaje enviado

[INFO] 16:39:32:105 GAMEBOY/(27277:27283): Mensaje fue recibido correctamente, respuesta: 1

[INFO] 16:40:47:494 GAMEBOY/(27459:27459): Arranco

[INFO] 16:40:47:504 GAMEBOY/(27459:27466): Estoy esperando respuesta al mensaje enviado

[INFO] 16:40:47:510 GAMEBOY/(27459:27466): Mensaje fue recibido correctamente, respuesta: 1

[INFO] 16:41:41:176 GAMEBOY/(27706:27706): Arranco

[INFO] 16:41:41:182 GAMEBOY/(27706:27716): Estoy esperando respuesta al mensaje enviado

[INFO] 16:41:41:183 GAMEBOY/(27706:27716): Mensaje recibido incorrectamente, respuesta: 0

[INFO] 16:42:16:601 GAMEBOY/(27830:27830): Arranco

[INFO] 16:42:16:620 GAMEBOY/(27830:27836): Estoy esperando respuesta al mensaje enviado

[INFO] 16:42:16:621 GAMEBOY/(27830:27836): Mensaje fue recibido correctamente, respuesta: 1

[INFO] 16:43:30:108 GAMEBOY/(28063:28063): Arranco

[INFO] 16:43:30:119 GAMEBOY/(28063:28069): Estoy esperando respuesta al mensaje enviado

[INFO] 16:43:30:119 GAMEBOY/(28063:28069): Mensaje fue recibido correctamente, respuesta: 1

[INFO] 16:44:27:264 GAMEBOY/(28230:28230): Arranco

[INFO] 16:44:27:271 GAMEBOY/(28230:28237): Estoy esperando respuesta al mensaje enviado

[INFO] 16:44:27:272 GAMEBOY/(28230:28237): Mensaje fue recibido correctamente, respuesta: 1

[INFO] 16:45:13:843 GAMEBOY/(28402:28402): Arranco

[INFO] 16:45:13:849 GAMEBOY/(28402:28408): Estoy esperando respuesta al mensaje enviado

[INFO] 16:45:13:850 GAMEBOY/(28402:28408): Mensaje fue recibido correctamente, respuesta: 1

[INFO] 16:46:13:111 GAMEBOY/(28658:28658): Arranco

[INFO] 16:46:13:120 GAMEBOY/(28658:28664): Estoy esperando respuesta al mensaje enviado

[INFO] 16:46:13:120 GAMEBOY/(28658:28664): Mensaje fue recibido correctamente, respuesta: 1

[INFO] 17:10:13:153 GAMEBOY/(30675:30675): Arranco

[INFO] 17:10:13:156 GAMEBOY/(30675:30685): Estoy esperando respuesta al mensaje enviado

[INFO] 17:10:13:189 GAMEBOY/(30675:30685): Mensaje fue recibido correctamente, respuesta: 1

[INFO] 17:34:27:154 GAMEBOY/(30156:30156): Arranco

[INFO] 17:34:27:170 GAMEBOY/(30156:30162): Estoy esperando respuesta al mensaje enviado

[INFO] 17:34:27:172 GAMEBOY/(30156:30162): Mensaje recibido incorrectamente, respuesta: 0

[INFO] 17:37:54:350 GAMEBOY/(30317:30317): Arranco

[INFO] 17:37:54:360 GAMEBOY/(30317:30323): Estoy esperando respuesta al mensaje enviado

[INFO] 17:37:54:367 GAMEBOY/(30317:30323): Mensaje recibido incorrectamente, respuesta: 0

[INFO] 17:41:12:2 GAMEBOY/(30465:30465): Arranco

[INFO] 17:41:13:18 GAMEBOY/(30465:30472): Estoy esperando respuesta al mensaje enviado

[INFO] 17:41:13:19 GAMEBOY/(30465:30472): Mensaje recibido incorrectamente, respuesta: 0

[INFO] 17:44:49:909 GAMEBOY/(30614:30614): Arranco

[INFO] 17:44:49:921 GAMEBOY/(30614:30621): Estoy esperando respuesta al mensaje enviado

[INFO] 17:44:49:922 GAMEBOY/(30614:30621): Mensaje recibido incorrectamente, respuesta: 0

[INFO] 17:46:39:249 GAMEBOY/(30796:30796): Arranco

[INFO] 17:46:39:260 GAMEBOY/(30796:30802): Estoy esperando respuesta al mensaje enviado

[INFO] 17:46:39:262 GAMEBOY/(30796:30802): Mensaje recibido incorrectamente, respuesta: 0

[INFO] 17:47:49:497 GAMEBOY/(30897:30897): Arranco

[INFO] 17:47:49:510 GAMEBOY/(30897:30903): Estoy esperando respuesta al mensaje enviado

[INFO] 17:47:49:513 GAMEBOY/(30897:30903): Mensaje fue recibido correctamente, respuesta: 1

[INFO] 17:51:17:726 GAMEBOY/(31040:31040): Arranco

[INFO] 17:51:17:739 GAMEBOY/(31040:31047): Estoy esperando respuesta al mensaje enviado

[INFO] 17:51:17:740 GAMEBOY/(31040:31047): Mensaje fue recibido correctamente, respuesta: 1

[INFO] 17:53:05:464 GAMEBOY/(31164:31164): Arranco

[INFO] 17:53:05:484 GAMEBOY/(31164:31169): Estoy esperando respuesta al mensaje enviado

[INFO] 17:53:05:486 GAMEBOY/(31164:31169): Mensaje recibido incorrectamente, respuesta: 0

[INFO] 17:53:49:16 GAMEBOY/(31271:31271): Arranco

[INFO] 17:53:49:30 GAMEBOY/(31271:31277): Estoy esperando respuesta al mensaje enviado

[INFO] 17:53:49:31 GAMEBOY/(31271:31277): Mensaje fue recibido correctamente, respuesta: 1

[INFO] 18:02:13:972 GAMEBOY/(31584:31584): Arranco

[INFO] 18:02:13:977 GAMEBOY/(31584:31590): Estoy esperando respuesta al mensaje enviado

[INFO] 18:02:13:977 GAMEBOY/(31584:31590): Mensaje fue recibido correctamente, respuesta: 1

[INFO] 18:05:00:53 GAMEBOY/(31711:31711): Arranco

[INFO] 18:05:00:56 GAMEBOY/(31711:31718): Estoy esperando respuesta al mensaje enviado

[INFO] 18:05:00:63 GAMEBOY/(31711:31718): Mensaje recibido incorrectamente, respuesta: 0

[INFO] 18:08:49:826 GAMEBOY/(31880:31880): Arranco

[INFO] 18:08:49:843 GAMEBOY/(31880:31886): Estoy esperando respuesta al mensaje enviado

[INFO] 18:08:49:846 GAMEBOY/(31880:31886): Mensaje recibido incorrectamente, respuesta: 0

[INFO] 18:16:27:466 GAMEBOY/(32204:32204): Arranco

[INFO] 18:17:29:194 GAMEBOY/(32310:32310): Arranco

[INFO] 18:21:43:537 GAMEBOY/(32511:32511): Arranco

[INFO] 18:27:06:406 GAMEBOY/(326:326): Arranco

[INFO] 18:32:57:745 GAMEBOY/(531:531): Arranco

[INFO] 18:34:45:438 GAMEBOY/(670:670): Arranco

[INFO] 18:42:20:911 GAMEBOY/(772:772): Arranco

[INFO] 19:07:48:695 GAMEBOY/(7593:7593): Arranco

[INFO] 19:09:09:145 GAMEBOY/(7740:7740): Arranco

[INFO] 19:10:56:668 GAMEBOY/(7940:7940): Arranco

[INFO] 19:11:48:53 GAMEBOY/(8043:8043): Arranco

[INFO] 19:12:48:435 GAMEBOY/(8152:8152): Arranco

[INFO] 19:15:47:509 GAMEBOY/(8451:8451): Arranco

[INFO] 19:28:23:84 GAMEBOY/(9879:9879): Arranco

[INFO] 19:31:19:198 GAMEBOY/(10381:10381): Arranco

[INFO] 19:31:19:207 GAMEBOY/(10381:10388): Estoy esperando respuesta al mensaje enviado

[INFO] 19:31:19:207 GAMEBOY/(10381:10388): Mensaje fue recibido correctamente, respuesta: 3

[INFO] 19:34:53:98 GAMEBOY/(9879:9987): Estoy esperando respuesta al mensaje enviado

[INFO] 19:34:53:98 GAMEBOY/(9879:9987): Mensaje recibido incorrectamente, respuesta: 0

[INFO] 19:35:20:307 GAMEBOY/(10794:10794): Arranco

[INFO] 19:39:44:748 GAMEBOY/(11280:11280): Arranco

[INFO] 19:41:08:278 GAMEBOY/(11464:11464): Arranco

[INFO] 19:41:08:283 GAMEBOY/(11464:11470): Estoy esperando respuesta al mensaje enviado

[INFO] 19:41:08:283 GAMEBOY/(11464:11470): Mensaje recibido incorrectamente, respuesta: 0

[INFO] 19:41:43:419 GAMEBOY/(11513:11513): Arranco

[INFO] 19:47:00:758 GAMEBOY/(12145:12145): Arranco

[INFO] 19:47:22:500 GAMEBOY/(11513:11625): Estoy esperando respuesta al mensaje enviado

[INFO] 19:47:22:500 GAMEBOY/(11513:11625): Mensaje recibido incorrectamente, respuesta: 0

[INFO] 19:47:32:647 GAMEBOY/(12247:12247): Arranco

[INFO] 19:49:18:623 GAMEBOY/(12558:12558): Arranco

[INFO] 14:41:15:596 GAMEBOY/(13942:13942): Arranco

[INFO] 14:41:15:605 GAMEBOY/(13942:13949): Estoy esperando respuesta al mensaje enviado

[INFO] 14:41:15:820 GAMEBOY/(13942:13949): Mensaje recibido incorrectamente, respuesta: 0

[INFO] 15:04:57:733 GAMEBOY/(15713:15713): Arranco

[INFO] 15:04:57:736 GAMEBOY/(15713:15718): Estoy esperando respuesta al mensaje enviado

[INFO] 15:04:57:736 GAMEBOY/(15713:15718): Mensaje recibido incorrectamente, respuesta: 0

[INFO] 15:05:47:464 GAMEBOY/(15831:15831): Arranco

[INFO] 15:05:47:471 GAMEBOY/(15831:15842): Estoy esperando respuesta al mensaje enviado

[INFO] 15:05:47:471 GAMEBOY/(15831:15842): Mensaje recibido incorrectamente, respuesta: 0

[INFO] 15:10:40:985 GAMEBOY/(16372:16372): Arranco

[INFO] 15:12:52:427 GAMEBOY/(16667:16667): Arranco

[INFO] 15:13:43:510 GAMEBOY/(16816:16816): Arranco

[INFO] 15:15:04:767 GAMEBOY/(17058:17058): Arranco

[INFO] 15:16:25:95 GAMEBOY/(17228:17228): Arranco

[INFO] 15:21:26:391 GAMEBOY/(17819:17819): Arranco

[INFO] 15:24:38:300 GAMEBOY/(18167:18167): Arranco

[INFO] 15:27:22:513 GAMEBOY/(18400:18400): Arranco

[INFO] 15:39:36:339 GAMEBOY/(19491:19491): Arranco

[INFO] 15:40:25:569 GAMEBOY/(19631:19631): Arranco

[INFO] 15:42:02:530 GAMEBOY/(19894:19894): Arranco

[INFO] 15:43:25:443 GAMEBOY/(20064:20064): Arranco

[INFO] 15:46:21:642 GAMEBOY/(20396:20396): Arranco

[INFO] 15:53:28:740 GAMEBOY/(21169:21169): Arranco

[INFO] 15:54:33:152 GAMEBOY/(21478:21478): Arranco

[INFO] 15:54:33:280 GAMEBOY/(21478:21490): Estoy esperando respuesta al mensaje enviado

[INFO] 15:54:33:282 GAMEBOY/(21478:21490): Mensaje recibido incorrectamente, respuesta: 0

[INFO] 16:01:02:176 GAMEBOY/(22137:22137): Arranco

[INFO] 16:01:02:279 GAMEBOY/(22137:22149): Estoy esperando respuesta al mensaje enviado

[INFO] 16:01:02:286 GAMEBOY/(22137:22149): Mensaje recibido incorrectamente, respuesta: 0

[INFO] 16:02:23:9 GAMEBOY/(22267:22267): Arranco

[INFO] 16:02:23:11 GAMEBOY/(22267:22272): Estoy esperando respuesta al mensaje enviado

[INFO] 16:02:23:11 GAMEBOY/(22267:22272): Mensaje recibido incorrectamente, respuesta: 0

[INFO] 16:31:14:84 GAMEBOY/(26004:26004): Arranco

[INFO] 16:31:14:89 GAMEBOY/(26004:26012): Estoy esperando respuesta al mensaje enviado

[INFO] 16:31:14:254 GAMEBOY/(26004:26012): Mensaje recibido incorrectamente, respuesta: 0

[INFO] 16:32:22:276 GAMEBOY/(26278:26278): Arranco

[INFO] 16:32:22:292 GAMEBOY/(26278:26284): Estoy esperando respuesta al mensaje enviado

[INFO] 16:32:22:292 GAMEBOY/(26278:26284): Mensaje recibido incorrectamente, respuesta: 0

[INFO] 16:43:24:613 GAMEBOY/(27998:27998): Arranco

[INFO] 16:43:24:620 GAMEBOY/(27998:28004): Estoy esperando respuesta al mensaje enviado

[INFO] 16:43:24:621 GAMEBOY/(27998:28004): Mensaje recibido incorrectamente, respuesta: 0

[INFO] 16:43:52:712 GAMEBOY/(28047:28047): Arranco

[INFO] 16:43:52:716 GAMEBOY/(28047:28052): Estoy esperando respuesta al mensaje enviado

[INFO] 16:43:52:716 GAMEBOY/(28047:28052): Mensaje recibido incorrectamente, respuesta: 0

[INFO] 16:56:38:908 GAMEBOY/(29983:29983): Arranco

[INFO] 16:56:38:934 GAMEBOY/(29983:29989): Estoy esperando respuesta al mensaje enviado

[INFO] 16:56:38:935 GAMEBOY/(29983:29989): Mensaje recibido incorrectamente, respuesta: 0

[INFO] 16:58:39:935 GAMEBOY/(30312:30312): Arranco

[INFO] 16:58:39:937 GAMEBOY/(30312:30317): Estoy esperando respuesta al mensaje enviado

[INFO] 16:58:39:937 GAMEBOY/(30312:30317): Mensaje recibido incorrectamente, respuesta: 0

[INFO] 16:58:51:247 GAMEBOY/(30412:30412): Arranco

[INFO] 16:58:51:257 GAMEBOY/(30412:30419): Estoy esperando respuesta al mensaje enviado

[INFO] 16:58:51:257 GAMEBOY/(30412:30419): Mensaje fue recibido correctamente, respuesta: 1

[INFO] 17:19:27:44 GAMEBOY/(1099:1099): Arranco

[INFO] 17:19:44:295 GAMEBOY/(1148:1148): Arranco

[INFO] 17:21:42:718 GAMEBOY/(1385:1385): Arranco

[INFO] 17:22:04:19 GAMEBOY/(1432:1432): Arranco

[INFO] 17:27:40:95 GAMEBOY/(1995:1995): Arranco

[INFO] 17:29:57:434 GAMEBOY/(2202:2202): Arranco

[INFO] 17:29:57:440 GAMEBOY/(2202:2208): Espero respuesta a solicitud de suscripción

[INFO] 17:29:57:440 GAMEBOY/(2202:2208): Recibido correctamente: 1

[INFO] 17:32:14:322 GAMEBOY/(2512:2512): Arranco

[INFO] 17:32:14:324 GAMEBOY/(2512:2525): Espero respuesta a solicitud de suscripción

[INFO] 17:32:14:324 GAMEBOY/(2512:2525): Recibido correctamente: 1

[INFO] 17:52:01:724 GAMEBOY/(4512:4512): Arranco

[INFO] 17:52:01:747 GAMEBOY/(4512:4520): Espero respuesta a solicitud de suscripción

[INFO] 17:52:01:747 GAMEBOY/(4512:4520): Recibido correctamente: 1

[INFO] 17:52:56:704 GAMEBOY/(4653:4653): Arranco

[INFO] 17:52:56:705 GAMEBOY/(4653:4659): Espero respuesta a solicitud de suscripción

[INFO] 17:52:56:705 GAMEBOY/(4653:4659): Recibido correctamente: 1

[INFO] 17:54:22:71 GAMEBOY/(4829:4829): Arranco

[INFO] 17:54:22:72 GAMEBOY/(4829:4835): Espero respuesta a solicitud de suscripción

[INFO] 17:54:22:72 GAMEBOY/(4829:4835): Recibido correctamente: 1

[INFO] 18:00:51:408 GAMEBOY/(5476:5476): Arranco

[INFO] 18:00:51:408 GAMEBOY/(5476:5488): Espero respuesta a solicitud de suscripción

[INFO] 18:00:51:408 GAMEBOY/(5476:5488): Recibido correctamente: 1

[INFO] 18:34:39:18 GAMEBOY/(8775:8775): Arranco

[INFO] 18:34:39:20 GAMEBOY/(8775:8781): Espero respuesta a solicitud de suscripción

[INFO] 18:34:39:21 GAMEBOY/(8775:8781): Recibido correctamente: 1

[INFO] 19:39:10:810 GAMEBOY/(17080:17080): Arranco

[INFO] 19:39:11:42 GAMEBOY/(17080:17085): Estoy esperando respuesta al mensaje enviado

[INFO] 19:39:11:52 GAMEBOY/(17080:17085): Mensaje recibido incorrectamente, respuesta: 0

[INFO] 19:40:32:831 GAMEBOY/(17621:17621): Arranco

[INFO] 19:40:32:837 GAMEBOY/(17621:17627): Estoy esperando respuesta al mensaje enviado

[INFO] 19:40:32:841 GAMEBOY/(17621:17627): Mensaje fue recibido correctamente, respuesta: 1

[INFO] 19:48:55:101 GAMEBOY/(18698:18698): Arranco

[INFO] 19:48:55:105 GAMEBOY/(18698:18704): Estoy esperando respuesta al mensaje enviado

[INFO] 19:48:55:105 GAMEBOY/(18698:18704): Mensaje fue recibido correctamente, respuesta: 1

[INFO] 18:30:00:103 GAMEBOY/(17840:17840): Arranco

[INFO] 18:30:00:109 GAMEBOY/(17840:17846): Espero respuesta a solicitud de suscripción

[INFO] 18:30:00:110 GAMEBOY/(17840:17846): Recibido correctamente: 1

[INFO] 18:31:07:393 GAMEBOY/(17968:17968): Arranco

[INFO] 18:31:07:398 GAMEBOY/(17968:17974): Espero respuesta a solicitud de suscripción

[INFO] 18:31:07:398 GAMEBOY/(17968:17974): Recibido incorrectamente: 0

[INFO] 19:36:13:521 GAMEBOY/(15221:15221): Arranco

[INFO] 19:36:13:533 GAMEBOY/(15221:15231): Espero respuesta a solicitud de suscripción

[INFO] 19:36:13:534 GAMEBOY/(15221:15231): Recibido correctamente: 1

[INFO] 19:38:10:452 GAMEBOY/(15432:15432): Arranco

[INFO] 19:38:10:463 GAMEBOY/(15432:15439): Estoy esperando respuesta al mensaje enviado

[INFO] 19:38:10:463 GAMEBOY/(15432:15439): Mensaje fue recibido correctamente, respuesta: 1

[INFO] 19:38:44:798 GAMEBOY/(15508:15508): Arranco

[INFO] 19:38:44:815 GAMEBOY/(15508:15514): Estoy esperando respuesta al mensaje enviado

[INFO] 19:38:44:815 GAMEBOY/(15508:15514): Mensaje fue recibido correctamente, respuesta: 1

[INFO] 19:45:53:585 GAMEBOY/(16571:16571): Arranco

[INFO] 19:45:53:598 GAMEBOY/(16571:16582): Estoy esperando respuesta al mensaje enviado

[INFO] 19:45:53:599 GAMEBOY/(16571:16582): Mensaje fue recibido correctamente, respuesta: 1

[INFO] 19:47:45:309 GAMEBOY/(16944:16944): Arranco

[INFO] 19:47:45:311 GAMEBOY/(16944:16950): Estoy esperando respuesta al mensaje enviado

[INFO] 19:47:45:311 GAMEBOY/(16944:16950): Mensaje fue recibido correctamente, respuesta: 1

[INFO] 19:50:05:867 GAMEBOY/(17384:17384): Arranco

[INFO] 19:50:05:875 GAMEBOY/(17384:17394): Estoy esperando respuesta al mensaje enviado

[INFO] 19:50:05:876 GAMEBOY/(17384:17394): Mensaje fue recibido correctamente, respuesta: 1

[INFO] 19:51:33:702 GAMEBOY/(17765:17765): Arranco

[INFO] 19:51:33:714 GAMEBOY/(17765:17771): Estoy esperando respuesta al mensaje enviado

[INFO] 19:51:33:714 GAMEBOY/(17765:17771): Mensaje fue recibido correctamente, respuesta: 1

[INFO] 20:02:59:603 GAMEBOY/(19501:19501): Arranco

[INFO] 20:02:59:612 GAMEBOY/(19501:19507): Estoy esperando respuesta al mensaje enviado

[INFO] 20:02:59:612 GAMEBOY/(19501:19507): Mensaje fue recibido correctamente, respuesta: 1

[INFO] 20:08:15:230 GAMEBOY/(20280:20280): Arranco

[INFO] 20:08:15:248 GAMEBOY/(20280:20286): Estoy esperando respuesta al mensaje enviado

[INFO] 20:08:15:248 GAMEBOY/(20280:20286): Mensaje fue recibido correctamente, respuesta: 1

[INFO] 20:12:17:596 GAMEBOY/(20897:20897): Arranco

[INFO] 20:12:17:603 GAMEBOY/(20897:20904): Estoy esperando respuesta al mensaje enviado

[INFO] 20:12:17:603 GAMEBOY/(20897:20904): Mensaje fue recibido correctamente, respuesta: 1

[INFO] 20:15:29:135 GAMEBOY/(21356:21356): Arranco

[INFO] 20:15:29:136 GAMEBOY/(21356:21362): Estoy esperando respuesta al mensaje enviado

[INFO] 20:15:29:144 GAMEBOY/(21356:21362): Mensaje fue recibido correctamente, respuesta: 1

[INFO] 20:18:46:930 GAMEBOY/(21781:21781): Arranco

[INFO] 20:18:46:953 GAMEBOY/(21781:21787): Estoy esperando respuesta al mensaje enviado

[INFO] 20:18:46:953 GAMEBOY/(21781:21787): Mensaje fue recibido correctamente, respuesta: 1

[INFO] 20:24:36:809 GAMEBOY/(22400:22400): Arranco

[INFO] 20:24:36:824 GAMEBOY/(22400:22406): Estoy esperando respuesta al mensaje enviado

[INFO] 20:24:36:824 GAMEBOY/(22400:22406): Mensaje fue recibido correctamente, respuesta: 1

[INFO] 20:30:43:665 GAMEBOY/(23017:23017): Arranco

[INFO] 20:30:43:670 GAMEBOY/(23017:23026): Estoy esperando respuesta al mensaje enviado

[INFO] 20:30:43:672 GAMEBOY/(23017:23026): Mensaje fue recibido correctamente, respuesta: 1

[INFO] 20:33:08:394 GAMEBOY/(23338:23338): Arranco

[INFO] 20:33:08:403 GAMEBOY/(23338:23344): Estoy esperando respuesta al mensaje enviado

[INFO] 20:33:08:404 GAMEBOY/(23338:23344): Mensaje fue recibido correctamente, respuesta: 1

[INFO] 20:49:47:362 GAMEBOY/(24888:24888): Arranco

[INFO] 20:49:47:379 GAMEBOY/(24888:24894): Estoy esperando respuesta al mensaje enviado

[INFO] 20:49:47:379 GAMEBOY/(24888:24894): Mensaje fue recibido correctamente, respuesta: 1

[INFO] 20:50:50:215 GAMEBOY/(24962:24962): Arranco

[INFO] 20:50:50:217 GAMEBOY/(24962:24968): Estoy esperando respuesta al mensaje enviado

[INFO] 20:50:50:218 GAMEBOY/(24962:24968): Mensaje fue recibido correctamente, respuesta: 1

[INFO] 20:59:25:22 GAMEBOY/(25718:25718): Arranco

[INFO] 20:59:25:49 GAMEBOY/(25718:25725): Estoy esperando respuesta al mensaje enviado

[INFO] 20:59:25:49 GAMEBOY/(25718:25725): Mensaje fue recibido correctamente, respuesta: 1

[INFO] 20:59:43:825 GAMEBOY/(25755:25755): Arranco

[INFO] 20:59:43:835 GAMEBOY/(25755:25762): Estoy esperando respuesta al mensaje enviado

[INFO] 20:59:43:835 GAMEBOY/(25755:25762): Mensaje fue recibido correctamente, respuesta: 1

[INFO] 21:01:42:693 GAMEBOY/(25878:25878): Arranco

[INFO] 21:01:42:702 GAMEBOY/(25878:25889): Estoy esperando respuesta al mensaje enviado

[INFO] 21:01:42:703 GAMEBOY/(25878:25889): Mensaje fue recibido correctamente, respuesta: 1

[INFO] 21:04:53:258 GAMEBOY/(26079:26079): Arranco

[INFO] 21:04:53:279 GAMEBOY/(26079:26086): Estoy esperando respuesta al mensaje enviado

[INFO] 21:04:53:279 GAMEBOY/(26079:26086): Mensaje fue recibido correctamente, respuesta: 1

[INFO] 15:59:18:498 GAMEBOY/(32396:32396): Arranco

[INFO] 15:59:18:508 GAMEBOY/(32396:32402): Estoy esperando respuesta al mensaje enviado

[INFO] 15:59:18:508 GAMEBOY/(32396:32402): Mensaje fue recibido correctamente, respuesta: 1

[INFO] 15:59:44:658 GAMEBOY/(32439:32439): Arranco

[INFO] 15:59:44:660 GAMEBOY/(32439:32445): Estoy esperando respuesta al mensaje enviado

[INFO] 15:59:44:845 GAMEBOY/(32439:32445): Mensaje recibido incorrectamente, respuesta: 0

[INFO] 16:00:35:787 GAMEBOY/(577:577): Arranco

[INFO] 16:00:35:797 GAMEBOY/(577:583): Estoy esperando respuesta al mensaje enviado

[INFO] 16:00:35:797 GAMEBOY/(577:583): Mensaje fue recibido correctamente, respuesta: 1

[INFO] 16:00:54:322 GAMEBOY/(613:613): Arranco

[INFO] 16:00:54:324 GAMEBOY/(613:624): Estoy esperando respuesta al mensaje enviado

[INFO] 16:00:54:324 GAMEBOY/(613:624): Mensaje fue recibido correctamente, respuesta: 1

[INFO] 16:03:40:729 GAMEBOY/(1220:1220): Arranco

[INFO] 16:03:40:736 GAMEBOY/(1220:1227): Estoy esperando respuesta al mensaje enviado

[INFO] 16:03:40:736 GAMEBOY/(1220:1227): Mensaje fue recibido correctamente, respuesta: 1

[INFO] 16:04:46:260 GAMEBOY/(2017:2017): Arranco

[INFO] 16:04:46:268 GAMEBOY/(2017:2022): Estoy esperando respuesta al mensaje enviado

[INFO] 16:04:46:274 GAMEBOY/(2017:2022): Mensaje fue recibido correctamente, respuesta: 1

[INFO] 16:05:04:441 GAMEBOY/(2057:2057): Arranco

[INFO] 16:05:04:442 GAMEBOY/(2057:2062): Estoy esperando respuesta al mensaje enviado

[INFO] 16:05:04:465 GAMEBOY/(2057:2062): Mensaje fue recibido correctamente, respuesta: 1

[INFO] 16:17:25:822 GAMEBOY/(4047:4047): Arranco

[INFO] 16:17:25:837 GAMEBOY/(4047:4053): Estoy esperando respuesta al mensaje enviado

[INFO] 16:17:25:837 GAMEBOY/(4047:4053): Mensaje fue recibido correctamente, respuesta: 1

[INFO] 16:19:15:635 GAMEBOY/(4595:4595): Arranco

[INFO] 16:19:15:642 GAMEBOY/(4595:4606): Estoy esperando respuesta al mensaje enviado

[INFO] 16:19:15:643 GAMEBOY/(4595:4606): Mensaje fue recibido correctamente, respuesta: 1

[INFO] 16:19:33:454 GAMEBOY/(4634:4634): Arranco

[INFO] 16:19:33:468 GAMEBOY/(4634:4640): Estoy esperando respuesta al mensaje enviado

[INFO] 16:19:33:468 GAMEBOY/(4634:4640): Mensaje fue recibido correctamente, respuesta: 1

[INFO] 16:22:01:240 GAMEBOY/(5514:5514): Arranco

[INFO] 16:22:01:241 GAMEBOY/(5514:5519): Estoy esperando respuesta al mensaje enviado

[INFO] 16:22:01:263 GAMEBOY/(5514:5519): Mensaje fue recibido correctamente, respuesta: 1

[INFO] 16:22:17:881 GAMEBOY/(5547:5547): Arranco

[INFO] 16:22:17:896 GAMEBOY/(5547:5558): Estoy esperando respuesta al mensaje enviado

[INFO] 16:22:17:902 GAMEBOY/(5547:5558): Mensaje fue recibido correctamente, respuesta: 1

[INFO] 16:23:12:183 GAMEBOY/(5623:5623): Arranco

[INFO] 16:23:12:192 GAMEBOY/(5623:5629): Estoy esperando respuesta al mensaje enviado

[INFO] 16:23:12:200 GAMEBOY/(5623:5629): Mensaje fue recibido correctamente, respuesta: 1

[INFO] 16:23:42:856 GAMEBOY/(5673:5673): Arranco

[INFO] 16:23:42:874 GAMEBOY/(5673:5678): Estoy esperando respuesta al mensaje enviado

[INFO] 16:23:42:879 GAMEBOY/(5673:5678): Mensaje fue recibido correctamente, respuesta: 1

[INFO] 16:27:13:651 GAMEBOY/(6495:6495): Arranco

[INFO] 16:27:13:669 GAMEBOY/(6495:6502): Estoy esperando respuesta al mensaje enviado

[INFO] 16:27:13:669 GAMEBOY/(6495:6502): Mensaje fue recibido correctamente, respuesta: 1

[INFO] 16:27:29:756 GAMEBOY/(6529:6529): Arranco

[INFO] 16:27:29:764 GAMEBOY/(6529:6535): Estoy esperando respuesta al mensaje enviado

[INFO] 16:27:29:764 GAMEBOY/(6529:6535): Mensaje fue recibido correctamente, respuesta: 1

[INFO] 16:31:44:99 GAMEBOY/(7556:7556): Arranco

[INFO] 16:31:44:112 GAMEBOY/(7556:7567): Estoy esperando respuesta al mensaje enviado

[INFO] 16:31:44:112 GAMEBOY/(7556:7567): Mensaje fue recibido correctamente, respuesta: 1

[INFO] 16:32:22:218 GAMEBOY/(7621:7621): Arranco

[INFO] 16:32:22:227 GAMEBOY/(7621:7627): Estoy esperando respuesta al mensaje enviado

[INFO] 16:32:22:227 GAMEBOY/(7621:7627): Mensaje fue recibido correctamente, respuesta: 1

[INFO] 16:35:26:712 GAMEBOY/(8643:8643): Arranco

[INFO] 16:35:26:724 GAMEBOY/(8643:8651): Estoy esperando respuesta al mensaje enviado

[INFO] 16:35:26:724 GAMEBOY/(8643:8651): Mensaje fue recibido correctamente, respuesta: 1

[INFO] 16:36:23:421 GAMEBOY/(8727:8727): Arranco

[INFO] 16:36:23:439 GAMEBOY/(8727:8733): Estoy esperando respuesta al mensaje enviado

[INFO] 16:36:23:439 GAMEBOY/(8727:8733): Mensaje fue recibido correctamente, respuesta: 1

[INFO] 16:37:34:40 GAMEBOY/(8815:8815): Arranco

[INFO] 16:37:34:42 GAMEBOY/(8815:8821): Estoy esperando respuesta al mensaje enviado

[INFO] 16:37:34:42 GAMEBOY/(8815:8821): Mensaje fue recibido correctamente, respuesta: 1

[INFO] 16:45:15:521 GAMEBOY/(10103:10103): Arranco

[INFO] 16:45:15:539 GAMEBOY/(10103:10110): Estoy esperando respuesta al mensaje enviado

[INFO] 16:45:15:539 GAMEBOY/(10103:10110): Mensaje fue recibido correctamente, respuesta: 1

[INFO] 16:45:48:652 GAMEBOY/(10154:10154): Arranco

[INFO] 16:45:48:670 GAMEBOY/(10154:10160): Estoy esperando respuesta al mensaje enviado

[INFO] 16:45:48:670 GAMEBOY/(10154:10160): Mensaje fue recibido correctamente, respuesta: 1

[INFO] 16:49:00:543 GAMEBOY/(11076:11076): Arranco

[INFO] 16:49:00:554 GAMEBOY/(11076:11087): Estoy esperando respuesta al mensaje enviado

[INFO] 16:49:00:554 GAMEBOY/(11076:11087): Mensaje fue recibido correctamente, respuesta: 1

[INFO] 16:50:48:978 GAMEBOY/(11724:11724): Arranco

[INFO] 16:50:48:990 GAMEBOY/(11724:11729): Estoy esperando respuesta al mensaje enviado

[INFO] 16:50:48:990 GAMEBOY/(11724:11729): Mensaje recibido incorrectamente, respuesta: 0

[INFO] 16:51:30:722 GAMEBOY/(12450:12450): Arranco

[INFO] 16:51:30:803 GAMEBOY/(12450:12456): Estoy esperando respuesta al mensaje enviado

[INFO] 16:51:30:805 GAMEBOY/(12450:12456): Mensaje fue recibido correctamente, respuesta: 1

[INFO] 16:53:08:380 GAMEBOY/(13257:13257): Arranco

[INFO] 16:53:08:382 GAMEBOY/(13257:13268): Estoy esperando respuesta al mensaje enviado

[INFO] 16:53:08:383 GAMEBOY/(13257:13268): Mensaje fue recibido correctamente, respuesta: 1

[INFO] 16:54:29:70 GAMEBOY/(14039:14039): Arranco

[INFO] 16:54:29:73 GAMEBOY/(14039:14045): Estoy esperando respuesta al mensaje enviado

[INFO] 16:54:29:74 GAMEBOY/(14039:14045): Mensaje fue recibido correctamente, respuesta: 1

[INFO] 16:56:49:340 GAMEBOY/(14927:14927): Arranco

[INFO] 16:56:49:362 GAMEBOY/(14927:14933): Estoy esperando respuesta al mensaje enviado

[INFO] 16:56:49:362 GAMEBOY/(14927:14933): Mensaje fue recibido correctamente, respuesta: 1

[INFO] 16:59:28:814 GAMEBOY/(15802:15802): Arranco

[INFO] 16:59:28:823 GAMEBOY/(15802:15808): Estoy esperando respuesta al mensaje enviado

[INFO] 16:59:28:823 GAMEBOY/(15802:15808): Mensaje fue recibido correctamente, respuesta: 1

[INFO] 17:01:19:857 GAMEBOY/(16624:16624): Arranco

[INFO] 17:01:19:862 GAMEBOY/(16624:16629): Estoy esperando respuesta al mensaje enviado

[INFO] 17:01:19:862 GAMEBOY/(16624:16629): Mensaje recibido incorrectamente, respuesta: 0

[INFO] 17:01:41:136 GAMEBOY/(16997:16997): Arranco

[INFO] 17:01:41:152 GAMEBOY/(16997:17003): Estoy esperando respuesta al mensaje enviado

[INFO] 17:01:41:152 GAMEBOY/(16997:17003): Mensaje fue recibido correctamente, respuesta: 1

[INFO] 17:02:16:88 GAMEBOY/(17052:17052): Arranco

[INFO] 17:02:16:102 GAMEBOY/(17052:17058): Estoy esperando respuesta al mensaje enviado

[INFO] 17:02:16:103 GAMEBOY/(17052:17058): Mensaje fue recibido correctamente, respuesta: 1

[INFO] 17:11:56:85 GAMEBOY/(19058:19058): Arranco

[INFO] 17:11:56:99 GAMEBOY/(19058:19070): Estoy esperando respuesta al mensaje enviado

[INFO] 17:11:56:99 GAMEBOY/(19058:19070): Mensaje fue recibido correctamente, respuesta: 1

[INFO] 17:12:54:98 GAMEBOY/(19135:19135): Arranco

[INFO] 17:12:54:102 GAMEBOY/(19135:19146): Estoy esperando respuesta al mensaje enviado

[INFO] 17:12:54:102 GAMEBOY/(19135:19146): Mensaje fue recibido correctamente, respuesta: 5

[INFO] 17:14:24:34 GAMEBOY/(19252:19252): Arranco

[INFO] 17:14:24:56 GAMEBOY/(19252:19259): Estoy esperando respuesta al mensaje enviado

[INFO] 17:14:24:56 GAMEBOY/(19252:19259): Mensaje fue recibido correctamente, respuesta: 6

[INFO] 17:19:10:780 GAMEBOY/(20166:20166): Arranco

[INFO] 17:19:10:797 GAMEBOY/(20166:20173): Estoy esperando respuesta al mensaje enviado

[INFO] 17:19:10:797 GAMEBOY/(20166:20173): Mensaje fue recibido correctamente, respuesta: 4

[INFO] 17:21:07:552 GAMEBOY/(20833:20833): Arranco

[INFO] 17:21:07:570 GAMEBOY/(20833:20840): Estoy esperando respuesta al mensaje enviado

[INFO] 17:21:07:570 GAMEBOY/(20833:20840): Mensaje fue recibido correctamente, respuesta: 4

[INFO] 17:26:45:40 GAMEBOY/(22183:22183): Arranco

[INFO] 17:26:45:57 GAMEBOY/(22183:22194): Estoy esperando respuesta al mensaje enviado

[INFO] 17:26:45:57 GAMEBOY/(22183:22194): Mensaje fue recibido correctamente, respuesta: 4

[INFO] 17:31:14:715 GAMEBOY/(23089:23089): Arranco

[INFO] 17:31:14:722 GAMEBOY/(23089:23096): Estoy esperando respuesta al mensaje enviado

[INFO] 17:31:14:723 GAMEBOY/(23089:23096): Mensaje fue recibido correctamente, respuesta: 4

[INFO] 17:33:03:807 GAMEBOY/(23786:23786): Arranco

[INFO] 17:33:03:810 GAMEBOY/(23786:23792): Estoy esperando respuesta al mensaje enviado

[INFO] 17:33:03:810 GAMEBOY/(23786:23792): Mensaje fue recibido correctamente, respuesta: 4

[INFO] 17:34:44:936 GAMEBOY/(24464:24464): Arranco

[INFO] 17:34:44:936 GAMEBOY/(24464:24475): Estoy esperando respuesta al mensaje enviado

[INFO] 17:34:44:938 GAMEBOY/(24464:24475): Mensaje fue recibido correctamente, respuesta: 4

[INFO] 17:36:30:360 GAMEBOY/(25140:25140): Arranco

[INFO] 17:36:30:376 GAMEBOY/(25140:25151): Estoy esperando respuesta al mensaje enviado

[INFO] 17:36:30:376 GAMEBOY/(25140:25151): Mensaje fue recibido correctamente, respuesta: 4

[INFO] 17:45:19:978 GAMEBOY/(26472:26472): Arranco

[INFO] 17:45:19:984 GAMEBOY/(26472:26478): Estoy esperando respuesta al mensaje enviado

[INFO] 17:45:19:985 GAMEBOY/(26472:26478): Mensaje fue recibido correctamente, respuesta: 4

[INFO] 17:49:23:974 GAMEBOY/(27513:27513): Arranco

[INFO] 17:49:23:974 GAMEBOY/(27513:27519): Estoy esperando respuesta al mensaje enviado

[INFO] 17:49:23:974 GAMEBOY/(27513:27519): Mensaje recibido incorrectamente, respuesta: 0

[INFO] 18:01:54:477 GAMEBOY/(29307:29307): Arranco

[INFO] 18:01:54:507 GAMEBOY/(29307:29313): Estoy esperando respuesta al mensaje enviado

[INFO] 18:01:54:507 GAMEBOY/(29307:29313): Mensaje fue recibido correctamente, respuesta: 4

[INFO] 18:06:13:28 GAMEBOY/(30180:30180): Arranco

[INFO] 18:06:13:29 GAMEBOY/(30180:30191): Estoy esperando respuesta al mensaje enviado

[INFO] 18:06:13:29 GAMEBOY/(30180:30191): Mensaje fue recibido correctamente, respuesta: 4

[INFO] 18:07:41:576 GAMEBOY/(30832:30832): Arranco

[INFO] 18:07:41:588 GAMEBOY/(30832:30838): Estoy esperando respuesta al mensaje enviado

[INFO] 18:07:41:588 GAMEBOY/(30832:30838): Mensaje fue recibido correctamente, respuesta: 4

[INFO] 18:16:04:76 GAMEBOY/(3445:3445): Arranco

[INFO] 18:16:04:128 GAMEBOY/(3445:3451): Estoy esperando respuesta al mensaje enviado

[INFO] 18:16:04:128 GAMEBOY/(3445:3451): Mensaje fue recibido correctamente, respuesta: 4

[INFO] 18:16:58:843 GAMEBOY/(3559:3559): Arranco

[INFO] 18:16:58:852 GAMEBOY/(3559:3574): Estoy esperando respuesta al mensaje enviado

[INFO] 18:16:58:852 GAMEBOY/(3559:3574): Mensaje fue recibido correctamente, respuesta: 1

[INFO] 18:18:00:546 GAMEBOY/(3713:3713): Arranco

[INFO] 18:18:00:567 GAMEBOY/(3713:3719): Estoy esperando respuesta al mensaje enviado

[INFO] 18:18:00:567 GAMEBOY/(3713:3719): Mensaje fue recibido correctamente, respuesta: 6

[INFO] 18:24:14:503 GAMEBOY/(4794:4794): Arranco

[INFO] 18:24:14:511 GAMEBOY/(4794:4804): Estoy esperando respuesta al mensaje enviado

[INFO] 18:24:14:511 GAMEBOY/(4794:4804): Mensaje fue recibido correctamente, respuesta: 1

[INFO] 18:25:02:817 GAMEBOY/(4892:4892): Arranco

[INFO] 18:25:02:839 GAMEBOY/(4892:4898): Estoy esperando respuesta al mensaje enviado

[INFO] 18:25:02:839 GAMEBOY/(4892:4898): Mensaje fue recibido correctamente, respuesta: 5

[INFO] 18:27:30:739 GAMEBOY/(5281:5281): Arranco

[INFO] 18:27:30:743 GAMEBOY/(5281:5287): Estoy esperando respuesta al mensaje enviado

[INFO] 18:27:30:743 GAMEBOY/(5281:5287): Mensaje fue recibido correctamente, respuesta: 1

[INFO] 18:28:22:226 GAMEBOY/(5391:5391): Arranco

[INFO] 18:28:22:247 GAMEBOY/(5391:5397): Estoy esperando respuesta al mensaje enviado

[INFO] 18:28:22:247 GAMEBOY/(5391:5397): Mensaje fue recibido correctamente, respuesta: 5

[INFO] 18:30:23:792 GAMEBOY/(5710:5710): Arranco

[INFO] 18:30:23:799 GAMEBOY/(5710:5716): Estoy esperando respuesta al mensaje enviado

[INFO] 18:30:23:799 GAMEBOY/(5710:5716): Mensaje fue recibido correctamente, respuesta: 1

[INFO] 18:33:44:492 GAMEBOY/(6232:6232): Arranco

[INFO] 18:33:44:495 GAMEBOY/(6232:6238): Estoy esperando respuesta al mensaje enviado

[INFO] 18:33:44:496 GAMEBOY/(6232:6238): Mensaje fue recibido correctamente, respuesta: 1

[INFO] 18:35:43:310 GAMEBOY/(6557:6557): Arranco

[INFO] 18:35:43:323 GAMEBOY/(6557:6563): Estoy esperando respuesta al mensaje enviado

[INFO] 18:35:43:323 GAMEBOY/(6557:6563): Mensaje fue recibido correctamente, respuesta: 4

[INFO] 18:36:17:845 GAMEBOY/(6627:6627): Arranco

[INFO] 18:36:17:854 GAMEBOY/(6627:6637): Estoy esperando respuesta al mensaje enviado

[INFO] 18:36:17:854 GAMEBOY/(6627:6637): Mensaje fue recibido correctamente, respuesta: 1

[INFO] 18:36:52:833 GAMEBOY/(6705:6705): Arranco

[INFO] 18:36:52:851 GAMEBOY/(6705:6719): Estoy esperando respuesta al mensaje enviado

[INFO] 18:36:52:851 GAMEBOY/(6705:6719): Mensaje fue recibido correctamente, respuesta: 6

