[INFO] 15:52:57:35 team/(13200:13200): --------------------------------------------------------------------------
[INFO] 15:52:57:40 team/(13200:13200): NUEVA EJECUCION
[INFO] 15:52:57:41 team/(13200:13200): --------------------------------------------------------------------------
[INFO] 15:52:57:42 team/(13200:13200): Algortimo de planificación: FIFO.
[INFO] 15:52:57:42 team/(13200:13200): --------------------------------------------------------------
[INFO] 15:52:57:43 team/(13200:13200): OBJETIVO DEL TEAM
[INFO] 15:52:57:44 team/(13200:13200): Objetivo 0. Pokemon: Squirtle. Cantidad: 2.
[INFO] 15:52:57:44 team/(13200:13200): Objetivo 1. Pokemon: Pikachu. Cantidad: 1.
[INFO] 15:52:57:44 team/(13200:13200): Objetivo 2. Pokemon: Gengar. Cantidad: 1.
[INFO] 15:52:57:45 team/(13200:13200): Objetivo 3. Pokemon: Onix. Cantidad: 1.
[INFO] 15:52:57:45 team/(13200:13200): --------------------------------------------------
[INFO] 15:52:57:82 team/(13200:13212): Suscripción realizada correctamente

[INFO] 15:52:57:95 team/(13200:13221): Se inicia el planificador
[INFO] 15:52:57:99 team/(13200:13216): Suscripción realizada correctamente

[INFO] 15:52:57:100 team/(13200:13214): Suscripción realizada correctamente

[INFO] 15:52:57:113 team/(13200:13239): Atiendo appeared. Pokemon: Jolteon.
[INFO] 15:52:57:117 team/(13200:13239): El pokemon no es objetivo
[INFO] 15:52:57:122 team/(13200:13241): Atiendo appeared. Pokemon: Flareon.
[INFO] 15:52:57:123 team/(13200:13241): El pokemon no es objetivo
[INFO] 15:53:02:128 team/(13200:13266): Atiendo appeared. Pokemon: Pikachu.
[INFO] 15:53:02:129 team/(13200:13266): El pokemon es objetivo
[INFO] 15:53:02:129 team/(13200:13266): Hay entrenadores disponibles para atrapar a Pikachu.
[INFO] 15:53:02:133 team/(13200:13266): Se le asigno el pokemon Pikachu al entrenador 1.
[INFO] 15:53:02:136 team/(13200:13266): Se selecciono el entrenador 1 para atrapar al pokemon Pikachu
[INFO] 15:53:02:137 team/(13200:13208): El entrenador 1 se pone en READY.
[INFO] 15:53:02:141 team/(13200:13268): Atiendo appeared. Pokemon: Squirtle.
[INFO] 15:53:02:141 team/(13200:13221): Hay un entrenador en cola
[INFO] 15:53:02:142 team/(13200:13268): El pokemon es objetivo
[INFO] 15:53:02:142 team/(13200:13268): Hay entrenadores disponibles para atrapar a Squirtle.
[INFO] 15:53:02:142 team/(13200:13268): Se le asigno el pokemon Squirtle al entrenador 2.
[INFO] 15:53:02:143 team/(13200:13268): Se selecciono el entrenador 2 para atrapar al pokemon Squirtle
[INFO] 15:53:02:143 team/(13200:13209): El entrenador 2 se pone en READY.
[INFO] 15:53:02:145 team/(13200:13221): elijo entrenador para ejecutar
[INFO] 15:53:02:146 team/(13200:13221): Hay un entrenador en cola
[INFO] 15:53:02:147 team/(13200:13208): El entrenador 1 entro en ejecución.
[INFO] 15:53:02:148 team/(13200:13208): El entrenador 1, que estaba en (2,3), comenzará a moverse a (9,9).
[INFO] 15:53:02:149 team/(13200:13208): El entrenador 1 pide un ciclo. Valor del semaforo: 1. 
[INFO] 15:53:02:150 team/(13200:13208): -----------------EL ENTRENADOR 1 EJECUTA UN CICLO
[INFO] 15:53:07:185 team/(13200:13208): El entrenador 1 se mueve a : (3,3).
[INFO] 15:53:07:185 team/(13200:13208): El entrenador 1 pide un ciclo. Valor del semaforo: 2. 
[INFO] 15:53:07:186 team/(13200:13208): -----------------EL ENTRENADOR 1 EJECUTA UN CICLO
[INFO] 15:54:58:283 team/(13527:13527): --------------------------------------------------------------------------
[INFO] 15:54:58:287 team/(13527:13527): NUEVA EJECUCION
[INFO] 15:54:58:288 team/(13527:13527): --------------------------------------------------------------------------
[INFO] 15:54:58:289 team/(13527:13527): Algortimo de planificación: FIFO.
[INFO] 15:54:58:289 team/(13527:13527): --------------------------------------------------------------
[INFO] 15:54:58:290 team/(13527:13527): OBJETIVO DEL TEAM
[INFO] 15:54:58:290 team/(13527:13527): Objetivo 0. Pokemon: Squirtle. Cantidad: 2.
[INFO] 15:54:58:291 team/(13527:13527): Objetivo 1. Pokemon: Pikachu. Cantidad: 1.
[INFO] 15:54:58:291 team/(13527:13527): Objetivo 2. Pokemon: Gengar. Cantidad: 1.
[INFO] 15:54:58:291 team/(13527:13527): Objetivo 3. Pokemon: Onix. Cantidad: 1.
[INFO] 15:54:58:292 team/(13527:13527): --------------------------------------------------
[INFO] 15:54:58:324 team/(13527:13555): Se inicia el planificador
[INFO] 15:54:58:328 team/(13527:13544): Suscripción realizada correctamente

[INFO] 15:54:58:329 team/(13527:13545): Suscripción realizada correctamente

[INFO] 15:54:58:352 team/(13527:13547): Suscripción realizada correctamente

[INFO] 17:07:18:644 team/(23479:23479): --------------------------------------------------------------------------
[INFO] 17:07:18:648 team/(23479:23479): NUEVA EJECUCION
[INFO] 17:07:18:649 team/(23479:23479): --------------------------------------------------------------------------
[INFO] 17:07:18:650 team/(23479:23479): Algortimo de planificación: FIFO.
[INFO] 17:07:18:650 team/(23479:23479): --------------------------------------------------------------
[INFO] 17:07:18:650 team/(23479:23479): OBJETIVO DEL TEAM
[INFO] 17:07:18:651 team/(23479:23479): Objetivo 0. Pokemon: Squirtle. Cantidad: 2.
[INFO] 17:07:18:652 team/(23479:23479): Objetivo 1. Pokemon: Pikachu. Cantidad: 1.
[INFO] 17:07:18:652 team/(23479:23479): Objetivo 2. Pokemon: Gengar. Cantidad: 1.
[INFO] 17:07:18:652 team/(23479:23479): Objetivo 3. Pokemon: Onix. Cantidad: 1.
[INFO] 17:07:18:652 team/(23479:23479): --------------------------------------------------
[INFO] 17:07:18:676 team/(23479:23497): Se inicia el planificador
[INFO] 17:07:18:683 team/(23479:23492): Conexión fallida con el Broker

[INFO] 17:07:18:687 team/(23479:23494): Conexión fallida con el Broker

[INFO] 17:07:18:688 team/(23479:23491): Conexión fallida con el Broker

[INFO] 17:08:18:696 team/(23479:23492): El reintento de conexión fue exitoso

[INFO] 17:08:18:703 team/(23479:23491): El reintento de conexión fue exitoso

[INFO] 17:08:18:703 team/(23479:23494): El reintento de conexión fue exitoso

[INFO] 17:08:18:704 team/(23479:23491): Suscripción realizada correctamente

[INFO] 17:08:18:708 team/(23479:23494): Suscripción realizada correctamente

[INFO] 17:08:18:709 team/(23479:23492): Suscripción realizada correctamente

[INFO] 17:08:18:711 team/(23479:23718): Atiendo appeared. Pokemon: Gengar.
[INFO] 17:08:18:713 team/(23479:23718): El pokemon es objetivo
[INFO] 17:08:18:714 team/(23479:23718): Hay entrenadores disponibles para atrapar a Gengar.
[INFO] 17:08:18:718 team/(23479:23718): Se le asigno el pokemon Gengar al entrenador 1.
[INFO] 17:08:18:720 team/(23479:23718): Se selecciono el entrenador 1 para atrapar al pokemon Gengar
[INFO] 17:08:18:721 team/(23479:23487): El entrenador 1 se pone en READY.
[INFO] 17:08:18:722 team/(23479:23720): Atiendo appeared. Pokemon: Squirtle.
[INFO] 17:08:18:724 team/(23479:23497): Hay un entrenador en cola
[INFO] 17:08:18:725 team/(23479:23720): El pokemon es objetivo
[INFO] 17:08:18:727 team/(23479:23497): elijo entrenador para ejecutar
[INFO] 17:08:18:728 team/(23479:23720): Hay entrenadores disponibles para atrapar a Squirtle.
[INFO] 17:08:18:728 team/(23479:23720): Se le asigno el pokemon Squirtle al entrenador 0.
[INFO] 17:08:18:728 team/(23479:23720): Se selecciono el entrenador 0 para atrapar al pokemon Squirtle
[INFO] 17:08:18:728 team/(23479:23486): El entrenador 0 se pone en READY.
[INFO] 17:08:18:729 team/(23479:23497): Hay un entrenador en cola
[INFO] 17:08:18:731 team/(23479:23487): El entrenador 1 entro en ejecución.
[INFO] 17:08:18:732 team/(23479:23487): El entrenador 1, que estaba en (2,3), comenzará a moverse a (6,6).
[INFO] 17:08:18:734 team/(23479:23487): El entrenador 1 pide un ciclo. Valor del semaforo: 1. 
[INFO] 17:08:18:734 team/(23479:23487): -----------------EL ENTRENADOR 1 EJECUTA UN CICLO
[INFO] 17:08:23:737 team/(23479:23487): El entrenador 1 se mueve a : (3,3).
[INFO] 17:08:23:738 team/(23479:23487): El entrenador 1 pide un ciclo. Valor del semaforo: 2. 
[INFO] 17:08:23:738 team/(23479:23487): -----------------EL ENTRENADOR 1 EJECUTA UN CICLO
[INFO] 17:08:28:740 team/(23479:23487): El entrenador 1 se mueve a : (4,3).
[INFO] 17:08:28:740 team/(23479:23487): El entrenador 1 pide un ciclo. Valor del semaforo: 3. 
[INFO] 17:08:28:740 team/(23479:23487): -----------------EL ENTRENADOR 1 EJECUTA UN CICLO
[INFO] 17:08:33:742 team/(23479:23487): El entrenador 1 se mueve a : (5,3).
[INFO] 17:08:33:742 team/(23479:23487): El entrenador 1 pide un ciclo. Valor del semaforo: 4. 
[INFO] 17:08:33:742 team/(23479:23487): -----------------EL ENTRENADOR 1 EJECUTA UN CICLO
[INFO] 17:08:38:743 team/(23479:23487): El entrenador 1 se mueve a : (6,3).
[INFO] 17:08:38:744 team/(23479:23487): El entrenador 1 pide un ciclo. Valor del semaforo: 5. 
[INFO] 17:08:38:745 team/(23479:23487): -----------------EL ENTRENADOR 1 EJECUTA UN CICLO
[INFO] 17:08:43:746 team/(23479:23487): El entrenador 1 se mueve a : (6,4).
[INFO] 17:08:43:747 team/(23479:23487): El entrenador 1 pide un ciclo. Valor del semaforo: 6. 
[INFO] 17:08:43:747 team/(23479:23487): -----------------EL ENTRENADOR 1 EJECUTA UN CICLO
[INFO] 17:08:48:748 team/(23479:23487): El entrenador 1 se mueve a : (6,5).
[INFO] 17:08:48:748 team/(23479:23487): El entrenador 1 pide un ciclo. Valor del semaforo: 7. 
[INFO] 17:08:48:749 team/(23479:23487): -----------------EL ENTRENADOR 1 EJECUTA UN CICLO
[INFO] 17:08:53:753 team/(23479:23487): El entrenador 1 se mueve a : (6,6).
[INFO] 17:08:53:754 team/(23479:23487): El entrenador 1 se movió a la posición (6, 6).
[INFO] 17:08:53:755 team/(23479:23487): El entrenador 1 envia el catch para el pokemon Gengar.
[INFO] 17:08:53:755 team/(23479:23487): El entrenador 1 pide un ciclo. Valor del semaforo: 8. 
[INFO] 17:08:53:756 team/(23479:23487): -----------------EL ENTRENADOR 1 EJECUTA UN CICLO
[INFO] 17:08:58:759 team/(23479:23487): El entrenador 1 hace el send del catch.
[INFO] 17:08:58:761 team/(23479:23487): El entrenador  1 recibió el id del catch: 21.
[INFO] 17:08:58:772 team/(23479:23487): La nueva estimación del entrenador 1 es: 6.500000
[INFO] 17:08:58:772 team/(23479:23487): El entrenador 1 pide un ciclo. Valor del semaforo: 9. 
[INFO] 17:08:58:773 team/(23479:23487): El entrenador 1 libera la CPU por su cuenta.
[INFO] 17:08:58:773 team/(23479:23497): elijo entrenador para ejecutar
[INFO] 17:08:58:773 team/(23479:23486): El entrenador 0 entro en ejecución.
[INFO] 17:08:58:774 team/(23479:23486): El entrenador 0, que estaba en (1,3), comenzará a moverse a (5,5).
[INFO] 17:08:58:774 team/(23479:23486): El entrenador 0 pide un ciclo. Valor del semaforo: 1. 
[INFO] 17:08:58:774 team/(23479:23486): -----------------EL ENTRENADOR 0 EJECUTA UN CICLO
[INFO] 17:09:03:776 team/(23479:23486): El entrenador 0 se mueve a : (2,3).
[INFO] 17:09:03:776 team/(23479:23486): El entrenador 0 pide un ciclo. Valor del semaforo: 2. 
[INFO] 17:09:03:776 team/(23479:23486): -----------------EL ENTRENADOR 0 EJECUTA UN CICLO
[INFO] 17:09:03:780 team/(23479:23791): Atiendo caught.
[INFO] 17:09:03:781 team/(23479:23791): Resultado del caught: 1.
[INFO] 17:09:03:781 team/(23479:23791): El caught me interesa.
[INFO] 17:09:03:783 team/(23479:23791): 1 atrapo a Gengar
[INFO] 17:09:03:783 team/(23479:23791): Se registró el pokemon atrapado. Gengar
[INFO] 17:09:03:785 team/(23479:23791): El entrenador 1 se bloquea porque no hay pokemones para atrapar.
[INFO] 17:09:08:779 team/(23479:23486): El entrenador 0 se mueve a : (3,3).
[INFO] 17:09:08:780 team/(23479:23486): El entrenador 0 pide un ciclo. Valor del semaforo: 3. 
[INFO] 17:09:08:780 team/(23479:23486): -----------------EL ENTRENADOR 0 EJECUTA UN CICLO
[INFO] 17:09:13:781 team/(23479:23486): El entrenador 0 se mueve a : (4,3).
[INFO] 17:09:13:782 team/(23479:23486): El entrenador 0 pide un ciclo. Valor del semaforo: 4. 
[INFO] 17:09:13:782 team/(23479:23486): -----------------EL ENTRENADOR 0 EJECUTA UN CICLO
[INFO] 17:09:18:784 team/(23479:23486): El entrenador 0 se mueve a : (5,3).
[INFO] 17:09:18:784 team/(23479:23486): El entrenador 0 pide un ciclo. Valor del semaforo: 5. 
[INFO] 17:09:18:785 team/(23479:23486): -----------------EL ENTRENADOR 0 EJECUTA UN CICLO
[INFO] 17:09:23:790 team/(23479:23486): El entrenador 0 se mueve a : (5,4).
[INFO] 17:09:23:790 team/(23479:23486): El entrenador 0 pide un ciclo. Valor del semaforo: 6. 
[INFO] 17:09:23:790 team/(23479:23486): -----------------EL ENTRENADOR 0 EJECUTA UN CICLO
[INFO] 17:09:28:791 team/(23479:23486): El entrenador 0 se mueve a : (5,5).
[INFO] 17:09:28:792 team/(23479:23486): El entrenador 0 se movió a la posición (5, 5).
[INFO] 17:09:28:793 team/(23479:23486): El entrenador 0 envia el catch para el pokemon Squirtle.
[INFO] 17:09:28:793 team/(23479:23486): El entrenador 0 pide un ciclo. Valor del semaforo: 7. 
[INFO] 17:09:28:794 team/(23479:23486): -----------------EL ENTRENADOR 0 EJECUTA UN CICLO
[INFO] 17:09:33:795 team/(23479:23486): El entrenador 0 hace el send del catch.
[INFO] 17:09:33:796 team/(23479:23486): El entrenador  0 recibió el id del catch: 23.
[INFO] 17:09:33:796 team/(23479:23486): La nueva estimación del entrenador 0 es: 6.000000
[INFO] 17:09:33:796 team/(23479:23486): El entrenador 0 pide un ciclo. Valor del semaforo: 8. 
[INFO] 17:09:33:797 team/(23479:23486): El entrenador 0 libera la CPU por su cuenta.
[INFO] 17:38:12:126 team/(20112:20112): --------------------------------------------------------------------------
[INFO] 17:38:12:136 team/(20112:20112): NUEVA EJECUCION
[INFO] 17:38:12:136 team/(20112:20112): --------------------------------------------------------------------------
[INFO] 17:38:12:136 team/(20112:20112): Algortimo de planificación: RR con Q=1.
[INFO] 17:38:12:136 team/(20112:20112): --------------------------------------------------------------
[INFO] 17:38:12:136 team/(20112:20112): OBJETIVO DEL TEAM
[INFO] 17:38:12:136 team/(20112:20112): Objetivo 0. Pokemon: Vaporeon. Cantidad: 1.
[INFO] 17:38:12:136 team/(20112:20112): Objetivo 1. Pokemon: Jolteon. Cantidad: 1.
[INFO] 17:38:12:136 team/(20112:20112): Objetivo 2. Pokemon: Flareon. Cantidad: 1.
[INFO] 17:38:12:136 team/(20112:20112): Objetivo 3. Pokemon: Umbreon. Cantidad: 1.
[INFO] 17:38:12:136 team/(20112:20112): Objetivo 4. Pokemon: Espeon. Cantidad: 1.
[INFO] 17:38:12:136 team/(20112:20112): --------------------------------------------------
[INFO] 17:38:12:137 team/(20112:20128): Se inicia el planificador
[INFO] 17:38:12:139 team/(20112:20124): Suscripción realizada correctamente

[INFO] 17:38:12:140 team/(20112:20126): Suscripción realizada correctamente

[INFO] 17:38:12:140 team/(20112:20125): Suscripción realizada correctamente

[INFO] 17:38:12:141 team/(20112:20143): Atiendo appeared. Pokemon: Squirtle.
[INFO] 17:38:12:141 team/(20112:20143): El pokemon no es objetivo
[INFO] 17:38:12:149 team/(20112:20145): Atiendo appeared. Pokemon: Flareon.
[INFO] 17:38:12:149 team/(20112:20145): El pokemon es objetivo
[INFO] 17:38:12:149 team/(20112:20145): Hay entrenadores disponibles para atrapar a Flareon.
[INFO] 17:38:12:149 team/(20112:20145): Se le asigno el pokemon Flareon al entrenador 1.
[INFO] 17:38:12:149 team/(20112:20118): El entrenador 1 se pone en READY.
[INFO] 17:38:12:149 team/(20112:20128): Elijo al entrenador 1 para ejecutar.
[INFO] 17:38:12:149 team/(20112:20118): El entrenador 1 entro en ejecución.
[INFO] 17:38:12:149 team/(20112:20118): El entrenador 1, que estaba en (6,5), comenzará a moverse a (4,6).
[INFO] 17:38:12:150 team/(20112:20118): El entrenador 1 pide un ciclo. Valor del semaforo: 0. 
[INFO] 17:38:12:150 team/(20112:20128): INTERRUMPO A 1
[INFO] 17:38:12:150 team/(20112:20118): -----------------EL ENTRENADOR 1 EJECUTA UN CICLO
[INFO] 17:38:12:150 team/(20112:20145): Se selecciono el entrenador 1 para atrapar al pokemon Flareon
[INFO] 17:38:17:150 team/(20112:20118): El entrenador 1 se mueve a : (5,5).
[INFO] 17:38:17:150 team/(20112:20118): El entrenador 1 pide un ciclo. Valor del semaforo: 1. 
[INFO] 17:38:17:150 team/(20112:20128): El entrenador 1 se pone en READY.
[INFO] 17:38:17:150 team/(20112:20128): le devolvieron la ejecucion al plani
[INFO] 17:38:17:150 team/(20112:20128): Elijo al entrenador 1 para ejecutar.
[INFO] 17:38:17:150 team/(20112:20128): Retomo la ejecución del entrenador 1.
[INFO] 17:38:17:150 team/(20112:20128): INTERRUMPO A 1
[INFO] 17:38:17:150 team/(20112:20118): -----------------EL ENTRENADOR 1 EJECUTA UN CICLO
[INFO] 17:38:17:244 team/(20112:20171): Atiendo appeared. Pokemon: Vaporeon.
[INFO] 17:38:17:245 team/(20112:20167): Atiendo appeared. Pokemon: Espeon.
[INFO] 17:38:17:245 team/(20112:20169): Atiendo appeared. Pokemon: Jolteon.
[INFO] 17:38:17:245 team/(20112:20171): El pokemon es objetivo
[INFO] 17:38:17:245 team/(20112:20171): Hay entrenadores disponibles para atrapar a Vaporeon.
[INFO] 17:38:17:245 team/(20112:20171): Se le asigno el pokemon Vaporeon al entrenador 4.
[INFO] 17:38:17:245 team/(20112:20121): El entrenador 4 se pone en READY.
[INFO] 17:38:17:245 team/(20112:20169): El pokemon es objetivo
[INFO] 17:38:17:246 team/(20112:20169): Hay entrenadores disponibles para atrapar a Jolteon.
[INFO] 17:38:17:246 team/(20112:20169): Se le asigno el pokemon Jolteon al entrenador 0.
[INFO] 17:38:17:246 team/(20112:20117): El entrenador 0 se pone en READY.
[INFO] 17:38:17:246 team/(20112:20169): Se selecciono el entrenador 0 para atrapar al pokemon Jolteon
[INFO] 17:38:17:246 team/(20112:20171): Se selecciono el entrenador 4 para atrapar al pokemon Vaporeon
[INFO] 17:38:17:246 team/(20112:20167): El pokemon es objetivo
[INFO] 17:38:17:246 team/(20112:20167): Hay entrenadores disponibles para atrapar a Espeon.
[INFO] 17:38:17:246 team/(20112:20167): Se le asigno el pokemon Espeon al entrenador 3.
[INFO] 17:38:17:246 team/(20112:20120): El entrenador 3 se pone en READY.
[INFO] 17:38:17:246 team/(20112:20167): Se selecciono el entrenador 3 para atrapar al pokemon Espeon
[INFO] 17:38:17:246 team/(20112:20173): Atiendo appeared. Pokemon: Umbreon.
[INFO] 17:38:17:246 team/(20112:20173): El pokemon es objetivo
[INFO] 17:38:17:246 team/(20112:20173): Hay entrenadores disponibles para atrapar a Umbreon.
[INFO] 17:38:17:246 team/(20112:20173): Se le asigno el pokemon Umbreon al entrenador 2.
[INFO] 17:38:17:247 team/(20112:20119): El entrenador 2 se pone en READY.
[INFO] 17:38:17:247 team/(20112:20173): Se selecciono el entrenador 2 para atrapar al pokemon Umbreon
[INFO] 17:38:22:150 team/(20112:20118): El entrenador 1 se mueve a : (4,5).
[INFO] 17:38:22:151 team/(20112:20118): El entrenador 1 pide un ciclo. Valor del semaforo: 0. 
[INFO] 17:38:22:151 team/(20112:20128): El entrenador 1 se pone en READY.
[INFO] 17:38:22:151 team/(20112:20128): le devolvieron la ejecucion al plani
[INFO] 17:38:22:151 team/(20112:20128): Elijo al entrenador 4 para ejecutar.
[INFO] 17:38:22:151 team/(20112:20121): El entrenador 4 entro en ejecución.
[INFO] 17:38:22:151 team/(20112:20121): El entrenador 4, que estaba en (2,9), comenzará a moverse a (4,10).
[INFO] 17:38:22:151 team/(20112:20121): El entrenador 4 pide un ciclo. Valor del semaforo: 1. 
[INFO] 17:38:22:151 team/(20112:20128): INTERRUMPO A 4
[INFO] 17:38:22:151 team/(20112:20121): -----------------EL ENTRENADOR 4 EJECUTA UN CICLO
[INFO] 17:38:27:151 team/(20112:20121): El entrenador 4 se mueve a : (3,9).
[INFO] 17:38:27:151 team/(20112:20121): El entrenador 4 pide un ciclo. Valor del semaforo: 1. 
[INFO] 17:38:27:152 team/(20112:20128): El entrenador 4 se pone en READY.
[INFO] 17:38:27:152 team/(20112:20128): le devolvieron la ejecucion al plani
[INFO] 17:38:27:152 team/(20112:20128): Elijo al entrenador 0 para ejecutar.
[INFO] 17:38:27:152 team/(20112:20117): El entrenador 0 entro en ejecución.
[INFO] 17:38:27:152 team/(20112:20117): El entrenador 0, que estaba en (2,3), comenzará a moverse a (2,2).
[INFO] 17:38:27:152 team/(20112:20117): El entrenador 0 pide un ciclo. Valor del semaforo: 1. 
[INFO] 17:38:27:152 team/(20112:20128): INTERRUMPO A 0
[INFO] 17:38:27:152 team/(20112:20117): -----------------EL ENTRENADOR 0 EJECUTA UN CICLO
[INFO] 17:38:32:152 team/(20112:20117): El entrenador 0 se mueve a : (2,2).
[INFO] 17:38:32:152 team/(20112:20117): El entrenador 0 se movió a la posición (2, 2).
[INFO] 17:38:32:153 team/(20112:20117): El entrenador 0 envia el catch para el pokemon Jolteon.
[INFO] 17:38:32:153 team/(20112:20117): El entrenador 0 pide un ciclo. Valor del semaforo: 0. 
[INFO] 17:38:32:153 team/(20112:20128): El entrenador 0 se pone en READY.
[INFO] 17:38:32:153 team/(20112:20128): le devolvieron la ejecucion al plani
[INFO] 17:38:32:153 team/(20112:20128): Elijo al entrenador 3 para ejecutar.
[INFO] 17:38:32:153 team/(20112:20120): El entrenador 3 entro en ejecución.
[INFO] 17:38:32:153 team/(20112:20120): El entrenador 3, que estaba en (9,2), comenzará a moverse a (7,1).
[INFO] 17:38:32:153 team/(20112:20120): El entrenador 3 pide un ciclo. Valor del semaforo: 1. 
[INFO] 17:38:32:153 team/(20112:20128): INTERRUMPO A 3
[INFO] 17:38:32:153 team/(20112:20120): -----------------EL ENTRENADOR 3 EJECUTA UN CICLO
[INFO] 17:38:37:154 team/(20112:20120): El entrenador 3 se mueve a : (8,2).
[INFO] 17:38:37:154 team/(20112:20120): El entrenador 3 pide un ciclo. Valor del semaforo: 0. 
[INFO] 17:38:37:154 team/(20112:20128): El entrenador 3 se pone en READY.
[INFO] 17:38:37:154 team/(20112:20128): le devolvieron la ejecucion al plani
[INFO] 17:38:37:154 team/(20112:20128): Elijo al entrenador 2 para ejecutar.
[INFO] 17:38:37:154 team/(20112:20119): El entrenador 2 entro en ejecución.
[INFO] 17:38:37:154 team/(20112:20119): El entrenador 2, que estaba en (9,9), comenzará a moverse a (10,6).
[INFO] 17:38:37:154 team/(20112:20119): El entrenador 2 pide un ciclo. Valor del semaforo: 1. 
[INFO] 17:38:37:154 team/(20112:20128): INTERRUMPO A 2
[INFO] 17:38:37:154 team/(20112:20119): -----------------EL ENTRENADOR 2 EJECUTA UN CICLO
[INFO] 17:38:38:326 team/(20112:20212): Atiendo appeared. Pokemon: Onix.
[INFO] 17:38:38:326 team/(20112:20212): El pokemon no es objetivo
[INFO] 17:38:38:339 team/(20112:20215): Atiendo appeared. Pokemon: Gengar.
[INFO] 17:38:38:339 team/(20112:20215): El pokemon no es objetivo
[INFO] 17:38:38:349 team/(20112:20218): Atiendo appeared. Pokemon: Squirtle.
[INFO] 17:38:38:350 team/(20112:20218): El pokemon no es objetivo
[INFO] 17:38:38:359 team/(20112:20221): Atiendo appeared. Pokemon: Umbreon.
[INFO] 17:38:38:359 team/(20112:20221): se esta gestionando el catch.
[INFO] 17:38:38:377 team/(20112:20224): Atiendo appeared. Pokemon: Espeon.
[INFO] 17:38:38:377 team/(20112:20224): se esta gestionando el catch.
[INFO] 17:38:38:380 team/(20112:20227): Atiendo appeared. Pokemon: Vaporeon.
[INFO] 17:38:38:380 team/(20112:20227): se esta gestionando el catch.
[INFO] 17:38:42:154 team/(20112:20119): El entrenador 2 se mueve a : (10,9).
[INFO] 17:38:42:154 team/(20112:20119): El entrenador 2 pide un ciclo. Valor del semaforo: 0. 
[INFO] 17:38:42:154 team/(20112:20128): El entrenador 2 se pone en READY.
[INFO] 17:38:42:154 team/(20112:20128): le devolvieron la ejecucion al plani
[INFO] 17:38:42:154 team/(20112:20128): Elijo al entrenador 1 para ejecutar.
[INFO] 17:38:42:154 team/(20112:20128): Retomo la ejecución del entrenador 1.
[INFO] 17:38:42:155 team/(20112:20128): INTERRUMPO A 1
[INFO] 17:38:42:155 team/(20112:20118): -----------------EL ENTRENADOR 1 EJECUTA UN CICLO
