[INFO] 19:36:51:522 TEAM/(16467:16481): Recibi mensaje appeared pokemon: 

[INFO] 19:36:51:522 TEAM/(16467:16480): Recibi mensaje appeared pokemon: 

[INFO] 19:36:51:522 TEAM/(16467:16479): Recibi mensaje appeared pokemon: 

[INFO] 19:36:51:523 TEAM/(16467:16481): El pokemon es: 

[INFO] 19:36:51:524 TEAM/(16467:16481): La posX es: 0

[INFO] 19:36:51:525 TEAM/(16467:16481): La posY es: 0

[INFO] 19:36:51:525 TEAM/(16467:16481): El id correlativo es: 29

[INFO] 19:38:54:54 TEAM/(16882:16894): Recibi mensaje appeared pokemon: 

[INFO] 19:40:32:837 TEAM/(17429:17626): Recibi mensaje appeared pokemon: 

[INFO] 19:40:32:842 TEAM/(17429:17626): El pokemon es: Pikachu

[INFO] 19:40:32:844 TEAM/(17429:17626): La posX es: 0

[INFO] 19:40:32:845 TEAM/(17429:17626): La posY es: 0

[INFO] 19:40:32:845 TEAM/(17429:17626): El id correlativo es: 29

[INFO] 19:48:55:105 TEAM/(18493:18703): Recibi mensaje appeared pokemon: 

[INFO] 19:48:55:105 TEAM/(18493:18703): El pokemon es: Pikachu

[INFO] 19:48:55:106 TEAM/(18493:18703): La posX es: 0

[INFO] 19:48:55:106 TEAM/(18493:18703): La posY es: 0

[INFO] 19:50:00:632 TEAM/(18493:18509): Recibi mensaje appeared pokemon: 

[INFO] 19:50:00:632 TEAM/(18493:18508): Recibi mensaje appeared pokemon: 

[INFO] 19:50:00:632 TEAM/(18493:18507): Recibi mensaje appeared pokemon: 

[INFO] 19:50:00:632 TEAM/(18493:18509): El pokemon es: 

[INFO] 19:50:00:632 TEAM/(18493:18509): La posX es: 0

[INFO] 19:50:00:632 TEAM/(18493:18509): La posY es: 0

[INFO] 18:32:13:377 TEAM/(17619:17633): Recibi mensaje appeared pokemon: 

[INFO] 18:32:13:377 TEAM/(17619:17632): Recibi mensaje appeared pokemon: 

[INFO] 18:32:13:377 TEAM/(17619:17631): Recibi mensaje appeared pokemon: 

[INFO] 18:32:13:377 TEAM/(17619:17633): El pokemon es: 

[INFO] 18:32:13:377 TEAM/(17619:17633): La posX es: 0

[INFO] 18:32:13:377 TEAM/(17619:17633): La posY es: 0

[INFO] 19:06:36:115 TEAM/(13530:13543): Conexión fallida con el Broker

[INFO] 19:06:36:116 TEAM/(13530:13544): Conexión fallida con el Broker

[INFO] 19:06:36:116 TEAM/(13530:13542): Conexión fallida con el Broker

[INFO] 19:08:07:943 TEAM/(13714:13728): Conexión fallida con el Broker

[INFO] 19:08:07:943 TEAM/(13714:13727): Conexión fallida con el Broker

[INFO] 19:08:07:943 TEAM/(13714:13726): Conexión fallida con el Broker

[INFO] 19:09:17:485 TEAM/(13877:13896): Conexión fallida con el Broker

[INFO] 19:09:17:485 TEAM/(13877:13895): Conexión fallida con el Broker

[INFO] 19:09:17:486 TEAM/(13877:13894): Conexión fallida con el Broker

[INFO] 19:09:57:325 TEAM/(13986:14000): Conexión fallida con el Broker

[INFO] 19:09:57:325 TEAM/(13986:13999): Conexión fallida con el Broker

[INFO] 19:09:57:327 TEAM/(13986:13998): Conexión fallida con el Broker

[INFO] 19:10:26:101 TEAM/(14076:14090): Conexión fallida con el Broker

[INFO] 19:10:26:101 TEAM/(14076:14089): Conexión fallida con el Broker

[INFO] 19:10:26:101 TEAM/(14076:14088): Conexión fallida con el Broker

[INFO] 19:26:19:347 TEAM/(16122:16143): Conexión fallida con el Broker

[INFO] 19:26:19:347 TEAM/(16122:16142): Conexión fallida con el Broker

[INFO] 19:26:19:347 TEAM/(16122:16141): Conexión fallida con el Broker

[INFO] 19:28:13:380 TEAM/(16340:16355): Conexión fallida con el Broker

[INFO] 19:28:13:381 TEAM/(16340:16354): Conexión fallida con el Broker

[INFO] 19:28:13:381 TEAM/(16340:16353): Conexión fallida con el Broker

[INFO] 19:28:49:514 TEAM/(16443:16459): Conexión fallida con el Broker

[INFO] 19:28:49:515 TEAM/(16443:16458): Conexión fallida con el Broker

[INFO] 19:28:49:515 TEAM/(16443:16457): Conexión fallida con el Broker

[INFO] 19:29:03:795 TEAM/(16514:16529): Conexión fallida con el Broker

[INFO] 19:29:03:795 TEAM/(16514:16528): Conexión fallida con el Broker

[INFO] 19:29:03:795 TEAM/(16514:16527): Conexión fallida con el Broker

[INFO] 19:29:15:313 TEAM/(16581:16596): Conexión fallida con el Broker

[INFO] 19:29:15:314 TEAM/(16581:16595): Conexión fallida con el Broker

[INFO] 19:29:15:314 TEAM/(16581:16594): Conexión fallida con el Broker

[INFO] 19:30:48:163 TEAM/(16838:16857): Conexión fallida con el Broker

[INFO] 19:30:48:163 TEAM/(16838:16858): Conexión fallida con el Broker

[INFO] 19:30:48:163 TEAM/(16838:16856): Conexión fallida con el Broker

[INFO] 19:31:14:181 TEAM/(16922:16943): Conexión fallida con el Broker

[INFO] 19:31:14:181 TEAM/(16922:16942): Conexión fallida con el Broker

[INFO] 19:31:14:181 TEAM/(16922:16941): Conexión fallida con el Broker

[INFO] 19:33:23:572 TEAM/(17172:17187): Conexión fallida con el Broker

[INFO] 19:33:23:572 TEAM/(17172:17186): Conexión fallida con el Broker

[INFO] 19:36:32:572 TEAM/(17695:17711): Conexión fallida con el Broker

[INFO] 19:36:32:573 TEAM/(17695:17710): Conexión fallida con el Broker

[INFO] 19:37:15:539 TEAM/(17832:17846): Conexión fallida con el Broker

[INFO] 19:37:15:539 TEAM/(17832:17847): Conexión fallida con el Broker

[INFO] 19:37:43:550 TEAM/(17934:17948): Conexión fallida con el Broker

[INFO] 19:37:43:550 TEAM/(17934:17949): Conexión fallida con el Broker

[INFO] 19:37:43:550 TEAM/(17934:17948): Reintentando conexión en 10 segundos...

[INFO] 19:46:14:203 TEAM/(19057:19077): Conexión fallida con el Broker

[INFO] 19:46:14:203 TEAM/(19057:19076): Conexión fallida con el Broker

[INFO] 19:46:14:203 TEAM/(19057:19075): Conexión fallida con el Broker

[INFO] 19:46:14:204 TEAM/(19057:19077): Reintentando conexión en 10 segundos...

[INFO] 19:46:14:205 TEAM/(19057:19075): Reintentando conexión en 10 segundos...

[INFO] 19:46:14:205 TEAM/(19057:19076): Reintentando conexión en 10 segundos...

[INFO] 19:46:24:205 TEAM/(19057:19076): El reintento de conexión no fue exitoso

[INFO] 19:46:24:205 TEAM/(19057:19075): El reintento de conexión no fue exitoso

[INFO] 19:46:24:206 TEAM/(19057:19077): El reintento de conexión no fue exitoso

[INFO] 19:46:24:206 TEAM/(19057:19076): Reintentando conexión en 10 segundos...

[INFO] 19:46:24:206 TEAM/(19057:19077): Reintentando conexión en 10 segundos...

[INFO] 19:46:24:206 TEAM/(19057:19075): Reintentando conexión en 10 segundos...

[INFO] 19:47:31:431 TEAM/(19209:19229): Conexión fallida con el Broker

[INFO] 19:47:31:431 TEAM/(19209:19228): Conexión fallida con el Broker

[INFO] 19:47:31:438 TEAM/(19209:19227): Conexión fallida con el Broker

[INFO] 19:47:31:444 TEAM/(19209:19229): Reintentando conexión en 10 segundos...

[INFO] 19:47:31:444 TEAM/(19209:19227): Reintentando conexión en 10 segundos...

[INFO] 19:47:31:444 TEAM/(19209:19228): Reintentando conexión en 10 segundos...

[INFO] 19:51:55:936 TEAM/(19908:19923): Conexión fallida con el Broker

[INFO] 19:51:55:936 TEAM/(19908:19922): Conexión fallida con el Broker

[INFO] 19:51:55:936 TEAM/(19908:19921): Conexión fallida con el Broker

[INFO] 19:51:55:936 TEAM/(19908:19923): Reintentando conexión en 10 segundos...

[INFO] 19:51:55:936 TEAM/(19908:19921): Reintentando conexión en 10 segundos...

[INFO] 19:51:55:937 TEAM/(19908:19922): Reintentando conexión en 10 segundos...

