[INFO] 15:52:56:976 TEAM/(13200:13200): ___________________________________________________________________________________________________________
[INFO] 15:52:56:998 TEAM/(13200:13200): Inició el TEAM
[INFO] 15:52:57:93 TEAM/(13200:13212): Recibi mensaje appeared pokemon. El pokemon es: Jolteon. La posicion es: (2,2).
[INFO] 15:52:57:101 TEAM/(13200:13214): Recibi mensaje localized. El pokemon es: Gengar. La cantidad es: 0.
[INFO] 15:52:57:101 TEAM/(13200:13214): Las posiciones son: 
[INFO] 15:52:57:108 TEAM/(13200:13212): Recibi mensaje appeared pokemon. El pokemon es: Flareon. La posicion es: (4,6).
[INFO] 15:52:57:124 TEAM/(13200:13214): Recibi mensaje localized. El pokemon es: Onix. La cantidad es: 0.
[INFO] 15:52:57:124 TEAM/(13200:13214): Las posiciones son: 
[INFO] 15:53:02:124 TEAM/(13200:13214): Recibi mensaje localized. El pokemon es: Pikachu. La cantidad es: 1.
[INFO] 15:53:02:125 TEAM/(13200:13214): Las posiciones son: 
[INFO] 15:53:02:125 TEAM/(13200:13214): (9,9)
[INFO] 15:53:02:128 TEAM/(13200:13214): Recibi mensaje localized. El pokemon es: Squirtle. La cantidad es: 1.
[INFO] 15:53:02:129 TEAM/(13200:13214): Las posiciones son: 
[INFO] 15:53:02:134 TEAM/(13200:13214): (5,2)
[INFO] 15:53:02:135 TEAM/(13200:13266): Habilito el hilo del entrenador 1.
[INFO] 15:53:02:141 TEAM/(13200:13208): El entrenador 1 ahora está en READY.
[INFO] 15:53:02:143 TEAM/(13200:13268): Habilito el hilo del entrenador 2.
[INFO] 15:53:02:143 TEAM/(13200:13209): El entrenador 2 ahora está en READY.
[INFO] 15:53:02:145 TEAM/(13200:13221): El entrenador 1 ahora está en EXEC.
[INFO] 15:53:02:146 TEAM/(13200:13208): El entrenador  1 se mueve a atrapar a Pikachu en posición (9, 9)

[INFO] 15:53:02:147 TEAM/(13200:13208): El entrenador 1 ahora está en EXEC.
[INFO] 15:54:58:240 TEAM/(13527:13527): ___________________________________________________________________________________________________________
[INFO] 15:54:58:256 TEAM/(13527:13527): Inició el TEAM
[INFO] 15:54:58:350 TEAM/(13527:13545): Recibi mensaje localized. El pokemon es: Onix. La cantidad es: 0.
[INFO] 15:54:58:350 TEAM/(13527:13545): Las posiciones son: 
[INFO] 15:54:58:360 TEAM/(13527:13545): Recibi mensaje localized. El pokemon es: Gengar. La cantidad es: 0.
[INFO] 15:54:58:361 TEAM/(13527:13545): Las posiciones son: 
[INFO] 17:07:18:591 TEAM/(23479:23479): ___________________________________________________________________________________________________________
[INFO] 17:07:18:608 TEAM/(23479:23479): Inició el TEAM
[INFO] 17:07:18:674 TEAM/(23479:23493): Fallo de comunicación con el Broker al enviar un get. Se realizará la operación por default.
[INFO] 17:07:18:681 TEAM/(23479:23492): Conexión fallida con el Broker

[INFO] 17:07:18:682 TEAM/(23479:23491): Conexión fallida con el Broker

[INFO] 17:07:18:682 TEAM/(23479:23494): Conexión fallida con el Broker

[INFO] 17:07:18:689 TEAM/(23479:23499): Fallo de comunicación con el Broker al enviar un get. Se realizará la operación por default.
[INFO] 17:07:18:692 TEAM/(23479:23492): Reintentando conexión en 30 segundos...

[INFO] 17:07:18:693 TEAM/(23479:23491): Reintentando conexión en 30 segundos...

[INFO] 17:07:18:693 TEAM/(23479:23494): Reintentando conexión en 30 segundos...

[INFO] 17:07:18:696 TEAM/(23479:23495): Fallo de comunicación con el Broker al enviar un get. Se realizará la operación por default.
[INFO] 17:07:18:696 TEAM/(23479:23498): Fallo de comunicación con el Broker al enviar un get. Se realizará la operación por default.
[INFO] 17:07:48:694 TEAM/(23479:23492): Reintentando conexión en 30 segundos...

[INFO] 17:07:48:694 TEAM/(23479:23491): Reintentando conexión en 30 segundos...

[INFO] 17:07:48:694 TEAM/(23479:23494): Reintentando conexión en 30 segundos...

[INFO] 17:08:18:696 TEAM/(23479:23492): El reintento de conexión fue exitoso

[INFO] 17:08:18:696 TEAM/(23479:23491): El reintento de conexión fue exitoso

[INFO] 17:08:18:696 TEAM/(23479:23494): El reintento de conexión fue exitoso

[INFO] 17:08:18:707 TEAM/(23479:23491): Recibi mensaje appeared pokemon. El pokemon es: Gengar. La posicion es: (6,6).
[INFO] 17:08:18:711 TEAM/(23479:23491): Recibi mensaje appeared pokemon. El pokemon es: Squirtle. La posicion es: (5,5).
[INFO] 17:08:18:719 TEAM/(23479:23718): Habilito el hilo del entrenador 1.
[INFO] 17:08:18:723 TEAM/(23479:23487): El entrenador 1 ahora está en READY.
[INFO] 17:08:18:727 TEAM/(23479:23497): El entrenador 1 ahora está en EXEC.
[INFO] 17:08:18:728 TEAM/(23479:23720): Habilito el hilo del entrenador 0.
[INFO] 17:08:18:729 TEAM/(23479:23486): El entrenador 0 ahora está en READY.
[INFO] 17:08:18:731 TEAM/(23479:23487): El entrenador  1 se mueve a atrapar a Gengar en posición (6, 6)

[INFO] 17:08:18:732 TEAM/(23479:23487): El entrenador 1 ahora está en EXEC.
[INFO] 17:08:53:754 TEAM/(23479:23487): El entrenador 1 se movió a la posición (6, 6).
[INFO] 17:08:58:762 TEAM/(23479:23487): El entrenador 1 ahora está en BLOCKED.
[INFO] 17:08:58:773 TEAM/(23479:23497): El entrenador 0 ahora está en EXEC.
[INFO] 17:08:58:773 TEAM/(23479:23486): El entrenador  0 se mueve a atrapar a Squirtle en posición (5, 5)

[INFO] 17:08:58:774 TEAM/(23479:23486): El entrenador 0 ahora está en EXEC.
[INFO] 17:09:03:779 TEAM/(23479:23494): Recibi mensaje caught pokemon. El pokemon fue atrapado.
[INFO] 17:09:03:784 TEAM/(23479:23791): El entrenador 1 atrapó al pokemon Gengar en la posición (6,6).
[INFO] 17:09:03:786 TEAM/(23479:23791): El entrenador 1 ahora está en BLOCKED.
[INFO] 17:09:03:786 TEAM/(23479:23791): Habilito el hilo del entrenador 1.
[INFO] 17:09:28:792 TEAM/(23479:23486): El entrenador 0 se movió a la posición (5, 5).
[INFO] 17:09:33:796 TEAM/(23479:23486): El entrenador 0 ahora está en BLOCKED.
