[INFO] 14:08:52:753 gamecard/(359:360): Voy a llenar el paquete
[INFO] 14:08:52:753 gamecard/(359:362): Voy a llenar el paquete
[INFO] 14:08:52:754 gamecard/(359:360): cliente: 5
[INFO] 14:08:52:753 gamecard/(359:361): Voy a llenar el paquete
[INFO] 14:08:52:754 gamecard/(359:362): cliente: 8
[INFO] 14:08:52:754 gamecard/(359:361): cliente: 9
[INFO] 14:09:30:258 gamecard/(359:427): LecturaArchivo: .
[INFO] 14:09:30:258 gamecard/(359:427): char*posiciones: 
[INFO] 14:09:30:258 gamecard/(359:427): Agrego un bloque.
[INFO] 14:09:30:258 gamecard/(359:427): LISTA BLOQUES: [1].
[INFO] 14:09:30:258 gamecard/(359:427): LISTA BLOQUES AGREGADA: [1].
[INFO] 14:09:30:258 gamecard/(359:422): LecturaArchivo: .
[INFO] 14:09:30:258 gamecard/(359:422): char*posiciones: 
[INFO] 14:09:30:258 gamecard/(359:422): Agrego un bloque.
[INFO] 14:09:30:258 gamecard/(359:422): LISTA BLOQUES: [2].
[INFO] 14:09:30:258 gamecard/(359:422): LISTA BLOQUES AGREGADA: [2].
[INFO] 14:09:30:258 gamecard/(359:419): LecturaArchivo: .
[INFO] 14:09:30:258 gamecard/(359:419): char*posiciones: 
[INFO] 14:09:30:258 gamecard/(359:419): Agrego un bloque.
[INFO] 14:09:30:259 gamecard/(359:419): LISTA BLOQUES: [3].
[INFO] 14:09:30:259 gamecard/(359:419): LISTA BLOQUES AGREGADA: [3].
[INFO] 14:09:30:263 gamecard/(359:438): LecturaArchivo: .
[INFO] 14:09:30:263 gamecard/(359:438): char*posiciones: 
[INFO] 14:09:30:263 gamecard/(359:438): Agrego un bloque.
[INFO] 14:09:30:263 gamecard/(359:438): LISTA BLOQUES: [4].
[INFO] 14:09:30:263 gamecard/(359:438): LISTA BLOQUES AGREGADA: [4].
[INFO] 14:09:35:259 gamecard/(359:427): Cierro el archivo del pokemon: Jolteon. Posicion: (2, 2).
[INFO] 14:09:35:260 gamecard/(359:419): Cierro el archivo del pokemon: Pikachu. Posicion: (9, 9).
[INFO] 14:09:35:261 gamecard/(359:422): Cierro el archivo del pokemon: Squirtle. Posicion: (5, 2).
[INFO] 14:09:35:264 gamecard/(359:438): Cierro el archivo del pokemon: Flareon. Posicion: (4, 6).
[INFO] 14:09:56:687 gamecard/(359:506): deserializado
[INFO] 14:09:56:687 gamecard/(359:506): Atiendo Get del pokemon: Umbreon
[INFO] 14:09:56:687 gamecard/(359:507): deserializado
[INFO] 14:09:56:687 gamecard/(359:506): NO EXISTE
[INFO] 14:09:56:687 gamecard/(359:506): Pokemon:Umbreon
[INFO] 14:09:56:687 gamecard/(359:506): Cantidad de Posiciones:0
[INFO] 14:09:56:687 gamecard/(359:507): Atiendo Get del pokemon: Vaporeon
[INFO] 14:09:56:687 gamecard/(359:507): NO EXISTE
[INFO] 14:09:56:687 gamecard/(359:507): Pokemon:Vaporeon
[INFO] 14:09:56:687 gamecard/(359:507): Cantidad de Posiciones:0
[INFO] 14:09:56:687 gamecard/(359:506): Recibi mensaje localized. El pokemon es: Umbreon. La cantidad es: 0.
[INFO] 14:09:56:687 gamecard/(359:506): Las posiciones son: 
[INFO] 14:09:56:687 gamecard/(359:507): Recibi mensaje localized. El pokemon es: Vaporeon. La cantidad es: 0.
[INFO] 14:09:56:688 gamecard/(359:507): Las posiciones son: 
[INFO] 14:09:56:694 gamecard/(359:521): deserializado
[INFO] 14:09:56:694 gamecard/(359:521): Atiendo Get del pokemon: Flareon
[INFO] 14:09:56:694 gamecard/(359:521): EXISTE
[INFO] 14:09:56:695 gamecard/(359:521): Posicion en la lectura del bloque 4: 64
[INFO] 14:09:56:695 gamecard/(359:521): LECTURA BLOQUE: 4-6=10
.
[INFO] 14:09:56:695 gamecard/(359:521): LecturaArchivo: 4-6=10
.
[INFO] 14:09:56:695 gamecard/(359:521): char*posiciones: 4-6=10

[INFO] 14:09:56:695 gamecard/(359:521): BUFFER FUNCION LISTA STRING: 4-6=10
[INFO] 14:09:56:695 gamecard/(359:521): I DE LA FUNCION DE LISTAS: 0
[INFO] 14:09:56:695 gamecard/(359:521): CANTIDAD POSICIONES 1
[INFO] 14:09:56:695 gamecard/(359:521): Entro a conseguirPosicionesCantidad
[INFO] 14:09:56:695 gamecard/(359:521): Localized. Pos x: 4. Pos y: 6.
[INFO] 14:09:56:695 gamecard/(359:525): deserializado
[INFO] 14:09:56:695 gamecard/(359:525): Atiendo Get del pokemon: Espeon
[INFO] 14:09:56:696 gamecard/(359:525): NO EXISTE
[INFO] 14:09:56:696 gamecard/(359:525): Pokemon:Espeon
[INFO] 14:09:56:696 gamecard/(359:525): Cantidad de Posiciones:0
[INFO] 14:09:56:696 gamecard/(359:525): Recibi mensaje localized. El pokemon es: Espeon. La cantidad es: 0.
[INFO] 14:09:56:696 gamecard/(359:525): Las posiciones son: 
[INFO] 14:09:56:698 gamecard/(359:537): deserializado
[INFO] 14:09:56:698 gamecard/(359:537): Atiendo Get del pokemon: Jolteon
[INFO] 14:09:56:698 gamecard/(359:537): EXISTE
[INFO] 14:09:56:698 gamecard/(359:537): Posicion en la lectura del bloque 1: 64
[INFO] 14:09:56:698 gamecard/(359:537): LECTURA BLOQUE: 2-2=10
.
[INFO] 14:09:56:698 gamecard/(359:537): LecturaArchivo: 2-2=10
.
[INFO] 14:09:56:698 gamecard/(359:537): char*posiciones: 2-2=10

[INFO] 14:09:56:698 gamecard/(359:537): BUFFER FUNCION LISTA STRING: 2-2=10
[INFO] 14:09:56:698 gamecard/(359:537): I DE LA FUNCION DE LISTAS: 0
[INFO] 14:09:56:698 gamecard/(359:537): CANTIDAD POSICIONES 1
[INFO] 14:09:56:698 gamecard/(359:537): Entro a conseguirPosicionesCantidad
[INFO] 14:09:56:698 gamecard/(359:537): Localized. Pos x: 2. Pos y: 2.
[INFO] 14:10:01:696 gamecard/(359:521): Pokemon:Flareon
[INFO] 14:10:01:696 gamecard/(359:521): Cantidad de Posiciones:1
[INFO] 14:10:01:696 gamecard/(359:521): Posicion: 4-6
[INFO] 14:10:01:696 gamecard/(359:521): Recibi mensaje localized. El pokemon es: Flareon. La cantidad es: 1.
[INFO] 14:10:01:696 gamecard/(359:521): Las posiciones son: 
[INFO] 14:10:01:696 gamecard/(359:521): (4,6)
[INFO] 14:10:01:699 gamecard/(359:537): Pokemon:Jolteon
[INFO] 14:10:01:699 gamecard/(359:537): Cantidad de Posiciones:1
[INFO] 14:10:01:699 gamecard/(359:537): Posicion: 2-2
[INFO] 14:10:01:699 gamecard/(359:537): Recibi mensaje localized. El pokemon es: Jolteon. La cantidad es: 1.
[INFO] 14:10:01:699 gamecard/(359:537): Las posiciones son: 
[INFO] 14:10:01:699 gamecard/(359:537): (2,2)
[INFO] 14:10:05:15 gamecard/(359:572): deserializado
[INFO] 14:10:05:15 gamecard/(359:572): Atiendo Get del pokemon: Squirtle
[INFO] 14:10:05:15 gamecard/(359:572): EXISTE
[INFO] 14:10:05:15 gamecard/(359:572): Posicion en la lectura del bloque 2: 64
[INFO] 14:10:05:15 gamecard/(359:572): LECTURA BLOQUE: 5-2=10
.
[INFO] 14:10:05:15 gamecard/(359:572): LecturaArchivo: 5-2=10
.
[INFO] 14:10:05:16 gamecard/(359:572): char*posiciones: 5-2=10

[INFO] 14:10:05:16 gamecard/(359:572): BUFFER FUNCION LISTA STRING: 5-2=10
[INFO] 14:10:05:16 gamecard/(359:572): I DE LA FUNCION DE LISTAS: 0
[INFO] 14:10:05:16 gamecard/(359:572): CANTIDAD POSICIONES 1
[INFO] 14:10:05:16 gamecard/(359:572): Entro a conseguirPosicionesCantidad
[INFO] 14:10:05:16 gamecard/(359:572): Localized. Pos x: 5. Pos y: 2.
[INFO] 14:10:05:19 gamecard/(359:583): deserializado
[INFO] 14:10:05:19 gamecard/(359:583): Atiendo Get del pokemon: Pikachu
[INFO] 14:10:05:20 gamecard/(359:583): EXISTE
[INFO] 14:10:05:20 gamecard/(359:583): Posicion en la lectura del bloque 3: 64
[INFO] 14:10:05:20 gamecard/(359:583): LECTURA BLOQUE: 9-9=10
.
[INFO] 14:10:05:20 gamecard/(359:583): LecturaArchivo: 9-9=10
.
[INFO] 14:10:05:20 gamecard/(359:583): char*posiciones: 9-9=10

[INFO] 14:10:05:20 gamecard/(359:583): BUFFER FUNCION LISTA STRING: 9-9=10
[INFO] 14:10:05:20 gamecard/(359:583): I DE LA FUNCION DE LISTAS: 0
[INFO] 14:10:05:20 gamecard/(359:583): CANTIDAD POSICIONES 1
[INFO] 14:10:05:20 gamecard/(359:583): Entro a conseguirPosicionesCantidad
[INFO] 14:10:05:20 gamecard/(359:583): Localized. Pos x: 9. Pos y: 9.
[INFO] 14:10:05:21 gamecard/(359:581): deserializado
[INFO] 14:10:05:21 gamecard/(359:581): Atiendo Get del pokemon: Gengar
[INFO] 14:10:05:21 gamecard/(359:581): NO EXISTE
[INFO] 14:10:05:21 gamecard/(359:581): Pokemon:Gengar
[INFO] 14:10:05:21 gamecard/(359:581): Cantidad de Posiciones:0
[INFO] 14:10:05:21 gamecard/(359:581): Recibi mensaje localized. El pokemon es: Gengar. La cantidad es: 0.
[INFO] 14:10:05:21 gamecard/(359:581): Las posiciones son: 
[INFO] 14:10:05:21 gamecard/(359:585): deserializado
[INFO] 14:10:05:24 gamecard/(359:585): Atiendo Get del pokemon: Onix
[INFO] 14:10:05:25 gamecard/(359:585): NO EXISTE
[INFO] 14:10:05:25 gamecard/(359:585): Pokemon:Onix
[INFO] 14:10:05:25 gamecard/(359:585): Cantidad de Posiciones:0
[INFO] 14:10:05:25 gamecard/(359:585): Recibi mensaje localized. El pokemon es: Onix. La cantidad es: 0.
[INFO] 14:10:05:25 gamecard/(359:585): Las posiciones son: 
[INFO] 14:10:10:17 gamecard/(359:572): Pokemon:Squirtle
[INFO] 14:10:10:17 gamecard/(359:572): Cantidad de Posiciones:1
[INFO] 14:10:10:17 gamecard/(359:572): Posicion: 5-2
[INFO] 14:10:10:18 gamecard/(359:572): Recibi mensaje localized. El pokemon es: Squirtle. La cantidad es: 1.
[INFO] 14:10:10:18 gamecard/(359:572): Las posiciones son: 
[INFO] 14:10:10:18 gamecard/(359:572): (5,2)
[INFO] 14:10:10:22 gamecard/(359:583): Pokemon:Pikachu
[INFO] 14:10:10:22 gamecard/(359:583): Cantidad de Posiciones:1
[INFO] 14:10:10:22 gamecard/(359:583): Posicion: 9-9
[INFO] 14:10:10:22 gamecard/(359:583): Recibi mensaje localized. El pokemon es: Pikachu. La cantidad es: 1.
[INFO] 14:10:10:22 gamecard/(359:583): Las posiciones son: 
[INFO] 14:10:10:22 gamecard/(359:583): (9,9)
[INFO] 14:10:21:723 gamecard/(359:635): deserializado
[INFO] 14:10:21:723 gamecard/(359:635): Pokemon:Jolteon, posicion:2-2
[INFO] 14:10:21:724 gamecard/(359:635): Posicion en la lectura del bloque 1: 64
[INFO] 14:10:21:724 gamecard/(359:635): LECTURA BLOQUE: 2-2=10
.
[INFO] 14:10:21:724 gamecard/(359:635): LecturaArchivo: 2-2=10
.
[INFO] 14:10:21:724 gamecard/(359:635): char*posiciones: 2-2=10

[INFO] 14:10:21:724 gamecard/(359:635): BUFFER FUNCION LISTA STRING: 2-2=10
[INFO] 14:10:21:724 gamecard/(359:635): I DE LA FUNCION DE LISTAS: 0
[INFO] 14:10:21:724 gamecard/(359:635): Size lista antes de comprobar:1
[INFO] 14:10:21:724 gamecard/(359:635): Reemplazo
[INFO] 14:10:21:725 gamecard/(359:635): Size lista despues de comprobar:1
[INFO] 14:10:26:713 gamecard/(359:642): deserializado
[INFO] 14:10:26:714 gamecard/(359:642): Pokemon:Flareon, posicion:4-6
[INFO] 14:10:26:714 gamecard/(359:642): Posicion en la lectura del bloque 4: 64
[INFO] 14:10:26:714 gamecard/(359:642): LECTURA BLOQUE: 4-6=10
.
[INFO] 14:10:26:715 gamecard/(359:642): LecturaArchivo: 4-6=10
.
[INFO] 14:10:26:715 gamecard/(359:642): char*posiciones: 4-6=10

[INFO] 14:10:26:715 gamecard/(359:642): BUFFER FUNCION LISTA STRING: 4-6=10
[INFO] 14:10:26:715 gamecard/(359:642): I DE LA FUNCION DE LISTAS: 0
[INFO] 14:10:26:715 gamecard/(359:642): Size lista antes de comprobar:1
[INFO] 14:10:26:715 gamecard/(359:642): Reemplazo
[INFO] 14:10:26:826 gamecard/(359:642): Size lista despues de comprobar:1
[INFO] 14:10:30:47 gamecard/(359:654): deserializado
[INFO] 14:10:30:47 gamecard/(359:654): Pokemon:Squirtle, posicion:5-2
[INFO] 14:10:30:47 gamecard/(359:654): Posicion en la lectura del bloque 2: 64
[INFO] 14:10:30:47 gamecard/(359:654): LECTURA BLOQUE: 5-2=10
.
[INFO] 14:10:30:48 gamecard/(359:654): LecturaArchivo: 5-2=10
.
[INFO] 14:10:30:48 gamecard/(359:654): char*posiciones: 5-2=10

[INFO] 14:10:30:48 gamecard/(359:654): BUFFER FUNCION LISTA STRING: 5-2=10
[INFO] 14:10:30:48 gamecard/(359:654): I DE LA FUNCION DE LISTAS: 0
[INFO] 14:10:30:48 gamecard/(359:654): Size lista antes de comprobar:1
[INFO] 14:10:30:48 gamecard/(359:654): Reemplazo
[INFO] 14:10:30:49 gamecard/(359:654): Size lista despues de comprobar:1
[INFO] 14:11:40:86 gamecard/(359:771): deserializado
[INFO] 14:11:40:86 gamecard/(359:771): Pokemon:Pikachu, posicion:9-9
[INFO] 14:11:40:86 gamecard/(359:771): Posicion en la lectura del bloque 3: 64
[INFO] 14:11:40:86 gamecard/(359:771): LECTURA BLOQUE: 9-9=10
.
[INFO] 14:11:40:86 gamecard/(359:771): LecturaArchivo: 9-9=10
.
[INFO] 14:11:40:87 gamecard/(359:771): char*posiciones: 9-9=10

[INFO] 14:11:40:87 gamecard/(359:771): BUFFER FUNCION LISTA STRING: 9-9=10
[INFO] 14:11:40:87 gamecard/(359:771): I DE LA FUNCION DE LISTAS: 0
[INFO] 14:11:40:87 gamecard/(359:771): Size lista antes de comprobar:1
[INFO] 14:11:40:87 gamecard/(359:771): Reemplazo
[INFO] 14:11:40:88 gamecard/(359:771): Size lista despues de comprobar:1
[INFO] 14:11:58:341 gamecard/(359:809): LecturaArchivo: .
[INFO] 14:11:58:341 gamecard/(359:809): char*posiciones: 
[INFO] 14:11:58:341 gamecard/(359:809): Agrego un bloque.
[INFO] 14:11:58:341 gamecard/(359:809): LISTA BLOQUES: [5].
[INFO] 14:11:58:341 gamecard/(359:809): LISTA BLOQUES AGREGADA: [5].
[INFO] 14:11:58:344 gamecard/(359:814): LecturaArchivo: .
[INFO] 14:11:58:344 gamecard/(359:814): char*posiciones: 
[INFO] 14:11:58:344 gamecard/(359:814): Agrego un bloque.
[INFO] 14:11:58:344 gamecard/(359:814): LISTA BLOQUES: [6].
[INFO] 14:11:58:344 gamecard/(359:814): LISTA BLOQUES AGREGADA: [6].
[INFO] 14:11:58:345 gamecard/(359:818): Posicion en la lectura del bloque 2: 64
[INFO] 14:11:58:345 gamecard/(359:818): LECTURA BLOQUE: 5-2=9
.
[INFO] 14:11:58:345 gamecard/(359:818): LecturaArchivo: 5-2=9
.
[INFO] 14:11:58:345 gamecard/(359:818): char*posiciones: 5-2=9

[INFO] 14:11:58:346 gamecard/(359:818): BUFFER FUNCION LISTA STRING: 5-2=9
[INFO] 14:11:58:346 gamecard/(359:818): I DE LA FUNCION DE LISTAS: 0
[INFO] 14:11:58:348 gamecard/(359:824): LecturaArchivo: .
[INFO] 14:11:58:348 gamecard/(359:824): char*posiciones: 
[INFO] 14:11:58:348 gamecard/(359:824): Agrego un bloque.
[INFO] 14:11:58:348 gamecard/(359:824): LISTA BLOQUES: [7].
[INFO] 14:11:58:348 gamecard/(359:824): LISTA BLOQUES AGREGADA: [7].
[INFO] 14:11:58:351 gamecard/(359:828): LecturaArchivo: .
[INFO] 14:11:58:351 gamecard/(359:828): char*posiciones: 
[INFO] 14:11:58:351 gamecard/(359:828): Agrego un bloque.
[INFO] 14:11:58:351 gamecard/(359:828): LISTA BLOQUES: [8].
[INFO] 14:11:58:351 gamecard/(359:828): LISTA BLOQUES AGREGADA: [8].
[INFO] 14:11:58:356 gamecard/(359:833): LecturaArchivo: .
[INFO] 14:11:58:356 gamecard/(359:833): char*posiciones: 
[INFO] 14:11:58:356 gamecard/(359:833): Agrego un bloque.
[INFO] 14:11:58:356 gamecard/(359:833): LISTA BLOQUES: [9].
[INFO] 14:11:58:356 gamecard/(359:833): LISTA BLOQUES AGREGADA: [9].
[INFO] 14:12:03:342 gamecard/(359:809): Cierro el archivo del pokemon: Onix. Posicion: (2, 8).
[INFO] 14:12:03:345 gamecard/(359:814): Cierro el archivo del pokemon: Gengar. Posicion: (6, 6).
[INFO] 14:12:03:346 gamecard/(359:818): Cierro el archivo del pokemon: Squirtle. Posicion: (5, 5).
[INFO] 14:12:03:349 gamecard/(359:824): Cierro el archivo del pokemon: Umbreon. Posicion: (10, 6).
[INFO] 14:12:03:351 gamecard/(359:828): Cierro el archivo del pokemon: Espeon. Posicion: (7, 1).
[INFO] 14:12:03:357 gamecard/(359:833): Cierro el archivo del pokemon: Vaporeon. Posicion: (4, 10).
[INFO] 14:12:38:361 gamecard/(359:912): deserializado
[INFO] 14:12:38:361 gamecard/(359:912): Pokemon:Onix, posicion:2-8
[INFO] 14:12:38:362 gamecard/(359:912): Posicion en la lectura del bloque 5: 64
[INFO] 14:12:38:362 gamecard/(359:912): LECTURA BLOQUE: 2-8=10
.
[INFO] 14:12:38:362 gamecard/(359:912): LecturaArchivo: 2-8=10
.
[INFO] 14:12:38:362 gamecard/(359:912): char*posiciones: 2-8=10

[INFO] 14:12:38:362 gamecard/(359:912): BUFFER FUNCION LISTA STRING: 2-8=10
[INFO] 14:12:38:362 gamecard/(359:912): I DE LA FUNCION DE LISTAS: 0
[INFO] 14:12:38:362 gamecard/(359:912): Size lista antes de comprobar:1
[INFO] 14:12:38:362 gamecard/(359:912): Reemplazo
[INFO] 14:12:38:363 gamecard/(359:912): Size lista despues de comprobar:1
[INFO] 14:12:58:375 gamecard/(359:964): deserializado
[INFO] 14:12:58:376 gamecard/(359:964): Pokemon:Espeon, posicion:7-1
[INFO] 14:12:58:376 gamecard/(359:964): Posicion en la lectura del bloque 8: 64
[INFO] 14:12:58:376 gamecard/(359:964): LECTURA BLOQUE: 7-1=10
.
[INFO] 14:12:58:376 gamecard/(359:964): LecturaArchivo: 7-1=10
.
[INFO] 14:12:58:376 gamecard/(359:964): char*posiciones: 7-1=10

[INFO] 14:12:58:376 gamecard/(359:964): BUFFER FUNCION LISTA STRING: 7-1=10
[INFO] 14:12:58:376 gamecard/(359:964): I DE LA FUNCION DE LISTAS: 0
[INFO] 14:12:58:376 gamecard/(359:964): Size lista antes de comprobar:1
[INFO] 14:12:58:376 gamecard/(359:964): Reemplazo
[INFO] 14:12:58:377 gamecard/(359:964): Size lista despues de comprobar:1
[INFO] 14:13:03:380 gamecard/(359:974): deserializado
[INFO] 14:13:03:380 gamecard/(359:974): Pokemon:Vaporeon, posicion:4-10
[INFO] 14:13:03:380 gamecard/(359:974): Posicion en la lectura del bloque 9: 64
[INFO] 14:13:03:380 gamecard/(359:974): LECTURA BLOQUE: 4-10=10
.
[INFO] 14:13:03:380 gamecard/(359:974): LecturaArchivo: 4-10=10
.
[INFO] 14:13:03:380 gamecard/(359:974): char*posiciones: 4-10=10

[INFO] 14:13:03:380 gamecard/(359:974): BUFFER FUNCION LISTA STRING: 4-10=10
[INFO] 14:13:03:380 gamecard/(359:974): I DE LA FUNCION DE LISTAS: 0
[INFO] 14:13:03:380 gamecard/(359:974): Size lista antes de comprobar:1
[INFO] 14:13:03:380 gamecard/(359:974): Reemplazo
[INFO] 14:13:03:380 gamecard/(359:974): Size lista despues de comprobar:1
[INFO] 14:13:08:369 gamecard/(359:990): deserializado
[INFO] 14:13:08:369 gamecard/(359:990): Pokemon:Gengar, posicion:6-6
[INFO] 14:13:08:369 gamecard/(359:990): Posicion en la lectura del bloque 6: 64
[INFO] 14:13:08:369 gamecard/(359:990): LECTURA BLOQUE: 6-6=10
.
[INFO] 14:13:08:370 gamecard/(359:990): LecturaArchivo: 6-6=10
.
[INFO] 14:13:08:370 gamecard/(359:990): char*posiciones: 6-6=10

[INFO] 14:13:08:370 gamecard/(359:990): BUFFER FUNCION LISTA STRING: 6-6=10
[INFO] 14:13:08:370 gamecard/(359:990): I DE LA FUNCION DE LISTAS: 0
[INFO] 14:13:08:370 gamecard/(359:990): Size lista antes de comprobar:1
[INFO] 14:13:08:370 gamecard/(359:990): Reemplazo
[INFO] 14:13:08:384 gamecard/(359:990): Size lista despues de comprobar:1
[INFO] 14:13:08:385 gamecard/(359:996): deserializado
[INFO] 14:13:08:385 gamecard/(359:996): Pokemon:Umbreon, posicion:10-6
[INFO] 14:13:08:385 gamecard/(359:996): Posicion en la lectura del bloque 7: 64
[INFO] 14:13:08:385 gamecard/(359:996): LECTURA BLOQUE: 10-6=10
.
[INFO] 14:13:08:385 gamecard/(359:996): LecturaArchivo: 10-6=10
.
[INFO] 14:13:08:385 gamecard/(359:996): char*posiciones: 10-6=10

[INFO] 14:13:08:386 gamecard/(359:996): BUFFER FUNCION LISTA STRING: 10-6=10
[INFO] 14:13:08:386 gamecard/(359:996): I DE LA FUNCION DE LISTAS: 0
[INFO] 14:13:08:386 gamecard/(359:996): Size lista antes de comprobar:1
[INFO] 14:13:08:386 gamecard/(359:996): Reemplazo
[INFO] 14:13:08:386 gamecard/(359:996): Size lista despues de comprobar:1
[INFO] 14:13:53:386 gamecard/(359:1080): deserializado
[INFO] 14:13:53:386 gamecard/(359:1080): Pokemon:Squirtle, posicion:5-5
[INFO] 14:13:53:386 gamecard/(359:1080): Posicion en la lectura del bloque 2: 64
[INFO] 14:13:53:386 gamecard/(359:1080): LECTURA BLOQUE: 5-2=9
5-5=10
.
[INFO] 14:13:53:387 gamecard/(359:1080): LecturaArchivo: 5-2=9
5-5=10
.
[INFO] 14:13:53:387 gamecard/(359:1080): char*posiciones: 5-2=9
5-5=10

[INFO] 14:13:53:387 gamecard/(359:1080): BUFFER FUNCION LISTA STRING: 5-2=9
[INFO] 14:13:53:387 gamecard/(359:1080): BUFFER FUNCION LISTA STRING: 5-5=10
[INFO] 14:13:53:387 gamecard/(359:1080): I DE LA FUNCION DE LISTAS: 0
[INFO] 14:13:53:387 gamecard/(359:1080): I DE LA FUNCION DE LISTAS: 1
[INFO] 14:13:53:387 gamecard/(359:1080): Size lista antes de comprobar:2
[INFO] 14:13:53:387 gamecard/(359:1080): Reemplazo
[INFO] 14:13:53:388 gamecard/(359:1080): Size lista despues de comprobar:2
