[INFO] 13:44:09:968 BROKER/(5383:5383): Estoy escuchando!
[INFO] 20:01:34:251 BROKER/(12285:12285): Estoy escuchando!
[INFO] 20:05:34:702 BROKER/(12556:12556): Estoy escuchando!
[INFO] 20:28:32:405 BROKER/(13172:13172): Estoy escuchando!
[INFO] 20:46:16:881 BROKER/(13804:13804): Estoy escuchando!
[INFO] 20:51:42:777 BROKER/(14178:14178): Estoy escuchando!
[INFO] 20:51:47:763 BROKER/(14178:14193): Se conectó un proceso GameBoy
[INFO] 23:11:47:218 BROKER/(19185:19185): Estoy escuchando!
[INFO] 23:27:51:38 BROKER/(19664:19664): Estoy escuchando!
[INFO] 00:22:30:247 BROKER/(22186:22186): Estoy escuchando!
[INFO] 00:23:06:696 BROKER/(22186:22211): Se conectó un proceso GameBoy
[INFO] 23:06:52:456 BROKER/(7477:7477): Estoy escuchando!
[INFO] 23:10:02:489 BROKER/(7477:7569): Se conectó un proceso GameBoy
[INFO] 23:13:16:28 BROKER/(7759:7759): Estoy escuchando!
[INFO] 23:13:21:617 BROKER/(7759:7774): Se conectó un proceso GameBoy
[INFO] 23:25:02:329 BROKER/(8066:8066): Estoy escuchando!
[INFO] 23:25:17:304 BROKER/(8066:8082): Se conectó un proceso GameBoy
[INFO] 23:28:03:321 BROKER/(8163:8163): Estoy escuchando!
[INFO] 23:28:06:570 BROKER/(8163:8178): Se conectó un proceso GameBoy
[INFO] 23:28:42:581 BROKER/(8231:8231): Estoy escuchando!
[INFO] 23:28:46:529 BROKER/(8231:8247): Se conectó un proceso GameBoy
[INFO] 23:29:16:71 BROKER/(8304:8304): Estoy escuchando!
[INFO] 23:29:23:897 BROKER/(8304:8320): Se conectó un proceso GameBoy
[INFO] 23:33:35:792 BROKER/(8882:8882): Estoy escuchando!
[INFO] 23:33:38:412 BROKER/(8882:8900): Se conectó un proceso GameBoy
[INFO] 23:34:09:466 BROKER/(8921:8921): Estoy escuchando!
[INFO] 23:34:15:391 BROKER/(8921:8951): Se conectó un proceso GameBoy
[INFO] 23:36:53:901 BROKER/(9095:9095): Estoy escuchando!
[INFO] 23:36:59:558 BROKER/(9095:9126): Se conectó un proceso GameBoy
[INFO] 23:36:59:560 BROKER/(9095:9126): Se almacena mensaje en memoria en posición: 154643064 -.-
[INFO] 23:37:19:956 BROKER/(9136:9136): Estoy escuchando!
[INFO] 23:37:23:867 BROKER/(9136:9154): Se conectó un proceso GameBoy
[INFO] 23:37:23:867 BROKER/(9136:9154): Se almacena mensaje en memoria en posición: 141060728 -.-
[INFO] 23:37:23:871 BROKER/(9136:9157): Se conectó un proceso GameBoy
[INFO] 23:37:23:872 BROKER/(9136:9157): Se almacena mensaje en memoria en posición: 141060732 -.-
[INFO] 23:37:23:878 BROKER/(9136:9160): Se conectó un proceso GameBoy
[INFO] 23:37:23:879 BROKER/(9136:9160): Se almacena mensaje en memoria en posición: 141060760 -.-
[INFO] 23:37:23:881 BROKER/(9136:9163): Se conectó un proceso GameBoy
[INFO] 23:40:58:843 BROKER/(9240:9240): Estoy escuchando!
[INFO] 23:41:09:719 BROKER/(9304:9304): Estoy escuchando!
[INFO] 23:41:12:621 BROKER/(9304:9320): Se conectó un proceso GameBoy
[INFO] 23:41:12:621 BROKER/(9304:9320): Se almacena mensaje en memoria en posición: 134541780 -.-
[INFO] 23:41:12:625 BROKER/(9304:9323): Se conectó un proceso GameBoy
[INFO] 23:41:12:626 BROKER/(9304:9323): Se almacena mensaje en memoria en posición: 134541796 -.-
[INFO] 23:41:12:628 BROKER/(9304:9326): Se conectó un proceso GameBoy
[INFO] 23:41:12:629 BROKER/(9304:9326): Se almacena mensaje en memoria en posición: 134541908 -.-
[INFO] 23:41:12:630 BROKER/(9304:9329): Se conectó un proceso GameBoy
[INFO] 23:42:53:61 BROKER/(9430:9430): Estoy escuchando!
[INFO] 23:42:57:449 BROKER/(9430:9447): Se conectó un proceso GameBoy
[INFO] 23:42:57:449 BROKER/(9430:9447): Se almacena mensaje en memoria en posición: 0x8e02a78 -.-
[INFO] 23:42:57:453 BROKER/(9430:9451): Se conectó un proceso GameBoy
[INFO] 23:42:57:457 BROKER/(9430:9451): Se almacena mensaje en memoria en posición: 0x8e02a7c -.-
[INFO] 23:42:57:458 BROKER/(9430:9454): Se conectó un proceso GameBoy
[INFO] 23:42:57:459 BROKER/(9430:9454): Se almacena mensaje en memoria en posición: 0x8e02a98 -.-
[INFO] 23:42:57:459 BROKER/(9430:9456): Se conectó un proceso GameBoy
[INFO] 23:45:44:223 BROKER/(9534:9534): Estoy escuchando!
[INFO] 23:45:46:853 BROKER/(9534:9550): Se conectó un proceso GameBoy
[INFO] 23:45:46:853 BROKER/(9534:9550): Se almacena mensaje en memoria en posición: (nil) -.-
[INFO] 23:45:46:855 BROKER/(9534:9555): Se conectó un proceso GameBoy
[INFO] 23:45:46:855 BROKER/(9534:9555): Se almacena mensaje en memoria en posición: 0x4 -.-
[INFO] 23:45:46:857 BROKER/(9534:9558): Se conectó un proceso GameBoy
[INFO] 23:45:46:858 BROKER/(9534:9558): Se almacena mensaje en memoria en posición: 0x20 -.-
[INFO] 23:45:46:861 BROKER/(9534:9561): Se conectó un proceso GameBoy
[INFO] 23:46:37:59 BROKER/(9585:9585): Estoy escuchando!
[INFO] 23:46:40:503 BROKER/(9585:9602): Se conectó un proceso GameBoy
[INFO] 23:46:40:504 BROKER/(9585:9602): Se almacena mensaje en memoria en posición: (nil) -.-
[INFO] 23:46:40:506 BROKER/(9585:9605): Se conectó un proceso GameBoy
[INFO] 23:46:40:506 BROKER/(9585:9605): Se almacena mensaje en memoria en posición: 0x4 -.-
[INFO] 23:46:40:507 BROKER/(9585:9608): Se conectó un proceso GameBoy
[INFO] 23:46:40:507 BROKER/(9585:9608): Se almacena mensaje en memoria en posición: 0x20 -.-
[INFO] 23:46:40:509 BROKER/(9585:9611): Se conectó un proceso GameBoy
