[INFO] 22:16:26:217 BROKER/(663:663): ___________________________________________________________________________________________________________
[INFO] 22:16:26:217 BROKER/(663:663): Inició el BROKER
[INFO] 22:17:12:523 BROKER/(663:704): Se conectó un proceso GAMECARD.
[INFO] 22:17:12:523 BROKER/(663:704): Un proceso GAMECARD se sucribió a la cola GET_POKEMON.
[INFO] 22:17:12:523 BROKER/(663:705): Se conectó un proceso GAMECARD.
[INFO] 22:17:12:523 BROKER/(663:705): Un proceso GAMECARD se sucribió a la cola CATCH_POKEMON.
[INFO] 22:17:12:523 BROKER/(663:706): Se conectó un proceso GAMECARD.
[INFO] 22:17:12:523 BROKER/(663:706): Un proceso GAMECARD se sucribió a la cola NEW_POKEMON.
[INFO] 22:17:59:931 BROKER/(663:726): Se conectó un proceso GAMEBOY.
[INFO] 22:17:59:931 BROKER/(663:726): Almaceno mensaje en partición que comienza en: 0
[INFO] 22:17:59:931 BROKER/(663:674): Llegó un nuevo mensaje a la cola NEW_POKEMON.
[INFO] 22:17:59:931 BROKER/(663:674): Envié mensaje al suscriptor de id: 201.
[INFO] 22:17:59:932 BROKER/(663:728): Se conectó un proceso GAMECARD.
[INFO] 22:17:59:932 BROKER/(663:728): Llegó el ACK del proceso de id 201 (sobre mensaje 1).
[INFO] 22:17:59:938 BROKER/(663:731): Se conectó un proceso GAMEBOY.
[INFO] 22:17:59:938 BROKER/(663:731): Almaceno mensaje en partición que comienza en: 23
[INFO] 22:17:59:938 BROKER/(663:674): Llegó un nuevo mensaje a la cola NEW_POKEMON.
[INFO] 22:17:59:938 BROKER/(663:674): Envié mensaje al suscriptor de id: 201.
[INFO] 22:17:59:939 BROKER/(663:733): Se conectó un proceso GAMECARD.
[INFO] 22:17:59:939 BROKER/(663:733): Llegó el ACK del proceso de id 201 (sobre mensaje 2).
[INFO] 22:17:59:944 BROKER/(663:736): Se conectó un proceso GAMEBOY.
[INFO] 22:17:59:944 BROKER/(663:736): Elimino particion que comienza en: 0x899f920
[INFO] 22:17:59:944 BROKER/(663:736): Almaceno mensaje en partición que comienza en: 0
[INFO] 22:17:59:944 BROKER/(663:674): Llegó un nuevo mensaje a la cola NEW_POKEMON.
[INFO] 22:17:59:944 BROKER/(663:674): Envié mensaje al suscriptor de id: 201.
[INFO] 22:17:59:946 BROKER/(663:738): Se conectó un proceso GAMECARD.
[INFO] 22:17:59:946 BROKER/(663:738): Llegó el ACK del proceso de id 201 (sobre mensaje 3).
[INFO] 22:17:59:949 BROKER/(663:741): Se conectó un proceso GAMEBOY.
[INFO] 22:17:59:949 BROKER/(663:741): Elimino particion que comienza en: 0x899f937
[INFO] 22:17:59:949 BROKER/(663:741): Se consolidan las particiones que comienzan en: 23 y 47
[INFO] 22:17:59:949 BROKER/(663:741): Almaceno mensaje en partición que comienza en: 23
[INFO] 22:17:59:949 BROKER/(663:674): Llegó un nuevo mensaje a la cola NEW_POKEMON.
[INFO] 22:17:59:949 BROKER/(663:674): Envié mensaje al suscriptor de id: 201.
[INFO] 22:17:59:951 BROKER/(663:743): Se conectó un proceso GAMECARD.
[INFO] 22:17:59:951 BROKER/(663:743): Llegó el ACK del proceso de id 201 (sobre mensaje 4).
[INFO] 22:18:04:939 BROKER/(663:745): Se conectó un proceso GAMECARD.
[INFO] 22:18:04:939 BROKER/(663:745): Elimino particion que comienza en: 0x899f920
[INFO] 22:18:04:939 BROKER/(663:745): Almaceno mensaje en partición que comienza en: 0
[INFO] 22:18:04:939 BROKER/(663:673): Llegó un nuevo mensaje a la cola APPEARED_POKEMON.
[INFO] 22:18:04:949 BROKER/(663:748): Se conectó un proceso GAMECARD.
[INFO] 22:18:04:949 BROKER/(663:748): Se compacta la memoria - particiones dinámicas.
[INFO] 22:18:04:949 BROKER/(663:748): Almaceno mensaje en partición que comienza en: 42
[INFO] 22:18:04:949 BROKER/(663:673): Llegó un nuevo mensaje a la cola APPEARED_POKEMON.
[INFO] 22:18:04:949 BROKER/(663:747): Se conectó un proceso GAMECARD.
[INFO] 22:18:04:949 BROKER/(663:747): Elimino particion que comienza en: 0x899f933
[INFO] 22:18:04:949 BROKER/(663:747): Almaceno mensaje en partición que comienza en: 19
[INFO] 22:18:04:949 BROKER/(663:673): Llegó un nuevo mensaje a la cola APPEARED_POKEMON.
[INFO] 22:18:04:953 BROKER/(663:749): Se conectó un proceso GAMECARD.
[INFO] 22:18:04:953 BROKER/(663:749): Se compacta la memoria - particiones dinámicas.
[INFO] 22:18:04:953 BROKER/(663:749): Elimino particion que comienza en: 0x899f920
[INFO] 22:18:04:953 BROKER/(663:749): Almaceno mensaje en partición que comienza en: 0
[INFO] 22:18:04:953 BROKER/(663:673): Llegó un nuevo mensaje a la cola APPEARED_POKEMON.
[INFO] 22:21:56:757 BROKER/(663:872): Se conectó un proceso TEAM.
[INFO] 22:21:56:757 BROKER/(663:872): Un proceso TEAM se sucribió a la cola APPEARED_POKEMON.
[INFO] 22:21:56:758 BROKER/(663:873): Se conectó un proceso TEAM.
[INFO] 22:21:56:758 BROKER/(663:873): Un proceso TEAM se sucribió a la cola LOCALIZED_POKEMON.
[INFO] 22:21:56:767 BROKER/(663:874): Se conectó un proceso TEAM.
[INFO] 22:21:56:767 BROKER/(663:874): Un proceso TEAM se sucribió a la cola CAUGHT_POKEMON.
[INFO] 22:21:56:768 BROKER/(663:875): Se conectó un proceso TEAM.
[INFO] 22:21:56:768 BROKER/(663:875): Elimino particion que comienza en: 0x899f947
[INFO] 22:21:56:768 BROKER/(663:875): Se consolidan las particiones que comienzan en: 39 y 58
[INFO] 22:21:56:768 BROKER/(663:875): Almaceno mensaje en partición que comienza en: 39
[INFO] 22:21:56:768 BROKER/(663:677): Llegó un nuevo mensaje a la cola GET_POKEMON.
[INFO] 22:21:56:768 BROKER/(663:677): Envié mensaje al suscriptor de id: 201.
[INFO] 22:21:56:768 BROKER/(663:876): Se conectó un proceso TEAM.
[INFO] 22:21:56:768 BROKER/(663:876): Llegó el ACK del proceso de id 100 (sobre mensaje 6).
[INFO] 22:21:56:769 BROKER/(663:878): Se conectó un proceso TEAM.
[INFO] 22:21:56:769 BROKER/(663:878): Llegó el ACK del proceso de id 100 (sobre mensaje 7).
[INFO] 22:21:56:769 BROKER/(663:880): Se conectó un proceso TEAM.
[INFO] 22:21:56:769 BROKER/(663:880): Llegó el ACK del proceso de id 100 (sobre mensaje 8).
[INFO] 22:21:56:770 BROKER/(663:884): Se conectó un proceso GAMECARD.
[INFO] 22:21:56:770 BROKER/(663:884): Llegó el ACK del proceso de id 201 (sobre mensaje 9).
[INFO] 22:21:56:770 BROKER/(663:886): Se conectó un proceso TEAM.
[INFO] 22:21:56:771 BROKER/(663:886): Almaceno mensaje en partición que comienza en: 51
[INFO] 22:21:56:771 BROKER/(663:677): Llegó un nuevo mensaje a la cola GET_POKEMON.
[INFO] 22:21:56:771 BROKER/(663:677): Envié mensaje al suscriptor de id: 201.
[INFO] 22:21:56:773 BROKER/(663:888): Se conectó un proceso GAMECARD.
[INFO] 22:21:56:773 BROKER/(663:888): Llegó el ACK del proceso de id 201 (sobre mensaje 10).
[INFO] 22:21:56:774 BROKER/(663:887): Se conectó un proceso TEAM.
[INFO] 22:21:56:774 BROKER/(663:887): Elimino particion que comienza en: 0x899f933
[INFO] 22:21:56:774 BROKER/(663:887): Almaceno mensaje en partición que comienza en: 19
[INFO] 22:21:56:774 BROKER/(663:677): Llegó un nuevo mensaje a la cola GET_POKEMON.
[INFO] 22:21:56:774 BROKER/(663:677): Envié mensaje al suscriptor de id: 201.
[INFO] 22:21:56:774 BROKER/(663:890): Se conectó un proceso TEAM.
[INFO] 22:21:56:775 BROKER/(663:890): Almaceno mensaje en partición que comienza en: 29
[INFO] 22:21:56:775 BROKER/(663:677): Llegó un nuevo mensaje a la cola GET_POKEMON.
[INFO] 22:21:56:775 BROKER/(663:677): Envié mensaje al suscriptor de id: 201.
[INFO] 22:21:56:775 BROKER/(663:891): Se conectó un proceso GAMECARD.
[INFO] 22:21:56:775 BROKER/(663:891): Llegó el ACK del proceso de id 201 (sobre mensaje 11).
[INFO] 22:21:56:775 BROKER/(663:893): Se conectó un proceso GAMECARD.
[INFO] 22:21:56:775 BROKER/(663:893): Llegó el ACK del proceso de id 201 (sobre mensaje 12).
[INFO] 22:21:56:775 BROKER/(663:895): Se conectó un proceso GAMECARD.
[INFO] 22:21:56:775 BROKER/(663:895): Se compacta la memoria - particiones dinámicas.
[INFO] 22:21:56:775 BROKER/(663:895): Elimino particion que comienza en: 0x899f920
[INFO] 22:21:56:775 BROKER/(663:895): Almaceno mensaje en partición que comienza en: 0
[INFO] 22:21:56:775 BROKER/(663:678): Llegó un nuevo mensaje a la cola LOCALIZED_POKEMON.
[INFO] 22:21:56:775 BROKER/(663:678): Envié mensaje al suscriptor de id: 100.
[INFO] 22:21:56:776 BROKER/(663:896): Se conectó un proceso GAMECARD.
[INFO] 22:21:56:776 BROKER/(663:896): Se compacta la memoria - particiones dinámicas.
[INFO] 22:21:56:776 BROKER/(663:896): Elimino particion que comienza en: 0x899f940
[INFO] 22:21:56:776 BROKER/(663:896): Almaceno mensaje en partición que comienza en: 32
[INFO] 22:21:56:776 BROKER/(663:678): Llegó un nuevo mensaje a la cola LOCALIZED_POKEMON.
[INFO] 22:21:56:776 BROKER/(663:678): Envié mensaje al suscriptor de id: 100.
[INFO] 22:21:56:776 BROKER/(663:897): Se conectó un proceso TEAM.
[INFO] 22:21:56:776 BROKER/(663:897): Llegó el ACK del proceso de id 100 (sobre mensaje 13).
[INFO] 22:21:56:776 BROKER/(663:899): Se conectó un proceso TEAM.
[INFO] 22:21:56:776 BROKER/(663:899): Llegó el ACK del proceso de id 100 (sobre mensaje 14).
[INFO] 22:22:01:771 BROKER/(663:904): Se conectó un proceso GAMECARD.
[INFO] 22:22:01:771 BROKER/(663:904): Elimino particion que comienza en: 0x899f94c
[INFO] 22:22:01:771 BROKER/(663:904): Se consolidan las particiones que comienzan en: 44 y 55
[INFO] 22:22:01:771 BROKER/(663:904): Elimino particion que comienza en: 0x899f92e
[INFO] 22:22:01:771 BROKER/(663:904): Se compacta la memoria - particiones dinámicas.
[INFO] 22:22:01:771 BROKER/(663:904): Almaceno mensaje en partición que comienza en: 34
[INFO] 22:22:01:771 BROKER/(663:678): Llegó un nuevo mensaje a la cola LOCALIZED_POKEMON.
[INFO] 22:22:01:771 BROKER/(663:678): Envié mensaje al suscriptor de id: 100.
[INFO] 22:22:01:771 BROKER/(663:905): Se conectó un proceso TEAM.
[INFO] 22:22:01:771 BROKER/(663:905): Llegó el ACK del proceso de id 100 (sobre mensaje 15).
[INFO] 22:22:01:774 BROKER/(663:907): Se conectó un proceso GAMECARD.
[INFO] 22:22:01:774 BROKER/(663:907): Elimino particion que comienza en: 0x899f92e
[INFO] 22:22:01:774 BROKER/(663:907): Se compacta la memoria - particiones dinámicas.
[INFO] 22:22:01:774 BROKER/(663:907): Elimino particion que comienza en: 0x899f920
[INFO] 22:22:01:774 BROKER/(663:907): Se compacta la memoria - particiones dinámicas.
[INFO] 22:22:01:774 BROKER/(663:907): Almaceno mensaje en partición que comienza en: 36
[INFO] 22:22:01:774 BROKER/(663:678): Llegó un nuevo mensaje a la cola LOCALIZED_POKEMON.
[INFO] 22:22:01:774 BROKER/(663:678): Envié mensaje al suscriptor de id: 100.
[INFO] 22:22:01:775 BROKER/(663:908): Se conectó un proceso TEAM.
[INFO] 22:22:01:775 BROKER/(663:908): Llegó el ACK del proceso de id 100 (sobre mensaje 16).
[INFO] 22:22:16:775 BROKER/(663:911): Se conectó un proceso TEAM.
[INFO] 22:22:16:775 BROKER/(663:911): Elimino particion que comienza en: 0x899f920
[INFO] 22:22:16:775 BROKER/(663:911): Se compacta la memoria - particiones dinámicas.
[INFO] 22:22:16:775 BROKER/(663:911): Elimino particion que comienza en: 0x899f920
[INFO] 22:22:16:775 BROKER/(663:911): Almaceno mensaje en partición que comienza en: 0
[INFO] 22:22:16:776 BROKER/(663:676): Llegó un nuevo mensaje a la cola CATCH_POKEMON.
[INFO] 22:22:16:776 BROKER/(663:676): Envié mensaje al suscriptor de id: 201.
[INFO] 22:22:16:783 BROKER/(663:914): Se conectó un proceso GAMECARD.
[INFO] 22:22:16:783 BROKER/(663:914): Llegó el ACK del proceso de id 201 (sobre mensaje 17).
[INFO] 22:22:19:977 BROKER/(663:933): Se conectó un proceso TEAM.
[INFO] 22:22:19:977 BROKER/(663:933): Almaceno mensaje en partición que comienza en: 20
[INFO] 22:22:19:977 BROKER/(663:677): Llegó un nuevo mensaje a la cola GET_POKEMON.
[INFO] 22:22:19:977 BROKER/(663:677): Envié mensaje al suscriptor de id: 201.
[INFO] 22:22:19:977 BROKER/(663:935): Se conectó un proceso TEAM.
[INFO] 22:22:19:977 BROKER/(663:935): Un proceso TEAM se sucribió a la cola APPEARED_POKEMON.
[INFO] 22:22:19:978 BROKER/(663:936): Se conectó un proceso TEAM.
[INFO] 22:22:19:978 BROKER/(663:936): Un proceso TEAM se sucribió a la cola LOCALIZED_POKEMON.
[INFO] 22:22:19:978 BROKER/(663:937): Se conectó un proceso TEAM.
[INFO] 22:22:19:979 BROKER/(663:937): Un proceso TEAM se sucribió a la cola CAUGHT_POKEMON.
[INFO] 22:22:19:980 BROKER/(663:938): Se conectó un proceso GAMECARD.
[INFO] 22:22:19:980 BROKER/(663:938): Llegó el ACK del proceso de id 201 (sobre mensaje 18).
[INFO] 22:22:19:980 BROKER/(663:940): Se conectó un proceso TEAM.
[INFO] 22:22:19:980 BROKER/(663:940): Almaceno mensaje en partición que comienza en: 47
[INFO] 22:22:19:980 BROKER/(663:677): Llegó un nuevo mensaje a la cola GET_POKEMON.
[INFO] 22:22:19:980 BROKER/(663:677): Envié mensaje al suscriptor de id: 201.
[INFO] 22:22:19:981 BROKER/(663:943): Se conectó un proceso GAMECARD.
[INFO] 22:22:19:981 BROKER/(663:943): Llegó el ACK del proceso de id 201 (sobre mensaje 19).
[INFO] 22:22:19:985 BROKER/(663:942): Se conectó un proceso GAMECARD.
[INFO] 22:22:19:985 BROKER/(663:942): Elimino particion que comienza en: 0x899f938
[INFO] 22:22:19:985 BROKER/(663:942): Almaceno mensaje en partición que comienza en: 24
[INFO] 22:22:19:985 BROKER/(663:678): Llegó un nuevo mensaje a la cola LOCALIZED_POKEMON.
[INFO] 22:22:19:985 BROKER/(663:678): Envié mensaje al suscriptor de id: 100.
[INFO] 22:22:19:985 BROKER/(663:678): Envié mensaje al suscriptor de id: 102.
[INFO] 22:22:19:986 BROKER/(663:945): Se conectó un proceso TEAM.
[INFO] 22:22:19:986 BROKER/(663:945): Llegó el ACK del proceso de id 100 (sobre mensaje 20).
[INFO] 22:22:21:827 BROKER/(663:948): Se conectó un proceso GAMECARD.
[INFO] 22:22:21:827 BROKER/(663:948): Almaceno mensaje en partición que comienza en: 40
[INFO] 22:22:21:827 BROKER/(663:675): Llegó un nuevo mensaje a la cola CAUGHT_POKEMON.
[INFO] 22:22:21:827 BROKER/(663:675): Envié mensaje al suscriptor de id: 100.
[INFO] 22:22:21:827 BROKER/(663:675): Envié mensaje al suscriptor de id: 102.
[INFO] 22:22:21:828 BROKER/(663:949): Se conectó un proceso TEAM.
[INFO] 22:22:21:828 BROKER/(663:949): Llegó el ACK del proceso de id 100 (sobre mensaje 21).
[INFO] 22:22:24:987 BROKER/(663:952): Se conectó un proceso GAMECARD.
[INFO] 22:22:24:987 BROKER/(663:952): Se compacta la memoria - particiones dinámicas.
[INFO] 22:22:24:987 BROKER/(663:952): Elimino particion que comienza en: 0x899f920
[INFO] 22:22:24:987 BROKER/(663:952): Se compacta la memoria - particiones dinámicas.
[INFO] 22:22:24:987 BROKER/(663:952): Elimino particion que comienza en: 0x899f920
[INFO] 22:22:24:987 BROKER/(663:952): Se compacta la memoria - particiones dinámicas.
[INFO] 22:22:24:987 BROKER/(663:952): Almaceno mensaje en partición que comienza en: 31
[INFO] 22:22:24:987 BROKER/(663:678): Llegó un nuevo mensaje a la cola LOCALIZED_POKEMON.
[INFO] 22:22:24:987 BROKER/(663:678): Envié mensaje al suscriptor de id: 100.
[INFO] 22:22:24:987 BROKER/(663:678): Envié mensaje al suscriptor de id: 102.
[INFO] 22:22:24:987 BROKER/(663:953): Se conectó un proceso TEAM.
[INFO] 22:22:24:988 BROKER/(663:953): Llegó el ACK del proceso de id 100 (sobre mensaje 22).
[INFO] 22:23:26:786 BROKER/(663:994): Se conectó un proceso TEAM.
[INFO] 22:23:26:786 BROKER/(663:994): Elimino particion que comienza en: 0x899f934
[INFO] 22:23:26:786 BROKER/(663:994): Se compacta la memoria - particiones dinámicas.
[INFO] 22:23:26:786 BROKER/(663:994): Almaceno mensaje en partición que comienza en: 43
[INFO] 22:23:26:787 BROKER/(663:676): Llegó un nuevo mensaje a la cola CATCH_POKEMON.
[INFO] 22:23:26:787 BROKER/(663:676): Envié mensaje al suscriptor de id: 201.
[INFO] 22:23:26:798 BROKER/(663:996): Se conectó un proceso GAMECARD.
[INFO] 22:23:26:798 BROKER/(663:996): Llegó el ACK del proceso de id 201 (sobre mensaje 23).
[INFO] 22:23:31:851 BROKER/(663:1000): Se conectó un proceso GAMECARD.
[INFO] 22:23:31:851 BROKER/(663:1000): Elimino particion que comienza en: 0x899f920
[INFO] 22:23:31:851 BROKER/(663:1000): Almaceno mensaje en partición que comienza en: 0
[INFO] 22:23:31:851 BROKER/(663:675): Llegó un nuevo mensaje a la cola CAUGHT_POKEMON.
[INFO] 22:23:31:851 BROKER/(663:675): Envié mensaje al suscriptor de id: 100.
[INFO] 22:25:33:669 BROKER/(1074:1074): ___________________________________________________________________________________________________________
[INFO] 22:25:33:669 BROKER/(1074:1074): Inició el BROKER
[INFO] 22:25:36:833 BROKER/(1074:1097): Se conectó un proceso GAMECARD.
[INFO] 22:25:36:833 BROKER/(1074:1097): Un proceso GAMECARD se sucribió a la cola GET_POKEMON.
[INFO] 22:25:36:834 BROKER/(1074:1098): Se conectó un proceso GAMECARD.
[INFO] 22:25:36:834 BROKER/(1074:1098): Un proceso GAMECARD se sucribió a la cola CATCH_POKEMON.
[INFO] 22:25:36:834 BROKER/(1074:1100): Se conectó un proceso GAMECARD.
[INFO] 22:25:36:834 BROKER/(1074:1100): Un proceso GAMECARD se sucribió a la cola NEW_POKEMON.
[INFO] 22:25:43:744 BROKER/(1074:1103): Se conectó un proceso GAMEBOY.
[INFO] 22:25:43:744 BROKER/(1074:1103): Almaceno mensaje en partición que comienza en: 0
[INFO] 22:25:43:745 BROKER/(1074:1085): Llegó un nuevo mensaje a la cola NEW_POKEMON.
[INFO] 22:25:43:745 BROKER/(1074:1085): Envié mensaje al suscriptor de id: 201.
[INFO] 22:25:43:746 BROKER/(1074:1105): Se conectó un proceso GAMECARD.
[INFO] 22:25:43:746 BROKER/(1074:1105): Llegó el ACK del proceso de id 201 (sobre mensaje 1).
[INFO] 22:25:43:748 BROKER/(1074:1110): Se conectó un proceso GAMEBOY.
[INFO] 22:25:43:748 BROKER/(1074:1110): Almaceno mensaje en partición que comienza en: 23
[INFO] 22:25:43:748 BROKER/(1074:1085): Llegó un nuevo mensaje a la cola NEW_POKEMON.
[INFO] 22:25:43:748 BROKER/(1074:1085): Envié mensaje al suscriptor de id: 201.
[INFO] 22:25:43:748 BROKER/(1074:1112): Se conectó un proceso GAMECARD.
[INFO] 22:25:43:748 BROKER/(1074:1112): Llegó el ACK del proceso de id 201 (sobre mensaje 2).
[INFO] 22:25:43:750 BROKER/(1074:1115): Se conectó un proceso GAMEBOY.
[INFO] 22:25:43:750 BROKER/(1074:1115): Elimino particion que comienza en: 0x9c116d8
[INFO] 22:25:43:750 BROKER/(1074:1115): Almaceno mensaje en partición que comienza en: 0
[INFO] 22:25:43:750 BROKER/(1074:1085): Llegó un nuevo mensaje a la cola NEW_POKEMON.
[INFO] 22:25:43:750 BROKER/(1074:1085): Envié mensaje al suscriptor de id: 201.
[INFO] 22:25:43:750 BROKER/(1074:1117): Se conectó un proceso GAMECARD.
[INFO] 22:25:43:750 BROKER/(1074:1117): Llegó el ACK del proceso de id 201 (sobre mensaje 3).
[INFO] 22:25:43:752 BROKER/(1074:1120): Se conectó un proceso GAMEBOY.
[INFO] 22:25:43:752 BROKER/(1074:1120): Elimino particion que comienza en: 0x9c116ef
[INFO] 22:25:43:752 BROKER/(1074:1120): Se consolidan las particiones que comienzan en: 23 y 47
[INFO] 22:25:43:752 BROKER/(1074:1120): Almaceno mensaje en partición que comienza en: 23
[INFO] 22:25:43:752 BROKER/(1074:1085): Llegó un nuevo mensaje a la cola NEW_POKEMON.
[INFO] 22:25:43:752 BROKER/(1074:1085): Envié mensaje al suscriptor de id: 201.
[INFO] 22:25:43:754 BROKER/(1074:1122): Se conectó un proceso GAMECARD.
[INFO] 22:25:43:754 BROKER/(1074:1122): Llegó el ACK del proceso de id 201 (sobre mensaje 4).
[INFO] 22:25:48:748 BROKER/(1074:1127): Se conectó un proceso GAMECARD.
[INFO] 22:25:48:748 BROKER/(1074:1127): Elimino particion que comienza en: 0x9c116d8
[INFO] 22:25:48:748 BROKER/(1074:1127): Almaceno mensaje en partición que comienza en: 0
[INFO] 22:25:48:748 BROKER/(1074:1084): Llegó un nuevo mensaje a la cola APPEARED_POKEMON.
[INFO] 22:25:48:749 BROKER/(1074:1128): Se conectó un proceso GAMECARD.
[INFO] 22:25:48:749 BROKER/(1074:1128): Se compacta la memoria - particiones dinámicas.
[INFO] 22:25:48:749 BROKER/(1074:1128): Almaceno mensaje en partición que comienza en: 42
[INFO] 22:25:48:749 BROKER/(1074:1084): Llegó un nuevo mensaje a la cola APPEARED_POKEMON.
[INFO] 22:25:48:752 BROKER/(1074:1129): Se conectó un proceso GAMECARD.
[INFO] 22:25:48:752 BROKER/(1074:1129): Elimino particion que comienza en: 0x9c116eb
[INFO] 22:25:48:752 BROKER/(1074:1129): Almaceno mensaje en partición que comienza en: 19
[INFO] 22:25:48:752 BROKER/(1074:1084): Llegó un nuevo mensaje a la cola APPEARED_POKEMON.
[INFO] 22:25:48:756 BROKER/(1074:1130): Se conectó un proceso GAMECARD.
[INFO] 22:25:48:756 BROKER/(1074:1130): Se compacta la memoria - particiones dinámicas.
[INFO] 22:25:48:756 BROKER/(1074:1130): Elimino particion que comienza en: 0x9c116d8
[INFO] 22:25:48:756 BROKER/(1074:1130): Almaceno mensaje en partición que comienza en: 0
[INFO] 22:25:48:757 BROKER/(1074:1084): Llegó un nuevo mensaje a la cola APPEARED_POKEMON.
[INFO] 22:25:52:108 BROKER/(1074:1150): Se conectó un proceso TEAM.
[INFO] 22:25:52:108 BROKER/(1074:1150): Elimino particion que comienza en: 0x9c116fe
[INFO] 22:25:52:108 BROKER/(1074:1150): Se consolidan las particiones que comienzan en: 38 y 58
[INFO] 22:25:52:108 BROKER/(1074:1150): Almaceno mensaje en partición que comienza en: 38
[INFO] 22:25:52:108 BROKER/(1074:1089): Llegó un nuevo mensaje a la cola GET_POKEMON.
[INFO] 22:25:52:108 BROKER/(1074:1089): Envié mensaje al suscriptor de id: 201.
[INFO] 22:25:52:109 BROKER/(1074:1151): Se conectó un proceso TEAM.
[INFO] 22:25:52:109 BROKER/(1074:1151): Un proceso TEAM se sucribió a la cola APPEARED_POKEMON.
[INFO] 22:25:52:109 BROKER/(1074:1152): Se conectó un proceso TEAM.
[INFO] 22:25:52:109 BROKER/(1074:1152): Un proceso TEAM se sucribió a la cola LOCALIZED_POKEMON.
[INFO] 22:25:52:110 BROKER/(1074:1153): Se conectó un proceso TEAM.
[INFO] 22:25:52:110 BROKER/(1074:1153): Un proceso TEAM se sucribió a la cola CAUGHT_POKEMON.
[INFO] 22:25:52:112 BROKER/(1074:1155): Se conectó un proceso GAMECARD.
[INFO] 22:25:52:112 BROKER/(1074:1155): Llegó el ACK del proceso de id 201 (sobre mensaje 9).
[INFO] 22:25:52:112 BROKER/(1074:1157): Se conectó un proceso TEAM.
[INFO] 22:25:52:112 BROKER/(1074:1160): Se conectó un proceso TEAM.
[INFO] 22:25:52:112 BROKER/(1074:1160): Llegó el ACK del proceso de id 103 (sobre mensaje 8).
[INFO] 22:25:52:113 BROKER/(1074:1158): Se conectó un proceso TEAM.
[INFO] 22:25:52:113 BROKER/(1074:1158): Llegó el ACK del proceso de id 103 (sobre mensaje 7).
[INFO] 22:25:52:113 BROKER/(1074:1157): Almaceno mensaje en partición que comienza en: 50
[INFO] 22:25:52:113 BROKER/(1074:1089): Llegó un nuevo mensaje a la cola GET_POKEMON.
[INFO] 22:25:52:113 BROKER/(1074:1089): Envié mensaje al suscriptor de id: 201.
[INFO] 22:25:52:113 BROKER/(1074:1162): Se conectó un proceso GAMECARD.
[INFO] 22:25:52:113 BROKER/(1074:1162): Elimino particion que comienza en: 0x9c116eb
[INFO] 22:25:52:113 BROKER/(1074:1162): Almaceno mensaje en partición que comienza en: 19
[INFO] 22:25:52:113 BROKER/(1074:1091): Llegó un nuevo mensaje a la cola LOCALIZED_POKEMON.
[INFO] 22:25:52:114 BROKER/(1074:1091): Envié mensaje al suscriptor de id: 103.
[INFO] 22:25:52:114 BROKER/(1074:1163): Se conectó un proceso TEAM.
[INFO] 22:25:52:114 BROKER/(1074:1163): Se compacta la memoria - particiones dinámicas.
[INFO] 22:25:52:114 BROKER/(1074:1163): Elimino particion que comienza en: 0x9c116d8
[INFO] 22:25:52:114 BROKER/(1074:1163): Almaceno mensaje en partición que comienza en: 0
[INFO] 22:25:52:114 BROKER/(1074:1089): Llegó un nuevo mensaje a la cola GET_POKEMON.
[INFO] 22:25:52:114 BROKER/(1074:1089): Envié mensaje al suscriptor de id: 201.
[INFO] 22:25:52:114 BROKER/(1074:1164): Se conectó un proceso GAMECARD.
[INFO] 22:25:52:114 BROKER/(1074:1164): Llegó el ACK del proceso de id 201 (sobre mensaje 10).
[INFO] 22:25:52:117 BROKER/(1074:1166): Se conectó un proceso TEAM.
[INFO] 22:25:52:117 BROKER/(1074:1166): Llegó el ACK del proceso de id 103 (sobre mensaje 11).
[INFO] 22:25:52:117 BROKER/(1074:1168): Se conectó un proceso GAMECARD.
[INFO] 22:25:52:117 BROKER/(1074:1168): Llegó el ACK del proceso de id 201 (sobre mensaje 12).
[INFO] 22:25:55:770 BROKER/(1074:1183): Se conectó un proceso TEAM.
[INFO] 22:25:55:770 BROKER/(1074:1183): Un proceso TEAM se sucribió a la cola APPEARED_POKEMON.
[INFO] 22:25:55:770 BROKER/(1074:1184): Se conectó un proceso TEAM.
[INFO] 22:25:55:770 BROKER/(1074:1184): Un proceso TEAM se sucribió a la cola LOCALIZED_POKEMON.
[INFO] 22:25:55:771 BROKER/(1074:1185): Se conectó un proceso TEAM.
[INFO] 22:25:55:771 BROKER/(1074:1185): Un proceso TEAM se sucribió a la cola CAUGHT_POKEMON.
[INFO] 22:25:55:772 BROKER/(1074:1186): Se conectó un proceso TEAM.
[INFO] 22:25:55:772 BROKER/(1074:1186): Se compacta la memoria - particiones dinámicas.
[INFO] 22:25:55:772 BROKER/(1074:1186): Almaceno mensaje en partición que comienza en: 50
[INFO] 22:25:55:772 BROKER/(1074:1089): Llegó un nuevo mensaje a la cola GET_POKEMON.
[INFO] 22:25:55:772 BROKER/(1074:1089): Envié mensaje al suscriptor de id: 201.
[INFO] 22:25:55:773 BROKER/(1074:1187): Se conectó un proceso TEAM.
[INFO] 22:25:55:774 BROKER/(1074:1187): Llegó el ACK del proceso de id 100 (sobre mensaje 11).
[INFO] 22:25:55:774 BROKER/(1074:1189): Se conectó un proceso GAMECARD.
[INFO] 22:25:55:774 BROKER/(1074:1189): Llegó el ACK del proceso de id 201 (sobre mensaje 13).
[INFO] 22:25:55:774 BROKER/(1074:1191): Se conectó un proceso TEAM.
[INFO] 22:25:55:775 BROKER/(1074:1191): Elimino particion que comienza en: 0x9c116f3
[INFO] 22:25:55:775 BROKER/(1074:1191): Almaceno mensaje en partición que comienza en: 27
[INFO] 22:25:55:776 BROKER/(1074:1089): Llegó un nuevo mensaje a la cola GET_POKEMON.
[INFO] 22:25:55:776 BROKER/(1074:1089): Envié mensaje al suscriptor de id: 201.
[INFO] 22:25:55:776 BROKER/(1074:1192): Se conectó un proceso TEAM.
[INFO] 22:25:55:776 BROKER/(1074:1192): Se compacta la memoria - particiones dinámicas.
[INFO] 22:25:55:776 BROKER/(1074:1192): Elimino particion que comienza en: 0x9c116fe
[INFO] 22:25:55:776 BROKER/(1074:1192): Almaceno mensaje en partición que comienza en: 38
[INFO] 22:25:55:776 BROKER/(1074:1089): Llegó un nuevo mensaje a la cola GET_POKEMON.
[INFO] 22:25:55:776 BROKER/(1074:1089): Envié mensaje al suscriptor de id: 201.
[INFO] 22:25:55:777 BROKER/(1074:1193): Se conectó un proceso GAMECARD.
[INFO] 22:25:55:777 BROKER/(1074:1193): Llegó el ACK del proceso de id 201 (sobre mensaje 14).
[INFO] 22:25:55:777 BROKER/(1074:1197): Se conectó un proceso GAMECARD.
[INFO] 22:25:55:777 BROKER/(1074:1197): Llegó el ACK del proceso de id 201 (sobre mensaje 15).
[INFO] 22:25:55:777 BROKER/(1074:1196): Se conectó un proceso TEAM.
[INFO] 22:25:55:777 BROKER/(1074:1196): Se compacta la memoria - particiones dinámicas.
[INFO] 22:25:55:777 BROKER/(1074:1196): Elimino particion que comienza en: 0x9c116e3
[INFO] 22:25:55:777 BROKER/(1074:1196): Almaceno mensaje en partición que comienza en: 11
[INFO] 22:25:55:778 BROKER/(1074:1089): Llegó un nuevo mensaje a la cola GET_POKEMON.
[INFO] 22:25:55:778 BROKER/(1074:1089): Envié mensaje al suscriptor de id: 201.
[INFO] 22:25:55:778 BROKER/(1074:1200): Se conectó un proceso GAMECARD.
[INFO] 22:25:55:778 BROKER/(1074:1200): Llegó el ACK del proceso de id 201 (sobre mensaje 16).
[INFO] 22:25:55:778 BROKER/(1074:1199): Se conectó un proceso GAMECARD.
[INFO] 22:25:55:778 BROKER/(1074:1199): Se compacta la memoria - particiones dinámicas.
[INFO] 22:25:55:778 BROKER/(1074:1199): Elimino particion que comienza en: 0x9c116d8
[INFO] 22:25:55:778 BROKER/(1074:1199): Se compacta la memoria - particiones dinámicas.
[INFO] 22:25:55:778 BROKER/(1074:1199): Almaceno mensaje en partición que comienza en: 41
[INFO] 22:25:55:778 BROKER/(1074:1091): Llegó un nuevo mensaje a la cola LOCALIZED_POKEMON.
[INFO] 22:25:55:778 BROKER/(1074:1091): Envié mensaje al suscriptor de id: 103.
[INFO] 22:25:55:778 BROKER/(1074:1091): Envié mensaje al suscriptor de id: 100.
[INFO] 22:25:55:779 BROKER/(1074:1204): Se conectó un proceso TEAM.
[INFO] 22:25:55:779 BROKER/(1074:1204): Llegó el ACK del proceso de id 100 (sobre mensaje 17).
[INFO] 22:25:55:779 BROKER/(1074:1203): Se conectó un proceso TEAM.
[INFO] 22:25:55:779 BROKER/(1074:1203): Llegó el ACK del proceso de id 103 (sobre mensaje 17).
[INFO] 22:25:55:779 BROKER/(1074:1202): Se conectó un proceso GAMECARD.
[INFO] 22:25:55:779 BROKER/(1074:1202): Elimino particion que comienza en: 0x9c116f5
[INFO] 22:25:55:779 BROKER/(1074:1202): Almaceno mensaje en partición que comienza en: 29
[INFO] 22:25:55:779 BROKER/(1074:1091): Llegó un nuevo mensaje a la cola LOCALIZED_POKEMON.
[INFO] 22:25:55:779 BROKER/(1074:1091): Envié mensaje al suscriptor de id: 103.
[INFO] 22:25:55:779 BROKER/(1074:1091): Envié mensaje al suscriptor de id: 100.
[INFO] 22:25:55:780 BROKER/(1074:1208): Se conectó un proceso TEAM.
[INFO] 22:25:55:780 BROKER/(1074:1208): Llegó el ACK del proceso de id 100 (sobre mensaje 18).
[INFO] 22:25:55:780 BROKER/(1074:1207): Se conectó un proceso TEAM.
[INFO] 22:25:55:780 BROKER/(1074:1207): Llegó el ACK del proceso de id 103 (sobre mensaje 18).
[INFO] 22:25:57:115 BROKER/(1074:1213): Se conectó un proceso GAMECARD.
[INFO] 22:25:57:115 BROKER/(1074:1213): Elimino particion que comienza en: 0x9c116e0
[INFO] 22:25:57:115 BROKER/(1074:1213): Se compacta la memoria - particiones dinámicas.
[INFO] 22:25:57:115 BROKER/(1074:1213): Elimino particion que comienza en: 0x9c116e0
[INFO] 22:25:57:115 BROKER/(1074:1213): Se compacta la memoria - particiones dinámicas.
[INFO] 22:25:57:115 BROKER/(1074:1213): Almaceno mensaje en partición que comienza en: 34
[INFO] 22:25:57:115 BROKER/(1074:1091): Llegó un nuevo mensaje a la cola LOCALIZED_POKEMON.
[INFO] 22:25:57:116 BROKER/(1074:1091): Envié mensaje al suscriptor de id: 103.
[INFO] 22:25:57:116 BROKER/(1074:1091): Envié mensaje al suscriptor de id: 100.
[INFO] 22:25:57:116 BROKER/(1074:1215): Se conectó un proceso TEAM.
[INFO] 22:25:57:116 BROKER/(1074:1215): Llegó el ACK del proceso de id 100 (sobre mensaje 19).
[INFO] 22:25:57:116 BROKER/(1074:1214): Se conectó un proceso TEAM.
[INFO] 22:25:57:116 BROKER/(1074:1214): Llegó el ACK del proceso de id 103 (sobre mensaje 19).
[INFO] 22:25:57:118 BROKER/(1074:1218): Se conectó un proceso GAMECARD.
[INFO] 22:25:57:118 BROKER/(1074:1218): Elimino particion que comienza en: 0x9c116d8
[INFO] 22:25:57:118 BROKER/(1074:1218): Se compacta la memoria - particiones dinámicas.
[INFO] 22:25:57:118 BROKER/(1074:1218): Elimino particion que comienza en: 0x9c116e4
[INFO] 22:25:57:118 BROKER/(1074:1218): Se compacta la memoria - particiones dinámicas.
[INFO] 22:25:57:118 BROKER/(1074:1218): Almaceno mensaje en partición que comienza en: 35
[INFO] 22:25:57:118 BROKER/(1074:1091): Llegó un nuevo mensaje a la cola LOCALIZED_POKEMON.
[INFO] 22:25:57:118 BROKER/(1074:1091): Envié mensaje al suscriptor de id: 103.
[INFO] 22:25:57:119 BROKER/(1074:1091): Envié mensaje al suscriptor de id: 100.
[INFO] 22:25:57:119 BROKER/(1074:1220): Se conectó un proceso TEAM.
[INFO] 22:25:57:119 BROKER/(1074:1220): Llegó el ACK del proceso de id 100 (sobre mensaje 20).
[INFO] 22:25:57:119 BROKER/(1074:1219): Se conectó un proceso TEAM.
[INFO] 22:25:57:119 BROKER/(1074:1219): Llegó el ACK del proceso de id 103 (sobre mensaje 20).
[INFO] 22:26:00:786 BROKER/(1074:1225): Se conectó un proceso GAMECARD.
[INFO] 22:26:00:787 BROKER/(1074:1225): Elimino particion que comienza en: 0x9c116d8
[INFO] 22:26:00:787 BROKER/(1074:1225): Se compacta la memoria - particiones dinámicas.
[INFO] 22:26:00:787 BROKER/(1074:1225): Elimino particion que comienza en: 0x9c116d8
[INFO] 22:26:00:787 BROKER/(1074:1225): Almaceno mensaje en partición que comienza en: 0
[INFO] 22:26:00:787 BROKER/(1074:1091): Llegó un nuevo mensaje a la cola LOCALIZED_POKEMON.
[INFO] 22:26:00:787 BROKER/(1074:1091): Envié mensaje al suscriptor de id: 103.
[INFO] 22:26:00:787 BROKER/(1074:1091): Envié mensaje al suscriptor de id: 100.
[INFO] 22:26:00:787 BROKER/(1074:1226): Se conectó un proceso GAMECARD.
[INFO] 22:26:00:787 BROKER/(1074:1226): Elimino particion que comienza en: 0x9c116ef
[INFO] 22:26:00:787 BROKER/(1074:1226): Se consolidan las particiones que comienzan en: 23 y 46
[INFO] 22:26:00:787 BROKER/(1074:1226): Almaceno mensaje en partición que comienza en: 23
[INFO] 22:26:00:787 BROKER/(1074:1091): Llegó un nuevo mensaje a la cola LOCALIZED_POKEMON.
[INFO] 22:26:00:788 BROKER/(1074:1091): Envié mensaje al suscriptor de id: 103.
[INFO] 22:26:00:788 BROKER/(1074:1091): Envié mensaje al suscriptor de id: 100.
[INFO] 22:26:00:788 BROKER/(1074:1228): Se conectó un proceso TEAM.
[INFO] 22:26:00:788 BROKER/(1074:1228): Llegó el ACK del proceso de id 100 (sobre mensaje 21).
[INFO] 22:26:00:789 BROKER/(1074:1227): Se conectó un proceso TEAM.
[INFO] 22:26:00:789 BROKER/(1074:1227): Llegó el ACK del proceso de id 103 (sobre mensaje 21).
[INFO] 22:26:00:789 BROKER/(1074:1231): Se conectó un proceso TEAM.
[INFO] 22:26:00:789 BROKER/(1074:1231): Llegó el ACK del proceso de id 103 (sobre mensaje 22).
[INFO] 22:26:00:789 BROKER/(1074:1234): Se conectó un proceso TEAM.
[INFO] 22:26:00:789 BROKER/(1074:1234): Llegó el ACK del proceso de id 100 (sobre mensaje 22).
[INFO] 22:26:12:119 BROKER/(1074:1238): Se conectó un proceso TEAM.
[INFO] 22:26:12:119 BROKER/(1074:1238): Elimino particion que comienza en: 0x9c116d8
[INFO] 22:26:12:119 BROKER/(1074:1238): Almaceno mensaje en partición que comienza en: 0
[INFO] 22:26:12:119 BROKER/(1074:1087): Llegó un nuevo mensaje a la cola CATCH_POKEMON.
[INFO] 22:26:12:119 BROKER/(1074:1087): Envié mensaje al suscriptor de id: 201.
[INFO] 22:26:12:119 BROKER/(1074:1243): Se conectó un proceso GAMECARD.
[INFO] 22:26:12:119 BROKER/(1074:1243): Llegó el ACK del proceso de id 201 (sobre mensaje 23).
[INFO] 22:26:17:125 BROKER/(1074:1248): Se conectó un proceso GAMECARD.
[INFO] 22:26:17:125 BROKER/(1074:1248): Almaceno mensaje en partición que comienza en: 19
[INFO] 22:26:17:125 BROKER/(1074:1086): Llegó un nuevo mensaje a la cola CAUGHT_POKEMON.
[INFO] 22:26:17:125 BROKER/(1074:1086): Envié mensaje al suscriptor de id: 103.
[INFO] 22:26:17:125 BROKER/(1074:1086): Envié mensaje al suscriptor de id: 100.
[INFO] 22:26:17:126 BROKER/(1074:1251): Se conectó un proceso TEAM.
[INFO] 22:26:17:126 BROKER/(1074:1251): Llegó el ACK del proceso de id 100 (sobre mensaje 24).
[INFO] 22:26:17:126 BROKER/(1074:1249): Se conectó un proceso TEAM.
[INFO] 22:26:17:126 BROKER/(1074:1249): Llegó el ACK del proceso de id 103 (sobre mensaje 24).
[INFO] 22:26:22:125 BROKER/(1074:1247): Se conectó un proceso TEAM.
[INFO] 22:26:22:125 BROKER/(1074:1247): Elimino particion que comienza en: 0x9c116ef
[INFO] 22:26:22:125 BROKER/(1074:1247): Se consolidan las particiones que comienzan en: 23 y 47
[INFO] 22:26:22:125 BROKER/(1074:1247): Almaceno mensaje en partición que comienza en: 23
[INFO] 22:26:22:126 BROKER/(1074:1087): Llegó un nuevo mensaje a la cola CATCH_POKEMON.
[INFO] 22:26:22:126 BROKER/(1074:1087): Envié mensaje al suscriptor de id: 201.
[INFO] 22:26:22:128 BROKER/(1074:1254): Se conectó un proceso GAMECARD.
[INFO] 22:26:22:128 BROKER/(1074:1254): Llegó el ACK del proceso de id 201 (sobre mensaje 25).
[INFO] 22:26:27:134 BROKER/(1074:1258): Se conectó un proceso GAMECARD.
[INFO] 22:26:27:134 BROKER/(1074:1258): Almaceno mensaje en partición que comienza en: 42
[INFO] 22:26:27:134 BROKER/(1074:1086): Llegó un nuevo mensaje a la cola CAUGHT_POKEMON.
[INFO] 22:26:27:134 BROKER/(1074:1086): Envié mensaje al suscriptor de id: 103.
[INFO] 22:26:27:134 BROKER/(1074:1086): Envié mensaje al suscriptor de id: 100.
[INFO] 22:26:27:134 BROKER/(1074:1260): Se conectó un proceso TEAM.
[INFO] 22:26:27:134 BROKER/(1074:1260): Llegó el ACK del proceso de id 100 (sobre mensaje 26).
[INFO] 22:26:27:135 BROKER/(1074:1259): Se conectó un proceso TEAM.
[INFO] 22:26:27:135 BROKER/(1074:1259): Llegó el ACK del proceso de id 103 (sobre mensaje 26).
[INFO] 22:27:10:799 BROKER/(1074:1274): Se conectó un proceso TEAM.
[INFO] 22:27:10:799 BROKER/(1074:1274): Elimino particion que comienza en: 0x9c116d8
[INFO] 22:27:10:799 BROKER/(1074:1274): Almaceno mensaje en partición que comienza en: 0
[INFO] 22:27:10:799 BROKER/(1074:1087): Llegó un nuevo mensaje a la cola CATCH_POKEMON.
[INFO] 22:27:10:799 BROKER/(1074:1087): Envié mensaje al suscriptor de id: 201.
[INFO] 22:27:10:799 BROKER/(1074:1276): Se conectó un proceso GAMECARD.
[INFO] 22:27:10:800 BROKER/(1074:1276): Llegó el ACK del proceso de id 201 (sobre mensaje 27).
[INFO] 22:27:15:813 BROKER/(1074:1282): Se conectó un proceso GAMECARD.
[INFO] 22:27:15:813 BROKER/(1074:1282): Almaceno mensaje en partición que comienza en: 46
[INFO] 22:27:15:813 BROKER/(1074:1086): Llegó un nuevo mensaje a la cola CAUGHT_POKEMON.
[INFO] 22:27:15:813 BROKER/(1074:1086): Envié mensaje al suscriptor de id: 103.
[INFO] 22:27:15:813 BROKER/(1074:1086): Envié mensaje al suscriptor de id: 100.
[INFO] 22:27:15:814 BROKER/(1074:1284): Se conectó un proceso TEAM.
[INFO] 22:27:15:814 BROKER/(1074:1284): Llegó el ACK del proceso de id 100 (sobre mensaje 28).
[INFO] 22:27:15:814 BROKER/(1074:1283): Se conectó un proceso TEAM.
[INFO] 22:27:15:814 BROKER/(1074:1283): Llegó el ACK del proceso de id 103 (sobre mensaje 28).
[INFO] 22:27:30:803 BROKER/(1074:1288): Se conectó un proceso TEAM.
[INFO] 22:27:30:803 BROKER/(1074:1288): Elimino particion que comienza en: 0x9c116eb
[INFO] 22:27:30:803 BROKER/(1074:1288): Se compacta la memoria - particiones dinámicas.
[INFO] 22:27:30:803 BROKER/(1074:1288): Elimino particion que comienza en: 0x9c116eb
[INFO] 22:27:30:803 BROKER/(1074:1288): Se compacta la memoria - particiones dinámicas.
[INFO] 22:27:30:803 BROKER/(1074:1288): Almaceno mensaje en partición que comienza en: 27
[INFO] 22:27:30:804 BROKER/(1074:1087): Llegó un nuevo mensaje a la cola CATCH_POKEMON.
[INFO] 22:27:30:804 BROKER/(1074:1087): Envié mensaje al suscriptor de id: 201.
[INFO] 22:27:30:804 BROKER/(1074:1290): Se conectó un proceso GAMECARD.
[INFO] 22:27:30:804 BROKER/(1074:1290): Llegó el ACK del proceso de id 201 (sobre mensaje 29).
[INFO] 22:27:35:813 BROKER/(1074:1293): Se conectó un proceso GAMECARD.
[INFO] 22:27:35:814 BROKER/(1074:1293): Almaceno mensaje en partición que comienza en: 47
[INFO] 22:27:35:815 BROKER/(1074:1086): Llegó un nuevo mensaje a la cola CAUGHT_POKEMON.
[INFO] 22:27:35:815 BROKER/(1074:1086): Envié mensaje al suscriptor de id: 103.
[INFO] 22:27:35:815 BROKER/(1074:1086): Envié mensaje al suscriptor de id: 100.
[INFO] 22:27:35:817 BROKER/(1074:1296): Se conectó un proceso TEAM.
[INFO] 22:27:35:817 BROKER/(1074:1296): Llegó el ACK del proceso de id 100 (sobre mensaje 30).
[INFO] 22:27:35:817 BROKER/(1074:1295): Se conectó un proceso TEAM.
[INFO] 22:27:35:817 BROKER/(1074:1295): Llegó el ACK del proceso de id 103 (sobre mensaje 30).
[INFO] 22:28:50:481 BROKER/(1074:1311): Se conectó un proceso GAMEBOY.
[INFO] 22:28:50:481 BROKER/(1074:1311): Elimino particion que comienza en: 0x9c116eb
[INFO] 22:28:50:481 BROKER/(1074:1311): Se compacta la memoria - particiones dinámicas.
[INFO] 22:28:50:481 BROKER/(1074:1311): Elimino particion que comienza en: 0x9c116d8
[INFO] 22:28:50:481 BROKER/(1074:1311): Se compacta la memoria - particiones dinámicas.
[INFO] 22:28:50:481 BROKER/(1074:1311): Almaceno mensaje en partición que comienza en: 28
[INFO] 22:28:50:481 BROKER/(1074:1085): Llegó un nuevo mensaje a la cola NEW_POKEMON.
[INFO] 22:28:50:482 BROKER/(1074:1085): Envié mensaje al suscriptor de id: 201.
[INFO] 22:28:50:482 BROKER/(1074:1313): Se conectó un proceso GAMECARD.
[INFO] 22:28:50:482 BROKER/(1074:1313): Llegó el ACK del proceso de id 201 (sobre mensaje 31).
[INFO] 22:28:50:485 BROKER/(1074:1316): Se conectó un proceso GAMEBOY.
[INFO] 22:28:50:485 BROKER/(1074:1316): Elimino particion que comienza en: 0x9c116d8
[INFO] 22:28:50:485 BROKER/(1074:1316): Se compacta la memoria - particiones dinámicas.
[INFO] 22:28:50:485 BROKER/(1074:1316): Elimino particion que comienza en: 0x9c116d8
[INFO] 22:28:50:485 BROKER/(1074:1316): Se compacta la memoria - particiones dinámicas.
[INFO] 22:28:50:485 BROKER/(1074:1316): Almaceno mensaje en partición que comienza en: 24
[INFO] 22:28:50:486 BROKER/(1074:1085): Llegó un nuevo mensaje a la cola NEW_POKEMON.
[INFO] 22:28:50:486 BROKER/(1074:1085): Envié mensaje al suscriptor de id: 201.
[INFO] 22:28:50:486 BROKER/(1074:1318): Se conectó un proceso GAMECARD.
[INFO] 22:28:50:486 BROKER/(1074:1318): Llegó el ACK del proceso de id 201 (sobre mensaje 32).
[INFO] 22:28:50:489 BROKER/(1074:1321): Se conectó un proceso GAMEBOY.
[INFO] 22:28:50:489 BROKER/(1074:1321): Elimino particion que comienza en: 0x9c116d8
[INFO] 22:28:50:489 BROKER/(1074:1321): Se compacta la memoria - particiones dinámicas.
[INFO] 22:28:50:489 BROKER/(1074:1321): Elimino particion que comienza en: 0x9c116d8
[INFO] 22:28:50:489 BROKER/(1074:1321): Se compacta la memoria - particiones dinámicas.
[INFO] 22:28:50:489 BROKER/(1074:1321): Almaceno mensaje en partición que comienza en: 22
[INFO] 22:28:50:489 BROKER/(1074:1085): Llegó un nuevo mensaje a la cola NEW_POKEMON.
[INFO] 22:28:50:489 BROKER/(1074:1085): Envié mensaje al suscriptor de id: 201.
[INFO] 22:28:50:490 BROKER/(1074:1323): Se conectó un proceso GAMECARD.
[INFO] 22:28:50:490 BROKER/(1074:1323): Llegó el ACK del proceso de id 201 (sobre mensaje 33).
[INFO] 22:28:50:492 BROKER/(1074:1326): Se conectó un proceso GAMEBOY.
[INFO] 22:28:50:492 BROKER/(1074:1326): Elimino particion que comienza en: 0x9c116d8
[INFO] 22:28:50:492 BROKER/(1074:1326): Se compacta la memoria - particiones dinámicas.
[INFO] 22:28:50:492 BROKER/(1074:1326): Almaceno mensaje en partición que comienza en: 24
[INFO] 22:28:50:492 BROKER/(1074:1085): Llegó un nuevo mensaje a la cola NEW_POKEMON.
[INFO] 22:28:50:492 BROKER/(1074:1085): Envié mensaje al suscriptor de id: 201.
[INFO] 22:28:50:493 BROKER/(1074:1328): Se conectó un proceso GAMECARD.
[INFO] 22:28:50:493 BROKER/(1074:1328): Llegó el ACK del proceso de id 201 (sobre mensaje 34).
[INFO] 22:28:50:496 BROKER/(1074:1331): Se conectó un proceso GAMEBOY.
[INFO] 22:28:50:496 BROKER/(1074:1331): Elimino particion que comienza en: 0x9c116d8
[INFO] 22:28:50:496 BROKER/(1074:1331): Almaceno mensaje en partición que comienza en: 0
[INFO] 22:28:50:496 BROKER/(1074:1085): Llegó un nuevo mensaje a la cola NEW_POKEMON.
[INFO] 22:28:50:496 BROKER/(1074:1085): Envié mensaje al suscriptor de id: 201.
[INFO] 22:28:50:497 BROKER/(1074:1333): Se conectó un proceso GAMECARD.
[INFO] 22:28:50:497 BROKER/(1074:1333): Llegó el ACK del proceso de id 201 (sobre mensaje 35).
[INFO] 22:28:50:499 BROKER/(1074:1336): Se conectó un proceso GAMEBOY.
[INFO] 22:28:50:499 BROKER/(1074:1336): Se compacta la memoria - particiones dinámicas.
[INFO] 22:28:50:499 BROKER/(1074:1336): Elimino particion que comienza en: 0x9c116ee
[INFO] 22:28:50:499 BROKER/(1074:1336): Se consolidan las particiones que comienzan en: 22 y 45
[INFO] 22:28:50:499 BROKER/(1074:1336): Almaceno mensaje en partición que comienza en: 22
[INFO] 22:28:50:499 BROKER/(1074:1085): Llegó un nuevo mensaje a la cola NEW_POKEMON.
[INFO] 22:28:50:499 BROKER/(1074:1085): Envié mensaje al suscriptor de id: 201.
[INFO] 22:28:50:501 BROKER/(1074:1338): Se conectó un proceso GAMECARD.
[INFO] 22:28:50:501 BROKER/(1074:1338): Llegó el ACK del proceso de id 201 (sobre mensaje 36).
[INFO] 22:28:55:486 BROKER/(1074:1340): Se conectó un proceso GAMECARD.
[INFO] 22:28:55:487 BROKER/(1074:1340): Almaceno mensaje en partición que comienza en: 46
[INFO] 22:28:55:487 BROKER/(1074:1084): Llegó un nuevo mensaje a la cola APPEARED_POKEMON.
[INFO] 22:28:55:487 BROKER/(1074:1084): Envié mensaje al suscriptor de id: 103.
[INFO] 22:28:55:487 BROKER/(1074:1084): Envié mensaje al suscriptor de id: 100.
[INFO] 22:28:55:487 BROKER/(1074:1342): Se conectó un proceso TEAM.
[INFO] 22:28:55:487 BROKER/(1074:1342): Llegó el ACK del proceso de id 100 (sobre mensaje 37).
[INFO] 22:28:55:493 BROKER/(1074:1341): Se conectó un proceso TEAM.
[INFO] 22:28:55:493 BROKER/(1074:1341): Llegó el ACK del proceso de id 103 (sobre mensaje 37).
[INFO] 22:28:55:494 BROKER/(1074:1350): Se conectó un proceso GAMECARD.
[INFO] 22:28:55:494 BROKER/(1074:1350): Elimino particion que comienza en: 0x9c116d8
[INFO] 22:28:55:495 BROKER/(1074:1350): Almaceno mensaje en partición que comienza en: 0
[INFO] 22:28:55:495 BROKER/(1074:1084): Llegó un nuevo mensaje a la cola APPEARED_POKEMON.
[INFO] 22:28:55:495 BROKER/(1074:1084): Envié mensaje al suscriptor de id: 103.
[INFO] 22:28:55:495 BROKER/(1074:1084): Envié mensaje al suscriptor de id: 100.
[INFO] 22:28:55:495 BROKER/(1074:1347): Se conectó un proceso GAMECARD.
[INFO] 22:28:55:495 BROKER/(1074:1347): Se compacta la memoria - particiones dinámicas.
[INFO] 22:28:55:495 BROKER/(1074:1347): Elimino particion que comienza en: 0x9c116ec
[INFO] 22:28:55:495 BROKER/(1074:1347): Almaceno mensaje en partición que comienza en: 20
[INFO] 22:28:55:495 BROKER/(1074:1084): Llegó un nuevo mensaje a la cola APPEARED_POKEMON.
[INFO] 22:28:55:495 BROKER/(1074:1084): Envié mensaje al suscriptor de id: 103.
[INFO] 22:28:55:495 BROKER/(1074:1084): Envié mensaje al suscriptor de id: 100.
[INFO] 22:28:55:504 BROKER/(1074:1351): Se conectó un proceso TEAM.
[INFO] 22:28:55:504 BROKER/(1074:1351): Llegó el ACK del proceso de id 103 (sobre mensaje 38).
[INFO] 22:28:55:504 BROKER/(1074:1353): Se conectó un proceso TEAM.
[INFO] 22:28:55:504 BROKER/(1074:1353): Llegó el ACK del proceso de id 100 (sobre mensaje 38).
[INFO] 22:28:55:504 BROKER/(1074:1357): Se conectó un proceso TEAM.
[INFO] 22:28:55:505 BROKER/(1074:1357): Llegó el ACK del proceso de id 103 (sobre mensaje 39).
[INFO] 22:28:55:505 BROKER/(1074:1358): Se conectó un proceso GAMECARD.
[INFO] 22:28:55:505 BROKER/(1074:1359): Se conectó un proceso TEAM.
[INFO] 22:28:55:506 BROKER/(1074:1358): Se compacta la memoria - particiones dinámicas.
[INFO] 22:28:55:506 BROKER/(1074:1358): Elimino particion que comienza en: 0x9c116fe
[INFO] 22:28:55:506 BROKER/(1074:1358): Se consolidan las particiones que comienzan en: 38 y 54
[INFO] 22:28:55:506 BROKER/(1074:1358): Almaceno mensaje en partición que comienza en: 38
[INFO] 22:28:55:506 BROKER/(1074:1084): Llegó un nuevo mensaje a la cola APPEARED_POKEMON.
[INFO] 22:28:55:506 BROKER/(1074:1084): Envié mensaje al suscriptor de id: 103.
[INFO] 22:28:55:506 BROKER/(1074:1084): Envié mensaje al suscriptor de id: 100.
[INFO] 22:28:55:506 BROKER/(1074:1359): Llegó el ACK del proceso de id 100 (sobre mensaje 39).
[INFO] 22:28:55:506 BROKER/(1074:1362): Se conectó un proceso GAMECARD.
[INFO] 22:28:55:506 BROKER/(1074:1362): Elimino particion que comienza en: 0x9c116d8
[INFO] 22:28:55:506 BROKER/(1074:1362): Almaceno mensaje en partición que comienza en: 0
[INFO] 22:28:55:506 BROKER/(1074:1084): Llegó un nuevo mensaje a la cola APPEARED_POKEMON.
[INFO] 22:28:55:507 BROKER/(1074:1084): Envié mensaje al suscriptor de id: 103.
[INFO] 22:28:55:507 BROKER/(1074:1084): Envié mensaje al suscriptor de id: 100.
[INFO] 22:28:55:507 BROKER/(1074:1363): Se conectó un proceso TEAM.
[INFO] 22:28:55:507 BROKER/(1074:1363): Llegó el ACK del proceso de id 103 (sobre mensaje 40).
[INFO] 22:28:55:507 BROKER/(1074:1364): Se conectó un proceso TEAM.
[INFO] 22:28:55:507 BROKER/(1074:1364): Llegó el ACK del proceso de id 100 (sobre mensaje 40).
[INFO] 22:28:55:508 BROKER/(1074:1367): Se conectó un proceso TEAM.
[INFO] 22:28:55:508 BROKER/(1074:1367): Llegó el ACK del proceso de id 103 (sobre mensaje 41).
[INFO] 22:28:55:509 BROKER/(1074:1369): Se conectó un proceso TEAM.
[INFO] 22:28:55:509 BROKER/(1074:1369): Llegó el ACK del proceso de id 100 (sobre mensaje 41).
[INFO] 22:28:55:513 BROKER/(1074:1373): Se conectó un proceso GAMECARD.
[INFO] 22:28:55:513 BROKER/(1074:1373): Se compacta la memoria - particiones dinámicas.
[INFO] 22:28:55:513 BROKER/(1074:1373): Elimino particion que comienza en: 0x9c116ea
[INFO] 22:28:55:513 BROKER/(1074:1373): Se compacta la memoria - particiones dinámicas.
[INFO] 22:28:55:513 BROKER/(1074:1373): Almaceno mensaje en partición que comienza en: 37
[INFO] 22:28:55:514 BROKER/(1074:1084): Llegó un nuevo mensaje a la cola APPEARED_POKEMON.
[INFO] 22:28:55:514 BROKER/(1074:1084): Envié mensaje al suscriptor de id: 103.
[INFO] 22:28:55:514 BROKER/(1074:1084): Envié mensaje al suscriptor de id: 100.
[INFO] 22:28:55:521 BROKER/(1074:1379): Se conectó un proceso TEAM.
[INFO] 22:28:55:521 BROKER/(1074:1379): Llegó el ACK del proceso de id 100 (sobre mensaje 42).
[INFO] 22:28:55:521 BROKER/(1074:1375): Se conectó un proceso TEAM.
[INFO] 22:28:55:521 BROKER/(1074:1375): Llegó el ACK del proceso de id 103 (sobre mensaje 42).
[INFO] 22:29:30:493 BROKER/(1074:1390): Se conectó un proceso TEAM.
[INFO] 22:29:30:494 BROKER/(1074:1390): Elimino particion que comienza en: 0x9c116ea
[INFO] 22:29:30:494 BROKER/(1074:1390): Almaceno mensaje en partición que comienza en: 18
[INFO] 22:29:30:494 BROKER/(1074:1087): Llegó un nuevo mensaje a la cola CATCH_POKEMON.
[INFO] 22:29:30:494 BROKER/(1074:1087): Envié mensaje al suscriptor de id: 201.
[INFO] 22:29:30:504 BROKER/(1074:1392): Se conectó un proceso GAMECARD.
[INFO] 22:29:30:504 BROKER/(1074:1392): Llegó el ACK del proceso de id 201 (sobre mensaje 43).
[INFO] 22:29:35:608 BROKER/(1074:1398): Se conectó un proceso GAMECARD.
[INFO] 22:29:35:608 BROKER/(1074:1398): Almaceno mensaje en partición que comienza en: 34
[INFO] 22:29:35:608 BROKER/(1074:1086): Llegó un nuevo mensaje a la cola CAUGHT_POKEMON.
[INFO] 22:29:35:608 BROKER/(1074:1086): Envié mensaje al suscriptor de id: 103.
[INFO] 22:29:35:608 BROKER/(1074:1086): Envié mensaje al suscriptor de id: 100.
[INFO] 22:29:35:609 BROKER/(1074:1402): Se conectó un proceso TEAM.
[INFO] 22:29:35:609 BROKER/(1074:1402): Llegó el ACK del proceso de id 100 (sobre mensaje 44).
[INFO] 22:29:35:609 BROKER/(1074:1399): Se conectó un proceso TEAM.
[INFO] 22:29:35:609 BROKER/(1074:1399): Llegó el ACK del proceso de id 103 (sobre mensaje 44).
[INFO] 22:29:50:497 BROKER/(1074:1411): Se conectó un proceso TEAM.
[INFO] 22:29:50:497 BROKER/(1074:1411): Elimino particion que comienza en: 0x9c116d8
[INFO] 22:29:50:497 BROKER/(1074:1411): Se compacta la memoria - particiones dinámicas.
[INFO] 22:29:50:497 BROKER/(1074:1411): Almaceno mensaje en partición que comienza en: 40
[INFO] 22:29:50:497 BROKER/(1074:1087): Llegó un nuevo mensaje a la cola CATCH_POKEMON.
[INFO] 22:29:50:498 BROKER/(1074:1087): Envié mensaje al suscriptor de id: 201.
[INFO] 22:29:50:499 BROKER/(1074:1414): Se conectó un proceso GAMECARD.
[INFO] 22:29:50:499 BROKER/(1074:1414): Llegó el ACK del proceso de id 201 (sobre mensaje 45).
[INFO] 22:29:50:520 BROKER/(1074:1396): Se conectó un proceso TEAM.
[INFO] 22:29:50:520 BROKER/(1074:1396): Elimino particion que comienza en: 0x9c116ec
[INFO] 22:29:50:520 BROKER/(1074:1396): Almaceno mensaje en partición que comienza en: 20
[INFO] 22:29:50:520 BROKER/(1074:1087): Llegó un nuevo mensaje a la cola CATCH_POKEMON.
[INFO] 22:29:50:520 BROKER/(1074:1087): Envié mensaje al suscriptor de id: 201.
[INFO] 22:29:50:528 BROKER/(1074:1417): Se conectó un proceso GAMECARD.
[INFO] 22:29:50:528 BROKER/(1074:1417): Llegó el ACK del proceso de id 201 (sobre mensaje 46).
[INFO] 22:29:55:499 BROKER/(1074:1424): Se conectó un proceso GAMECARD.
[INFO] 22:29:55:500 BROKER/(1074:1424): Almaceno mensaje en partición que comienza en: 38
[INFO] 22:29:55:500 BROKER/(1074:1086): Llegó un nuevo mensaje a la cola CAUGHT_POKEMON.
[INFO] 22:29:55:500 BROKER/(1074:1086): Envié mensaje al suscriptor de id: 103.
[INFO] 22:29:55:500 BROKER/(1074:1086): Envié mensaje al suscriptor de id: 100.
[INFO] 22:29:55:500 BROKER/(1074:1426): Se conectó un proceso TEAM.
[INFO] 22:29:55:500 BROKER/(1074:1426): Llegó el ACK del proceso de id 100 (sobre mensaje 47).
[INFO] 22:29:55:501 BROKER/(1074:1425): Se conectó un proceso TEAM.
[INFO] 22:29:55:501 BROKER/(1074:1425): Llegó el ACK del proceso de id 103 (sobre mensaje 47).
[INFO] 22:29:55:521 BROKER/(1074:1407): Se conectó un proceso TEAM.
[INFO] 22:29:55:521 BROKER/(1074:1407): Elimino particion que comienza en: 0x9c116d8
[INFO] 22:29:55:521 BROKER/(1074:1407): Se compacta la memoria - particiones dinámicas.
[INFO] 22:29:55:521 BROKER/(1074:1407): Elimino particion que comienza en: 0x9c116d8
[INFO] 22:29:55:521 BROKER/(1074:1407): Se compacta la memoria - particiones dinámicas.
[INFO] 22:29:55:521 BROKER/(1074:1407): Almaceno mensaje en partición que comienza en: 42
[INFO] 22:29:55:522 BROKER/(1074:1087): Llegó un nuevo mensaje a la cola CATCH_POKEMON.
[INFO] 22:29:55:522 BROKER/(1074:1087): Envié mensaje al suscriptor de id: 201.
[INFO] 22:29:55:533 BROKER/(1074:1429): Se conectó un proceso GAMECARD.
[INFO] 22:29:55:533 BROKER/(1074:1429): Llegó el ACK del proceso de id 201 (sobre mensaje 48).
[INFO] 22:29:55:533 BROKER/(1074:1432): Se conectó un proceso GAMECARD.
[INFO] 22:29:55:533 BROKER/(1074:1432): Elimino particion que comienza en: 0x9c116ee
[INFO] 22:29:55:533 BROKER/(1074:1432): Almaceno mensaje en partición que comienza en: 22
[INFO] 22:29:55:534 BROKER/(1074:1086): Llegó un nuevo mensaje a la cola CAUGHT_POKEMON.
[INFO] 22:29:55:534 BROKER/(1074:1086): Envié mensaje al suscriptor de id: 103.
[INFO] 22:29:55:534 BROKER/(1074:1086): Envié mensaje al suscriptor de id: 100.
[INFO] 22:29:55:534 BROKER/(1074:1434): Se conectó un proceso TEAM.
[INFO] 22:29:55:534 BROKER/(1074:1434): Llegó el ACK del proceso de id 100 (sobre mensaje 49).
[INFO] 22:29:55:534 BROKER/(1074:1433): Se conectó un proceso TEAM.
[INFO] 22:29:55:534 BROKER/(1074:1433): Llegó el ACK del proceso de id 103 (sobre mensaje 49).
[INFO] 22:30:00:523 BROKER/(1074:1413): Se conectó un proceso TEAM.
[INFO] 22:30:00:523 BROKER/(1074:1413): Se compacta la memoria - particiones dinámicas.
[INFO] 22:30:00:523 BROKER/(1074:1413): Elimino particion que comienza en: 0x9c116d8
[INFO] 22:30:00:523 BROKER/(1074:1413): Se compacta la memoria - particiones dinámicas.
[INFO] 22:30:00:523 BROKER/(1074:1413): Almaceno mensaje en partición que comienza en: 28
[INFO] 22:30:00:523 BROKER/(1074:1087): Llegó un nuevo mensaje a la cola CATCH_POKEMON.
[INFO] 22:30:00:523 BROKER/(1074:1087): Envié mensaje al suscriptor de id: 201.
[INFO] 22:30:00:532 BROKER/(1074:1437): Se conectó un proceso GAMECARD.
[INFO] 22:30:00:532 BROKER/(1074:1437): Llegó el ACK del proceso de id 201 (sobre mensaje 50).
[INFO] 22:30:00:548 BROKER/(1074:1440): Se conectó un proceso GAMECARD.
[INFO] 22:30:00:548 BROKER/(1074:1440): Almaceno mensaje en partición que comienza en: 47
[INFO] 22:30:00:549 BROKER/(1074:1086): Llegó un nuevo mensaje a la cola CAUGHT_POKEMON.
[INFO] 22:30:00:549 BROKER/(1074:1086): Envié mensaje al suscriptor de id: 103.
[INFO] 22:30:00:549 BROKER/(1074:1086): Envié mensaje al suscriptor de id: 100.
[INFO] 22:30:00:549 BROKER/(1074:1442): Se conectó un proceso TEAM.
[INFO] 22:30:00:549 BROKER/(1074:1442): Llegó el ACK del proceso de id 100 (sobre mensaje 51).
[INFO] 22:30:00:549 BROKER/(1074:1441): Se conectó un proceso TEAM.
[INFO] 22:30:00:549 BROKER/(1074:1441): Llegó el ACK del proceso de id 103 (sobre mensaje 51).
[INFO] 22:30:05:536 BROKER/(1074:1446): Se conectó un proceso GAMECARD.
[INFO] 22:30:05:536 BROKER/(1074:1446): Almaceno mensaje en partición que comienza en: 51
[INFO] 22:30:05:536 BROKER/(1074:1086): Llegó un nuevo mensaje a la cola CAUGHT_POKEMON.
[INFO] 22:30:05:536 BROKER/(1074:1086): Envié mensaje al suscriptor de id: 103.
[INFO] 22:30:05:536 BROKER/(1074:1086): Envié mensaje al suscriptor de id: 100.
[INFO] 22:30:05:536 BROKER/(1074:1448): Se conectó un proceso TEAM.
[INFO] 22:30:05:536 BROKER/(1074:1448): Llegó el ACK del proceso de id 100 (sobre mensaje 52).
[INFO] 22:30:05:537 BROKER/(1074:1447): Se conectó un proceso TEAM.
[INFO] 22:30:05:537 BROKER/(1074:1447): Llegó el ACK del proceso de id 103 (sobre mensaje 52).
[INFO] 22:30:25:505 BROKER/(1074:1455): Se conectó un proceso TEAM.
[INFO] 22:30:25:508 BROKER/(1074:1455): Elimino particion que comienza en: 0x9c116d8
[INFO] 22:30:25:508 BROKER/(1074:1455): Se compacta la memoria - particiones dinámicas.
[INFO] 22:30:25:508 BROKER/(1074:1455): Elimino particion que comienza en: 0x9c116dc
[INFO] 22:30:25:508 BROKER/(1074:1455): Almaceno mensaje en partición que comienza en: 4
[INFO] 22:30:25:508 BROKER/(1074:1087): Llegó un nuevo mensaje a la cola CATCH_POKEMON.
[INFO] 22:30:25:508 BROKER/(1074:1087): Envié mensaje al suscriptor de id: 201.
[INFO] 22:30:25:517 BROKER/(1074:1458): Se conectó un proceso GAMECARD.
[INFO] 22:30:25:517 BROKER/(1074:1458): Llegó el ACK del proceso de id 201 (sobre mensaje 53).
[INFO] 22:30:30:558 BROKER/(1074:1461): Se conectó un proceso GAMECARD.
[INFO] 22:30:30:558 BROKER/(1074:1461): Almaceno mensaje en partición que comienza en: 22
[INFO] 22:30:30:558 BROKER/(1074:1086): Llegó un nuevo mensaje a la cola CAUGHT_POKEMON.
[INFO] 22:30:30:558 BROKER/(1074:1086): Envié mensaje al suscriptor de id: 103.
[INFO] 22:30:30:559 BROKER/(1074:1086): Envié mensaje al suscriptor de id: 100.
[INFO] 22:30:30:559 BROKER/(1074:1463): Se conectó un proceso TEAM.
[INFO] 22:30:30:559 BROKER/(1074:1463): Llegó el ACK del proceso de id 100 (sobre mensaje 54).
[INFO] 22:30:30:559 BROKER/(1074:1462): Se conectó un proceso TEAM.
[INFO] 22:30:30:559 BROKER/(1074:1462): Llegó el ACK del proceso de id 103 (sobre mensaje 54).
