[INFO] 16:36:56:593 BROKER/(20522:20522): Estoy escuchando!
[INFO] 16:37:18:377 BROKER/(20568:20568): Estoy escuchando!
[INFO] 17:51:14:97 BROKER/(23248:23248): Estoy escuchando!
[INFO] 17:51:46:296 BROKER/(23248:23269): Se conectó un proceso GameBoy
[INFO] 17:51:46:297 BROKER/(23248:23269): Almaceno mensaje en partición que comienza en: 0x84b3ad0
[INFO] 17:52:17:161 BROKER/(23248:23280): Se conectó un proceso GameBoy
[INFO] 17:52:56:757 BROKER/(23248:23287): Se conectó un proceso GameBoy
[INFO] 17:55:26:974 BROKER/(23376:23376): Estoy escuchando!
[INFO] 17:55:29:280 BROKER/(23376:23397): Se conectó un proceso GameBoy
[INFO] 17:55:29:281 BROKER/(23376:23397): Almaceno mensaje en partición que comienza en: 0
[INFO] 17:55:32:838 BROKER/(23376:23406): Se conectó un proceso GameBoy
[INFO] 18:01:29:337 BROKER/(23564:23564): Estoy escuchando!
[INFO] 18:01:32:877 BROKER/(23564:23584): Se conectó un proceso GameBoy
[INFO] 18:01:32:878 BROKER/(23564:23584): Almaceno mensaje en partición que comienza en: 0
[INFO] 18:02:31:302 BROKER/(23564:23621): Se conectó un proceso GameBoy
[INFO] 18:04:09:393 BROKER/(23690:23690): Estoy escuchando!
[INFO] 18:04:11:983 BROKER/(23690:23711): Se conectó un proceso GameBoy
[INFO] 18:04:16:29 BROKER/(23690:23716): Se conectó un proceso GameBoy
[INFO] 18:04:21:633 BROKER/(23690:23720): Se conectó un proceso GameBoy
[INFO] 18:07:09:455 BROKER/(23792:23792): Estoy escuchando!
[INFO] 18:07:14:871 BROKER/(23792:23811): Se conectó un proceso GameBoy
[INFO] 18:10:36:98 BROKER/(23923:23923): Estoy escuchando!
[INFO] 18:10:39:955 BROKER/(23923:23943): Se conectó un proceso GameBoy
[INFO] 18:12:06:57 BROKER/(24012:24012): Estoy escuchando!
[INFO] 18:12:10:45 BROKER/(24012:24031): Se conectó un proceso GameBoy
[INFO] 18:12:59:683 BROKER/(24090:24090): Estoy escuchando!
[INFO] 18:13:03:385 BROKER/(24090:24109): Se conectó un proceso GameBoy
[INFO] 18:14:26:391 BROKER/(24196:24196): Estoy escuchando!
[INFO] 18:14:29:383 BROKER/(24196:24221): Se conectó un proceso GameBoy
[INFO] 18:16:00:68 BROKER/(24284:24284): Estoy escuchando!
[INFO] 18:16:01:675 BROKER/(24284:24303): Se conectó un proceso GameBoy
[INFO] 18:17:17:893 BROKER/(24400:24400): Estoy escuchando!
[INFO] 18:17:18:781 BROKER/(24400:24419): Se conectó un proceso GameBoy
[INFO] 18:18:54:584 BROKER/(24476:24476): Estoy escuchando!
[INFO] 18:18:57:446 BROKER/(24476:24497): Se conectó un proceso GameBoy
[INFO] 18:19:38:98 BROKER/(24553:24553): Estoy escuchando!
[INFO] 18:19:39:155 BROKER/(24553:24572): Se conectó un proceso GameBoy
[INFO] 18:19:39:193 BROKER/(24553:24572): Almaceno mensaje en partición que comienza en: 0
[INFO] 18:20:34:764 BROKER/(24553:24588): Se conectó un proceso GameBoy
[INFO] 18:24:43:365 BROKER/(24707:24707): Estoy escuchando!
[INFO] 18:24:47:177 BROKER/(24707:24725): Se conectó un proceso GameBoy
[INFO] 18:24:47:179 BROKER/(24707:24725): Almaceno mensaje en partición que comienza en: 0
[INFO] 18:24:51:773 BROKER/(24707:24731): Se conectó un proceso GameBoy
[INFO] 18:24:51:782 BROKER/(24707:24731): Almaceno mensaje en partición que comienza en: 12
[INFO] 18:25:54:485 BROKER/(24707:24742): Se conectó un proceso GameBoy
[INFO] 18:25:54:498 BROKER/(24707:24742): Almaceno mensaje en partición que comienza en: 27
[INFO] 18:26:34:33 BROKER/(24707:24757): Se conectó un proceso GameBoy
[INFO] 18:26:34:59 BROKER/(24707:24757): Almaceno mensaje en partición que comienza en: 36
[INFO] 18:26:52:884 BROKER/(24707:24763): Se conectó un proceso GameBoy
[INFO] 18:26:52:918 BROKER/(24707:24763): Almaceno mensaje en partición que comienza en: 58
[INFO] 18:26:58:557 BROKER/(24707:24769): Se conectó un proceso GameBoy
[INFO] 18:26:58:567 BROKER/(24707:24769): Almaceno mensaje en partición que comienza en: 79
[INFO] 18:27:01:410 BROKER/(24707:24773): Se conectó un proceso GameBoy
[INFO] 18:27:01:421 BROKER/(24707:24773): Almaceno mensaje en partición que comienza en: 96
[INFO] 18:27:03:657 BROKER/(24707:24777): Se conectó un proceso GameBoy
[INFO] 18:27:03:658 BROKER/(24707:24777): Almaceno mensaje en partición que comienza en: 110
[INFO] 18:27:06:809 BROKER/(24707:24783): Se conectó un proceso GameBoy
[INFO] 18:27:06:817 BROKER/(24707:24783): Almaceno mensaje en partición que comienza en: 122
[INFO] 18:27:10:681 BROKER/(24707:24787): Se conectó un proceso GameBoy
[INFO] 18:27:10:685 BROKER/(24707:24787): Almaceno mensaje en partición que comienza en: 140
[INFO] 18:27:13:356 BROKER/(24707:24791): Se conectó un proceso GameBoy
[INFO] 18:27:13:360 BROKER/(24707:24791): Almaceno mensaje en partición que comienza en: 161
[INFO] 18:27:15:729 BROKER/(24707:24796): Se conectó un proceso GameBoy
[INFO] 18:27:15:735 BROKER/(24707:24796): Almaceno mensaje en partición que comienza en: 187
[INFO] 18:27:18:146 BROKER/(24707:24801): Se conectó un proceso GameBoy
[INFO] 18:27:18:151 BROKER/(24707:24801): Almaceno mensaje en partición que comienza en: 221
[INFO] 18:27:21:73 BROKER/(24707:24805): Se conectó un proceso GameBoy
[INFO] 18:27:21:78 BROKER/(24707:24805): Almaceno mensaje en partición que comienza en: 262
[INFO] 18:27:25:57 BROKER/(24707:24809): Se conectó un proceso GameBoy
[INFO] 18:27:25:65 BROKER/(24707:24809): Almaceno mensaje en partición que comienza en: 297
[INFO] 18:27:28:854 BROKER/(24707:24813): Se conectó un proceso GameBoy
[INFO] 18:27:28:857 BROKER/(24707:24813): Almaceno mensaje en partición que comienza en: 354
[INFO] 18:27:32:619 BROKER/(24707:24817): Se conectó un proceso GameBoy
[INFO] 18:27:32:624 BROKER/(24707:24817): Almaceno mensaje en partición que comienza en: 422
[INFO] 18:28:27:469 BROKER/(24870:24870): Estoy escuchando!
[INFO] 18:28:53:770 BROKER/(24870:24893): Se conectó un proceso GameBoy
[INFO] 18:28:53:774 BROKER/(24870:24893): Almaceno mensaje en partición que comienza en: 0
[INFO] 18:29:14:95 BROKER/(24870:24902): Se conectó un proceso GameBoy
[INFO] 18:29:14:98 BROKER/(24870:24902): Almaceno mensaje en partición que comienza en: 12
[INFO] 18:30:02:977 BROKER/(24870:24922): Se conectó un proceso GameBoy
[INFO] 18:30:14:753 BROKER/(24870:24935): Se conectó un proceso GameBoy
[INFO] 18:33:13:458 BROKER/(25028:25028): Estoy escuchando!
[INFO] 18:33:18:535 BROKER/(25028:25047): Se conectó un proceso GameBoy
[INFO] 18:33:18:538 BROKER/(25028:25047): Almaceno mensaje en partición que comienza en: 0
[INFO] 18:33:22:807 BROKER/(25028:25052): Se conectó un proceso GameBoy
[INFO] 18:33:22:816 BROKER/(25028:25052): Almaceno mensaje en partición que comienza en: 12
[INFO] 18:33:36:178 BROKER/(25028:25057): Se conectó un proceso GameBoy
[INFO] 18:35:00:933 BROKER/(25128:25128): Estoy escuchando!
[INFO] 18:35:05:477 BROKER/(25128:25149): Se conectó un proceso GameBoy
[INFO] 18:35:05:480 BROKER/(25128:25149): Almaceno mensaje en partición que comienza en: 0
[INFO] 18:35:11:725 BROKER/(25128:25156): Se conectó un proceso GameBoy
[INFO] 18:35:11:732 BROKER/(25128:25156): Almaceno mensaje en partición que comienza en: 12
[INFO] 18:35:16:97 BROKER/(25128:25161): Se conectó un proceso GameBoy
[INFO] 18:36:11:326 BROKER/(25217:25217): Estoy escuchando!
[INFO] 18:36:32:495 BROKER/(25217:25261): Se conectó un proceso GameBoy
[INFO] 18:36:32:513 BROKER/(25217:25261): Almaceno mensaje en partición que comienza en: 0
[INFO] 18:36:39:837 BROKER/(25217:25268): Se conectó un proceso GameBoy
[INFO] 18:36:39:841 BROKER/(25217:25268): Almaceno mensaje en partición que comienza en: 15
[INFO] 18:36:43:980 BROKER/(25217:25272): Se conectó un proceso GameBoy
[INFO] 18:39:57:93 BROKER/(25364:25364): Estoy escuchando!
[INFO] 18:40:18:632 BROKER/(25364:25409): Se conectó un proceso GameBoy
[INFO] 18:40:18:635 BROKER/(25364:25409): Almaceno mensaje en partición que comienza en: 0
[INFO] 18:40:27:393 BROKER/(25364:25415): Se conectó un proceso GameBoy
[INFO] 18:40:27:396 BROKER/(25364:25415): Almaceno mensaje en partición que comienza en: 12
[INFO] 18:40:33:8 BROKER/(25364:25419): Se conectó un proceso GameBoy
[INFO] 18:40:33:11 BROKER/(25364:25419): Almaceno mensaje en partición que comienza en: 27
[INFO] 18:41:07:766 BROKER/(25364:25429): Se conectó un proceso GameBoy
[INFO] 18:41:07:769 BROKER/(25364:25429): Almaceno mensaje en partición que comienza en: 48
[INFO] 18:41:54:827 BROKER/(25364:25436): Se conectó un proceso GameBoy
[INFO] 18:41:54:830 BROKER/(25364:25436): Almaceno mensaje en partición que comienza en: 52
[INFO] 18:42:13:744 BROKER/(25364:25454): Se conectó un proceso GameBoy
[INFO] 18:42:13:747 BROKER/(25364:25454): Almaceno mensaje en partición que comienza en: 56
[INFO] 18:42:32:69 BROKER/(25364:25460): Se conectó un proceso GameBoy
[INFO] 18:42:32:72 BROKER/(25364:25460): Almaceno mensaje en partición que comienza en: 78
[INFO] 18:42:59:158 BROKER/(25364:25467): Se conectó un proceso GameBoy
[INFO] 18:42:59:161 BROKER/(25364:25467): Almaceno mensaje en partición que comienza en: 101
[INFO] 18:43:12:941 BROKER/(25364:25476): Se conectó un proceso GameBoy
[INFO] 18:43:12:944 BROKER/(25364:25476): Almaceno mensaje en partición que comienza en: 111
[INFO] 18:43:54:597 BROKER/(25364:25484): Se conectó un proceso GameBoy
[INFO] 18:43:54:602 BROKER/(25364:25484): Almaceno mensaje en partición que comienza en: 122
[INFO] 18:51:23:987 BROKER/(25694:25694): Estoy escuchando!
[INFO] 18:51:37:533 BROKER/(25694:25714): Se conectó un proceso GameBoy
[INFO] 18:51:37:562 BROKER/(25694:25714): Almaceno mensaje en partición que comienza en: 0
[INFO] 18:51:59:649 BROKER/(25694:25720): Se conectó un proceso GameBoy
[INFO] 18:51:59:668 BROKER/(25694:25720): Almaceno mensaje en partición que comienza en: 15
[INFO] 18:53:22:320 BROKER/(25694:25735): Se conectó un proceso GameBoy
[INFO] 18:53:49:327 BROKER/(25694:25741): Se conectó un proceso GameBoy
[INFO] 18:54:36:694 BROKER/(25694:25759): Se conectó un proceso GameBoy
[INFO] 18:54:36:701 BROKER/(25694:25759): Almaceno mensaje en partición que comienza en: 27
[INFO] 18:54:57:42 BROKER/(25694:25764): Se conectó un proceso GameBoy
[INFO] 18:54:57:52 BROKER/(25694:25764): Almaceno mensaje en partición que comienza en: 39
[INFO] 18:58:14:354 BROKER/(25884:25884): Estoy escuchando!
[INFO] 18:58:43:988 BROKER/(25884:25929): Se conectó un proceso GameBoy
[INFO] 18:58:44:10 BROKER/(25884:25929): Almaceno mensaje en partición que comienza en: 0
[INFO] 18:59:44:740 BROKER/(25884:25953): Se conectó un proceso GameBoy
[INFO] 19:01:03:174 BROKER/(26014:26014): Estoy escuchando!
[INFO] 19:01:05:237 BROKER/(26014:26034): Se conectó un proceso GameBoy
[INFO] 19:01:05:245 BROKER/(26014:26034): Almaceno mensaje en partición que comienza en: 0
[INFO] 19:01:08:113 BROKER/(26014:26041): Se conectó un proceso GameBoy
[INFO] 19:08:20:902 BROKER/(26386:26386): Estoy escuchando!
[INFO] 19:08:26:965 BROKER/(26386:26405): Se conectó un proceso GameBoy
[INFO] 19:08:26:994 BROKER/(26386:26405): Almaceno mensaje en partición que comienza en: 0
[INFO] 19:08:33:885 BROKER/(26386:26411): Se conectó un proceso GameBoy
[INFO] 19:11:57:574 BROKER/(26481:26481): Estoy escuchando!
[INFO] 19:21:38:272 BROKER/(9614:9614): Estoy escuchando!
[INFO] 19:22:39:593 BROKER/(9614:9793): Se conectó un proceso GameBoy
[INFO] 19:22:39:623 BROKER/(9614:9793): Almaceno mensaje en partición que comienza en: 0
[INFO] 19:22:48:664 BROKER/(9614:9815): Se conectó un proceso GameBoy
[INFO] 19:23:11:658 BROKER/(9614:9863): Se conectó un proceso GameBoy
[INFO] 19:23:11:664 BROKER/(9614:9863): Almaceno mensaje en partición que comienza en: 12
[INFO] 19:26:16:310 BROKER/(10414:10414): Estoy escuchando!
[INFO] 19:26:28:990 BROKER/(10414:10455): Se conectó un proceso GameBoy
[INFO] 19:26:28:990 BROKER/(10414:10455): Almaceno mensaje en partición que comienza en: 0
[INFO] 19:26:31:845 BROKER/(10414:10467): Se conectó un proceso GameBoy
[INFO] 19:26:31:846 BROKER/(10414:10467): Almaceno mensaje en partición que comienza en: 12
[INFO] 19:26:34:921 BROKER/(10414:10475): Se conectó un proceso GameBoy
[INFO] 19:26:34:921 BROKER/(10414:10475): Almaceno mensaje en partición que comienza en: 27
[INFO] 19:27:53:726 BROKER/(10675:10675): Estoy escuchando!
[INFO] 19:27:56:926 BROKER/(10675:10706): Se conectó un proceso GameBoy
[INFO] 19:27:56:944 BROKER/(10675:10706): Almaceno mensaje en partición que comienza en: 0
[INFO] 19:27:59:582 BROKER/(10675:10713): Se conectó un proceso GameBoy
[INFO] 19:28:03:345 BROKER/(10675:10725): Se conectó un proceso GameBoy
[INFO] 19:28:03:350 BROKER/(10675:10725): Almaceno mensaje en partición que comienza en: 12
[INFO] 19:29:35:563 BROKER/(10943:10943): Estoy escuchando!
[INFO] 19:29:48:99 BROKER/(10943:10990): Se conectó un proceso GameBoy
[INFO] 19:29:48:99 BROKER/(10943:10990): Almaceno mensaje en partición que comienza en: 0
[INFO] 19:29:50:595 BROKER/(10943:10998): Se conectó un proceso GameBoy
[INFO] 19:29:52:621 BROKER/(10943:11003): Se conectó un proceso GameBoy
[INFO] 19:29:52:622 BROKER/(10943:11003): Almaceno mensaje en partición que comienza en: 12
[INFO] 19:31:15:450 BROKER/(10943:11152): Se conectó un proceso GameBoy
[INFO] 19:31:15:452 BROKER/(10943:11152): Almaceno mensaje en partición que comienza en: 32
[INFO] 19:31:50:593 BROKER/(10943:11213): Se conectó un proceso GameBoy
[INFO] 19:31:50:594 BROKER/(10943:11213): Almaceno mensaje en partición que comienza en: 52
[INFO] 19:32:11:845 BROKER/(10943:11260): Se conectó un proceso GameBoy
[INFO] 19:32:39:124 BROKER/(11312:11312): Estoy escuchando!
[INFO] 19:32:41:829 BROKER/(11312:11336): Se conectó un proceso GameBoy
[INFO] 19:32:41:830 BROKER/(11312:11336): Almaceno mensaje en partición que comienza en: 0
[INFO] 19:32:47:837 BROKER/(11312:11354): Se conectó un proceso GameBoy
[INFO] 19:33:04:44 BROKER/(11312:11389): Se conectó un proceso GameBoy
[INFO] 19:33:04:44 BROKER/(11312:11389): Almaceno mensaje en partición que comienza en: 15
[INFO] 19:33:08:650 BROKER/(11312:11401): Se conectó un proceso GameBoy
[INFO] 19:34:41:472 BROKER/(11630:11630): Estoy escuchando!
[INFO] 19:34:49:509 BROKER/(11672:11672): Estoy escuchando!
[INFO] 19:34:54:998 BROKER/(11672:11703): Se conectó un proceso GameBoy
[INFO] 19:34:54:999 BROKER/(11672:11703): Almaceno mensaje en partición que comienza en: 0
[INFO] 19:34:58:46 BROKER/(11672:11713): Se conectó un proceso GameBoy
[INFO] 19:34:58:46 BROKER/(11672:11713): Almaceno mensaje en partición que comienza en: 12
[INFO] 19:35:10:244 BROKER/(11740:11740): Estoy escuchando!
[INFO] 19:35:47:831 BROKER/(11740:11838): Se conectó un proceso GameBoy
[INFO] 19:35:47:833 BROKER/(11740:11838): Almaceno mensaje en partición que comienza en: 0
[INFO] 19:35:47:833 BROKER/(11740:11841): Se conectó un proceso GameBoy
[INFO] 19:35:47:834 BROKER/(11740:11841): Almaceno mensaje en partición que comienza en: 13
[INFO] 19:36:37:109 BROKER/(11740:11932): Se conectó un proceso GameBoy
[INFO] 19:36:37:109 BROKER/(11740:11932): Almaceno mensaje en partición que comienza en: 28
[INFO] 19:36:37:116 BROKER/(11740:11935): Se conectó un proceso GameBoy
[INFO] 19:36:37:117 BROKER/(11740:11935): Almaceno mensaje en partición que comienza en: 48
[INFO] 19:36:37:124 BROKER/(11740:11940): Se conectó un proceso GameBoy
[INFO] 19:36:37:126 BROKER/(11740:11943): Se conectó un proceso GameBoy
[INFO] 19:36:37:126 BROKER/(11740:11940): Almaceno mensaje en partición que comienza en: 69
[INFO] 19:36:37:127 BROKER/(11740:11943): Almaceno mensaje en partición que comienza en: 73
[INFO] 19:36:37:128 BROKER/(11740:11947): Se conectó un proceso GameBoy
[INFO] 19:36:37:129 BROKER/(11740:11947): Almaceno mensaje en partición que comienza en: 77
[INFO] 19:36:37:131 BROKER/(11740:11950): Se conectó un proceso GameBoy
[INFO] 19:36:37:139 BROKER/(11740:11950): Almaceno mensaje en partición que comienza en: 99
[INFO] 19:36:37:141 BROKER/(11740:11954): Se conectó un proceso GameBoy
[INFO] 19:36:37:142 BROKER/(11740:11954): Almaceno mensaje en partición que comienza en: 122
[INFO] 19:36:37:142 BROKER/(11740:11957): Se conectó un proceso GameBoy
[INFO] 19:36:37:143 BROKER/(11740:11957): Almaceno mensaje en partición que comienza en: 132
[INFO] 19:39:54:733 BROKER/(12482:12482): Estoy escuchando!
[INFO] 19:40:01:462 BROKER/(12482:12517): Se conectó un proceso GameBoy
[INFO] 19:40:01:463 BROKER/(12482:12517): Almaceno mensaje en partición que comienza en: 0
[INFO] 19:40:01:466 BROKER/(12482:12522): Se conectó un proceso GameBoy
[INFO] 19:40:01:467 BROKER/(12482:12522): Almaceno mensaje en partición que comienza en: 13
[INFO] 19:40:03:648 BROKER/(12482:12530): Se conectó un proceso GameBoy
[INFO] 19:40:03:649 BROKER/(12482:12530): Almaceno mensaje en partición que comienza en: 28
[INFO] 19:40:03:650 BROKER/(12482:12534): Se conectó un proceso GameBoy
[INFO] 19:40:03:650 BROKER/(12482:12534): Almaceno mensaje en partición que comienza en: 48
[INFO] 19:40:03:651 BROKER/(12482:12537): Se conectó un proceso GameBoy
[INFO] 19:40:03:651 BROKER/(12482:12537): Almaceno mensaje en partición que comienza en: 69
[INFO] 19:40:03:652 BROKER/(12482:12540): Se conectó un proceso GameBoy
[INFO] 19:40:03:653 BROKER/(12482:12540): Almaceno mensaje en partición que comienza en: 73
[INFO] 19:40:03:654 BROKER/(12482:12543): Se conectó un proceso GameBoy
[INFO] 19:40:03:654 BROKER/(12482:12543): Almaceno mensaje en partición que comienza en: 77
[INFO] 19:40:03:658 BROKER/(12482:12545): Se conectó un proceso GameBoy
[INFO] 19:40:03:660 BROKER/(12482:12545): Almaceno mensaje en partición que comienza en: 99
[INFO] 19:40:03:661 BROKER/(12482:12549): Se conectó un proceso GameBoy
[INFO] 19:40:03:661 BROKER/(12482:12549): Almaceno mensaje en partición que comienza en: 122
[INFO] 19:40:03:664 BROKER/(12482:12552): Se conectó un proceso GameBoy
[INFO] 19:40:03:667 BROKER/(12482:12552): Almaceno mensaje en partición que comienza en: 133
[INFO] 20:36:34:445 BROKER/(20962:20962): Estoy escuchando!
[INFO] 20:36:50:376 BROKER/(20962:21090): Se conectó un proceso Team
[INFO] 20:36:50:376 BROKER/(20962:21090): Almaceno mensaje en partición que comienza en: 0
[INFO] 20:36:50:377 BROKER/(20962:21092): Se conectó un proceso Team
[INFO] 20:36:50:377 BROKER/(20962:21089): Se conectó un proceso Team
[INFO] 20:36:50:377 BROKER/(20962:21089): Almaceno mensaje en partición que comienza en: 11
[INFO] 21:03:19:462 BROKER/(25783:25783): Estoy escuchando!
[INFO] 21:03:31:27 BROKER/(25783:25825): Se conectó un proceso GameBoy
[INFO] 21:03:31:27 BROKER/(25783:25825): Almaceno mensaje en partición que comienza en: 0
[INFO] 21:03:31:29 BROKER/(25783:25832): Se conectó un proceso GameBoy
[INFO] 21:03:31:31 BROKER/(25783:25832): Almaceno mensaje en partición que comienza en: 12
[INFO] 21:29:21:698 BROKER/(29088:29088): Estoy escuchando!
[INFO] 21:29:27:89 BROKER/(29088:29166): Se conectó un proceso Team
[INFO] 21:29:27:89 BROKER/(29088:29166): Almaceno mensaje en partición que comienza en: 0
[INFO] 21:29:27:90 BROKER/(29088:29170): Se conectó un proceso Team
[INFO] 21:29:27:90 BROKER/(29088:29170): Almaceno mensaje en partición que comienza en: 12
[INFO] 21:29:27:90 BROKER/(29088:29171): Se conectó un proceso Team
[INFO] 21:29:27:90 BROKER/(29088:29172): Se conectó un proceso Team
[INFO] 21:29:27:91 BROKER/(29088:29171): Almaceno mensaje en partición que comienza en: 23
[INFO] 21:29:27:91 BROKER/(29088:29172): Almaceno mensaje en partición que comienza en: 34
[INFO] 21:29:27:91 BROKER/(29088:29176): Se conectó un proceso Team
[INFO] 21:38:26:248 BROKER/(29013:29013): Estoy escuchando!
[INFO] 21:39:48:588 BROKER/(29013:29062): Se conectó un proceso GameBoy
[INFO] 21:39:48:594 BROKER/(29013:29062): Almaceno mensaje en partición que comienza en: 0
[INFO] 21:39:48:598 BROKER/(29013:29065): Se conectó un proceso GameBoy
[INFO] 21:39:48:609 BROKER/(29013:29065): Almaceno mensaje en partición que comienza en: 12
[INFO] 21:40:22:360 BROKER/(29013:29090): Se conectó un proceso GameBoy
[INFO] 21:40:22:372 BROKER/(29013:29090): Almaceno mensaje en partición que comienza en: 26
[INFO] 21:40:22:392 BROKER/(29013:29094): Se conectó un proceso GameBoy
[INFO] 21:40:22:398 BROKER/(29013:29094): Almaceno mensaje en partición que comienza en: 45
[INFO] 21:40:22:404 BROKER/(29013:29097): Se conectó un proceso GameBoy
[INFO] 21:40:22:440 BROKER/(29013:29097): Almaceno mensaje en partición que comienza en: 65
[INFO] 21:40:22:452 BROKER/(29013:29100): Se conectó un proceso GameBoy
[INFO] 21:40:22:475 BROKER/(29013:29100): Almaceno mensaje en partición que comienza en: 69
[INFO] 21:40:22:496 BROKER/(29013:29103): Se conectó un proceso GameBoy
[INFO] 21:40:22:502 BROKER/(29013:29103): Almaceno mensaje en partición que comienza en: 73
[INFO] 21:40:22:532 BROKER/(29013:29106): Se conectó un proceso GameBoy
[INFO] 21:40:22:536 BROKER/(29013:29106): Almaceno mensaje en partición que comienza en: 94
[INFO] 21:40:22:547 BROKER/(29013:29109): Se conectó un proceso GameBoy
[INFO] 21:40:22:549 BROKER/(29013:29109): Almaceno mensaje en partición que comienza en: 116
[INFO] 21:40:22:557 BROKER/(29013:29112): Se conectó un proceso GameBoy
[INFO] 21:40:22:579 BROKER/(29013:29112): Almaceno mensaje en partición que comienza en: 126
[INFO] 21:46:43:49 BROKER/(29189:29189): Estoy escuchando!
[INFO] 21:46:53:983 BROKER/(29189:29210): Se conectó un proceso GameBoy
[INFO] 21:46:53:984 BROKER/(29189:29210): Almaceno mensaje en partición que comienza en: 0
[INFO] 21:46:53:999 BROKER/(29189:29214): Se conectó un proceso GameBoy
[INFO] 21:46:53:3 BROKER/(29189:29214): Almaceno mensaje en partición que comienza en: 19
[INFO] 21:46:54:6 BROKER/(29189:29217): Se conectó un proceso GameBoy
[INFO] 21:46:54:8 BROKER/(29189:29217): Almaceno mensaje en partición que comienza en: 39
[INFO] 21:46:54:14 BROKER/(29189:29220): Se conectó un proceso GameBoy
[INFO] 21:46:54:21 BROKER/(29189:29220): Almaceno mensaje en partición que comienza en: 43
[INFO] 21:46:54:28 BROKER/(29189:29223): Se conectó un proceso GameBoy
[INFO] 21:46:54:36 BROKER/(29189:29223): Almaceno mensaje en partición que comienza en: 47
[INFO] 21:46:54:52 BROKER/(29189:29226): Se conectó un proceso GameBoy
[INFO] 21:46:54:59 BROKER/(29189:29226): Almaceno mensaje en partición que comienza en: 68
[INFO] 21:46:54:80 BROKER/(29189:29229): Se conectó un proceso GameBoy
[INFO] 21:46:54:88 BROKER/(29189:29229): Almaceno mensaje en partición que comienza en: 90
[INFO] 21:46:54:120 BROKER/(29189:29232): Se conectó un proceso GameBoy
[INFO] 21:46:54:129 BROKER/(29189:29232): Almaceno mensaje en partición que comienza en: 100
[INFO] 21:46:56:357 BROKER/(29189:29237): Se conectó un proceso GameBoy
[INFO] 21:46:56:368 BROKER/(29189:29237): Almaceno mensaje en partición que comienza en: 110
[INFO] 21:46:56:374 BROKER/(29189:29240): Se conectó un proceso GameBoy
[INFO] 21:46:56:380 BROKER/(29189:29240): Almaceno mensaje en partición que comienza en: 122
[INFO] 21:48:57:144 BROKER/(29266:29266): Estoy escuchando!
[INFO] 21:49:03:423 BROKER/(29266:29289): Se conectó un proceso GameBoy
[INFO] 21:49:03:439 BROKER/(29266:29289): Almaceno mensaje en partición que comienza en: 0
[INFO] 21:49:03:448 BROKER/(29266:29293): Se conectó un proceso GameBoy
[INFO] 21:49:03:455 BROKER/(29266:29293): Almaceno mensaje en partición que comienza en: 15
[INFO] 21:49:21:726 BROKER/(29266:29301): Se conectó un proceso GameBoy
[INFO] 21:49:21:736 BROKER/(29266:29301): Almaceno mensaje en partición que comienza en: 26
[INFO] 21:49:21:744 BROKER/(29266:29306): Se conectó un proceso GameBoy
[INFO] 21:49:21:755 BROKER/(29266:29306): Almaceno mensaje en partición que comienza en: 45
[INFO] 21:49:21:760 BROKER/(29266:29309): Se conectó un proceso GameBoy
[INFO] 21:49:21:761 BROKER/(29266:29309): Almaceno mensaje en partición que comienza en: 65
[INFO] 21:49:21:765 BROKER/(29266:29312): Se conectó un proceso GameBoy
[INFO] 21:49:21:767 BROKER/(29266:29312): Almaceno mensaje en partición que comienza en: 69
[INFO] 21:49:21:770 BROKER/(29266:29315): Se conectó un proceso GameBoy
[INFO] 21:49:21:773 BROKER/(29266:29315): Almaceno mensaje en partición que comienza en: 73
[INFO] 21:49:21:777 BROKER/(29266:29318): Se conectó un proceso GameBoy
[INFO] 21:49:21:784 BROKER/(29266:29318): Almaceno mensaje en partición que comienza en: 94
[INFO] 21:49:21:786 BROKER/(29266:29321): Se conectó un proceso GameBoy
[INFO] 21:49:21:789 BROKER/(29266:29321): Almaceno mensaje en partición que comienza en: 116
[INFO] 21:49:21:798 BROKER/(29266:29324): Se conectó un proceso GameBoy
[INFO] 21:49:21:803 BROKER/(29266:29324): Almaceno mensaje en partición que comienza en: 126
[INFO] 21:49:57:987 BROKER/(29346:29346): Estoy escuchando!
[INFO] 21:49:59:763 BROKER/(29346:29366): Se conectó un proceso GameBoy
[INFO] 21:49:59:770 BROKER/(29346:29366): Almaceno mensaje en partición que comienza en: 0
[INFO] 21:49:59:774 BROKER/(29346:29369): Se conectó un proceso GameBoy
[INFO] 21:49:59:785 BROKER/(29346:29369): Almaceno mensaje en partición que comienza en: 12
[INFO] 21:50:02:131 BROKER/(29346:29374): Se conectó un proceso GameBoy
[INFO] 21:50:02:132 BROKER/(29346:29374): Almaceno mensaje en partición que comienza en: 27
[INFO] 21:50:02:136 BROKER/(29346:29377): Se conectó un proceso GameBoy
[INFO] 21:50:02:148 BROKER/(29346:29377): Almaceno mensaje en partición que comienza en: 46
[INFO] 21:50:02:150 BROKER/(29346:29380): Se conectó un proceso GameBoy
[INFO] 21:50:02:151 BROKER/(29346:29380): Almaceno mensaje en partición que comienza en: 66
[INFO] 21:50:02:154 BROKER/(29346:29383): Se conectó un proceso GameBoy
[INFO] 21:50:02:158 BROKER/(29346:29383): Almaceno mensaje en partición que comienza en: 70
[INFO] 21:50:02:160 BROKER/(29346:29386): Se conectó un proceso GameBoy
[INFO] 21:50:02:162 BROKER/(29346:29386): Almaceno mensaje en partición que comienza en: 74
[INFO] 21:50:02:164 BROKER/(29346:29389): Se conectó un proceso GameBoy
[INFO] 21:50:02:166 BROKER/(29346:29389): Almaceno mensaje en partición que comienza en: 95
[INFO] 21:50:02:168 BROKER/(29346:29392): Se conectó un proceso GameBoy
[INFO] 21:50:02:171 BROKER/(29346:29392): Almaceno mensaje en partición que comienza en: 117
[INFO] 21:50:02:176 BROKER/(29346:29395): Se conectó un proceso GameBoy
[INFO] 21:50:02:180 BROKER/(29346:29395): Almaceno mensaje en partición que comienza en: 127
[INFO] 21:52:26:99 BROKER/(29469:29469): Estoy escuchando!
[INFO] 21:52:29:539 BROKER/(29469:29489): Se conectó un proceso GameBoy
[INFO] 21:52:29:548 BROKER/(29469:29489): Almaceno mensaje en partición que comienza en: 0
[INFO] 21:52:29:558 BROKER/(29469:29493): Se conectó un proceso GameBoy
[INFO] 21:52:29:570 BROKER/(29469:29493): Almaceno mensaje en partición que comienza en: 12
[INFO] 21:53:06:897 BROKER/(29511:29511): Estoy escuchando!
[INFO] 21:53:09:251 BROKER/(29511:29531): Se conectó un proceso GameBoy
[INFO] 21:53:09:257 BROKER/(29511:29531): Almaceno mensaje en partición que comienza en: 0
[INFO] 21:53:09:266 BROKER/(29511:29535): Se conectó un proceso GameBoy
[INFO] 21:53:09:269 BROKER/(29511:29535): Almaceno mensaje en partición que comienza en: 12
[INFO] 21:54:20:762 BROKER/(29558:29558): Estoy escuchando!
[INFO] 21:54:23:0 BROKER/(29558:29578): Se conectó un proceso GameBoy
[INFO] 21:54:24:10 BROKER/(29558:29578): Almaceno mensaje en partición que comienza en: 0
[INFO] 21:54:24:33 BROKER/(29558:29581): Se conectó un proceso GameBoy
[INFO] 21:54:24:44 BROKER/(29558:29581): Almaceno mensaje en partición que comienza en: 15
[INFO] 21:56:03:13 BROKER/(29624:29624): Estoy escuchando!
[INFO] 21:56:04:855 BROKER/(29624:29644): Se conectó un proceso GameBoy
[INFO] 21:56:04:858 BROKER/(29624:29644): Almaceno mensaje en partición que comienza en: 0
[INFO] 21:56:04:873 BROKER/(29624:29648): Se conectó un proceso GameBoy
[INFO] 21:56:04:879 BROKER/(29624:29648): Almaceno mensaje en partición que comienza en: 15
[INFO] 21:56:08:116 BROKER/(29624:29653): Se conectó un proceso GameBoy
[INFO] 21:56:08:123 BROKER/(29624:29653): Almaceno mensaje en partición que comienza en: 26
[INFO] 21:56:08:125 BROKER/(29624:29656): Se conectó un proceso GameBoy
[INFO] 21:56:08:137 BROKER/(29624:29656): Almaceno mensaje en partición que comienza en: 45
[INFO] 21:56:08:139 BROKER/(29624:29659): Se conectó un proceso GameBoy
[INFO] 21:56:08:141 BROKER/(29624:29659): Almaceno mensaje en partición que comienza en: 65
[INFO] 21:56:08:143 BROKER/(29624:29662): Se conectó un proceso GameBoy
[INFO] 21:56:08:145 BROKER/(29624:29662): Almaceno mensaje en partición que comienza en: 69
[INFO] 21:56:08:147 BROKER/(29624:29665): Se conectó un proceso GameBoy
[INFO] 21:56:08:155 BROKER/(29624:29665): Almaceno mensaje en partición que comienza en: 73
[INFO] 21:56:08:157 BROKER/(29624:29668): Se conectó un proceso GameBoy
[INFO] 21:56:08:165 BROKER/(29624:29668): Almaceno mensaje en partición que comienza en: 94
[INFO] 21:56:08:175 BROKER/(29624:29671): Se conectó un proceso GameBoy
[INFO] 21:56:08:177 BROKER/(29624:29671): Almaceno mensaje en partición que comienza en: 116
[INFO] 21:56:08:180 BROKER/(29624:29674): Se conectó un proceso GameBoy
[INFO] 21:56:08:189 BROKER/(29624:29674): Almaceno mensaje en partición que comienza en: 126
[INFO] 21:56:33:492 BROKER/(29692:29692): Estoy escuchando!
[INFO] 21:56:40:161 BROKER/(29692:29713): Se conectó un proceso GameBoy
[INFO] 21:56:40:161 BROKER/(29692:29713): Almaceno mensaje en partición que comienza en: 0
[INFO] 21:56:40:182 BROKER/(29692:29717): Se conectó un proceso GameBoy
[INFO] 21:56:40:191 BROKER/(29692:29717): Almaceno mensaje en partición que comienza en: 12
[INFO] 21:56:42:59 BROKER/(29692:29723): Se conectó un proceso GameBoy
[INFO] 21:56:42:74 BROKER/(29692:29723): Almaceno mensaje en partición que comienza en: 26
[INFO] 21:56:42:84 BROKER/(29692:29726): Se conectó un proceso GameBoy
[INFO] 21:56:42:89 BROKER/(29692:29726): Almaceno mensaje en partición que comienza en: 45
[INFO] 21:56:42:96 BROKER/(29692:29729): Se conectó un proceso GameBoy
[INFO] 21:56:42:97 BROKER/(29692:29729): Almaceno mensaje en partición que comienza en: 65
[INFO] 21:56:42:103 BROKER/(29692:29732): Se conectó un proceso GameBoy
[INFO] 21:56:42:105 BROKER/(29692:29732): Almaceno mensaje en partición que comienza en: 69
[INFO] 21:56:42:113 BROKER/(29692:29735): Se conectó un proceso GameBoy
[INFO] 21:56:42:115 BROKER/(29692:29735): Almaceno mensaje en partición que comienza en: 73
[INFO] 21:56:42:117 BROKER/(29692:29738): Se conectó un proceso GameBoy
[INFO] 21:56:42:120 BROKER/(29692:29738): Almaceno mensaje en partición que comienza en: 94
[INFO] 21:56:42:122 BROKER/(29692:29741): Se conectó un proceso GameBoy
[INFO] 21:56:42:125 BROKER/(29692:29741): Almaceno mensaje en partición que comienza en: 116
[INFO] 21:56:42:127 BROKER/(29692:29744): Se conectó un proceso GameBoy
[INFO] 21:56:42:132 BROKER/(29692:29744): Almaceno mensaje en partición que comienza en: 126
[INFO] 21:58:26:8 BROKER/(29771:29771): Estoy escuchando!
[INFO] 21:58:29:821 BROKER/(29771:29794): Se conectó un proceso GameBoy
[INFO] 21:58:29:821 BROKER/(29771:29794): Almaceno mensaje en partición que comienza en: 0
[INFO] 21:58:29:835 BROKER/(29771:29798): Se conectó un proceso GameBoy
[INFO] 21:58:29:840 BROKER/(29771:29798): Almaceno mensaje en partición que comienza en: 15
[INFO] 22:00:52:863 BROKER/(29887:29887): Estoy escuchando!
[INFO] 22:00:55:127 BROKER/(29887:29907): Se conectó un proceso GameBoy
[INFO] 22:00:55:135 BROKER/(29887:29907): Almaceno mensaje en partición que comienza en: 0
[INFO] 22:00:55:139 BROKER/(29887:29910): Se conectó un proceso GameBoy
[INFO] 22:00:55:151 BROKER/(29887:29910): Almaceno mensaje en partición que comienza en: 15
[INFO] 22:22:31:840 BROKER/(30401:30401): Estoy escuchando!
[INFO] 22:22:55:437 BROKER/(30401:30424): Se conectó un proceso GameBoy
[INFO] 22:22:55:440 BROKER/(30401:30424): Almaceno mensaje en partición que comienza en: 0
[INFO] 22:22:55:456 BROKER/(30401:30428): Se conectó un proceso GameBoy
[INFO] 22:22:55:462 BROKER/(30401:30428): Almaceno mensaje en partición que comienza en: 15
[INFO] 22:23:29:392 BROKER/(30495:30495): Estoy escuchando!
[INFO] 22:23:30:543 BROKER/(30495:30515): Se conectó un proceso GameBoy
[INFO] 22:23:30:545 BROKER/(30495:30515): Almaceno mensaje en partición que comienza en: 0
[INFO] 22:23:30:567 BROKER/(30495:30519): Se conectó un proceso GameBoy
[INFO] 22:23:30:573 BROKER/(30495:30519): Almaceno mensaje en partición que comienza en: 15
[INFO] 22:24:35:908 BROKER/(30544:30544): Estoy escuchando!
[INFO] 22:24:55:281 BROKER/(30544:30615): Se conectó un proceso GameBoy
[INFO] 22:24:55:285 BROKER/(30544:30615): Almaceno mensaje en partición que comienza en: 0
[INFO] 22:25:57:148 BROKER/(30663:30663): Estoy escuchando!
[INFO] 22:26:02:231 BROKER/(30663:30686): Se conectó un proceso GameBoy
[INFO] 22:26:02:240 BROKER/(30663:30686): Almaceno mensaje en partición que comienza en: 0
[INFO] 22:26:02:250 BROKER/(30663:30690): Se conectó un proceso GameBoy
[INFO] 22:26:02:263 BROKER/(30663:30690): Almaceno mensaje en partición que comienza en: 15
[INFO] 22:26:46:736 BROKER/(30761:30761): Estoy escuchando!
[INFO] 22:26:50:986 BROKER/(30761:30781): Se conectó un proceso GameBoy
[INFO] 22:26:50:997 BROKER/(30761:30781): Almaceno mensaje en partición que comienza en: 0
[INFO] 22:26:51:8 BROKER/(30761:30785): Se conectó un proceso GameBoy
[INFO] 22:26:51:23 BROKER/(30761:30785): Almaceno mensaje en partición que comienza en: 15
[INFO] 22:28:29:360 BROKER/(30909:30909): Estoy escuchando!
[INFO] 22:28:34:117 BROKER/(30909:30929): Se conectó un proceso GameBoy
[INFO] 22:28:34:125 BROKER/(30909:30929): Almaceno mensaje en partición que comienza en: 0
[INFO] 22:28:34:144 BROKER/(30909:30933): Se conectó un proceso GameBoy
[INFO] 22:28:34:152 BROKER/(30909:30933): Almaceno mensaje en partición que comienza en: 15
[INFO] 22:32:56:856 BROKER/(31142:31142): Estoy escuchando!
[INFO] 22:33:01:820 BROKER/(31142:31162): Se conectó un proceso GameBoy
[INFO] 22:33:01:840 BROKER/(31142:31162): Almaceno mensaje en partición que comienza en: 0
[INFO] 22:33:01:848 BROKER/(31142:31166): Se conectó un proceso GameBoy
[INFO] 22:33:01:859 BROKER/(31142:31166): Almaceno mensaje en partición que comienza en: 15
[INFO] 22:34:18:476 BROKER/(31246:31246): Estoy escuchando!
[INFO] 22:34:28:275 BROKER/(31279:31279): Estoy escuchando!
[INFO] 22:34:31:217 BROKER/(31279:31299): Se conectó un proceso GameBoy
[INFO] 22:34:31:227 BROKER/(31279:31299): Almaceno mensaje en partición que comienza en: 0
[INFO] 22:34:31:237 BROKER/(31279:31303): Se conectó un proceso GameBoy
[INFO] 22:34:31:250 BROKER/(31279:31303): Almaceno mensaje en partición que comienza en: 15
[INFO] 22:35:20:732 BROKER/(31377:31377): Estoy escuchando!
[INFO] 22:35:21:952 BROKER/(31377:31397): Se conectó un proceso GameBoy
[INFO] 22:35:21:953 BROKER/(31377:31397): Almaceno mensaje en partición que comienza en: 0
[INFO] 22:35:21:971 BROKER/(31377:31401): Se conectó un proceso GameBoy
[INFO] 22:35:21:984 BROKER/(31377:31401): Almaceno mensaje en partición que comienza en: 15
[INFO] 22:36:19:44 BROKER/(31417:31417): Estoy escuchando!
[INFO] 22:36:23:4 BROKER/(31417:31479): Se conectó un proceso GameBoy
[INFO] 22:36:24:12 BROKER/(31417:31479): Almaceno mensaje en partición que comienza en: 0
[INFO] 22:43:45:301 BROKER/(32153:32153): Estoy escuchando!
[INFO] 22:43:48:164 BROKER/(32153:32173): Se conectó un proceso GameBoy
[INFO] 22:43:48:165 BROKER/(32153:32173): Almaceno mensaje en partición que comienza en: 0
[INFO] 22:43:48:181 BROKER/(32153:32176): Se conectó un proceso GameBoy
[INFO] 22:43:48:190 BROKER/(32153:32176): Almaceno mensaje en partición que comienza en: 15
[INFO] 22:44:43:821 BROKER/(32413:32413): Estoy escuchando!
[INFO] 22:44:57:470 BROKER/(32413:32432): Se conectó un proceso GameBoy
[INFO] 22:44:57:473 BROKER/(32413:32432): Almaceno mensaje en partición que comienza en: 0
[INFO] 22:44:57:475 BROKER/(32413:32435): Se conectó un proceso GameBoy
[INFO] 22:44:57:481 BROKER/(32413:32435): Almaceno mensaje en partición que comienza en: 15
[INFO] 22:46:49:748 BROKER/(32722:32722): Estoy escuchando!
[INFO] 22:46:51:12 BROKER/(32722:32742): Se conectó un proceso GameBoy
[INFO] 22:46:51:14 BROKER/(32722:32742): Almaceno mensaje en partición que comienza en: 0
[INFO] 22:46:51:16 BROKER/(32722:32745): Se conectó un proceso GameBoy
[INFO] 22:46:51:29 BROKER/(32722:32745): Almaceno mensaje en partición que comienza en: 15
[INFO] 22:48:09:41 BROKER/(32722:32756): Se conectó un proceso GameBoy
[INFO] 22:48:09:46 BROKER/(32722:32756): Almaceno mensaje en partición que comienza en: 26
[INFO] 22:48:09:69 BROKER/(32722:32759): Se conectó un proceso GameBoy
[INFO] 22:48:09:85 BROKER/(32722:32759): Almaceno mensaje en partición que comienza en: 38
[INFO] 22:51:06:275 BROKER/(681:681): Estoy escuchando!
[INFO] 22:51:08:737 BROKER/(681:700): Se conectó un proceso GameBoy
[INFO] 22:51:08:739 BROKER/(681:700): Almaceno mensaje en partición que comienza en: 0
[INFO] 22:51:08:745 BROKER/(681:703): Se conectó un proceso GameBoy
[INFO] 22:51:08:750 BROKER/(681:703): Almaceno mensaje en partición que comienza en: 12
[INFO] 22:51:52:261 BROKER/(681:713): Se conectó un proceso GameBoy
[INFO] 22:51:52:262 BROKER/(681:713): Almaceno mensaje en partición que comienza en: 26
[INFO] 22:51:52:264 BROKER/(681:716): Se conectó un proceso GameBoy
[INFO] 22:51:52:266 BROKER/(681:716): Almaceno mensaje en partición que comienza en: 45
[INFO] 22:51:52:268 BROKER/(681:719): Se conectó un proceso GameBoy
[INFO] 22:51:52:271 BROKER/(681:719): Almaceno mensaje en partición que comienza en: 65
[INFO] 22:51:52:273 BROKER/(681:722): Se conectó un proceso GameBoy
[INFO] 22:51:52:277 BROKER/(681:722): Almaceno mensaje en partición que comienza en: 69
[INFO] 22:51:52:278 BROKER/(681:725): Se conectó un proceso GameBoy
[INFO] 22:51:52:291 BROKER/(681:725): Almaceno mensaje en partición que comienza en: 73
[INFO] 22:51:52:297 BROKER/(681:728): Se conectó un proceso GameBoy
[INFO] 22:51:52:343 BROKER/(681:728): Almaceno mensaje en partición que comienza en: 94
[INFO] 22:51:52:367 BROKER/(681:731): Se conectó un proceso GameBoy
[INFO] 22:51:52:374 BROKER/(681:731): Almaceno mensaje en partición que comienza en: 116
[INFO] 22:51:52:381 BROKER/(681:734): Se conectó un proceso GameBoy
[INFO] 22:51:52:388 BROKER/(681:734): Almaceno mensaje en partición que comienza en: 126
[INFO] 22:53:10:247 BROKER/(681:745): Se conectó un proceso GameBoy
[INFO] 22:53:10:279 BROKER/(681:749): Se conectó un proceso GameBoy
[INFO] 22:53:10:285 BROKER/(681:749): Almaceno mensaje en partición que comienza en: 136
[INFO] 22:53:10:293 BROKER/(681:752): Se conectó un proceso GameBoy
[INFO] 22:53:10:299 BROKER/(681:752): Almaceno mensaje en partición que comienza en: 151
[INFO] 22:54:00:513 BROKER/(681:763): Se conectó un proceso GameBoy
[INFO] 22:54:00:524 BROKER/(681:766): Se conectó un proceso GameBoy
[INFO] 22:54:00:530 BROKER/(681:769): Se conectó un proceso GameBoy
[INFO] 22:54:00:541 BROKER/(681:769): Almaceno mensaje en partición que comienza en: 161
[INFO] 22:54:00:553 BROKER/(681:772): Se conectó un proceso GameBoy
[INFO] 22:54:00:558 BROKER/(681:772): Almaceno mensaje en partición que comienza en: 165
[INFO] 22:54:00:562 BROKER/(681:775): Se conectó un proceso GameBoy
[INFO] 22:54:00:580 BROKER/(681:778): Se conectó un proceso GameBoy
[INFO] 22:54:00:587 BROKER/(681:781): Se conectó un proceso GameBoy
[INFO] 22:54:00:593 BROKER/(681:784): Se conectó un proceso GameBoy
[INFO] 22:56:54:176 BROKER/(831:831): Estoy escuchando!
[INFO] 22:57:36:98 BROKER/(831:855): Se conectó un proceso GameBoy
[INFO] 22:57:36:101 BROKER/(831:855): Almaceno mensaje en partición que comienza en: 0
[INFO] 22:57:40:123 BROKER/(831:859): Se conectó un proceso GameBoy
[INFO] 22:57:45:108 BROKER/(831:862): Se conectó un proceso GameBoy
[INFO] 22:57:45:111 BROKER/(831:862): Almaceno mensaje en partición que comienza en: 11
[INFO] 22:57:49:484 BROKER/(831:865): Se conectó un proceso GameBoy
[INFO] 22:57:49:487 BROKER/(831:865): Almaceno mensaje en partición que comienza en: 22
[INFO] 22:57:51:820 BROKER/(831:868): Se conectó un proceso GameBoy
[INFO] 22:57:51:824 BROKER/(831:868): Almaceno mensaje en partición que comienza en: 36
[INFO] 22:57:56:782 BROKER/(831:871): Se conectó un proceso GameBoy
[INFO] 22:57:56:785 BROKER/(831:871): Almaceno mensaje en partición que comienza en: 47
[INFO] 22:58:00:126 BROKER/(831:874): Se conectó un proceso GameBoy
[INFO] 22:58:00:150 BROKER/(831:874): Almaceno mensaje en partición que comienza en: 54
[INFO] 22:58:07:77 BROKER/(831:877): Se conectó un proceso GameBoy
[INFO] 22:58:07:86 BROKER/(831:877): Almaceno mensaje en partición que comienza en: 62
[INFO] 22:58:13:901 BROKER/(831:883): Se conectó un proceso GameBoy
[INFO] 22:58:13:904 BROKER/(831:883): Almaceno mensaje en partición que comienza en: 71
[INFO] 22:58:43:545 BROKER/(831:891): Se conectó un proceso GameBoy
[INFO] 22:58:49:765 BROKER/(831:894): Se conectó un proceso GameBoy
[INFO] 22:58:53:365 BROKER/(831:897): Se conectó un proceso GameBoy
[INFO] 22:58:53:370 BROKER/(831:897): Almaceno mensaje en partición que comienza en: 76
[INFO] 22:58:58:323 BROKER/(831:900): Se conectó un proceso GameBoy
[INFO] 23:02:58:225 BROKER/(1207:1207): Estoy escuchando!
[INFO] 23:03:32:601 BROKER/(1207:1240): Se conectó un proceso GameBoy
[INFO] 23:03:32:608 BROKER/(1207:1240): Almaceno mensaje en partición que comienza en: 0
[INFO] 23:03:32:618 BROKER/(1207:1244): Se conectó un proceso GameBoy
[INFO] 23:03:32:635 BROKER/(1207:1244): Almaceno mensaje en partición que comienza en: 11
[INFO] 23:06:16:872 BROKER/(1279:1279): Estoy escuchando!
[INFO] 23:06:18:716 BROKER/(1279:1301): Se conectó un proceso GameBoy
[INFO] 23:06:18:724 BROKER/(1279:1301): Almaceno mensaje en partición que comienza en: 0
[INFO] 23:06:18:735 BROKER/(1279:1305): Se conectó un proceso GameBoy
[INFO] 23:06:18:743 BROKER/(1279:1305): Almaceno mensaje en partición que comienza en: 11
[INFO] 23:06:18:746 BROKER/(1279:1308): Se conectó un proceso GameBoy
[INFO] 23:06:18:750 BROKER/(1279:1308): Almaceno mensaje en partición que comienza en: 25
[INFO] 23:06:18:752 BROKER/(1279:1311): Se conectó un proceso GameBoy
[INFO] 23:06:18:754 BROKER/(1279:1311): Almaceno mensaje en partición que comienza en: 44
[INFO] 23:06:18:756 BROKER/(1279:1314): Se conectó un proceso GameBoy
[INFO] 23:06:18:758 BROKER/(1279:1314): Almaceno mensaje en partición que comienza en: 64
[INFO] 23:06:18:761 BROKER/(1279:1317): Se conectó un proceso GameBoy
[INFO] 23:06:18:762 BROKER/(1279:1317): Almaceno mensaje en partición que comienza en: 68
[INFO] 23:06:19:850 BROKER/(1279:1325): Se conectó un proceso GameBoy
[INFO] 23:06:19:851 BROKER/(1279:1325): Almaceno mensaje en partición que comienza en: 72
[INFO] 23:06:19:866 BROKER/(1279:1328): Se conectó un proceso GameBoy
[INFO] 23:06:19:880 BROKER/(1279:1328): Almaceno mensaje en partición que comienza en: 81
[INFO] 23:16:11:970 BROKER/(1622:1622): Estoy escuchando!
[INFO] 23:16:14:109 BROKER/(1622:1642): Se conectó un proceso GameBoy
[INFO] 23:16:14:110 BROKER/(1622:1642): Almaceno mensaje en partición que comienza en: 0
[INFO] 23:16:14:120 BROKER/(1622:1646): Se conectó un proceso GameBoy
[INFO] 23:16:14:125 BROKER/(1622:1646): Almaceno mensaje en partición que comienza en: 11
[INFO] 23:16:14:128 BROKER/(1622:1649): Se conectó un proceso GameBoy
[INFO] 23:16:14:134 BROKER/(1622:1649): Almaceno mensaje en partición que comienza en: 25
[INFO] 23:16:14:139 BROKER/(1622:1652): Se conectó un proceso GameBoy
[INFO] 23:16:14:141 BROKER/(1622:1652): Almaceno mensaje en partición que comienza en: 44
[INFO] 23:16:14:143 BROKER/(1622:1655): Se conectó un proceso GameBoy
[INFO] 23:16:14:145 BROKER/(1622:1655): Almaceno mensaje en partición que comienza en: 64
[INFO] 23:16:14:149 BROKER/(1622:1658): Se conectó un proceso GameBoy
[INFO] 23:16:14:157 BROKER/(1622:1658): Almaceno mensaje en partición que comienza en: 68
[INFO] 23:16:14:163 BROKER/(1622:1661): Se conectó un proceso GameBoy
[INFO] 23:16:14:165 BROKER/(1622:1661): Almaceno mensaje en partición que comienza en: 72
[INFO] 23:16:14:167 BROKER/(1622:1664): Se conectó un proceso GameBoy
[INFO] 23:16:14:171 BROKER/(1622:1664): Almaceno mensaje en partición que comienza en: 93
[INFO] 23:16:14:173 BROKER/(1622:1667): Se conectó un proceso GameBoy
[INFO] 23:16:14:176 BROKER/(1622:1667): Almaceno mensaje en partición que comienza en: 115
[INFO] 23:16:14:179 BROKER/(1622:1670): Se conectó un proceso GameBoy
[INFO] 23:16:14:192 BROKER/(1622:1670): Almaceno mensaje en partición que comienza en: 124
[INFO] 23:24:20:107 BROKER/(2202:2202): Estoy escuchando!
[INFO] 23:24:51:355 BROKER/(2202:2257): Se conectó un proceso GameBoy
[INFO] 23:24:51:357 BROKER/(2202:2257): Almaceno mensaje en partición que comienza en: 0
[INFO] 23:24:51:360 BROKER/(2202:2260): Se conectó un proceso GameBoy
[INFO] 23:24:51:365 BROKER/(2202:2260): Almaceno mensaje en partición que comienza en: 11
[INFO] 23:24:51:367 BROKER/(2202:2263): Se conectó un proceso GameBoy
[INFO] 23:24:51:369 BROKER/(2202:2263): Almaceno mensaje en partición que comienza en: 25
[INFO] 23:24:51:371 BROKER/(2202:2266): Se conectó un proceso GameBoy
[INFO] 23:24:51:373 BROKER/(2202:2266): Almaceno mensaje en partición que comienza en: 44
[INFO] 23:24:51:376 BROKER/(2202:2269): Se conectó un proceso GameBoy
[INFO] 23:24:51:384 BROKER/(2202:2269): Almaceno mensaje en partición que comienza en: 64
[INFO] 23:24:51:388 BROKER/(2202:2272): Se conectó un proceso GameBoy
[INFO] 23:24:51:389 BROKER/(2202:2272): Almaceno mensaje en partición que comienza en: 68
[INFO] 23:24:51:393 BROKER/(2202:2275): Se conectó un proceso GameBoy
[INFO] 23:24:51:395 BROKER/(2202:2275): Almaceno mensaje en partición que comienza en: 72
[INFO] 23:24:51:397 BROKER/(2202:2278): Se conectó un proceso GameBoy
[INFO] 23:24:51:402 BROKER/(2202:2278): Almaceno mensaje en partición que comienza en: 93
[INFO] 23:24:51:405 BROKER/(2202:2281): Se conectó un proceso GameBoy
[INFO] 23:24:51:413 BROKER/(2202:2281): Almaceno mensaje en partición que comienza en: 115
[INFO] 23:24:51:426 BROKER/(2202:2284): Se conectó un proceso GameBoy
[INFO] 23:24:51:430 BROKER/(2202:2284): Almaceno mensaje en partición que comienza en: 124
[INFO] 10:33:46:202 BROKER/(3066:3066): Estoy escuchando!
[INFO] 10:34:19:101 BROKER/(3066:3093): Se conectó un proceso GameBoy
[INFO] 10:34:19:102 BROKER/(3066:3093): Se suscribrió el pre
[INFO] 10:35:04:316 BROKER/(3151:3151): Estoy escuchando!
[INFO] 10:35:36:395 BROKER/(3151:3378): Se conectó un proceso GameBoy
[INFO] 10:36:54:922 BROKER/(3432:3432): Estoy escuchando!
[INFO] 10:36:56:442 BROKER/(3432:3451): Se conectó un proceso GameBoy
[INFO] 10:37:50:551 BROKER/(3521:3521): Estoy escuchando!
[INFO] 10:37:51:559 BROKER/(3521:3540): Se conectó un proceso GameBoy
[INFO] 10:40:23:280 BROKER/(3645:3645): Estoy escuchando!
[INFO] 10:40:24:129 BROKER/(3645:3665): Se conectó un proceso GameBoy
[INFO] 10:45:11:640 BROKER/(3812:3812): Estoy escuchando!
[INFO] 10:45:13:735 BROKER/(3812:3831): Se conectó un proceso GameBoy
[INFO] 10:47:37:467 BROKER/(3968:3968): Estoy escuchando!
[INFO] 10:47:40:568 BROKER/(3968:3987): Se conectó un proceso GameBoy
[INFO] 10:50:23:926 BROKER/(4098:4098): Estoy escuchando!
[INFO] 10:50:24:710 BROKER/(4098:4117): Se conectó un proceso GameBoy
[INFO] 10:55:50:501 BROKER/(4403:4403): Estoy escuchando!
[INFO] 10:59:07:702 BROKER/(4555:4555): Estoy escuchando!
[INFO] 11:01:13:360 BROKER/(4744:4744): Estoy escuchando!
[INFO] 11:02:51:464 BROKER/(4857:4857): Estoy escuchando!
[INFO] 11:05:35:178 BROKER/(5009:5009): Estoy escuchando!
[INFO] 11:08:51:623 BROKER/(5311:5311): Estoy escuchando!
[INFO] 11:09:58:750 BROKER/(5385:5385): Estoy escuchando!
[INFO] 11:11:09:668 BROKER/(5523:5523): Estoy escuchando!
[INFO] 11:11:12:984 BROKER/(5523:5568): Almaceno mensaje en partición que comienza en: 0
[INFO] 11:11:12:992 BROKER/(5523:5569): Almaceno mensaje en partición que comienza en: 11
[INFO] 11:14:27:877 BROKER/(5667:5667): Estoy escuchando!
[INFO] 11:15:23:401 BROKER/(5667:5728): Almaceno mensaje en partición que comienza en: 0
[INFO] 11:15:23:401 BROKER/(5667:5727): Almaceno mensaje en partición que comienza en: 14
[INFO] 11:20:50:910 BROKER/(5982:5982): Estoy escuchando!
[INFO] 11:20:55:57 BROKER/(5982:6030): Almaceno mensaje en partición que comienza en: 0
[INFO] 11:20:55:58 BROKER/(5982:6031): Almaceno mensaje en partición que comienza en: 14
[INFO] 11:24:13:789 BROKER/(6143:6143): Estoy escuchando!
[INFO] 11:24:45:579 BROKER/(6143:6197): Almaceno mensaje en partición que comienza en: 0
[INFO] 11:24:45:588 BROKER/(6143:6198): Almaceno mensaje en partición que comienza en: 11
[INFO] 11:29:24:761 BROKER/(6285:6285): Estoy escuchando!
[INFO] 11:29:54:840 BROKER/(6285:6333): Almaceno mensaje en partición que comienza en: 0
[INFO] 11:29:54:844 BROKER/(6285:6336): Almaceno mensaje en partición que comienza en: 4
[INFO] 11:29:54:846 BROKER/(6285:6339): Almaceno mensaje en partición que comienza en: 8
[INFO] 11:29:54:849 BROKER/(6285:6342): Almaceno mensaje en partición que comienza en: 27
[INFO] 11:29:54:851 BROKER/(6285:6345): Almaceno mensaje en partición que comienza en: 47
[INFO] 11:30:04:875 BROKER/(6285:6353): Almaceno mensaje en partición que comienza en: 63
[INFO] 11:32:11:725 BROKER/(6285:6394): Almaceno mensaje en partición que comienza en: 85
[INFO] 11:36:13:936 BROKER/(6531:6531): Estoy escuchando!
[INFO] 11:36:20:117 BROKER/(6531:6552): Almaceno mensaje en partición que comienza en: 0
[INFO] 11:36:20:134 BROKER/(6531:6556): Almaceno mensaje en partición que comienza en: 4
[INFO] 11:36:20:137 BROKER/(6531:6559): Almaceno mensaje en partición que comienza en: 8
[INFO] 11:36:20:147 BROKER/(6531:6562): Almaceno mensaje en partición que comienza en: 27
[INFO] 11:36:20:151 BROKER/(6531:6565): Almaceno mensaje en partición que comienza en: 47
[INFO] 12:47:01:883 BROKER/(7259:7259): Estoy escuchando!
[INFO] 12:47:03:719 BROKER/(7259:7278): Almaceno mensaje en partición que comienza en: 0
[INFO] 12:47:03:723 BROKER/(7259:7281): Almaceno mensaje en partición que comienza en: 4
[INFO] 12:47:03:726 BROKER/(7259:7284): Almaceno mensaje en partición que comienza en: 8
[INFO] 12:47:03:729 BROKER/(7259:7287): Almaceno mensaje en partición que comienza en: 27
[INFO] 12:47:03:741 BROKER/(7259:7290): Almaceno mensaje en partición que comienza en: 47
[INFO] 12:55:37:27 BROKER/(7597:7597): Estoy escuchando!
[INFO] 12:55:41:557 BROKER/(7597:7618): Almaceno mensaje en partición que comienza en: 0
[INFO] 12:55:41:565 BROKER/(7597:7621): Almaceno mensaje en partición que comienza en: 4
[INFO] 12:55:41:570 BROKER/(7597:7624): Almaceno mensaje en partición que comienza en: 8
[INFO] 12:55:41:581 BROKER/(7597:7627): Almaceno mensaje en partición que comienza en: 27
[INFO] 12:55:41:587 BROKER/(7597:7630): Almaceno mensaje en partición que comienza en: 47
[INFO] 12:55:51:604 BROKER/(7597:7638): Elimino particion que comienza en: 0x815baa7
[INFO] 12:56:55:204 BROKER/(7699:7699): Estoy escuchando!
[INFO] 12:57:04:765 BROKER/(7699:7717): Almaceno mensaje en partición que comienza en: 0
[INFO] 12:57:14:486 BROKER/(7699:7722): Almaceno mensaje en partición que comienza en: 4
[INFO] 12:57:22:644 BROKER/(7699:7727): Almaceno mensaje en partición que comienza en: 8
[INFO] 12:57:30:853 BROKER/(7699:7730): Almaceno mensaje en partición que comienza en: 27
[INFO] 12:57:41:996 BROKER/(7699:7733): Almaceno mensaje en partición que comienza en: 47
[INFO] 12:58:30:367 BROKER/(7699:7745): Elimino particion que comienza en: 0x9bb4aa7
[INFO] 12:59:26:904 BROKER/(7804:7804): Estoy escuchando!
[INFO] 12:59:29:441 BROKER/(7804:7823): Almaceno mensaje en partición que comienza en: 0
[INFO] 12:59:29:445 BROKER/(7804:7826): Almaceno mensaje en partición que comienza en: 4
[INFO] 12:59:29:450 BROKER/(7804:7829): Almaceno mensaje en partición que comienza en: 8
[INFO] 12:59:29:452 BROKER/(7804:7832): Almaceno mensaje en partición que comienza en: 27
[INFO] 12:59:29:456 BROKER/(7804:7835): Almaceno mensaje en partición que comienza en: 47
[INFO] 12:59:39:464 BROKER/(7804:7842): Elimino particion que comienza en: 0x9800aa7
[INFO] 13:00:24:728 BROKER/(7904:7904): Estoy escuchando!
[INFO] 13:00:25:603 BROKER/(7904:7923): Almaceno mensaje en partición que comienza en: 0
[INFO] 13:00:25:608 BROKER/(7904:7926): Almaceno mensaje en partición que comienza en: 4
[INFO] 13:00:25:614 BROKER/(7904:7929): Almaceno mensaje en partición que comienza en: 8
[INFO] 13:00:25:617 BROKER/(7904:7932): Almaceno mensaje en partición que comienza en: 27
[INFO] 13:00:25:620 BROKER/(7904:7935): Almaceno mensaje en partición que comienza en: 47
[INFO] 13:00:35:627 BROKER/(7904:7941): Elimino particion que comienza en: 0x9308aa7
[INFO] 13:01:03:832 BROKER/(7990:7990): Estoy escuchando!
[INFO] 13:01:05:330 BROKER/(7990:8009): Almaceno mensaje en partición que comienza en: 0
[INFO] 13:01:05:340 BROKER/(7990:8012): Almaceno mensaje en partición que comienza en: 4
[INFO] 13:01:05:357 BROKER/(7990:8015): Almaceno mensaje en partición que comienza en: 8
[INFO] 13:01:05:365 BROKER/(7990:8018): Almaceno mensaje en partición que comienza en: 27
[INFO] 13:01:05:376 BROKER/(7990:8021): Almaceno mensaje en partición que comienza en: 47
[INFO] 13:01:15:400 BROKER/(7990:8027): Elimino particion que comienza en: 0x9690aa7
[INFO] 13:02:33:604 BROKER/(8097:8097): Estoy escuchando!
[INFO] 13:02:34:559 BROKER/(8097:8116): Almaceno mensaje en partición que comienza en: 0
[INFO] 13:02:34:563 BROKER/(8097:8119): Almaceno mensaje en partición que comienza en: 4
[INFO] 13:02:34:569 BROKER/(8097:8122): Almaceno mensaje en partición que comienza en: 8
[INFO] 13:02:34:573 BROKER/(8097:8125): Almaceno mensaje en partición que comienza en: 27
[INFO] 13:02:34:576 BROKER/(8097:8128): Almaceno mensaje en partición que comienza en: 47
[INFO] 13:02:44:583 BROKER/(8097:8137): Elimino particion que comienza en: 0x9601aa7
[INFO] 13:03:09:8 BROKER/(8186:8186): Estoy escuchando!
[INFO] 13:03:09:802 BROKER/(8186:8205): Almaceno mensaje en partición que comienza en: 0
[INFO] 13:03:09:805 BROKER/(8186:8208): Almaceno mensaje en partición que comienza en: 4
[INFO] 13:03:09:810 BROKER/(8186:8211): Almaceno mensaje en partición que comienza en: 8
[INFO] 13:03:09:813 BROKER/(8186:8214): Almaceno mensaje en partición que comienza en: 27
[INFO] 13:03:09:817 BROKER/(8186:8217): Almaceno mensaje en partición que comienza en: 47
[INFO] 13:03:19:825 BROKER/(8186:8223): Elimino particion que comienza en: 0x8c0caa7
[INFO] 13:04:27:379 BROKER/(8479:8479): Estoy escuchando!
[INFO] 13:04:28:399 BROKER/(8479:8498): Almaceno mensaje en partición que comienza en: 0
[INFO] 13:04:28:403 BROKER/(8479:8501): Almaceno mensaje en partición que comienza en: 4
[INFO] 13:04:28:409 BROKER/(8479:8504): Almaceno mensaje en partición que comienza en: 8
[INFO] 13:04:28:412 BROKER/(8479:8507): Almaceno mensaje en partición que comienza en: 27
[INFO] 13:04:28:414 BROKER/(8479:8510): Almaceno mensaje en partición que comienza en: 47
[INFO] 13:04:32:421 BROKER/(8479:8518): Elimino particion que comienza en: 0x9a39aa7
[INFO] 13:05:31:308 BROKER/(8612:8612): Estoy escuchando!
[INFO] 13:05:32:916 BROKER/(8612:8631): Almaceno mensaje en partición que comienza en: 0
[INFO] 13:05:32:919 BROKER/(8612:8634): Almaceno mensaje en partición que comienza en: 4
[INFO] 13:05:32:922 BROKER/(8612:8637): Almaceno mensaje en partición que comienza en: 8
[INFO] 13:05:32:926 BROKER/(8612:8640): Almaceno mensaje en partición que comienza en: 27
[INFO] 13:05:32:929 BROKER/(8612:8643): Almaceno mensaje en partición que comienza en: 47
[INFO] 13:05:36:935 BROKER/(8612:8650): Elimino particion que comienza en: 0x8122aa7
[INFO] 13:06:56:432 BROKER/(8754:8754): Estoy escuchando!
[INFO] 13:06:59:311 BROKER/(8754:8774): Almaceno mensaje en partición que comienza en: 0
[INFO] 13:06:59:314 BROKER/(8754:8777): Almaceno mensaje en partición que comienza en: 4
[INFO] 13:06:59:319 BROKER/(8754:8780): Almaceno mensaje en partición que comienza en: 8
[INFO] 13:06:59:322 BROKER/(8754:8783): Almaceno mensaje en partición que comienza en: 27
[INFO] 13:06:59:325 BROKER/(8754:8786): Almaceno mensaje en partición que comienza en: 47
[INFO] 13:07:03:338 BROKER/(8754:8792): Elimino particion que comienza en: 0x2f
[INFO] 13:07:38:792 BROKER/(8826:8826): Estoy escuchando!
[INFO] 13:07:39:417 BROKER/(8826:8845): Almaceno mensaje en partición que comienza en: 0
[INFO] 13:07:39:419 BROKER/(8826:8848): Almaceno mensaje en partición que comienza en: 4
[INFO] 13:07:39:424 BROKER/(8826:8851): Almaceno mensaje en partición que comienza en: 8
[INFO] 13:07:39:427 BROKER/(8826:8854): Almaceno mensaje en partición que comienza en: 27
[INFO] 13:07:39:429 BROKER/(8826:8857): Almaceno mensaje en partición que comienza en: 47
[INFO] 13:07:43:440 BROKER/(8826:8863): Elimino particion que comienza en: 47
[INFO] 13:15:10:984 BROKER/(9247:9247): Estoy escuchando!
[INFO] 13:15:12:523 BROKER/(9247:9266): Almaceno mensaje en partición que comienza en: 0
[INFO] 13:15:12:526 BROKER/(9247:9269): Almaceno mensaje en partición que comienza en: 4
[INFO] 13:15:12:531 BROKER/(9247:9272): Almaceno mensaje en partición que comienza en: 8
[INFO] 13:15:12:535 BROKER/(9247:9275): Almaceno mensaje en partición que comienza en: 27
[INFO] 13:15:12:538 BROKER/(9247:9278): Almaceno mensaje en partición que comienza en: 47
[INFO] 13:15:16:543 BROKER/(9247:9285): Elimino particion que comienza en: 47
[INFO] 13:16:25:567 BROKER/(9340:9340): Estoy escuchando!
[INFO] 13:16:27:438 BROKER/(9340:9359): Almaceno mensaje en partición que comienza en: 0
[INFO] 13:16:27:441 BROKER/(9340:9362): Almaceno mensaje en partición que comienza en: 4
[INFO] 13:16:27:446 BROKER/(9340:9365): Almaceno mensaje en partición que comienza en: 8
[INFO] 13:16:27:449 BROKER/(9340:9368): Almaceno mensaje en partición que comienza en: 27
[INFO] 13:16:27:452 BROKER/(9340:9371): Almaceno mensaje en partición que comienza en: 47
[INFO] 13:16:31:475 BROKER/(9340:9377): Elimino particion que comienza en: 47
[INFO] 13:17:31:3 BROKER/(9449:9449): Estoy escuchando!
[INFO] 13:17:33:774 BROKER/(9449:9468): Almaceno mensaje en partición que comienza en: 0
[INFO] 13:17:33:796 BROKER/(9449:9471): Almaceno mensaje en partición que comienza en: 4
[INFO] 13:17:33:805 BROKER/(9449:9474): Almaceno mensaje en partición que comienza en: 8
[INFO] 13:17:33:816 BROKER/(9449:9477): Almaceno mensaje en partición que comienza en: 27
[INFO] 13:17:33:824 BROKER/(9449:9480): Almaceno mensaje en partición que comienza en: 47
[INFO] 13:17:37:844 BROKER/(9449:9486): Elimino particion que comienza en: 47
[INFO] 13:18:00:731 BROKER/(9529:9529): Estoy escuchando!
[INFO] 13:18:01:227 BROKER/(9529:9548): Almaceno mensaje en partición que comienza en: 0
[INFO] 13:18:01:231 BROKER/(9529:9551): Almaceno mensaje en partición que comienza en: 4
[INFO] 13:18:01:235 BROKER/(9529:9554): Almaceno mensaje en partición que comienza en: 8
[INFO] 13:18:01:241 BROKER/(9529:9557): Almaceno mensaje en partición que comienza en: 27
[INFO] 13:18:01:245 BROKER/(9529:9560): Almaceno mensaje en partición que comienza en: 47
[INFO] 13:18:05:249 BROKER/(9529:9567): Elimino particion que comienza en: 47
[INFO] 13:18:34:839 BROKER/(9616:9616): Estoy escuchando!
[INFO] 13:18:35:384 BROKER/(9616:9635): Almaceno mensaje en partición que comienza en: 0
[INFO] 13:18:35:387 BROKER/(9616:9638): Almaceno mensaje en partición que comienza en: 4
[INFO] 13:18:35:392 BROKER/(9616:9641): Almaceno mensaje en partición que comienza en: 8
[INFO] 13:18:35:395 BROKER/(9616:9644): Almaceno mensaje en partición que comienza en: 27
[INFO] 13:18:35:398 BROKER/(9616:9647): Almaceno mensaje en partición que comienza en: 47
[INFO] 13:18:39:408 BROKER/(9616:9654): Elimino particion que comienza en: 47
[INFO] 13:20:03:135 BROKER/(9761:9761): Estoy escuchando!
[INFO] 13:20:03:956 BROKER/(9761:9780): Almaceno mensaje en partición que comienza en: 0
[INFO] 13:20:03:961 BROKER/(9761:9783): Almaceno mensaje en partición que comienza en: 4
[INFO] 13:20:03:965 BROKER/(9761:9786): Almaceno mensaje en partición que comienza en: 8
[INFO] 13:20:03:968 BROKER/(9761:9789): Almaceno mensaje en partición que comienza en: 27
[INFO] 13:20:03:971 BROKER/(9761:9792): Almaceno mensaje en partición que comienza en: 47
[INFO] 13:20:07:988 BROKER/(9761:9798): Elimino particion que comienza en: 47
[INFO] 13:21:36:324 BROKER/(9866:9866): Estoy escuchando!
[INFO] 13:21:37:274 BROKER/(9866:9886): Almaceno mensaje en partición que comienza en: 0
[INFO] 13:21:37:277 BROKER/(9866:9889): Almaceno mensaje en partición que comienza en: 4
[INFO] 13:21:37:282 BROKER/(9866:9892): Almaceno mensaje en partición que comienza en: 8
[INFO] 13:21:37:285 BROKER/(9866:9895): Almaceno mensaje en partición que comienza en: 27
[INFO] 13:21:37:288 BROKER/(9866:9898): Almaceno mensaje en partición que comienza en: 47
[INFO] 13:21:41:301 BROKER/(9866:9904): Elimino particion que comienza en: 47
[INFO] 13:22:30:208 BROKER/(9958:9958): Estoy escuchando!
[INFO] 13:22:31:901 BROKER/(9958:9977): Almaceno mensaje en partición que comienza en: 0
[INFO] 13:22:31:904 BROKER/(9958:9980): Almaceno mensaje en partición que comienza en: 4
[INFO] 13:22:31:909 BROKER/(9958:9983): Almaceno mensaje en partición que comienza en: 8
[INFO] 13:22:31:912 BROKER/(9958:9986): Almaceno mensaje en partición que comienza en: 27
[INFO] 13:22:31:915 BROKER/(9958:9989): Almaceno mensaje en partición que comienza en: 47
[INFO] 13:22:35:922 BROKER/(9958:9995): Elimino particion que comienza en: 47
[INFO] 13:25:16:15 BROKER/(10138:10138): Estoy escuchando!
[INFO] 13:25:17:218 BROKER/(10138:10157): Almaceno mensaje en partición que comienza en: 0
[INFO] 13:25:17:222 BROKER/(10138:10160): Almaceno mensaje en partición que comienza en: 4
[INFO] 13:25:17:227 BROKER/(10138:10163): Almaceno mensaje en partición que comienza en: 8
[INFO] 13:25:17:230 BROKER/(10138:10166): Almaceno mensaje en partición que comienza en: 27
[INFO] 13:25:17:233 BROKER/(10138:10169): Almaceno mensaje en partición que comienza en: 47
[INFO] 13:25:21:238 BROKER/(10138:10175): Elimino particion que comienza en: 47
[INFO] 13:27:33:568 BROKER/(10259:10259): Estoy escuchando!
[INFO] 13:27:34:894 BROKER/(10259:10278): Almaceno mensaje en partición que comienza en: 0
[INFO] 13:27:34:899 BROKER/(10259:10281): Almaceno mensaje en partición que comienza en: 4
[INFO] 13:27:34:902 BROKER/(10259:10284): Almaceno mensaje en partición que comienza en: 8
[INFO] 13:27:34:905 BROKER/(10259:10287): Almaceno mensaje en partición que comienza en: 27
[INFO] 13:27:34:907 BROKER/(10259:10290): Almaceno mensaje en partición que comienza en: 47
[INFO] 13:27:38:924 BROKER/(10259:10296): Elimino particion que comienza en: 47
[INFO] 13:29:38:351 BROKER/(10403:10403): Estoy escuchando!
[INFO] 13:29:38:814 BROKER/(10403:10435): Almaceno mensaje en partición que comienza en: 0
[INFO] 13:29:43:184 BROKER/(10403:10445): Almaceno mensaje en partición que comienza en: 22
[INFO] 13:29:43:188 BROKER/(10403:10448): Almaceno mensaje en partición que comienza en: 26
[INFO] 13:29:43:192 BROKER/(10403:10451): Almaceno mensaje en partición que comienza en: 30
[INFO] 13:29:43:195 BROKER/(10403:10454): Elimino particion que comienza en: 0
[INFO] 13:29:51:996 BROKER/(10475:10475): Estoy escuchando!
[INFO] 13:29:54:125 BROKER/(10475:10494): Almaceno mensaje en partición que comienza en: 0
[INFO] 13:29:54:128 BROKER/(10475:10497): Almaceno mensaje en partición que comienza en: 4
[INFO] 13:29:54:137 BROKER/(10475:10500): Almaceno mensaje en partición que comienza en: 8
[INFO] 13:29:54:139 BROKER/(10475:10503): Almaceno mensaje en partición que comienza en: 27
[INFO] 13:29:54:143 BROKER/(10475:10506): Almaceno mensaje en partición que comienza en: 47
[INFO] 13:29:58:149 BROKER/(10475:10512): Elimino particion que comienza en: 47
[INFO] 13:29:58:149 BROKER/(10475:10512): Elimino particion que comienza en: 0
[INFO] 13:30:39:425 BROKER/(10555:10555): Estoy escuchando!
[INFO] 13:30:40:114 BROKER/(10555:10574): Almaceno mensaje en partición que comienza en: 0
[INFO] 13:30:40:117 BROKER/(10555:10577): Almaceno mensaje en partición que comienza en: 4
[INFO] 13:30:40:120 BROKER/(10555:10580): Almaceno mensaje en partición que comienza en: 8
[INFO] 13:30:40:124 BROKER/(10555:10583): Almaceno mensaje en partición que comienza en: 27
[INFO] 13:30:40:126 BROKER/(10555:10586): Almaceno mensaje en partición que comienza en: 47
[INFO] 13:30:44:141 BROKER/(10555:10594): Elimino particion que comienza en: 47
[INFO] 13:30:44:141 BROKER/(10555:10594): Elimino particion que comienza en: 0
[INFO] 13:32:03:324 BROKER/(10659:10659): Estoy escuchando!
[INFO] 13:32:04:82 BROKER/(10659:10678): Almaceno mensaje en partición que comienza en: 0
[INFO] 13:32:04:85 BROKER/(10659:10681): Almaceno mensaje en partición que comienza en: 4
[INFO] 13:32:04:90 BROKER/(10659:10684): Almaceno mensaje en partición que comienza en: 8
[INFO] 13:32:04:93 BROKER/(10659:10687): Almaceno mensaje en partición que comienza en: 27
[INFO] 13:32:04:95 BROKER/(10659:10690): Almaceno mensaje en partición que comienza en: 47
[INFO] 13:32:08:101 BROKER/(10659:10696): Elimino particion que comienza en: 47
[INFO] 13:32:08:101 BROKER/(10659:10696): Elimino particion que comienza en: 0
[INFO] 13:37:16:931 BROKER/(10904:10904): Estoy escuchando!
[INFO] 13:37:19:128 BROKER/(10904:10924): Almaceno mensaje en partición que comienza en: 0
[INFO] 13:37:19:131 BROKER/(10904:10927): Almaceno mensaje en partición que comienza en: 4
[INFO] 13:37:19:133 BROKER/(10904:10930): Almaceno mensaje en partición que comienza en: 8
[INFO] 13:37:19:137 BROKER/(10904:10933): Almaceno mensaje en partición que comienza en: 27
[INFO] 13:37:19:139 BROKER/(10904:10936): Almaceno mensaje en partición que comienza en: 47
[INFO] 13:37:23:152 BROKER/(10904:10942): Elimino particion que comienza en: 0
[INFO] 13:40:31:308 BROKER/(11201:11201): Estoy escuchando!
[INFO] 13:40:32:297 BROKER/(11201:11220): Almaceno mensaje en partición que comienza en: 0
[INFO] 13:40:32:301 BROKER/(11201:11223): Almaceno mensaje en partición que comienza en: 4
[INFO] 13:40:32:305 BROKER/(11201:11226): Almaceno mensaje en partición que comienza en: 8
[INFO] 13:40:32:308 BROKER/(11201:11229): Almaceno mensaje en partición que comienza en: 27
[INFO] 13:40:32:311 BROKER/(11201:11232): Almaceno mensaje en partición que comienza en: 47
[INFO] 13:40:36:321 BROKER/(11201:11238): Elimino particion que comienza en: 0
[INFO] 13:40:36:321 BROKER/(11201:11238): Elimino particion que comienza en: 4
[INFO] 13:41:50:823 BROKER/(11336:11336): Estoy escuchando!
[INFO] 13:41:52:921 BROKER/(11336:11355): Almaceno mensaje en partición que comienza en: 0
[INFO] 13:41:52:926 BROKER/(11336:11358): Almaceno mensaje en partición que comienza en: 4
[INFO] 13:41:52:931 BROKER/(11336:11361): Almaceno mensaje en partición que comienza en: 8
[INFO] 13:41:52:934 BROKER/(11336:11364): Almaceno mensaje en partición que comienza en: 27
[INFO] 13:41:52:936 BROKER/(11336:11367): Almaceno mensaje en partición que comienza en: 47
[INFO] 13:41:56:941 BROKER/(11336:11374): Elimino particion que comienza en: 0
[INFO] 13:41:56:941 BROKER/(11336:11374): Elimino particion que comienza en: 4
[INFO] 13:41:56:941 BROKER/(11336:11374): Elimino particion que comienza en: 8
[INFO] 13:42:48:209 BROKER/(11424:11424): Estoy escuchando!
[INFO] 13:42:48:851 BROKER/(11424:11443): Almaceno mensaje en partición que comienza en: 0
[INFO] 13:42:48:854 BROKER/(11424:11446): Almaceno mensaje en partición que comienza en: 4
[INFO] 13:42:48:859 BROKER/(11424:11449): Almaceno mensaje en partición que comienza en: 8
[INFO] 13:42:48:862 BROKER/(11424:11452): Almaceno mensaje en partición que comienza en: 27
[INFO] 13:42:48:865 BROKER/(11424:11455): Almaceno mensaje en partición que comienza en: 47
[INFO] 13:42:52:899 BROKER/(11424:11461): Elimino particion que comienza en: 0
[INFO] 13:42:52:899 BROKER/(11424:11461): Elimino particion que comienza en: 4
[INFO] 14:08:03:58 BROKER/(12155:12155): Estoy escuchando!
[INFO] 14:08:04:129 BROKER/(12155:12174): Almaceno mensaje en partición que comienza en: 0
[INFO] 14:08:04:132 BROKER/(12155:12177): Almaceno mensaje en partición que comienza en: 4
[INFO] 14:08:04:135 BROKER/(12155:12180): Almaceno mensaje en partición que comienza en: 8
[INFO] 14:08:04:138 BROKER/(12155:12183): Almaceno mensaje en partición que comienza en: 27
[INFO] 14:08:04:140 BROKER/(12155:12186): Almaceno mensaje en partición que comienza en: 47
[INFO] 14:08:08:145 BROKER/(12155:12192): Elimino particion que comienza en: 0
[INFO] 14:08:08:145 BROKER/(12155:12192): Elimino particion que comienza en: 4
[INFO] 14:08:08:145 BROKER/(12155:12192): Elimino particion que comienza en: 8
[INFO] 14:10:25:93 BROKER/(12393:12393): Estoy escuchando!
[INFO] 14:10:27:898 BROKER/(12393:12429): Almaceno mensaje en partición que comienza en: 0
[INFO] 14:10:27:901 BROKER/(12393:12434): Almaceno mensaje en partición que comienza en: 4
[INFO] 14:10:27:904 BROKER/(12393:12437): Almaceno mensaje en partición que comienza en: 8
[INFO] 14:10:27:907 BROKER/(12393:12440): Almaceno mensaje en partición que comienza en: 27
[INFO] 14:10:27:910 BROKER/(12393:12443): Almaceno mensaje en partición que comienza en: 47
[INFO] 14:10:31:915 BROKER/(12393:12449): Elimino particion que comienza en: 0
[INFO] 14:10:31:915 BROKER/(12393:12449): Elimino particion que comienza en: 4
[INFO] 14:10:31:915 BROKER/(12393:12449): Elimino particion que comienza en: 8
[INFO] 14:11:03:163 BROKER/(12536:12536): Estoy escuchando!
[INFO] 14:11:04:278 BROKER/(12536:12555): Almaceno mensaje en partición que comienza en: 0
[INFO] 14:11:04:282 BROKER/(12536:12558): Almaceno mensaje en partición que comienza en: 4
[INFO] 14:11:04:285 BROKER/(12536:12561): Almaceno mensaje en partición que comienza en: 8
[INFO] 14:11:04:288 BROKER/(12536:12564): Almaceno mensaje en partición que comienza en: 27
[INFO] 14:11:04:291 BROKER/(12536:12567): Almaceno mensaje en partición que comienza en: 47
[INFO] 14:11:08:296 BROKER/(12536:12573): Elimino particion que comienza en: 0
[INFO] 14:11:08:296 BROKER/(12536:12573): Elimino particion que comienza en: 4
[INFO] 14:11:08:296 BROKER/(12536:12573): Elimino particion que comienza en: 8
[INFO] 14:11:08:298 BROKER/(12536:12573): Almaceno mensaje en partición que comienza en: 0
[INFO] 14:13:03:740 BROKER/(12663:12663): Estoy escuchando!
[INFO] 14:13:05:39 BROKER/(12663:12682): Almaceno mensaje en partición que comienza en: 0
[INFO] 14:13:05:42 BROKER/(12663:12685): Almaceno mensaje en partición que comienza en: 4
[INFO] 14:13:05:47 BROKER/(12663:12688): Almaceno mensaje en partición que comienza en: 8
[INFO] 14:13:05:49 BROKER/(12663:12691): Almaceno mensaje en partición que comienza en: 27
[INFO] 14:13:05:52 BROKER/(12663:12694): Almaceno mensaje en partición que comienza en: 47
[INFO] 14:13:09:67 BROKER/(12663:12700): Elimino particion que comienza en: 0
[INFO] 14:13:09:67 BROKER/(12663:12700): Elimino particion que comienza en: 4
[INFO] 14:13:09:67 BROKER/(12663:12700): Elimino particion que comienza en: 8
[INFO] 14:13:09:67 BROKER/(12663:12700): Almaceno mensaje en partición que comienza en: 0
[INFO] 14:14:18:102 BROKER/(12772:12772): Estoy escuchando!
[INFO] 14:14:23:975 BROKER/(12772:12791): Almaceno mensaje en partición que comienza en: 0
[INFO] 14:14:23:981 BROKER/(12772:12794): Almaceno mensaje en partición que comienza en: 4
[INFO] 14:14:23:984 BROKER/(12772:12797): Almaceno mensaje en partición que comienza en: 8
[INFO] 14:14:23:986 BROKER/(12772:12800): Almaceno mensaje en partición que comienza en: 27
[INFO] 14:14:23:989 BROKER/(12772:12803): Almaceno mensaje en partición que comienza en: 47
[INFO] 14:14:27:996 BROKER/(12772:12809): Elimino particion que comienza en: 0
[INFO] 14:14:27:996 BROKER/(12772:12809): Elimino particion que comienza en: 4
[INFO] 14:14:27:996 BROKER/(12772:12809): Elimino particion que comienza en: 8
[INFO] 14:14:27:0 BROKER/(12772:12809): Almaceno mensaje en partición que comienza en: 0
[INFO] 14:15:10:497 BROKER/(12866:12866): Estoy escuchando!
[INFO] 14:15:11:602 BROKER/(12866:12885): Almaceno mensaje en partición que comienza en: 0
[INFO] 14:15:11:605 BROKER/(12866:12888): Almaceno mensaje en partición que comienza en: 4
[INFO] 14:15:11:607 BROKER/(12866:12891): Almaceno mensaje en partición que comienza en: 8
[INFO] 14:15:11:612 BROKER/(12866:12894): Almaceno mensaje en partición que comienza en: 27
[INFO] 14:15:11:615 BROKER/(12866:12897): Almaceno mensaje en partición que comienza en: 47
[INFO] 14:15:15:621 BROKER/(12866:12903): Elimino particion que comienza en: 0
[INFO] 14:15:15:621 BROKER/(12866:12903): Elimino particion que comienza en: 4
[INFO] 14:15:15:621 BROKER/(12866:12903): Elimino particion que comienza en: 8
[INFO] 14:15:15:621 BROKER/(12866:12903): Almaceno mensaje en partición que comienza en: 0
[INFO] 14:16:07:437 BROKER/(12964:12964): Estoy escuchando!
[INFO] 14:16:08:381 BROKER/(12964:12983): Almaceno mensaje en partición que comienza en: 0
[INFO] 14:16:08:385 BROKER/(12964:12986): Almaceno mensaje en partición que comienza en: 4
[INFO] 14:16:08:387 BROKER/(12964:12989): Almaceno mensaje en partición que comienza en: 8
[INFO] 14:16:08:390 BROKER/(12964:12992): Almaceno mensaje en partición que comienza en: 27
[INFO] 14:16:08:393 BROKER/(12964:12995): Almaceno mensaje en partición que comienza en: 47
[INFO] 14:16:12:399 BROKER/(12964:13001): Elimino particion que comienza en: 0
[INFO] 14:16:12:399 BROKER/(12964:13001): Elimino particion que comienza en: 4
[INFO] 14:16:12:402 BROKER/(12964:13001): Elimino particion que comienza en: 8
[INFO] 14:16:12:402 BROKER/(12964:13001): Almaceno mensaje en partición que comienza en: 0
[INFO] 14:16:38:955 BROKER/(13049:13049): Estoy escuchando!
[INFO] 14:16:39:728 BROKER/(13049:13068): Almaceno mensaje en partición que comienza en: 0
[INFO] 14:16:39:744 BROKER/(13049:13071): Almaceno mensaje en partición que comienza en: 4
[INFO] 14:16:39:752 BROKER/(13049:13074): Almaceno mensaje en partición que comienza en: 8
[INFO] 14:16:39:760 BROKER/(13049:13077): Almaceno mensaje en partición que comienza en: 27
[INFO] 14:16:39:768 BROKER/(13049:13080): Almaceno mensaje en partición que comienza en: 47
[INFO] 14:16:43:786 BROKER/(13049:13087): Elimino particion que comienza en: 0
[INFO] 14:16:43:786 BROKER/(13049:13087): Elimino particion que comienza en: 4
[INFO] 14:16:43:786 BROKER/(13049:13087): Elimino particion que comienza en: 8
[INFO] 14:16:43:786 BROKER/(13049:13087): Almaceno mensaje en partición que comienza en: 0
[INFO] 14:17:22:63 BROKER/(13138:13138): Estoy escuchando!
[INFO] 14:17:22:862 BROKER/(13138:13157): Almaceno mensaje en partición que comienza en: 0
[INFO] 14:17:22:865 BROKER/(13138:13160): Almaceno mensaje en partición que comienza en: 4
[INFO] 14:17:22:872 BROKER/(13138:13163): Almaceno mensaje en partición que comienza en: 8
[INFO] 14:17:22:875 BROKER/(13138:13166): Almaceno mensaje en partición que comienza en: 27
[INFO] 14:17:22:879 BROKER/(13138:13169): Almaceno mensaje en partición que comienza en: 47
[INFO] 14:17:26:897 BROKER/(13138:13177): Elimino particion que comienza en: 0
[INFO] 14:17:26:897 BROKER/(13138:13177): Elimino particion que comienza en: 4
[INFO] 14:17:26:897 BROKER/(13138:13177): Elimino particion que comienza en: 8
[INFO] 14:17:26:897 BROKER/(13138:13177): Almaceno mensaje en partición que comienza en: 0
[INFO] 14:18:54:983 BROKER/(13269:13269): Estoy escuchando!
[INFO] 14:18:55:872 BROKER/(13269:13288): Almaceno mensaje en partición que comienza en: 0
[INFO] 14:18:55:874 BROKER/(13269:13291): Almaceno mensaje en partición que comienza en: 4
[INFO] 14:18:55:877 BROKER/(13269:13294): Almaceno mensaje en partición que comienza en: 8
[INFO] 14:18:55:882 BROKER/(13269:13297): Almaceno mensaje en partición que comienza en: 27
[INFO] 14:18:55:885 BROKER/(13269:13300): Almaceno mensaje en partición que comienza en: 47
[INFO] 14:18:59:895 BROKER/(13269:13307): Elimino particion que comienza en: 0
[INFO] 14:18:59:895 BROKER/(13269:13307): Elimino particion que comienza en: 4
[INFO] 14:18:59:895 BROKER/(13269:13307): Elimino particion que comienza en: 8
[INFO] 14:18:59:895 BROKER/(13269:13307): Almaceno mensaje en partición que comienza en: 0
[INFO] 14:22:03:563 BROKER/(13410:13410): Estoy escuchando!
[INFO] 14:22:04:833 BROKER/(13410:13430): Almaceno mensaje en partición que comienza en: 0
[INFO] 14:22:04:837 BROKER/(13410:13433): Almaceno mensaje en partición que comienza en: 4
[INFO] 14:22:04:839 BROKER/(13410:13436): Almaceno mensaje en partición que comienza en: 8
[INFO] 14:22:04:841 BROKER/(13410:13439): Almaceno mensaje en partición que comienza en: 27
[INFO] 14:22:04:843 BROKER/(13410:13442): Almaceno mensaje en partición que comienza en: 47
[INFO] 14:22:08:849 BROKER/(13410:13448): Elimino particion que comienza en: 0
[INFO] 14:22:08:850 BROKER/(13410:13448): Elimino particion que comienza en: 4
[INFO] 14:22:08:850 BROKER/(13410:13448): Elimino particion que comienza en: 8
[INFO] 14:22:08:850 BROKER/(13410:13448): Almaceno mensaje en partición que comienza en: 0
[INFO] 14:23:46:7 BROKER/(13545:13545): Estoy escuchando!
[INFO] 14:23:52:964 BROKER/(13545:13567): Almaceno mensaje en partición que comienza en: 0
[INFO] 14:23:52:968 BROKER/(13545:13570): Almaceno mensaje en partición que comienza en: 4
[INFO] 14:23:52:971 BROKER/(13545:13573): Almaceno mensaje en partición que comienza en: 8
[INFO] 14:23:52:975 BROKER/(13545:13576): Almaceno mensaje en partición que comienza en: 27
[INFO] 14:23:52:978 BROKER/(13545:13579): Almaceno mensaje en partición que comienza en: 47
[INFO] 14:23:56:985 BROKER/(13545:13585): Elimino particion que comienza en: 0
[INFO] 14:23:56:985 BROKER/(13545:13585): Elimino particion que comienza en: 4
[INFO] 14:23:56:986 BROKER/(13545:13585): Elimino particion que comienza en: 8
[INFO] 14:23:56:986 BROKER/(13545:13585): Almaceno mensaje en partición que comienza en: 0
[INFO] 14:27:07:720 BROKER/(13671:13671): Estoy escuchando!
[INFO] 14:27:08:925 BROKER/(13671:13692): Almaceno mensaje en partición que comienza en: 0
[INFO] 14:27:08:927 BROKER/(13671:13695): Almaceno mensaje en partición que comienza en: 4
[INFO] 14:27:08:929 BROKER/(13671:13698): Almaceno mensaje en partición que comienza en: 8
[INFO] 14:27:08:933 BROKER/(13671:13701): Almaceno mensaje en partición que comienza en: 27
[INFO] 14:27:08:936 BROKER/(13671:13704): Almaceno mensaje en partición que comienza en: 47
[INFO] 14:27:12:940 BROKER/(13671:13711): Elimino particion que comienza en: 0
[INFO] 14:27:12:940 BROKER/(13671:13711): Elimino particion que comienza en: 4
[INFO] 14:27:12:940 BROKER/(13671:13711): Elimino particion que comienza en: 8
[INFO] 14:27:12:940 BROKER/(13671:13711): Almaceno mensaje en partición que comienza en: 0
[INFO] 14:28:07:532 BROKER/(13775:13775): Estoy escuchando!
[INFO] 14:28:08:530 BROKER/(13775:13795): Almaceno mensaje en partición que comienza en: 0
[INFO] 14:28:08:534 BROKER/(13775:13798): Almaceno mensaje en partición que comienza en: 4
[INFO] 14:28:08:538 BROKER/(13775:13801): Almaceno mensaje en partición que comienza en: 8
[INFO] 14:28:08:541 BROKER/(13775:13804): Almaceno mensaje en partición que comienza en: 27
[INFO] 14:28:08:543 BROKER/(13775:13807): Almaceno mensaje en partición que comienza en: 47
[INFO] 14:28:12:556 BROKER/(13775:13821): Elimino particion que comienza en: 0
[INFO] 14:28:12:556 BROKER/(13775:13821): Elimino particion que comienza en: 4
[INFO] 14:28:12:558 BROKER/(13775:13821): Elimino particion que comienza en: 8
[INFO] 14:28:12:559 BROKER/(13775:13821): Almaceno mensaje en partición que comienza en: 0
[INFO] 14:29:56:675 BROKER/(13951:13951): Estoy escuchando!
[INFO] 14:29:57:732 BROKER/(13951:13971): Almaceno mensaje en partición que comienza en: 0
[INFO] 14:29:57:735 BROKER/(13951:13974): Almaceno mensaje en partición que comienza en: 4
[INFO] 14:29:57:740 BROKER/(13951:13977): Almaceno mensaje en partición que comienza en: 8
[INFO] 14:29:57:743 BROKER/(13951:13980): Almaceno mensaje en partición que comienza en: 27
[INFO] 14:29:57:745 BROKER/(13951:13983): Almaceno mensaje en partición que comienza en: 47
[INFO] 14:30:01:752 BROKER/(13951:13989): Elimino particion que comienza en: 0
[INFO] 14:30:01:752 BROKER/(13951:13989): Elimino particion que comienza en: 4
[INFO] 14:30:01:753 BROKER/(13951:13989): Elimino particion que comienza en: 8
[INFO] 14:30:01:753 BROKER/(13951:13989): Almaceno mensaje en partición que comienza en: 0
[INFO] 14:31:21:324 BROKER/(14053:14053): Estoy escuchando!
[INFO] 14:31:22:254 BROKER/(14053:14072): Almaceno mensaje en partición que comienza en: 0
[INFO] 14:31:22:257 BROKER/(14053:14075): Almaceno mensaje en partición que comienza en: 4
[INFO] 14:31:22:259 BROKER/(14053:14078): Almaceno mensaje en partición que comienza en: 8
[INFO] 14:31:22:262 BROKER/(14053:14081): Almaceno mensaje en partición que comienza en: 27
[INFO] 14:31:22:265 BROKER/(14053:14084): Almaceno mensaje en partición que comienza en: 47
[INFO] 14:31:26:271 BROKER/(14053:14090): Elimino particion que comienza en: 0
[INFO] 14:31:26:271 BROKER/(14053:14090): Elimino particion que comienza en: 4
[INFO] 14:31:26:271 BROKER/(14053:14090): Elimino particion que comienza en: 8
[INFO] 14:31:26:271 BROKER/(14053:14090): Almaceno mensaje en partición que comienza en: 0
[INFO] 14:33:43:674 BROKER/(14195:14195): Estoy escuchando!
[INFO] 14:33:44:498 BROKER/(14195:14215): Almaceno mensaje en partición que comienza en: 0
[INFO] 14:33:44:501 BROKER/(14195:14218): Almaceno mensaje en partición que comienza en: 4
[INFO] 14:33:44:517 BROKER/(14195:14221): Almaceno mensaje en partición que comienza en: 8
[INFO] 14:33:44:517 BROKER/(14195:14224): Almaceno mensaje en partición que comienza en: 27
[INFO] 14:33:44:517 BROKER/(14195:14209): Envié mensaje a suscriptor: 11 -.-
[INFO] 14:33:44:518 BROKER/(14195:14227): Almaceno mensaje en partición que comienza en: 47
[INFO] 14:33:48:522 BROKER/(14195:14233): Elimino particion que comienza en: 0
[INFO] 14:33:48:522 BROKER/(14195:14233): Elimino particion que comienza en: 4
[INFO] 14:33:48:522 BROKER/(14195:14233): Elimino particion que comienza en: 8
[INFO] 14:33:48:523 BROKER/(14195:14233): Almaceno mensaje en partición que comienza en: 0
[INFO] 14:35:41:384 BROKER/(14337:14337): Estoy escuchando!
[INFO] 14:35:43:336 BROKER/(14337:14356): Almaceno mensaje en partición que comienza en: 0
[INFO] 14:35:43:339 BROKER/(14337:14359): Almaceno mensaje en partición que comienza en: 4
[INFO] 14:35:43:343 BROKER/(14337:14362): Almaceno mensaje en partición que comienza en: 8
[INFO] 14:35:43:346 BROKER/(14337:14365): Almaceno mensaje en partición que comienza en: 27
[INFO] 14:35:43:349 BROKER/(14337:14368): Almaceno mensaje en partición que comienza en: 47
[INFO] 14:36:04:872 BROKER/(14418:14418): Estoy escuchando!
[INFO] 14:36:06:522 BROKER/(14418:14438): Almaceno mensaje en partición que comienza en: 0
[INFO] 14:36:06:526 BROKER/(14418:14440): Almaceno mensaje en partición que comienza en: 4
[INFO] 14:36:06:529 BROKER/(14418:14443): Almaceno mensaje en partición que comienza en: 8
[INFO] 14:36:06:532 BROKER/(14418:14446): Almaceno mensaje en partición que comienza en: 27
[INFO] 14:36:06:551 BROKER/(14418:14449): Almaceno mensaje en partición que comienza en: 47
[INFO] 14:36:10:560 BROKER/(14418:14455): Elimino particion que comienza en: 0
[INFO] 14:36:10:560 BROKER/(14418:14455): Elimino particion que comienza en: 4
[INFO] 14:36:10:561 BROKER/(14418:14455): Elimino particion que comienza en: 8
[INFO] 14:36:10:561 BROKER/(14418:14455): Almaceno mensaje en partición que comienza en: 0
[INFO] 14:37:42:927 BROKER/(14532:14532): Estoy escuchando!
[INFO] 14:37:43:981 BROKER/(14532:14551): Almaceno mensaje en partición que comienza en: 0
[INFO] 14:37:43:985 BROKER/(14532:14554): Almaceno mensaje en partición que comienza en: 4
[INFO] 14:37:43:990 BROKER/(14532:14557): Almaceno mensaje en partición que comienza en: 8
[INFO] 14:37:43:994 BROKER/(14532:14560): Almaceno mensaje en partición que comienza en: 27
[INFO] 14:37:43:996 BROKER/(14532:14563): Almaceno mensaje en partición que comienza en: 47
[INFO] 14:37:47:3 BROKER/(14532:14569): Elimino particion que comienza en: 0
[INFO] 14:37:48:3 BROKER/(14532:14569): Elimino particion que comienza en: 4
[INFO] 14:37:48:3 BROKER/(14532:14569): Elimino particion que comienza en: 8
[INFO] 14:37:48:3 BROKER/(14532:14569): Almaceno mensaje en partición que comienza en: 0
[INFO] 14:38:47:131 BROKER/(14639:14639): Estoy escuchando!
[INFO] 14:38:49:18 BROKER/(14639:14658): Almaceno mensaje en partición que comienza en: 0
[INFO] 14:38:49:22 BROKER/(14639:14661): Almaceno mensaje en partición que comienza en: 4
[INFO] 14:38:49:25 BROKER/(14639:14664): Almaceno mensaje en partición que comienza en: 8
[INFO] 14:38:49:27 BROKER/(14639:14667): Almaceno mensaje en partición que comienza en: 27
[INFO] 14:38:49:30 BROKER/(14639:14670): Almaceno mensaje en partición que comienza en: 47
[INFO] 14:38:53:34 BROKER/(14639:14678): Elimino particion que comienza en: 0
[INFO] 14:38:53:36 BROKER/(14639:14678): Elimino particion que comienza en: 4
[INFO] 14:38:53:36 BROKER/(14639:14678): Elimino particion que comienza en: 8
[INFO] 14:38:53:36 BROKER/(14639:14678): Almaceno mensaje en partición que comienza en: 0
[INFO] 14:39:13:207 BROKER/(14722:14722): Estoy escuchando!
[INFO] 14:39:14:69 BROKER/(14722:14741): Almaceno mensaje en partición que comienza en: 0
[INFO] 14:39:14:72 BROKER/(14722:14744): Almaceno mensaje en partición que comienza en: 4
[INFO] 14:39:14:78 BROKER/(14722:14747): Almaceno mensaje en partición que comienza en: 8
[INFO] 14:39:18:96 BROKER/(14722:14759): Almaceno mensaje en partición que comienza en: 27
[INFO] 14:39:49:643 BROKER/(14773:14773): Estoy escuchando!
[INFO] 14:39:50:703 BROKER/(14773:14794): Almaceno mensaje en partición que comienza en: 0
[INFO] 14:39:50:707 BROKER/(14773:14797): Almaceno mensaje en partición que comienza en: 4
[INFO] 14:39:50:710 BROKER/(14773:14800): Almaceno mensaje en partición que comienza en: 8
[INFO] 14:39:54:721 BROKER/(14773:14812): Almaceno mensaje en partición que comienza en: 27
[INFO] 14:53:45:954 BROKER/(15143:15143): Estoy escuchando!
[INFO] 14:53:52:35 BROKER/(15171:15171): Estoy escuchando!
[INFO] 14:53:58:632 BROKER/(15208:15208): Estoy escuchando!
[INFO] 14:54:00:80 BROKER/(15208:15228): Almaceno mensaje en partición que comienza en: 0
[INFO] 14:54:00:83 BROKER/(15208:15231): Almaceno mensaje en partición que comienza en: 4
[INFO] 14:54:00:86 BROKER/(15208:15234): Almaceno mensaje en partición que comienza en: 8
[INFO] 14:54:04:98 BROKER/(15208:15251): Almaceno mensaje en partición que comienza en: 27
[INFO] 14:57:46:773 BROKER/(15385:15385): Estoy escuchando!
[INFO] 14:57:47:716 BROKER/(15385:15406): Almaceno mensaje en partición que comienza en: 0
[INFO] 14:57:47:720 BROKER/(15385:15409): Almaceno mensaje en partición que comienza en: 4
[INFO] 14:57:47:725 BROKER/(15385:15412): Almaceno mensaje en partición que comienza en: 8
[INFO] 14:57:51:750 BROKER/(15385:15424): Almaceno mensaje en partición que comienza en: 27
[INFO] 15:02:27:134 BROKER/(15524:15524): Estoy escuchando!
[INFO] 15:02:33:526 BROKER/(15550:15550): Estoy escuchando!
[INFO] 15:02:34:721 BROKER/(15550:15570): Almaceno mensaje en partición que comienza en: 0
[INFO] 15:02:34:724 BROKER/(15550:15573): Almaceno mensaje en partición que comienza en: 4
[INFO] 15:02:34:729 BROKER/(15550:15576): Almaceno mensaje en partición que comienza en: 8
[INFO] 15:02:38:749 BROKER/(15550:15588): Almaceno mensaje en partición que comienza en: 27
