[INFO] 14:25:08:812 BROKER/(14172:14172): Inició el Broker.
[INFO] 14:25:29:582 BROKER/(14172:14203): Almaceno mensaje en partición que comienza en: 0
[INFO] 14:25:29:598 BROKER/(14172:14207): Almaceno mensaje en partición que comienza en: 19
[INFO] 14:25:29:608 BROKER/(14172:14210): Almaceno mensaje en partición que comienza en: 39
[INFO] 14:25:29:611 BROKER/(14172:14213): Almaceno mensaje en partición que comienza en: 55
[INFO] 14:25:29:614 BROKER/(14172:14216): Almaceno mensaje en partición que comienza en: 71
[INFO] 14:25:29:617 BROKER/(14172:14219): Almaceno mensaje en partición que comienza en: 92
[INFO] 14:25:29:620 BROKER/(14172:14222): Almaceno mensaje en partición que comienza en: 114
[INFO] 14:25:29:625 BROKER/(14172:14225): Almaceno mensaje en partición que comienza en: 130
[INFO] 14:27:11:964 BROKER/(14334:14334): Inició el Broker.
[INFO] 01:27:15:760 BROKER/(22307:22307): Inició el Broker.
[INFO] 01:28:33:329 BROKER/(22307:22336): Se conectó un proceso GAMEBOY.
[INFO] 01:28:33:341 BROKER/(22307:22336): Almaceno mensaje en partición que comienza en: 0
[INFO] 01:28:33:342 BROKER/(22307:22324): Llegó un nuevo mensaje a la cola GET_POKEMON.
[INFO] 01:28:33:358 BROKER/(22307:22342): Se conectó un proceso GAMEBOY.
[INFO] 01:28:33:368 BROKER/(22307:22342): Almaceno mensaje en partición que comienza en: 16
[INFO] 01:28:33:382 BROKER/(22307:22324): Llegó un nuevo mensaje a la cola GET_POKEMON.
[INFO] 01:57:36:444 BROKER/(22991:22991): Inició el Broker.
[INFO] 01:57:58:243 BROKER/(23022:23022): Inició el Broker.
[INFO] 01:58:07:75 BROKER/(23022:23044): Se conectó un proceso GAMEBOY.
[INFO] 01:58:07:83 BROKER/(23022:23044): Almaceno mensaje en partición que comienza en: 0
[INFO] 01:58:07:83 BROKER/(23022:23039): Llegó un nuevo mensaje a la cola GET_POKEMON.
[INFO] 01:58:07:109 BROKER/(23022:23048): Se conectó un proceso GAMEBOY.
[INFO] 01:58:07:110 BROKER/(23022:23048): Almaceno mensaje en partición que comienza en: 16
[INFO] 01:58:07:111 BROKER/(23022:23039): Llegó un nuevo mensaje a la cola GET_POKEMON.
[INFO] 01:59:32:499 BROKER/(23022:23022): Se solicitó dump de cache.
[INFO] 02:12:55:262 BROKER/(23306:23306): Inició el Broker.
[INFO] 02:13:56:722 BROKER/(23306:23332): Se conectó un proceso GAMEBOY.
[INFO] 02:13:56:724 BROKER/(23306:23332): Almaceno mensaje en partición que comienza en: 0
[INFO] 02:13:56:725 BROKER/(23306:23321): Llegó un nuevo mensaje a la cola GET_POKEMON.
[INFO] 02:13:56:731 BROKER/(23306:23335): Se conectó un proceso GAMEBOY.
[INFO] 02:13:56:735 BROKER/(23306:23335): Almaceno mensaje en partición que comienza en: 11
[INFO] 02:13:56:736 BROKER/(23306:23321): Llegó un nuevo mensaje a la cola GET_POKEMON.
[INFO] 02:14:35:291 BROKER/(23306:23306): Se solicitó dump de cache.
[INFO] 02:19:04:159 BROKER/(23306:23406): Se conectó un proceso GAMEBOY.
[INFO] 02:19:04:162 BROKER/(23306:23406): Almaceno mensaje en partición que comienza en: 25
[INFO] 02:19:04:163 BROKER/(23306:23320): Llegó un nuevo mensaje a la cola CATCH_POKEMON.
[INFO] 02:19:04:184 BROKER/(23306:23411): Se conectó un proceso GAMEBOY.
[INFO] 02:19:04:186 BROKER/(23306:23411): Almaceno mensaje en partición que comienza en: 44
[INFO] 02:19:04:187 BROKER/(23306:23320): Llegó un nuevo mensaje a la cola CATCH_POKEMON.
[INFO] 02:19:04:199 BROKER/(23306:23415): Se conectó un proceso GAMEBOY.
[INFO] 02:19:04:202 BROKER/(23306:23415): Almaceno mensaje en partición que comienza en: 64
[INFO] 02:19:04:203 BROKER/(23306:23319): Llegó un nuevo mensaje a la cola CAUGHT_POKEMON.
[INFO] 02:19:04:205 BROKER/(23306:23418): Se conectó un proceso GAMEBOY.
[INFO] 02:19:04:226 BROKER/(23306:23418): Almaceno mensaje en partición que comienza en: 68
[INFO] 02:19:04:231 BROKER/(23306:23319): Llegó un nuevo mensaje a la cola CAUGHT_POKEMON.
[INFO] 02:19:04:253 BROKER/(23306:23421): Se conectó un proceso GAMEBOY.
[INFO] 02:19:04:255 BROKER/(23306:23421): Almaceno mensaje en partición que comienza en: 72
[INFO] 02:19:04:259 BROKER/(23306:23320): Llegó un nuevo mensaje a la cola CATCH_POKEMON.
[INFO] 02:19:04:283 BROKER/(23306:23424): Se conectó un proceso GAMEBOY.
[INFO] 02:19:04:285 BROKER/(23306:23424): Almaceno mensaje en partición que comienza en: 93
[INFO] 02:19:04:286 BROKER/(23306:23320): Llegó un nuevo mensaje a la cola CATCH_POKEMON.
[INFO] 02:19:04:295 BROKER/(23306:23427): Se conectó un proceso GAMEBOY.
[INFO] 02:19:04:297 BROKER/(23306:23427): Almaceno mensaje en partición que comienza en: 115
[INFO] 02:19:04:298 BROKER/(23306:23321): Llegó un nuevo mensaje a la cola GET_POKEMON.
[INFO] 02:19:04:308 BROKER/(23306:23430): Se conectó un proceso GAMEBOY.
[INFO] 02:19:04:318 BROKER/(23306:23430): Almaceno mensaje en partición que comienza en: 124
[INFO] 02:19:04:319 BROKER/(23306:23321): Llegó un nuevo mensaje a la cola GET_POKEMON.
[INFO] 02:19:19:274 BROKER/(23306:23306): Se solicitó dump de cache.
[INFO] 20:28:23:34 BROKER/(5208:5208): ___________________________________________________________________________________________________________
[INFO] 20:28:23:34 BROKER/(5208:5208): Inició el BROKER
[INFO] 21:04:21:432 BROKER/(6573:6573): ___________________________________________________________________________________________________________
[INFO] 21:04:21:432 BROKER/(6573:6573): Inició el BROKER
[INFO] 21:04:25:857 BROKER/(6573:6594): Se conectó un proceso GAMEBOY.
[INFO] 21:04:25:858 BROKER/(6573:6594): Almaceno mensaje en partición que comienza en: 0
[INFO] 21:04:25:863 BROKER/(6573:6588): Llegó un nuevo mensaje a la cola GET_POKEMON.
[INFO] 21:04:25:882 BROKER/(6573:6598): Se conectó un proceso GAMEBOY.
[INFO] 21:04:25:891 BROKER/(6573:6598): Almaceno mensaje en partición que comienza en: 11
[INFO] 21:04:25:891 BROKER/(6573:6588): Llegó un nuevo mensaje a la cola GET_POKEMON.
[INFO] 21:05:13:810 BROKER/(6573:6611): Se conectó un proceso GAMEBOY.
[INFO] 21:05:13:811 BROKER/(6573:6611): Almaceno mensaje en partición que comienza en: 25
[INFO] 21:05:13:811 BROKER/(6573:6587): Llegó un nuevo mensaje a la cola CATCH_POKEMON.
[INFO] 21:05:13:822 BROKER/(6573:6615): Se conectó un proceso GAMEBOY.
[INFO] 21:05:13:823 BROKER/(6573:6615): Almaceno mensaje en partición que comienza en: 44
[INFO] 21:05:13:824 BROKER/(6573:6587): Llegó un nuevo mensaje a la cola CATCH_POKEMON.
[INFO] 21:05:13:830 BROKER/(6573:6618): Se conectó un proceso GAMEBOY.
[INFO] 21:05:13:831 BROKER/(6573:6618): Almaceno mensaje en partición que comienza en: 64
[INFO] 21:05:13:831 BROKER/(6573:6586): Llegó un nuevo mensaje a la cola CAUGHT_POKEMON.
[INFO] 21:05:13:833 BROKER/(6573:6621): Se conectó un proceso GAMEBOY.
[INFO] 21:05:13:835 BROKER/(6573:6621): Almaceno mensaje en partición que comienza en: 68
[INFO] 21:05:13:839 BROKER/(6573:6586): Llegó un nuevo mensaje a la cola CAUGHT_POKEMON.
[INFO] 21:05:13:841 BROKER/(6573:6624): Se conectó un proceso GAMEBOY.
[INFO] 21:05:13:842 BROKER/(6573:6624): Almaceno mensaje en partición que comienza en: 72
[INFO] 21:05:13:842 BROKER/(6573:6587): Llegó un nuevo mensaje a la cola CATCH_POKEMON.
[INFO] 21:05:13:846 BROKER/(6573:6627): Se conectó un proceso GAMEBOY.
[INFO] 21:05:13:847 BROKER/(6573:6627): Almaceno mensaje en partición que comienza en: 93
[INFO] 21:05:13:848 BROKER/(6573:6587): Llegó un nuevo mensaje a la cola CATCH_POKEMON.
[INFO] 21:05:13:851 BROKER/(6573:6630): Se conectó un proceso GAMEBOY.
[INFO] 21:05:13:852 BROKER/(6573:6630): Almaceno mensaje en partición que comienza en: 115
[INFO] 21:05:13:852 BROKER/(6573:6588): Llegó un nuevo mensaje a la cola GET_POKEMON.
[INFO] 21:05:13:853 BROKER/(6573:6633): Se conectó un proceso GAMEBOY.
[INFO] 21:05:13:858 BROKER/(6573:6633): Almaceno mensaje en partición que comienza en: 124
[INFO] 21:05:13:858 BROKER/(6573:6588): Llegó un nuevo mensaje a la cola GET_POKEMON.
