[INFO] 16:38:04:901 BROKER/(18577:18577): Inició el Broker.
[INFO] 16:38:30:968 BROKER/(18612:18612): Inició el Broker.
[INFO] 16:38:43:257 BROKER/(18612:18637): Se almacena mensaje en memoria en posición: (nil) -.-
[INFO] 16:38:43:260 BROKER/(18612:18640): Se almacena mensaje en memoria en posición: 0x4 -.-
[INFO] 16:38:43:263 BROKER/(18612:18643): Se almacena mensaje en memoria en posición: 0x20 -.-
[INFO] 16:38:43:270 BROKER/(18612:18646): Se almacena mensaje en memoria en posición: 0x10 -.-
[INFO] 16:38:54:309 BROKER/(18612:18654): Se almacena mensaje en memoria en posición: (nil) -.-
[INFO] 18:40:39:551 BROKER/(17077:17077): Inició el Broker.
[INFO] 18:41:09:71 BROKER/(17077:17167): Se almacena mensaje en memoria en posición: 0
[INFO] 18:41:09:72 BROKER/(17077:17171): Se almacena mensaje en memoria en posición: 4
[INFO] 18:41:09:74 BROKER/(17077:17175): Se almacena mensaje en memoria en posición: 32
[INFO] 18:41:09:75 BROKER/(17077:17178): Se almacena mensaje en memoria en posición: 0
[INFO] 18:41:09:76 BROKER/(17077:17181): Se almacena mensaje en memoria en posición: 32
[INFO] 18:41:13:95 BROKER/(17077:17193): Se almacena mensaje en memoria en posición: 0
[INFO] 18:45:17:903 BROKER/(17626:17626): Inició el Broker.
[INFO] 18:46:28:910 BROKER/(17626:17773): Se almacena mensaje en memoria en posición: 0
[INFO] 18:47:07:159 BROKER/(17626:17853): Se almacena mensaje en memoria en posición: 32
[INFO] 18:48:14:544 BROKER/(17626:17973): Se almacena mensaje en memoria en posición: 36
[INFO] 18:48:15:283 BROKER/(17626:17981): Se almacena mensaje en memoria en posición: 40
[INFO] 18:48:15:869 BROKER/(17626:17987): Se almacena mensaje en memoria en posición: 44
[INFO] 18:48:16:489 BROKER/(17626:17990): Se almacena mensaje en memoria en posición: 48
[INFO] 18:48:17:66 BROKER/(17626:17994): Se almacena mensaje en memoria en posición: 52
[INFO] 18:48:17:688 BROKER/(17626:17997): Se almacena mensaje en memoria en posición: 56
[INFO] 18:48:23:103 BROKER/(17626:18014): Se almacena mensaje en memoria en posición: 60
[INFO] 18:48:24:695 BROKER/(17626:18018): Se almacena mensaje en memoria en posición: 0
[INFO] 18:49:33:532 BROKER/(18188:18188): Inició el Broker.
[INFO] 18:49:51:413 BROKER/(18251:18251): Inició el Broker.
[INFO] 18:50:03:970 BROKER/(18251:18293): Se almacena mensaje en memoria en posición: 0
[INFO] 18:50:04:728 BROKER/(18251:18296): Se almacena mensaje en memoria en posición: 4
[INFO] 18:50:05:407 BROKER/(18251:18305): Se almacena mensaje en memoria en posición: 8
[INFO] 18:50:06:91 BROKER/(18251:18309): Se almacena mensaje en memoria en posición: 12
[INFO] 18:50:06:788 BROKER/(18251:18313): Se almacena mensaje en memoria en posición: 16
[INFO] 18:50:07:456 BROKER/(18251:18317): Se almacena mensaje en memoria en posición: 20
[INFO] 18:50:08:124 BROKER/(18251:18325): Se almacena mensaje en memoria en posición: 24
[INFO] 18:50:08:774 BROKER/(18251:18329): Se almacena mensaje en memoria en posición: 28
[INFO] 18:50:09:399 BROKER/(18251:18333): Se almacena mensaje en memoria en posición: 32
[INFO] 18:50:10:24 BROKER/(18251:18337): Se almacena mensaje en memoria en posición: 36
[INFO] 18:50:11:159 BROKER/(18251:18345): Se almacena mensaje en memoria en posición: 40
[INFO] 18:50:13:214 BROKER/(18251:18353): Se almacena mensaje en memoria en posición: 44
[INFO] 18:50:16:39 BROKER/(18251:18361): Se almacena mensaje en memoria en posición: 48
[INFO] 18:50:17:209 BROKER/(18251:18365): Se almacena mensaje en memoria en posición: 52
[INFO] 18:50:18:674 BROKER/(18251:18373): Se almacena mensaje en memoria en posición: 56
[INFO] 18:50:21:351 BROKER/(18251:18381): Se almacena mensaje en memoria en posición: 60
[INFO] 18:50:23:246 BROKER/(18251:18389): Se almacena mensaje en memoria en posición: 0
[INFO] 18:52:01:255 BROKER/(18614:18614): Inició el Broker.
[INFO] 18:52:18:426 BROKER/(18614:18663): Se almacena mensaje en memoria en posición: 0
[INFO] 18:52:22:666 BROKER/(18614:18671): Se almacena mensaje en memoria en posición: 32
[INFO] 18:52:24:132 BROKER/(18614:18679): Se almacena mensaje en memoria en posición: 36
[INFO] 18:54:14:629 BROKER/(18614:18887): Se almacena mensaje en memoria en posición: 40
[INFO] 18:54:15:537 BROKER/(18614:18891): Se almacena mensaje en memoria en posición: 44
[INFO] 18:54:16:563 BROKER/(18614:18899): Se almacena mensaje en memoria en posición: 48
[INFO] 18:54:17:693 BROKER/(18614:18903): Se almacena mensaje en memoria en posición: 52
[INFO] 18:54:18:932 BROKER/(18614:18911): Se almacena mensaje en memoria en posición: 56
[INFO] 18:54:21:38 BROKER/(18614:18919): Se almacena mensaje en memoria en posición: 60
[INFO] 18:54:24:337 BROKER/(18614:18928): Se almacena mensaje en memoria en posición: 0
[INFO] 18:54:59:173 BROKER/(18999:18999): Inició el Broker.
[INFO] 18:55:31:559 BROKER/(18999:19080): Se almacena mensaje en memoria en posición: 0
[INFO] 18:55:41:876 BROKER/(18999:19102): Se almacena mensaje en memoria en posición: 32
[INFO] 18:56:57:251 BROKER/(18999:19349): Se almacena mensaje en memoria en posición: 36
[INFO] 18:57:01:844 BROKER/(18999:19362): Se almacena mensaje en memoria en posición: 40
[INFO] 18:57:03:1 BROKER/(18999:19365): Se almacena mensaje en memoria en posición: 44
[INFO] 18:57:06:152 BROKER/(18999:19374): Se almacena mensaje en memoria en posición: 48
[INFO] 18:57:07:455 BROKER/(18999:19382): Se almacena mensaje en memoria en posición: 52
[INFO] 18:57:10:140 BROKER/(18999:19390): Se almacena mensaje en memoria en posición: 56
[INFO] 18:57:11:219 BROKER/(18999:19394): Se almacena mensaje en memoria en posición: 60
[INFO] 18:57:12:451 BROKER/(18999:19402): Se almacena mensaje en memoria en posición: 0
[INFO] 19:02:21:86 BROKER/(19984:19984): Inició el Broker.
[INFO] 19:02:26:497 BROKER/(20019:20019): Inició el Broker.
[INFO] 19:02:37:421 BROKER/(20019:20065): Se almacena mensaje en memoria en posición: 0
[INFO] 19:02:47:585 BROKER/(20019:20086): Se almacena mensaje en memoria en posición: 32
[INFO] 19:03:29:454 BROKER/(20019:20165): Se almacena mensaje en memoria en posición: 36
[INFO] 19:03:30:964 BROKER/(20019:20173): Se almacena mensaje en memoria en posición: 40
[INFO] 19:03:31:610 BROKER/(20019:20177): Se almacena mensaje en memoria en posición: 44
[INFO] 19:03:32:226 BROKER/(20019:20182): Se almacena mensaje en memoria en posición: 48
[INFO] 19:03:32:865 BROKER/(20019:20190): Se almacena mensaje en memoria en posición: 52
[INFO] 19:03:33:493 BROKER/(20019:20194): Se almacena mensaje en memoria en posición: 56
[INFO] 19:03:34:103 BROKER/(20019:20198): Se almacena mensaje en memoria en posición: 60
[INFO] 19:03:34:657 BROKER/(20019:20201): Se almacena mensaje en memoria en posición: 0
[INFO] 19:03:46:835 BROKER/(20019:20227): Se almacena mensaje en memoria en posición: 4
[INFO] 19:04:00:320 BROKER/(20019:20253): Se almacena mensaje en memoria en posición: 8
[INFO] 19:04:08:747 BROKER/(20019:20283): Se almacena mensaje en memoria en posición: 12
[INFO] 19:06:50:991 BROKER/(20610:20610): Inició el Broker.
[INFO] 19:07:10:973 BROKER/(20610:20664): Se almacena mensaje en memoria en posición: 0
[INFO] 19:07:12:583 BROKER/(20610:20671): Se almacena mensaje en memoria en posición: 32
[INFO] 19:07:32:770 BROKER/(20610:20713): Se almacena mensaje en memoria en posición: 36
[INFO] 19:07:34:819 BROKER/(20610:20721): Se almacena mensaje en memoria en posición: 40
[INFO] 19:07:36:372 BROKER/(20610:20729): Se almacena mensaje en memoria en posición: 44
[INFO] 19:07:44:582 BROKER/(20610:20747): Se almacena mensaje en memoria en posición: 48
[INFO] 19:07:45:353 BROKER/(20610:20751): Se almacena mensaje en memoria en posición: 52
[INFO] 19:07:45:980 BROKER/(20610:20759): Se almacena mensaje en memoria en posición: 56
[INFO] 19:07:46:613 BROKER/(20610:20763): Se almacena mensaje en memoria en posición: 60
[INFO] 19:07:47:235 BROKER/(20610:20767): Se almacena mensaje en memoria en posición: 32
[INFO] 19:08:28:659 BROKER/(20845:20845): Inició el Broker.
[INFO] 19:09:42:282 BROKER/(20845:20996): Se almacena mensaje en memoria en posición: 0
[INFO] 19:11:12:86 BROKER/(20845:21178): Se almacena mensaje en memoria en posición: 32
[INFO] 19:12:40:468 BROKER/(20845:21354): Se almacena mensaje en memoria en posición: 48
[INFO] 19:13:50:965 BROKER/(20845:21490): Se almacena mensaje en memoria en posición: 0
[INFO] 19:21:47:773 BROKER/(23152:23152): Inició el Broker.
[INFO] 19:21:53:85 BROKER/(23152:23181): Se almacena mensaje en memoria en posición: 0
[INFO] 19:21:53:365 BROKER/(23152:23185): Se almacena mensaje en memoria en posición: 4
[INFO] 19:21:53:615 BROKER/(23152:23188): Se almacena mensaje en memoria en posición: 8
[INFO] 19:21:53:866 BROKER/(23152:23190): Se almacena mensaje en memoria en posición: 12
[INFO] 19:21:54:112 BROKER/(23152:23198): Se almacena mensaje en memoria en posición: 16
[INFO] 19:21:54:357 BROKER/(23152:23201): Se almacena mensaje en memoria en posición: 20
[INFO] 19:21:54:608 BROKER/(23152:23204): Se almacena mensaje en memoria en posición: 24
[INFO] 19:21:54:842 BROKER/(23152:23207): Se almacena mensaje en memoria en posición: 28
[INFO] 19:21:55:93 BROKER/(23152:23210): Se almacena mensaje en memoria en posición: 32
[INFO] 19:21:55:316 BROKER/(23152:23213): Se almacena mensaje en memoria en posición: 36
[INFO] 19:21:55:548 BROKER/(23152:23216): Se almacena mensaje en memoria en posición: 40
[INFO] 19:21:55:801 BROKER/(23152:23219): Se almacena mensaje en memoria en posición: 44
[INFO] 19:21:56:29 BROKER/(23152:23222): Se almacena mensaje en memoria en posición: 48
[INFO] 19:21:56:246 BROKER/(23152:23225): Se almacena mensaje en memoria en posición: 52
[INFO] 19:21:56:480 BROKER/(23152:23227): Se almacena mensaje en memoria en posición: 56
[INFO] 19:21:56:714 BROKER/(23152:23235): Se almacena mensaje en memoria en posición: 60
[INFO] 19:21:56:937 BROKER/(23152:23238): Se almacena mensaje en memoria en posición: 0
[INFO] 19:21:57:165 BROKER/(23152:23241): Se almacena mensaje en memoria en posición: 4
[INFO] 19:21:57:395 BROKER/(23152:23244): Se almacena mensaje en memoria en posición: 8
[INFO] 19:21:57:605 BROKER/(23152:23247): Se almacena mensaje en memoria en posición: 12
[INFO] 19:21:57:805 BROKER/(23152:23250): Se almacena mensaje en memoria en posición: 16
[INFO] 19:21:58:32 BROKER/(23152:23253): Se almacena mensaje en memoria en posición: 20
[INFO] 19:21:58:243 BROKER/(23152:23256): Se almacena mensaje en memoria en posición: 24
[INFO] 19:21:58:449 BROKER/(23152:23259): Se almacena mensaje en memoria en posición: 28
[INFO] 19:21:58:684 BROKER/(23152:23262): Se almacena mensaje en memoria en posición: 32
[INFO] 19:21:58:888 BROKER/(23152:23265): Se almacena mensaje en memoria en posición: 36
[INFO] 19:21:59:99 BROKER/(23152:23272): Se almacena mensaje en memoria en posición: 40
[INFO] 19:21:59:316 BROKER/(23152:23275): Se almacena mensaje en memoria en posición: 44
[INFO] 19:21:59:522 BROKER/(23152:23278): Se almacena mensaje en memoria en posición: 48
[INFO] 19:21:59:738 BROKER/(23152:23280): Se almacena mensaje en memoria en posición: 52
[INFO] 19:21:59:955 BROKER/(23152:23284): Se almacena mensaje en memoria en posición: 56
[INFO] 19:22:00:172 BROKER/(23152:23287): Se almacena mensaje en memoria en posición: 60
[INFO] 19:22:00:383 BROKER/(23152:23290): Se almacena mensaje en memoria en posición: 0
[INFO] 19:22:00:578 BROKER/(23152:23293): Se almacena mensaje en memoria en posición: 4
[INFO] 19:22:00:775 BROKER/(23152:23301): Se almacena mensaje en memoria en posición: 8
[INFO] 19:22:00:983 BROKER/(23152:23304): Se almacena mensaje en memoria en posición: 12
[INFO] 19:22:01:205 BROKER/(23152:23308): Se almacena mensaje en memoria en posición: 16
[INFO] 19:22:01:423 BROKER/(23152:23311): Se almacena mensaje en memoria en posición: 20
[INFO] 19:22:01:645 BROKER/(23152:23317): Se almacena mensaje en memoria en posición: 24
[INFO] 19:22:01:856 BROKER/(23152:23321): Se almacena mensaje en memoria en posición: 28
[INFO] 19:22:02:78 BROKER/(23152:23324): Se almacena mensaje en memoria en posición: 32
[INFO] 19:22:02:300 BROKER/(23152:23327): Se almacena mensaje en memoria en posición: 36
[INFO] 19:22:02:524 BROKER/(23152:23330): Se almacena mensaje en memoria en posición: 40
[INFO] 19:22:02:741 BROKER/(23152:23333): Se almacena mensaje en memoria en posición: 44
[INFO] 19:22:02:980 BROKER/(23152:23336): Se almacena mensaje en memoria en posición: 48
[INFO] 19:22:03:203 BROKER/(23152:23339): Se almacena mensaje en memoria en posición: 52
[INFO] 19:22:03:437 BROKER/(23152:23342): Se almacena mensaje en memoria en posición: 56
[INFO] 19:22:03:647 BROKER/(23152:23345): Se almacena mensaje en memoria en posición: 60
[INFO] 19:22:03:888 BROKER/(23152:23348): Se almacena mensaje en memoria en posición: 0
[INFO] 19:22:04:99 BROKER/(23152:23353): Se almacena mensaje en memoria en posición: 4
[INFO] 19:22:04:316 BROKER/(23152:23357): Se almacena mensaje en memoria en posición: 8
[INFO] 19:22:04:576 BROKER/(23152:23361): Se almacena mensaje en memoria en posición: 12
[INFO] 19:22:04:783 BROKER/(23152:23364): Se almacena mensaje en memoria en posición: 16
[INFO] 19:22:05:29 BROKER/(23152:23367): Se almacena mensaje en memoria en posición: 20
[INFO] 19:22:05:291 BROKER/(23152:23370): Se almacena mensaje en memoria en posición: 24
[INFO] 19:22:05:531 BROKER/(23152:23373): Se almacena mensaje en memoria en posición: 28
[INFO] 19:22:05:776 BROKER/(23152:23376): Se almacena mensaje en memoria en posición: 32
[INFO] 19:22:06:11 BROKER/(23152:23379): Se almacena mensaje en memoria en posición: 36
[INFO] 19:22:06:221 BROKER/(23152:23382): Se almacena mensaje en memoria en posición: 40
[INFO] 19:22:06:472 BROKER/(23152:23385): Se almacena mensaje en memoria en posición: 44
[INFO] 19:22:06:725 BROKER/(23152:23392): Se almacena mensaje en memoria en posición: 48
[INFO] 19:22:06:940 BROKER/(23152:23395): Se almacena mensaje en memoria en posición: 52
[INFO] 19:22:07:169 BROKER/(23152:23398): Se almacena mensaje en memoria en posición: 56
[INFO] 19:22:07:414 BROKER/(23152:23401): Se almacena mensaje en memoria en posición: 60
[INFO] 19:22:07:643 BROKER/(23152:23404): Se almacena mensaje en memoria en posición: 0
[INFO] 19:22:07:876 BROKER/(23152:23407): Se almacena mensaje en memoria en posición: 4
[INFO] 19:22:08:139 BROKER/(23152:23410): Se almacena mensaje en memoria en posición: 8
[INFO] 19:22:08:374 BROKER/(23152:23413): Se almacena mensaje en memoria en posición: 12
[INFO] 19:22:08:619 BROKER/(23152:23416): Se almacena mensaje en memoria en posición: 16
[INFO] 19:22:08:852 BROKER/(23152:23419): Se almacena mensaje en memoria en posición: 20
[INFO] 19:22:09:93 BROKER/(23152:23422): Se almacena mensaje en memoria en posición: 24
[INFO] 19:22:09:323 BROKER/(23152:23429): Se almacena mensaje en memoria en posición: 28
[INFO] 19:22:09:554 BROKER/(23152:23432): Se almacena mensaje en memoria en posición: 32
[INFO] 19:22:09:793 BROKER/(23152:23435): Se almacena mensaje en memoria en posición: 36
[INFO] 19:22:10:62 BROKER/(23152:23438): Se almacena mensaje en memoria en posición: 40
[INFO] 19:22:10:313 BROKER/(23152:23441): Se almacena mensaje en memoria en posición: 44
[INFO] 19:22:10:559 BROKER/(23152:23444): Se almacena mensaje en memoria en posición: 48
[INFO] 19:22:10:809 BROKER/(23152:23447): Se almacena mensaje en memoria en posición: 52
[INFO] 19:22:11:50 BROKER/(23152:23450): Se almacena mensaje en memoria en posición: 56
[INFO] 19:22:11:294 BROKER/(23152:23453): Se almacena mensaje en memoria en posición: 60
[INFO] 19:22:11:534 BROKER/(23152:23456): Se almacena mensaje en memoria en posición: 0
[INFO] 19:22:11:751 BROKER/(23152:23459): Se almacena mensaje en memoria en posición: 4
[INFO] 19:22:11:979 BROKER/(23152:23466): Se almacena mensaje en memoria en posición: 8
[INFO] 19:22:12:218 BROKER/(23152:23469): Se almacena mensaje en memoria en posición: 12
[INFO] 19:22:12:447 BROKER/(23152:23472): Se almacena mensaje en memoria en posición: 16
[INFO] 19:22:12:709 BROKER/(23152:23475): Se almacena mensaje en memoria en posición: 20
[INFO] 19:22:12:960 BROKER/(23152:23478): Se almacena mensaje en memoria en posición: 24
[INFO] 19:22:13:184 BROKER/(23152:23481): Se almacena mensaje en memoria en posición: 28
[INFO] 19:22:13:417 BROKER/(23152:23484): Se almacena mensaje en memoria en posición: 32
[INFO] 19:22:13:634 BROKER/(23152:23487): Se almacena mensaje en memoria en posición: 36
[INFO] 19:22:13:896 BROKER/(23152:23490): Se almacena mensaje en memoria en posición: 40
[INFO] 19:22:14:181 BROKER/(23152:23493): Se almacena mensaje en memoria en posición: 44
[INFO] 19:22:14:444 BROKER/(23152:23500): Se almacena mensaje en memoria en posición: 48
[INFO] 19:22:14:724 BROKER/(23152:23503): Se almacena mensaje en memoria en posición: 52
[INFO] 19:22:15:44 BROKER/(23152:23506): Se almacena mensaje en memoria en posición: 56
[INFO] 19:22:15:307 BROKER/(23152:23509): Se almacena mensaje en memoria en posición: 60
[INFO] 19:22:15:567 BROKER/(23152:23512): Se almacena mensaje en memoria en posición: 0
[INFO] 19:22:15:819 BROKER/(23152:23515): Se almacena mensaje en memoria en posición: 4
[INFO] 19:22:16:87 BROKER/(23152:23518): Se almacena mensaje en memoria en posición: 8
[INFO] 19:22:16:352 BROKER/(23152:23520): Se almacena mensaje en memoria en posición: 12
[INFO] 19:22:16:589 BROKER/(23152:23524): Se almacena mensaje en memoria en posición: 16
[INFO] 19:22:16:796 BROKER/(23152:23527): Se almacena mensaje en memoria en posición: 20
[INFO] 19:22:17:35 BROKER/(23152:23534): Se almacena mensaje en memoria en posición: 24
[INFO] 19:22:17:270 BROKER/(23152:23537): Se almacena mensaje en memoria en posición: 28
[INFO] 19:22:17:472 BROKER/(23152:23540): Se almacena mensaje en memoria en posición: 32
[INFO] 19:22:17:687 BROKER/(23152:23543): Se almacena mensaje en memoria en posición: 36
[INFO] 19:22:17:868 BROKER/(23152:23546): Se almacena mensaje en memoria en posición: 40
[INFO] 19:22:18:95 BROKER/(23152:23549): Se almacena mensaje en memoria en posición: 44
[INFO] 19:22:18:273 BROKER/(23152:23552): Se almacena mensaje en memoria en posición: 48
[INFO] 19:22:18:483 BROKER/(23152:23555): Se almacena mensaje en memoria en posición: 52
[INFO] 19:22:18:689 BROKER/(23152:23558): Se almacena mensaje en memoria en posición: 56
[INFO] 19:22:22:296 BROKER/(23152:23570): Se almacena mensaje en memoria en posición: 60
[INFO] 19:22:22:496 BROKER/(23152:23574): Se almacena mensaje en memoria en posición: 0
[INFO] 19:22:22:698 BROKER/(23152:23577): Se almacena mensaje en memoria en posición: 4
[INFO] 19:22:22:902 BROKER/(23152:23580): Se almacena mensaje en memoria en posición: 8
[INFO] 19:22:23:90 BROKER/(23152:23583): Se almacena mensaje en memoria en posición: 12
[INFO] 19:22:23:290 BROKER/(23152:23586): Se almacena mensaje en memoria en posición: 16
[INFO] 19:22:23:485 BROKER/(23152:23589): Se almacena mensaje en memoria en posición: 20
[INFO] 19:22:23:683 BROKER/(23152:23592): Se almacena mensaje en memoria en posición: 24
[INFO] 19:22:23:894 BROKER/(23152:23595): Se almacena mensaje en memoria en posición: 28
[INFO] 19:22:24:106 BROKER/(23152:23598): Se almacena mensaje en memoria en posición: 32
[INFO] 19:22:24:318 BROKER/(23152:23601): Se almacena mensaje en memoria en posición: 36
[INFO] 19:22:24:546 BROKER/(23152:23608): Se almacena mensaje en memoria en posición: 40
[INFO] 19:22:24:755 BROKER/(23152:23611): Se almacena mensaje en memoria en posición: 44
[INFO] 19:22:24:996 BROKER/(23152:23614): Se almacena mensaje en memoria en posición: 48
[INFO] 19:22:25:213 BROKER/(23152:23617): Se almacena mensaje en memoria en posición: 52
[INFO] 19:22:25:424 BROKER/(23152:23620): Se almacena mensaje en memoria en posición: 56
[INFO] 19:22:25:624 BROKER/(23152:23623): Se almacena mensaje en memoria en posición: 60
[INFO] 19:22:25:836 BROKER/(23152:23626): Se almacena mensaje en memoria en posición: 0
[INFO] 19:22:26:23 BROKER/(23152:23629): Se almacena mensaje en memoria en posición: 4
[INFO] 19:22:26:291 BROKER/(23152:23632): Se almacena mensaje en memoria en posición: 8
[INFO] 19:22:26:525 BROKER/(23152:23634): Se almacena mensaje en memoria en posición: 12
[INFO] 19:22:26:771 BROKER/(23152:23638): Se almacena mensaje en memoria en posición: 16
[INFO] 19:22:26:4 BROKER/(23152:23641): Se almacena mensaje en memoria en posición: 20
[INFO] 19:22:27:238 BROKER/(23152:23648): Se almacena mensaje en memoria en posición: 24
[INFO] 19:22:27:495 BROKER/(23152:23651): Se almacena mensaje en memoria en posición: 28
[INFO] 19:22:27:741 BROKER/(23152:23654): Se almacena mensaje en memoria en posición: 32
[INFO] 19:22:27:2 BROKER/(23152:23657): Se almacena mensaje en memoria en posición: 36
[INFO] 19:22:28:279 BROKER/(23152:23660): Se almacena mensaje en memoria en posición: 40
[INFO] 19:22:28:545 BROKER/(23152:23663): Se almacena mensaje en memoria en posición: 44
[INFO] 19:22:28:819 BROKER/(23152:23666): Se almacena mensaje en memoria en posición: 48
[INFO] 19:22:29:64 BROKER/(23152:23669): Se almacena mensaje en memoria en posición: 52
[INFO] 19:22:29:298 BROKER/(23152:23672): Se almacena mensaje en memoria en posición: 56
[INFO] 19:22:29:527 BROKER/(23152:23675): Se almacena mensaje en memoria en posición: 60
[INFO] 19:22:29:755 BROKER/(23152:23682): Se almacena mensaje en memoria en posición: 0
[INFO] 19:22:29:966 BROKER/(23152:23685): Se almacena mensaje en memoria en posición: 20
[INFO] 19:22:30:188 BROKER/(23152:23690): Se almacena mensaje en memoria en posición: 4
[INFO] 19:22:30:434 BROKER/(23152:23693): Se almacena mensaje en memoria en posición: 8
[INFO] 19:22:30:679 BROKER/(23152:23695): Se almacena mensaje en memoria en posición: 12
[INFO] 19:22:30:891 BROKER/(23152:23699): Se almacena mensaje en memoria en posición: 16
[INFO] 19:22:31:135 BROKER/(23152:23702): Se almacena mensaje en memoria en posición: 36
[INFO] 19:22:31:342 BROKER/(23152:23705): Se almacena mensaje en memoria en posición: 24
[INFO] 19:22:31:610 BROKER/(23152:23708): Se almacena mensaje en memoria en posición: 28
[INFO] 19:22:31:883 BROKER/(23152:23711): Se almacena mensaje en memoria en posición: 32
[INFO] 19:22:32:140 BROKER/(23152:23713): Se almacena mensaje en memoria en posición: 40
[INFO] 19:22:32:397 BROKER/(23152:23721): Se almacena mensaje en memoria en posición: 44
[INFO] 19:22:32:626 BROKER/(23152:23724): Se almacena mensaje en memoria en posición: 48
[INFO] 19:22:32:866 BROKER/(23152:23727): Se almacena mensaje en memoria en posición: 52
[INFO] 19:22:33:128 BROKER/(23152:23730): Se almacena mensaje en memoria en posición: 56
[INFO] 19:22:33:362 BROKER/(23152:23733): Se almacena mensaje en memoria en posición: 60
[INFO] 19:22:33:606 BROKER/(23152:23736): Se almacena mensaje en memoria en posición: 0
[INFO] 19:22:33:864 BROKER/(23152:23739): Se almacena mensaje en memoria en posición: 20
[INFO] 19:22:34:109 BROKER/(23152:23742): Se almacena mensaje en memoria en posición: 4
[INFO] 19:22:34:363 BROKER/(23152:23745): Se almacena mensaje en memoria en posición: 8
[INFO] 19:22:34:573 BROKER/(23152:23748): Se almacena mensaje en memoria en posición: 12
[INFO] 19:22:34:793 BROKER/(23152:23755): Se almacena mensaje en memoria en posición: 16
[INFO] 19:22:35:24 BROKER/(23152:23758): Se almacena mensaje en memoria en posición: 36
[INFO] 19:22:35:273 BROKER/(23152:23761): Se almacena mensaje en memoria en posición: 24
[INFO] 19:22:35:479 BROKER/(23152:23764): Se almacena mensaje en memoria en posición: 28
[INFO] 19:22:35:702 BROKER/(23152:23767): Se almacena mensaje en memoria en posición: 32
[INFO] 19:22:35:924 BROKER/(23152:23770): Se almacena mensaje en memoria en posición: 40
[INFO] 19:22:36:158 BROKER/(23152:23773): Se almacena mensaje en memoria en posición: 44
[INFO] 19:22:36:375 BROKER/(23152:23776): Se almacena mensaje en memoria en posición: 48
[INFO] 19:22:36:599 BROKER/(23152:23778): Se almacena mensaje en memoria en posición: 52
[INFO] 19:22:36:797 BROKER/(23152:23782): Se almacena mensaje en memoria en posición: 56
[INFO] 19:22:37:8 BROKER/(23152:23785): Se almacena mensaje en memoria en posición: 60
[INFO] 19:22:37:202 BROKER/(23152:23788): Se almacena mensaje en memoria en posición: 0
[INFO] 19:22:38:538 BROKER/(23152:23795): Se almacena mensaje en memoria en posición: 20
[INFO] 19:22:44:945 BROKER/(23152:23807): Se almacena mensaje en memoria en posición: 4
[INFO] 19:22:45:197 BROKER/(23152:23815): Se almacena mensaje en memoria en posición: 8
[INFO] 19:22:45:409 BROKER/(23152:23817): Se almacena mensaje en memoria en posición: 12
[INFO] 19:22:45:598 BROKER/(23152:23820): Se almacena mensaje en memoria en posición: 16
[INFO] 19:22:45:796 BROKER/(23152:23824): Se almacena mensaje en memoria en posición: 36
[INFO] 19:22:46:230 BROKER/(23152:23827): Se almacena mensaje en memoria en posición: 24
[INFO] 19:22:46:486 BROKER/(23152:23829): Se almacena mensaje en memoria en posición: 28
[INFO] 19:22:46:710 BROKER/(23152:23833): Se almacena mensaje en memoria en posición: 32
[INFO] 19:22:46:943 BROKER/(23152:23836): Se almacena mensaje en memoria en posición: 40
[INFO] 19:22:47:188 BROKER/(23152:23839): Se almacena mensaje en memoria en posición: 44
[INFO] 19:22:47:634 BROKER/(23152:23845): Se almacena mensaje en memoria en posición: 48
[INFO] 19:48:03:510 BROKER/(27230:27230): Inició el Broker.
[INFO] 19:49:29:723 BROKER/(27230:27470): Se conectó un proceso GAMEBOY.
[INFO] 19:50:22:104 BROKER/(27610:27610): Inició el Broker.
[INFO] 19:50:29:636 BROKER/(27610:27643): Se conectó un proceso GAMEBOY.
[INFO] 19:50:29:637 BROKER/(27610:27643): Un proceso GAMEBOY se sucribió a la cola APPEARED_POKEMON.
[INFO] 23:49:12:124 BROKER/(19098:19098): Inició el Broker.
[INFO] 23:50:59:887 BROKER/(19098:19189): Se conectó un proceso GAMEBOY.
[INFO] 23:50:59:895 BROKER/(19098:19189): Se almacena mensaje en memoria en posición: 0
[INFO] 23:50:59:896 BROKER/(19098:19111): Llegó un nuevo mensaje a la cola CAUGHT_POKEMON.
[INFO] 23:50:59:899 BROKER/(19098:19192): Se conectó un proceso GAMEBOY.
[INFO] 23:50:59:901 BROKER/(19098:19192): Se almacena mensaje en memoria en posición: 4
[INFO] 23:50:59:903 BROKER/(19098:19195): Se conectó un proceso GAMEBOY.
[INFO] 23:50:59:904 BROKER/(19098:19195): Se almacena mensaje en memoria en posición: 32
[INFO] 23:50:59:907 BROKER/(19098:19110): Llegó un nuevo mensaje a la cola NEW_POKEMON.
[INFO] 23:50:59:909 BROKER/(19098:19198): Se conectó un proceso GAMEBOY.
[INFO] 23:50:59:911 BROKER/(19098:19198): Se almacena mensaje en memoria en posición: 16
[INFO] 23:50:59:912 BROKER/(19098:19112): Llegó un nuevo mensaje a la cola CATCH_POKEMON.
[INFO] 23:50:59:914 BROKER/(19098:19201): Se conectó un proceso GAMEBOY.
[INFO] 23:50:59:914 BROKER/(19098:19201): Un proceso GAMEBOY se sucribió a la cola NEW_POKEMON.
[INFO] 23:50:59:915 BROKER/(19098:19203): Se conectó un proceso GAMEBOY.
[INFO] 23:50:59:916 BROKER/(19098:19203): Me llegó el ACK del proceso de id 1 (Mensaje 3).
[INFO] 23:51:09:917 BROKER/(19098:19206): Se conectó un proceso GAMEBOY.
[INFO] 23:51:09:929 BROKER/(19098:19206): Se almacena mensaje en memoria en posición: 0
[INFO] 23:51:09:930 BROKER/(19098:19112): Llegó un nuevo mensaje a la cola CATCH_POKEMON.
[INFO] 23:51:41:460 BROKER/(19098:19098): Se solicitó dump de cache.
[INFO] 23:53:50:530 BROKER/(19306:19306): Inició el Broker.
[INFO] 23:53:58:730 BROKER/(19306:19327): Se conectó un proceso GAMEBOY.
[INFO] 23:53:58:743 BROKER/(19306:19327): Se almacena mensaje en memoria en posición: 0
[INFO] 23:53:58:744 BROKER/(19306:19320): Llegó un nuevo mensaje a la cola CAUGHT_POKEMON.
[INFO] 23:53:58:755 BROKER/(19306:19331): Se conectó un proceso GAMEBOY.
[INFO] 23:53:58:768 BROKER/(19306:19331): Se almacena mensaje en memoria en posición: 4
[INFO] 23:53:58:773 BROKER/(19306:19334): Se conectó un proceso GAMEBOY.
[INFO] 23:53:58:780 BROKER/(19306:19334): Se almacena mensaje en memoria en posición: 32
[INFO] 23:53:58:781 BROKER/(19306:19319): Llegó un nuevo mensaje a la cola NEW_POKEMON.
[INFO] 23:53:58:801 BROKER/(19306:19337): Se conectó un proceso GAMEBOY.
[INFO] 23:53:58:807 BROKER/(19306:19337): Se almacena mensaje en memoria en posición: 16
[INFO] 23:53:58:807 BROKER/(19306:19321): Llegó un nuevo mensaje a la cola CATCH_POKEMON.
[INFO] 23:53:58:814 BROKER/(19306:19340): Se conectó un proceso GAMEBOY.
[INFO] 23:53:58:814 BROKER/(19306:19340): Un proceso GAMEBOY se sucribió a la cola NEW_POKEMON.
[INFO] 23:53:58:815 BROKER/(19306:19342): Se conectó un proceso GAMEBOY.
[INFO] 23:53:58:815 BROKER/(19306:19342): Me llegó el ACK del proceso de id 1 (Mensaje 3).
[INFO] 23:54:08:819 BROKER/(19306:19347): Se conectó un proceso GAMEBOY.
[INFO] 23:54:08:835 BROKER/(19306:19347): Se almacena mensaje en memoria en posición: 0
[INFO] 23:54:08:836 BROKER/(19306:19321): Llegó un nuevo mensaje a la cola CATCH_POKEMON.
[INFO] 23:54:30:310 BROKER/(19306:19306): Se solicitó dump de cache.
[INFO] 23:58:27:521 BROKER/(19493:19493): Inició el Broker.
[INFO] 23:58:36:118 BROKER/(19493:19515): Se conectó un proceso GAMEBOY.
[INFO] 23:58:36:133 BROKER/(19493:19515): Se almacena mensaje en memoria en posición: 0
[INFO] 23:58:36:136 BROKER/(19493:19507): Llegó un nuevo mensaje a la cola CAUGHT_POKEMON.
[INFO] 23:58:36:159 BROKER/(19493:19519): Se conectó un proceso GAMEBOY.
[INFO] 23:58:36:162 BROKER/(19493:19519): Se almacena mensaje en memoria en posición: 4
[INFO] 23:58:36:188 BROKER/(19493:19522): Se conectó un proceso GAMEBOY.
[INFO] 23:58:36:188 BROKER/(19493:19522): Se almacena mensaje en memoria en posición: 32
[INFO] 23:58:36:190 BROKER/(19493:19506): Llegó un nuevo mensaje a la cola NEW_POKEMON.
[INFO] 23:58:36:216 BROKER/(19493:19525): Se conectó un proceso GAMEBOY.
[INFO] 23:58:36:217 BROKER/(19493:19525): Se almacena mensaje en memoria en posición: 16
[INFO] 23:58:36:217 BROKER/(19493:19508): Llegó un nuevo mensaje a la cola CATCH_POKEMON.
[INFO] 23:58:36:240 BROKER/(19493:19528): Se conectó un proceso GAMEBOY.
[INFO] 23:58:36:241 BROKER/(19493:19528): Un proceso GAMEBOY se sucribió a la cola NEW_POKEMON.
[INFO] 23:58:36:247 BROKER/(19493:19530): Se conectó un proceso GAMEBOY.
[INFO] 23:58:36:247 BROKER/(19493:19530): Me llegó el ACK del proceso de id 1 (Mensaje 3).
[INFO] 23:58:46:250 BROKER/(19493:19535): Se conectó un proceso GAMEBOY.
[INFO] 23:58:46:257 BROKER/(19493:19535): Se almacena mensaje en memoria en posición: 0
[INFO] 23:58:46:268 BROKER/(19493:19508): Llegó un nuevo mensaje a la cola CATCH_POKEMON.
[INFO] 23:59:26:124 BROKER/(19493:19493): Se solicitó dump de cache.
[INFO] 00:08:29:510 BROKER/(19891:19891): Inició el Broker.
[INFO] 00:08:37:298 BROKER/(19891:19912): Se conectó un proceso GAMEBOY.
[INFO] 00:08:37:333 BROKER/(19891:19912): Se almacena mensaje en memoria en posición: 0
[INFO] 00:08:37:341 BROKER/(19891:19906): Llegó un nuevo mensaje a la cola CAUGHT_POKEMON.
[INFO] 00:08:37:347 BROKER/(19891:19916): Se conectó un proceso GAMEBOY.
[INFO] 00:08:37:349 BROKER/(19891:19916): Se almacena mensaje en memoria en posición: 4
[INFO] 00:08:37:366 BROKER/(19891:19919): Se conectó un proceso GAMEBOY.
[INFO] 00:08:37:366 BROKER/(19891:19919): Se almacena mensaje en memoria en posición: 32
[INFO] 00:08:37:366 BROKER/(19891:19905): Llegó un nuevo mensaje a la cola NEW_POKEMON.
[INFO] 00:08:37:384 BROKER/(19891:19922): Se conectó un proceso GAMEBOY.
[INFO] 00:08:37:386 BROKER/(19891:19922): Se almacena mensaje en memoria en posición: 16
[INFO] 00:08:37:386 BROKER/(19891:19907): Llegó un nuevo mensaje a la cola CATCH_POKEMON.
[INFO] 00:08:37:404 BROKER/(19891:19925): Se conectó un proceso GAMEBOY.
[INFO] 00:08:37:405 BROKER/(19891:19925): Un proceso GAMEBOY se sucribió a la cola NEW_POKEMON.
[INFO] 00:08:37:417 BROKER/(19891:19927): Se conectó un proceso GAMEBOY.
[INFO] 00:08:37:418 BROKER/(19891:19927): Me llegó el ACK del proceso de id 1 (Mensaje 3).
[INFO] 00:08:47:415 BROKER/(19891:19933): Se conectó un proceso GAMEBOY.
[INFO] 00:08:47:447 BROKER/(19891:19933): Se almacena mensaje en memoria en posición: 32
[INFO] 00:08:47:447 BROKER/(19891:19907): Llegó un nuevo mensaje a la cola CATCH_POKEMON.
[INFO] 00:09:00:711 BROKER/(19891:19891): Se solicitó dump de cache.
[INFO] 00:21:04:426 BROKER/(20307:20307): Inició el Broker.
[INFO] 00:24:46:591 BROKER/(20544:20544): Inició el Broker.
[INFO] 00:25:28:896 BROKER/(20544:20572): Se conectó un proceso GAMEBOY.
[INFO] 00:25:28:898 BROKER/(20544:20572): Se almacena mensaje en memoria en posición: 0
[INFO] 00:25:28:899 BROKER/(20544:20559): Llegó un nuevo mensaje a la cola CAUGHT_POKEMON.
[INFO] 00:25:28:913 BROKER/(20544:20577): Se conectó un proceso GAMEBOY.
[INFO] 00:25:28:914 BROKER/(20544:20577): Se almacena mensaje en memoria en posición: 4
[INFO] 00:25:28:928 BROKER/(20544:20581): Se conectó un proceso GAMEBOY.
[INFO] 00:25:28:929 BROKER/(20544:20581): Se almacena mensaje en memoria en posición: 32
[INFO] 00:25:28:930 BROKER/(20544:20558): Llegó un nuevo mensaje a la cola NEW_POKEMON.
[INFO] 00:25:28:932 BROKER/(20544:20584): Se conectó un proceso GAMEBOY.
[INFO] 00:25:28:937 BROKER/(20544:20584): Se almacena mensaje en memoria en posición: 16
[INFO] 00:25:28:938 BROKER/(20544:20560): Llegó un nuevo mensaje a la cola CATCH_POKEMON.
[INFO] 00:25:28:940 BROKER/(20544:20587): Se conectó un proceso GAMEBOY.
[INFO] 00:25:28:950 BROKER/(20544:20587): Un proceso GAMEBOY se sucribió a la cola NEW_POKEMON.
[INFO] 00:25:28:967 BROKER/(20544:20589): Se conectó un proceso GAMEBOY.
[INFO] 00:25:28:968 BROKER/(20544:20589): Me llegó el ACK del proceso de id 1 (Mensaje 3).
[INFO] 00:25:38:962 BROKER/(20544:20592): Se conectó un proceso GAMEBOY.
[INFO] 00:25:38:982 BROKER/(20544:20592): Se almacena mensaje en memoria en posición: 32
[INFO] 00:25:38:985 BROKER/(20544:20560): Llegó un nuevo mensaje a la cola CATCH_POKEMON.
[INFO] 00:29:30:57 BROKER/(20736:20736): Inició el Broker.
[INFO] 00:29:48:91 BROKER/(20769:20769): Inició el Broker.
[INFO] 00:29:54:619 BROKER/(20769:20793): Se conectó un proceso GAMEBOY.
[INFO] 00:29:54:652 BROKER/(20769:20793): Se almacena mensaje en memoria en posición: 0
[INFO] 00:29:54:653 BROKER/(20769:20783): Llegó un nuevo mensaje a la cola CAUGHT_POKEMON.
[INFO] 00:29:54:653 BROKER/(20769:20796): Se conectó un proceso GAMEBOY.
[INFO] 00:29:54:657 BROKER/(20769:20796): Se almacena mensaje en memoria en posición: 4
[INFO] 00:29:54:660 BROKER/(20769:20799): Se conectó un proceso GAMEBOY.
[INFO] 00:29:54:662 BROKER/(20769:20799): Se almacena mensaje en memoria en posición: 32
[INFO] 00:29:54:664 BROKER/(20769:20782): Llegó un nuevo mensaje a la cola NEW_POKEMON.
[INFO] 00:29:54:669 BROKER/(20769:20802): Se conectó un proceso GAMEBOY.
[INFO] 00:29:54:672 BROKER/(20769:20802): Se almacena mensaje en memoria en posición: 16
[INFO] 00:29:54:673 BROKER/(20769:20784): Llegó un nuevo mensaje a la cola CATCH_POKEMON.
[INFO] 00:29:54:678 BROKER/(20769:20805): Se conectó un proceso GAMEBOY.
[INFO] 00:29:54:678 BROKER/(20769:20805): Un proceso GAMEBOY se sucribió a la cola NEW_POKEMON.
[INFO] 00:29:54:679 BROKER/(20769:20807): Se conectó un proceso GAMEBOY.
[INFO] 00:29:54:679 BROKER/(20769:20807): Me llegó el ACK del proceso de id 1 (Mensaje 3).
[INFO] 00:30:04:682 BROKER/(20769:20812): Se conectó un proceso GAMEBOY.
[INFO] 00:30:04:714 BROKER/(20769:20812): Se almacena mensaje en memoria en posición: 32
[INFO] 00:30:04:714 BROKER/(20769:20784): Llegó un nuevo mensaje a la cola CATCH_POKEMON.
[INFO] 00:32:45:337 BROKER/(20769:20769): Se solicitó dump de cache.
[INFO] 13:16:33:320 BROKER/(24349:24349): Inició el Broker.
[INFO] 13:17:25:842 BROKER/(24349:24428): Se conectó un proceso GAMEBOY.
[INFO] 13:17:25:842 BROKER/(24349:24428): Se almacena mensaje en memoria en posición: 0
[INFO] 13:17:25:843 BROKER/(24349:24365): Llegó un nuevo mensaje a la cola CAUGHT_POKEMON.
[INFO] 13:17:25:844 BROKER/(24349:24432): Se conectó un proceso GAMEBOY.
[INFO] 13:17:25:844 BROKER/(24349:24432): Se almacena mensaje en memoria en posición: 4
[INFO] 13:17:25:846 BROKER/(24349:24435): Se conectó un proceso GAMEBOY.
[INFO] 13:17:25:846 BROKER/(24349:24435): Se almacena mensaje en memoria en posición: 32
[INFO] 13:17:25:846 BROKER/(24349:24364): Llegó un nuevo mensaje a la cola NEW_POKEMON.
[INFO] 13:17:25:848 BROKER/(24349:24438): Se conectó un proceso GAMEBOY.
[INFO] 13:17:25:848 BROKER/(24349:24438): Se almacena mensaje en memoria en posición: 16
[INFO] 13:17:25:848 BROKER/(24349:24366): Llegó un nuevo mensaje a la cola CATCH_POKEMON.
[INFO] 13:17:25:849 BROKER/(24349:24441): Se conectó un proceso GAMEBOY.
[INFO] 13:17:25:849 BROKER/(24349:24441): Un proceso GAMEBOY se sucribió a la cola NEW_POKEMON.
[INFO] 13:17:25:850 BROKER/(24349:24442): Se conectó un proceso GAMEBOY.
[INFO] 13:17:25:851 BROKER/(24349:24442): Me llegó el ACK del proceso de id 1 (Mensaje 3).
[INFO] 13:17:35:852 BROKER/(24349:24450): Se conectó un proceso GAMEBOY.
[INFO] 13:17:35:852 BROKER/(24349:24450): Se almacena mensaje en memoria en posición: 32
[INFO] 13:17:35:854 BROKER/(24349:24366): Llegó un nuevo mensaje a la cola CATCH_POKEMON.
[INFO] 13:19:04:814 BROKER/(24349:24548): Se conectó un proceso GAMEBOY.
[INFO] 13:19:04:814 BROKER/(24349:24548): Se almacena mensaje en memoria en posición: 0
[INFO] 13:19:04:817 BROKER/(24349:24553): Se conectó un proceso GAMEBOY.
[INFO] 13:19:04:817 BROKER/(24349:24553): Se almacena mensaje en memoria en posición: 4
[INFO] 13:19:04:818 BROKER/(24349:24556): Se conectó un proceso GAMEBOY.
[INFO] 13:19:04:819 BROKER/(24349:24556): Se almacena mensaje en memoria en posición: 32
[INFO] 13:19:04:819 BROKER/(24349:24364): Llegó un nuevo mensaje a la cola NEW_POKEMON.
[INFO] 13:19:04:820 BROKER/(24349:24559): Se conectó un proceso GAMEBOY.
[INFO] 13:19:04:820 BROKER/(24349:24559): Se almacena mensaje en memoria en posición: 16
[INFO] 13:19:04:820 BROKER/(24349:24366): Llegó un nuevo mensaje a la cola CATCH_POKEMON.
[INFO] 13:19:04:821 BROKER/(24349:24562): Se conectó un proceso GAMEBOY.
[INFO] 13:19:04:821 BROKER/(24349:24562): Un proceso GAMEBOY se sucribió a la cola NEW_POKEMON.
[INFO] 13:19:04:823 BROKER/(24349:24563): Se conectó un proceso GAMEBOY.
[INFO] 13:19:04:823 BROKER/(24349:24563): Me llegó el ACK del proceso de id 1 (Mensaje 8).
[INFO] 13:19:14:824 BROKER/(24349:24574): Se conectó un proceso GAMEBOY.
[INFO] 13:19:14:824 BROKER/(24349:24574): Se almacena mensaje en memoria en posición: 32
[INFO] 13:19:14:824 BROKER/(24349:24366): Llegó un nuevo mensaje a la cola CATCH_POKEMON.
[INFO] 13:19:39:155 BROKER/(24678:24678): Inició el Broker.
[INFO] 13:19:40:697 BROKER/(24678:24704): Se conectó un proceso GAMEBOY.
[INFO] 13:19:40:697 BROKER/(24678:24704): Se almacena mensaje en memoria en posición: 0
[INFO] 13:19:40:697 BROKER/(24678:24691): Llegó un nuevo mensaje a la cola CAUGHT_POKEMON.
[INFO] 13:19:40:699 BROKER/(24678:24707): Se conectó un proceso GAMEBOY.
[INFO] 13:19:40:699 BROKER/(24678:24707): Se almacena mensaje en memoria en posición: 4
[INFO] 13:19:40:700 BROKER/(24678:24710): Se conectó un proceso GAMEBOY.
[INFO] 13:19:40:700 BROKER/(24678:24710): Se almacena mensaje en memoria en posición: 32
[INFO] 13:19:40:700 BROKER/(24678:24690): Llegó un nuevo mensaje a la cola NEW_POKEMON.
[INFO] 13:19:40:702 BROKER/(24678:24712): Se conectó un proceso GAMEBOY.
[INFO] 13:19:40:703 BROKER/(24678:24712): Se almacena mensaje en memoria en posición: 16
[INFO] 13:19:40:703 BROKER/(24678:24692): Llegó un nuevo mensaje a la cola CATCH_POKEMON.
[INFO] 13:19:40:704 BROKER/(24678:24716): Se conectó un proceso GAMEBOY.
[INFO] 13:19:40:704 BROKER/(24678:24716): Un proceso GAMEBOY se sucribió a la cola NEW_POKEMON.
[INFO] 13:19:40:704 BROKER/(24678:24717): Se conectó un proceso GAMEBOY.
[INFO] 13:19:40:704 BROKER/(24678:24717): Me llegó el ACK del proceso de id 1 (Mensaje 3).
[INFO] 13:19:50:707 BROKER/(24678:24732): Se conectó un proceso GAMEBOY.
[INFO] 13:19:50:707 BROKER/(24678:24732): Se almacena mensaje en memoria en posición: 32
[INFO] 13:19:50:707 BROKER/(24678:24692): Llegó un nuevo mensaje a la cola CATCH_POKEMON.
[INFO] 13:21:50:633 BROKER/(24897:24897): Inició el Broker.
[INFO] 13:21:52:518 BROKER/(24897:24921): Se conectó un proceso GAMEBOY.
[INFO] 13:21:52:518 BROKER/(24897:24921): Se almacena mensaje en memoria en posición: 0
[INFO] 13:21:52:520 BROKER/(24897:24910): Llegó un nuevo mensaje a la cola CAUGHT_POKEMON.
[INFO] 13:21:52:521 BROKER/(24897:24927): Se conectó un proceso GAMEBOY.
[INFO] 13:21:52:521 BROKER/(24897:24927): Se almacena mensaje en memoria en posición: 4
[INFO] 13:21:52:523 BROKER/(24897:24930): Se conectó un proceso GAMEBOY.
[INFO] 13:21:52:524 BROKER/(24897:24930): Se almacena mensaje en memoria en posición: 32
[INFO] 13:21:52:525 BROKER/(24897:24933): Se conectó un proceso GAMEBOY.
[INFO] 13:21:52:525 BROKER/(24897:24933): Se almacena mensaje en memoria en posición: 16
[INFO] 13:21:52:525 BROKER/(24897:24909): Llegó un nuevo mensaje a la cola NEW_POKEMON.
[INFO] 13:21:52:525 BROKER/(24897:24911): Llegó un nuevo mensaje a la cola CATCH_POKEMON.
[INFO] 13:21:52:526 BROKER/(24897:24936): Se conectó un proceso GAMEBOY.
[INFO] 13:21:52:527 BROKER/(24897:24936): Un proceso GAMEBOY se sucribió a la cola NEW_POKEMON.
[INFO] 13:21:52:531 BROKER/(24897:24937): Se conectó un proceso GAMEBOY.
[INFO] 13:21:52:531 BROKER/(24897:24937): Me llegó el ACK del proceso de id 1 (Mensaje 3).
[INFO] 13:22:02:533 BROKER/(24897:24948): Se conectó un proceso GAMEBOY.
[INFO] 13:22:02:533 BROKER/(24897:24948): Se almacena mensaje en memoria en posición: 32
[INFO] 13:22:02:533 BROKER/(24897:24911): Llegó un nuevo mensaje a la cola CATCH_POKEMON.
[INFO] 13:23:28:596 BROKER/(25046:25046): Inició el Broker.
[INFO] 13:23:31:351 BROKER/(25046:25073): Se conectó un proceso GAMEBOY.
[INFO] 13:23:31:351 BROKER/(25046:25073): Se almacena mensaje en memoria en posición: 0
[INFO] 13:23:31:352 BROKER/(25046:25059): Llegó un nuevo mensaje a la cola CAUGHT_POKEMON.
[INFO] 13:23:31:352 BROKER/(25046:25076): Se conectó un proceso GAMEBOY.
[INFO] 13:23:31:352 BROKER/(25046:25076): Se almacena mensaje en memoria en posición: 4
[INFO] 13:23:31:353 BROKER/(25046:25079): Se conectó un proceso GAMEBOY.
[INFO] 13:23:31:354 BROKER/(25046:25079): Se almacena mensaje en memoria en posición: 32
[INFO] 13:23:31:354 BROKER/(25046:25058): Llegó un nuevo mensaje a la cola NEW_POKEMON.
[INFO] 13:23:31:355 BROKER/(25046:25082): Se conectó un proceso GAMEBOY.
[INFO] 13:23:31:356 BROKER/(25046:25082): Se almacena mensaje en memoria en posición: 16
[INFO] 13:23:31:356 BROKER/(25046:25084): Se conectó un proceso GAMEBOY.
[INFO] 13:23:31:356 BROKER/(25046:25084): Un proceso GAMEBOY se sucribió a la cola NEW_POKEMON.
[INFO] 13:23:31:357 BROKER/(25046:25086): Se conectó un proceso GAMEBOY.
[INFO] 13:23:31:357 BROKER/(25046:25086): Me llegó el ACK del proceso de id 1 (Mensaje 3).
[INFO] 13:23:31:360 BROKER/(25046:25060): Llegó un nuevo mensaje a la cola CATCH_POKEMON.
[INFO] 13:23:41:366 BROKER/(25046:25099): Se conectó un proceso GAMEBOY.
[INFO] 13:23:41:368 BROKER/(25046:25099): Se almacena mensaje en memoria en posición: 0
[INFO] 13:23:41:368 BROKER/(25046:25060): Llegó un nuevo mensaje a la cola CATCH_POKEMON.
[INFO] 13:24:51:623 BROKER/(25046:25046): Se solicitó dump de cache.
[INFO] 13:31:05:355 BROKER/(25664:25664): Inició el Broker.
[INFO] 13:31:36:873 BROKER/(25727:25727): Inició el Broker.
[INFO] 13:31:58:644 BROKER/(25727:25775): Se conectó un proceso GAMEBOY.
[INFO] 13:31:58:645 BROKER/(25727:25775): Se almacena mensaje en memoria en posición: 0
[INFO] 13:31:58:645 BROKER/(25727:25741): Llegó un nuevo mensaje a la cola CAUGHT_POKEMON.
[INFO] 13:31:58:645 BROKER/(25727:25779): Se conectó un proceso GAMEBOY.
[INFO] 13:31:58:646 BROKER/(25727:25779): Se almacena mensaje en memoria en posición: 4
[INFO] 13:31:58:648 BROKER/(25727:25782): Se conectó un proceso GAMEBOY.
[INFO] 13:31:58:649 BROKER/(25727:25782): Se almacena mensaje en memoria en posición: 32
[INFO] 13:31:58:649 BROKER/(25727:25740): Llegó un nuevo mensaje a la cola NEW_POKEMON.
[INFO] 13:31:58:650 BROKER/(25727:25784): Se conectó un proceso GAMEBOY.
[INFO] 13:31:58:650 BROKER/(25727:25784): Se almacena mensaje en memoria en posición: 16
[INFO] 13:31:58:650 BROKER/(25727:25742): Llegó un nuevo mensaje a la cola CATCH_POKEMON.
[INFO] 13:31:58:651 BROKER/(25727:25788): Se conectó un proceso GAMEBOY.
[INFO] 13:31:58:651 BROKER/(25727:25788): Un proceso GAMEBOY se sucribió a la cola NEW_POKEMON.
[INFO] 13:31:58:652 BROKER/(25727:25789): Se conectó un proceso GAMEBOY.
[INFO] 13:31:58:652 BROKER/(25727:25789): Me llegó el ACK del proceso de id 1 (Mensaje 3).
[INFO] 13:32:08:654 BROKER/(25727:25804): Se conectó un proceso GAMEBOY.
[INFO] 13:32:08:654 BROKER/(25727:25804): Se almacena mensaje en memoria en posición: 32
[INFO] 13:32:08:654 BROKER/(25727:25742): Llegó un nuevo mensaje a la cola CATCH_POKEMON.
[INFO] 13:32:21:72 BROKER/(25727:25727): Se solicitó dump de cache.
[INFO] 20:32:04:70 BROKER/(5693:5693): ___________________________________________________________________________________________________________
[INFO] 20:32:04:70 BROKER/(5693:5693): Inició el BROKER
[INFO] 20:35:53:963 BROKER/(5693:5793): Se conectó un proceso GAMEBOY.
[INFO] 20:35:53:983 BROKER/(5693:5793): Se almacena mensaje en memoria en posición: 0
[INFO] 20:35:53:983 BROKER/(5693:5707): Llegó un nuevo mensaje a la cola CAUGHT_POKEMON.
[INFO] 20:35:53:990 BROKER/(5693:5796): Se conectó un proceso GAMEBOY.
[INFO] 20:35:53:994 BROKER/(5693:5796): Se almacena mensaje en memoria en posición: 4
[INFO] 20:35:53:997 BROKER/(5693:5799): Se conectó un proceso GAMEBOY.
[INFO] 20:35:53:998 BROKER/(5693:5799): Se almacena mensaje en memoria en posición: 32
[INFO] 20:35:54:13 BROKER/(5693:5706): Llegó un nuevo mensaje a la cola NEW_POKEMON.
[INFO] 20:35:54:20 BROKER/(5693:5802): Se conectó un proceso GAMEBOY.
[INFO] 20:35:54:23 BROKER/(5693:5802): Se almacena mensaje en memoria en posición: 16
[INFO] 20:35:54:28 BROKER/(5693:5708): Llegó un nuevo mensaje a la cola CATCH_POKEMON.
[INFO] 20:35:54:35 BROKER/(5693:5805): Se conectó un proceso GAMEBOY.
[INFO] 20:35:54:36 BROKER/(5693:5805): Un proceso GAMEBOY se sucribió a la cola NEW_POKEMON.
[INFO] 20:40:26:918 BROKER/(5907:5907): ___________________________________________________________________________________________________________
[INFO] 20:40:26:918 BROKER/(5907:5907): Inició el BROKER
[INFO] 20:40:35:306 BROKER/(5907:5928): Se conectó un proceso GAMEBOY.
[INFO] 20:40:35:322 BROKER/(5907:5928): Se almacena mensaje en memoria en posición: 0
[INFO] 20:40:35:323 BROKER/(5907:5920): Llegó un nuevo mensaje a la cola CAUGHT_POKEMON.
[INFO] 20:40:35:349 BROKER/(5907:5932): Se conectó un proceso GAMEBOY.
[INFO] 20:40:35:351 BROKER/(5907:5932): Se almacena mensaje en memoria en posición: 4
[INFO] 20:40:35:362 BROKER/(5907:5935): Se conectó un proceso GAMEBOY.
[INFO] 20:40:35:363 BROKER/(5907:5935): Se almacena mensaje en memoria en posición: 32
[INFO] 20:40:35:364 BROKER/(5907:5919): Llegó un nuevo mensaje a la cola NEW_POKEMON.
[INFO] 20:40:35:374 BROKER/(5907:5938): Se conectó un proceso GAMEBOY.
[INFO] 20:40:35:375 BROKER/(5907:5938): Se almacena mensaje en memoria en posición: 16
[INFO] 20:40:35:376 BROKER/(5907:5921): Llegó un nuevo mensaje a la cola CATCH_POKEMON.
[INFO] 20:40:35:380 BROKER/(5907:5941): Se conectó un proceso GAMEBOY.
[INFO] 20:40:35:381 BROKER/(5907:5941): Un proceso GAMEBOY se sucribió a la cola NEW_POKEMON.
[INFO] 21:06:07:335 BROKER/(6656:6656): ___________________________________________________________________________________________________________
[INFO] 21:06:07:335 BROKER/(6656:6656): Inició el BROKER
[INFO] 21:06:31:776 BROKER/(6656:6677): Se conectó un proceso GAMEBOY.
[INFO] 21:06:31:790 BROKER/(6656:6677): Se almacena mensaje en memoria en posición: 0
[INFO] 21:06:31:790 BROKER/(6656:6669): Llegó un nuevo mensaje a la cola CAUGHT_POKEMON.
[INFO] 21:06:31:802 BROKER/(6656:6681): Se conectó un proceso GAMEBOY.
[INFO] 21:06:31:814 BROKER/(6656:6681): Se almacena mensaje en memoria en posición: 4
[INFO] 21:06:31:818 BROKER/(6656:6684): Se conectó un proceso GAMEBOY.
[INFO] 21:06:31:819 BROKER/(6656:6684): Se almacena mensaje en memoria en posición: 32
[INFO] 21:06:31:827 BROKER/(6656:6668): Llegó un nuevo mensaje a la cola NEW_POKEMON.
[INFO] 21:06:31:834 BROKER/(6656:6687): Se conectó un proceso GAMEBOY.
[INFO] 21:06:31:835 BROKER/(6656:6687): Se almacena mensaje en memoria en posición: 16
[INFO] 21:06:31:835 BROKER/(6656:6670): Llegó un nuevo mensaje a la cola CATCH_POKEMON.
[INFO] 21:06:31:847 BROKER/(6656:6690): Se conectó un proceso GAMEBOY.
[INFO] 21:06:31:847 BROKER/(6656:6690): Un proceso GAMEBOY se sucribió a la cola NEW_POKEMON.
[INFO] 21:32:54:654 BROKER/(7490:7490): ___________________________________________________________________________________________________________
[INFO] 21:32:54:654 BROKER/(7490:7490): Inició el BROKER
[INFO] 21:34:00:891 BROKER/(7490:7516): Se conectó un proceso GAMEBOY.
[INFO] 21:34:00:892 BROKER/(7490:7516): Se almacena mensaje en memoria en posición: 0
[INFO] 21:34:00:893 BROKER/(7490:7503): Llegó un nuevo mensaje a la cola CAUGHT_POKEMON.
[INFO] 21:34:00:901 BROKER/(7490:7519): Se conectó un proceso GAMEBOY.
[INFO] 21:34:00:901 BROKER/(7490:7519): Se almacena mensaje en memoria en posición: 4
[INFO] 21:34:00:904 BROKER/(7490:7522): Se conectó un proceso GAMEBOY.
[INFO] 21:34:00:905 BROKER/(7490:7522): Se almacena mensaje en memoria en posición: 32
[INFO] 21:34:00:906 BROKER/(7490:7502): Llegó un nuevo mensaje a la cola NEW_POKEMON.
[INFO] 21:34:00:908 BROKER/(7490:7525): Se conectó un proceso GAMEBOY.
[INFO] 21:34:00:910 BROKER/(7490:7525): Se almacena mensaje en memoria en posición: 16
[INFO] 21:34:00:919 BROKER/(7490:7504): Llegó un nuevo mensaje a la cola CATCH_POKEMON.
[INFO] 21:34:00:921 BROKER/(7490:7528): Se conectó un proceso GAMEBOY.
[INFO] 21:34:00:921 BROKER/(7490:7528): Un proceso GAMEBOY se sucribió a la cola NEW_POKEMON.
[INFO] 21:39:01:948 BROKER/(7632:7632): ___________________________________________________________________________________________________________
[INFO] 21:39:01:948 BROKER/(7632:7632): Inició el BROKER
[INFO] 21:39:07:888 BROKER/(7632:7652): Se conectó un proceso GAMEBOY.
[INFO] 21:39:07:889 BROKER/(7632:7652): Se almacena mensaje en memoria en posición: 0
[INFO] 21:39:07:906 BROKER/(7632:7645): Llegó un nuevo mensaje a la cola CAUGHT_POKEMON.
[INFO] 21:39:07:908 BROKER/(7632:7655): Se conectó un proceso GAMEBOY.
[INFO] 21:39:07:909 BROKER/(7632:7655): Se almacena mensaje en memoria en posición: 4
[INFO] 21:39:07:915 BROKER/(7632:7658): Se conectó un proceso GAMEBOY.
[INFO] 21:39:07:915 BROKER/(7632:7658): Se almacena mensaje en memoria en posición: 32
[INFO] 21:39:07:916 BROKER/(7632:7644): Llegó un nuevo mensaje a la cola NEW_POKEMON.
[INFO] 21:39:07:917 BROKER/(7632:7661): Se conectó un proceso GAMEBOY.
[INFO] 21:39:07:925 BROKER/(7632:7661): Se almacena mensaje en memoria en posición: 16
[INFO] 21:39:07:925 BROKER/(7632:7646): Llegó un nuevo mensaje a la cola CATCH_POKEMON.
[INFO] 21:39:07:936 BROKER/(7632:7664): Se conectó un proceso GAMEBOY.
[INFO] 21:39:07:936 BROKER/(7632:7664): Un proceso GAMEBOY se sucribió a la cola NEW_POKEMON.
[INFO] 21:49:09:779 BROKER/(7912:7912): ___________________________________________________________________________________________________________
[INFO] 21:49:09:779 BROKER/(7912:7912): Inició el BROKER
[INFO] 21:49:24:627 BROKER/(7912:7937): Se conectó un proceso GAMEBOY.
[INFO] 21:49:24:636 BROKER/(7912:7937): Se almacena mensaje en memoria en posición: 0
[INFO] 21:49:24:637 BROKER/(7912:7925): Llegó un nuevo mensaje a la cola CAUGHT_POKEMON.
[INFO] 21:49:24:642 BROKER/(7912:7940): Se conectó un proceso GAMEBOY.
[INFO] 21:49:24:643 BROKER/(7912:7940): Se almacena mensaje en memoria en posición: 4
[INFO] 21:49:24:645 BROKER/(7912:7943): Se conectó un proceso GAMEBOY.
[INFO] 21:49:24:651 BROKER/(7912:7943): Se almacena mensaje en memoria en posición: 32
[INFO] 21:49:24:651 BROKER/(7912:7924): Llegó un nuevo mensaje a la cola NEW_POKEMON.
[INFO] 21:49:24:653 BROKER/(7912:7946): Se conectó un proceso GAMEBOY.
[INFO] 21:49:24:654 BROKER/(7912:7946): Se almacena mensaje en memoria en posición: 16
[INFO] 21:49:24:654 BROKER/(7912:7926): Llegó un nuevo mensaje a la cola CATCH_POKEMON.
[INFO] 21:49:24:664 BROKER/(7912:7949): Se conectó un proceso GAMEBOY.
[INFO] 21:49:24:665 BROKER/(7912:7949): Un proceso GAMEBOY se sucribió a la cola NEW_POKEMON.
[INFO] 21:50:57:751 BROKER/(8040:8040): ___________________________________________________________________________________________________________
[INFO] 21:50:57:751 BROKER/(8040:8040): Inició el BROKER
[INFO] 21:51:02:344 BROKER/(8040:8061): Se conectó un proceso GAMEBOY.
[INFO] 21:51:02:347 BROKER/(8040:8061): Se almacena mensaje en memoria en posición: 0
[INFO] 21:51:02:347 BROKER/(8040:8053): Llegó un nuevo mensaje a la cola CAUGHT_POKEMON.
[INFO] 21:51:02:354 BROKER/(8040:8064): Se conectó un proceso GAMEBOY.
[INFO] 21:51:02:360 BROKER/(8040:8064): Se almacena mensaje en memoria en posición: 4
[INFO] 21:51:02:377 BROKER/(8040:8067): Se conectó un proceso GAMEBOY.
[INFO] 21:51:02:378 BROKER/(8040:8067): Se almacena mensaje en memoria en posición: 32
[INFO] 21:51:02:378 BROKER/(8040:8052): Llegó un nuevo mensaje a la cola NEW_POKEMON.
[INFO] 21:51:02:391 BROKER/(8040:8070): Se conectó un proceso GAMEBOY.
[INFO] 21:51:02:392 BROKER/(8040:8070): Se almacena mensaje en memoria en posición: 16
[INFO] 21:51:02:392 BROKER/(8040:8054): Llegó un nuevo mensaje a la cola CATCH_POKEMON.
[INFO] 21:51:02:402 BROKER/(8040:8073): Se conectó un proceso GAMEBOY.
[INFO] 21:51:02:403 BROKER/(8040:8073): Un proceso GAMEBOY se sucribió a la cola NEW_POKEMON.
[INFO] 21:54:07:509 BROKER/(8204:8204): ___________________________________________________________________________________________________________
[INFO] 21:54:07:509 BROKER/(8204:8204): Inició el BROKER
[INFO] 21:54:10:177 BROKER/(8204:8223): Se conectó un proceso GAMEBOY.
[INFO] 21:54:10:179 BROKER/(8204:8223): Se almacena mensaje en memoria en posición: 0
[INFO] 21:54:10:180 BROKER/(8204:8217): Llegó un nuevo mensaje a la cola CAUGHT_POKEMON.
[INFO] 21:54:10:182 BROKER/(8204:8226): Se conectó un proceso GAMEBOY.
[INFO] 21:54:10:183 BROKER/(8204:8226): Se almacena mensaje en memoria en posición: 4
[INFO] 21:54:10:185 BROKER/(8204:8229): Se conectó un proceso GAMEBOY.
[INFO] 21:54:10:194 BROKER/(8204:8229): Se almacena mensaje en memoria en posición: 32
[INFO] 21:54:10:195 BROKER/(8204:8216): Llegó un nuevo mensaje a la cola NEW_POKEMON.
[INFO] 21:54:10:197 BROKER/(8204:8232): Se conectó un proceso GAMEBOY.
[INFO] 21:54:10:198 BROKER/(8204:8232): Se almacena mensaje en memoria en posición: 16
[INFO] 21:54:10:200 BROKER/(8204:8218): Llegó un nuevo mensaje a la cola CATCH_POKEMON.
[INFO] 21:54:10:201 BROKER/(8204:8235): Se conectó un proceso GAMEBOY.
[INFO] 21:54:10:206 BROKER/(8204:8235): Un proceso GAMEBOY se sucribió a la cola NEW_POKEMON.
[INFO] 22:05:44:546 BROKER/(8401:8401): ___________________________________________________________________________________________________________
[INFO] 22:05:44:546 BROKER/(8401:8401): Inició el BROKER
[INFO] 22:05:50:974 BROKER/(8401:8427): Se conectó un proceso GAMEBOY.
[INFO] 22:05:50:980 BROKER/(8401:8427): Se almacena mensaje en memoria en posición: 0
[INFO] 22:05:50:980 BROKER/(8401:8419): Llegó un nuevo mensaje a la cola CAUGHT_POKEMON.
[INFO] 22:05:50:983 BROKER/(8401:8430): Se conectó un proceso GAMEBOY.
[INFO] 22:05:50:984 BROKER/(8401:8430): Se almacena mensaje en memoria en posición: 4
[INFO] 22:05:50:985 BROKER/(8401:8433): Se conectó un proceso GAMEBOY.
[INFO] 22:05:50:986 BROKER/(8401:8433): Se almacena mensaje en memoria en posición: 32
[INFO] 22:05:50:987 BROKER/(8401:8418): Llegó un nuevo mensaje a la cola NEW_POKEMON.
[INFO] 22:05:50:988 BROKER/(8401:8436): Se conectó un proceso GAMEBOY.
[INFO] 22:05:50:989 BROKER/(8401:8436): Se almacena mensaje en memoria en posición: 16
[INFO] 22:05:50:990 BROKER/(8401:8420): Llegó un nuevo mensaje a la cola CATCH_POKEMON.
[INFO] 22:05:50:999 BROKER/(8401:8439): Se conectó un proceso GAMEBOY.
[INFO] 22:05:50:999 BROKER/(8401:8439): Un proceso GAMEBOY se sucribió a la cola NEW_POKEMON.
[INFO] 22:08:12:660 BROKER/(8523:8523): ___________________________________________________________________________________________________________
[INFO] 22:08:12:660 BROKER/(8523:8523): Inició el BROKER
[INFO] 22:08:48:86 BROKER/(8523:8546): Se conectó un proceso GAMEBOY.
[INFO] 22:08:48:87 BROKER/(8523:8546): Se almacena mensaje en memoria en posición: 0
[INFO] 22:08:48:88 BROKER/(8523:8536): Llegó un nuevo mensaje a la cola CAUGHT_POKEMON.
[INFO] 22:08:48:90 BROKER/(8523:8549): Se conectó un proceso GAMEBOY.
[INFO] 22:08:48:90 BROKER/(8523:8549): Se almacena mensaje en memoria en posición: 4
[INFO] 22:08:48:97 BROKER/(8523:8552): Se conectó un proceso GAMEBOY.
[INFO] 22:08:48:98 BROKER/(8523:8552): Se almacena mensaje en memoria en posición: 32
[INFO] 22:08:48:98 BROKER/(8523:8535): Llegó un nuevo mensaje a la cola NEW_POKEMON.
[INFO] 22:08:48:100 BROKER/(8523:8555): Se conectó un proceso GAMEBOY.
[INFO] 22:08:48:101 BROKER/(8523:8555): Se almacena mensaje en memoria en posición: 16
[INFO] 22:08:48:102 BROKER/(8523:8537): Llegó un nuevo mensaje a la cola CATCH_POKEMON.
[INFO] 22:08:48:104 BROKER/(8523:8558): Se conectó un proceso GAMEBOY.
[INFO] 22:08:48:104 BROKER/(8523:8558): Un proceso GAMEBOY se sucribió a la cola NEW_POKEMON.
[INFO] 22:23:48:910 BROKER/(8853:8853): ___________________________________________________________________________________________________________
[INFO] 22:23:48:910 BROKER/(8853:8853): Inició el BROKER
[INFO] 22:23:55:449 BROKER/(8853:8878): Se conectó un proceso GAMEBOY.
[INFO] 22:23:55:451 BROKER/(8853:8878): Se almacena mensaje en memoria en posición: 0
[INFO] 22:23:55:452 BROKER/(8853:8871): Llegó un nuevo mensaje a la cola CAUGHT_POKEMON.
[INFO] 22:23:55:459 BROKER/(8853:8881): Se conectó un proceso GAMEBOY.
[INFO] 22:23:55:460 BROKER/(8853:8881): Se almacena mensaje en memoria en posición: 4
[INFO] 22:23:55:461 BROKER/(8853:8884): Se conectó un proceso GAMEBOY.
[INFO] 22:23:55:462 BROKER/(8853:8884): Se almacena mensaje en memoria en posición: 32
[INFO] 22:23:55:463 BROKER/(8853:8870): Llegó un nuevo mensaje a la cola NEW_POKEMON.
[INFO] 22:23:55:464 BROKER/(8853:8887): Se conectó un proceso GAMEBOY.
[INFO] 22:23:55:465 BROKER/(8853:8887): Se almacena mensaje en memoria en posición: 16
[INFO] 22:23:55:465 BROKER/(8853:8872): Llegó un nuevo mensaje a la cola CATCH_POKEMON.
[INFO] 22:23:55:467 BROKER/(8853:8890): Se conectó un proceso GAMEBOY.
[INFO] 22:23:55:467 BROKER/(8853:8890): Un proceso GAMEBOY se sucribió a la cola NEW_POKEMON.
[INFO] 22:25:09:763 BROKER/(8938:8938): ___________________________________________________________________________________________________________
[INFO] 22:25:09:763 BROKER/(8938:8938): Inició el BROKER
[INFO] 22:25:14:620 BROKER/(8938:8958): Se conectó un proceso GAMEBOY.
[INFO] 22:25:14:620 BROKER/(8938:8958): Se almacena mensaje en memoria en posición: 0
[INFO] 22:25:14:621 BROKER/(8938:8951): Llegó un nuevo mensaje a la cola CAUGHT_POKEMON.
[INFO] 22:25:14:635 BROKER/(8938:8961): Se conectó un proceso GAMEBOY.
[INFO] 22:25:14:635 BROKER/(8938:8961): Se almacena mensaje en memoria en posición: 4
[INFO] 22:25:14:650 BROKER/(8938:8964): Se conectó un proceso GAMEBOY.
[INFO] 22:25:14:650 BROKER/(8938:8964): Se almacena mensaje en memoria en posición: 32
[INFO] 22:25:14:652 BROKER/(8938:8950): Llegó un nuevo mensaje a la cola NEW_POKEMON.
[INFO] 22:25:14:673 BROKER/(8938:8967): Se conectó un proceso GAMEBOY.
[INFO] 22:25:14:674 BROKER/(8938:8967): Se almacena mensaje en memoria en posición: 16
[INFO] 22:25:14:674 BROKER/(8938:8952): Llegó un nuevo mensaje a la cola CATCH_POKEMON.
[INFO] 22:25:14:689 BROKER/(8938:8970): Se conectó un proceso GAMEBOY.
[INFO] 22:25:14:689 BROKER/(8938:8970): Un proceso GAMEBOY se sucribió a la cola NEW_POKEMON.
[INFO] 22:29:48:801 BROKER/(9077:9077): ___________________________________________________________________________________________________________
[INFO] 22:29:48:801 BROKER/(9077:9077): Inició el BROKER
[INFO] 22:29:56:579 BROKER/(9077:9098): Se conectó un proceso GAMEBOY.
[INFO] 22:29:56:580 BROKER/(9077:9098): Se almacena mensaje en memoria en posición: 0
[INFO] 22:29:56:581 BROKER/(9077:9090): Llegó un nuevo mensaje a la cola CAUGHT_POKEMON.
[INFO] 22:29:56:582 BROKER/(9077:9101): Se conectó un proceso GAMEBOY.
[INFO] 22:29:56:583 BROKER/(9077:9101): Se almacena mensaje en memoria en posición: 4
[INFO] 22:29:56:589 BROKER/(9077:9104): Se conectó un proceso GAMEBOY.
[INFO] 22:29:56:590 BROKER/(9077:9104): Se almacena mensaje en memoria en posición: 32
[INFO] 22:29:56:590 BROKER/(9077:9089): Llegó un nuevo mensaje a la cola NEW_POKEMON.
[INFO] 22:29:56:592 BROKER/(9077:9107): Se conectó un proceso GAMEBOY.
[INFO] 22:29:56:593 BROKER/(9077:9107): Se almacena mensaje en memoria en posición: 16
[INFO] 22:29:56:593 BROKER/(9077:9091): Llegó un nuevo mensaje a la cola CATCH_POKEMON.
[INFO] 22:29:56:595 BROKER/(9077:9110): Se conectó un proceso GAMEBOY.
[INFO] 22:29:56:595 BROKER/(9077:9110): Un proceso GAMEBOY se sucribió a la cola NEW_POKEMON.
[INFO] 22:41:32:179 BROKER/(9893:9893): ___________________________________________________________________________________________________________
[INFO] 22:41:32:179 BROKER/(9893:9893): Inició el BROKER
[INFO] 22:41:42:798 BROKER/(9893:9916): Se conectó un proceso GAMEBOY.
[INFO] 22:41:42:810 BROKER/(9893:9916): Se almacena mensaje en memoria en posición: 0
[INFO] 22:41:42:810 BROKER/(9893:9906): Llegó un nuevo mensaje a la cola CAUGHT_POKEMON.
[INFO] 22:41:42:835 BROKER/(9893:9919): Se conectó un proceso GAMEBOY.
[INFO] 22:41:42:835 BROKER/(9893:9919): Se almacena mensaje en memoria en posición: 4
[INFO] 22:41:42:854 BROKER/(9893:9922): Se conectó un proceso GAMEBOY.
[INFO] 22:41:42:855 BROKER/(9893:9922): Se almacena mensaje en memoria en posición: 32
[INFO] 22:41:42:861 BROKER/(9893:9905): Llegó un nuevo mensaje a la cola NEW_POKEMON.
[INFO] 22:41:42:875 BROKER/(9893:9925): Se conectó un proceso GAMEBOY.
[INFO] 22:41:42:876 BROKER/(9893:9925): Se almacena mensaje en memoria en posición: 16
[INFO] 22:41:42:878 BROKER/(9893:9907): Llegó un nuevo mensaje a la cola CATCH_POKEMON.
[INFO] 22:41:42:896 BROKER/(9893:9928): Se conectó un proceso GAMEBOY.
[INFO] 22:41:42:897 BROKER/(9893:9928): Un proceso GAMEBOY se sucribió a la cola NEW_POKEMON.
[INFO] 22:43:51:922 BROKER/(10012:10012): ___________________________________________________________________________________________________________
[INFO] 22:43:51:922 BROKER/(10012:10012): Inició el BROKER
[INFO] 22:43:56:854 BROKER/(10012:10032): Se conectó un proceso GAMEBOY.
[INFO] 22:43:56:857 BROKER/(10012:10032): Se almacena mensaje en memoria en posición: 0
[INFO] 22:43:56:858 BROKER/(10012:10025): Llegó un nuevo mensaje a la cola CAUGHT_POKEMON.
[INFO] 22:43:56:865 BROKER/(10012:10035): Se conectó un proceso GAMEBOY.
[INFO] 22:43:56:866 BROKER/(10012:10035): Se almacena mensaje en memoria en posición: 4
[INFO] 22:43:56:869 BROKER/(10012:10038): Se conectó un proceso GAMEBOY.
[INFO] 22:43:56:870 BROKER/(10012:10038): Se almacena mensaje en memoria en posición: 32
[INFO] 22:43:56:871 BROKER/(10012:10024): Llegó un nuevo mensaje a la cola NEW_POKEMON.
[INFO] 22:43:56:873 BROKER/(10012:10041): Se conectó un proceso GAMEBOY.
[INFO] 22:43:56:874 BROKER/(10012:10041): Se almacena mensaje en memoria en posición: 16
[INFO] 22:43:56:882 BROKER/(10012:10026): Llegó un nuevo mensaje a la cola CATCH_POKEMON.
[INFO] 22:43:56:884 BROKER/(10012:10044): Se conectó un proceso GAMEBOY.
[INFO] 22:43:56:884 BROKER/(10012:10044): Un proceso GAMEBOY se sucribió a la cola NEW_POKEMON.
[INFO] 22:44:58:89 BROKER/(10085:10085): ___________________________________________________________________________________________________________
[INFO] 22:44:58:89 BROKER/(10085:10085): Inició el BROKER
[INFO] 22:45:13:868 BROKER/(10085:10107): Se conectó un proceso GAMEBOY.
[INFO] 22:45:13:870 BROKER/(10085:10107): Se almacena mensaje en memoria en posición: 0
[INFO] 22:45:13:870 BROKER/(10085:10098): Llegó un nuevo mensaje a la cola CAUGHT_POKEMON.
[INFO] 22:45:13:872 BROKER/(10085:10110): Se conectó un proceso GAMEBOY.
[INFO] 22:45:13:873 BROKER/(10085:10110): Se almacena mensaje en memoria en posición: 4
[INFO] 22:45:13:879 BROKER/(10085:10113): Se conectó un proceso GAMEBOY.
[INFO] 22:45:13:880 BROKER/(10085:10113): Se almacena mensaje en memoria en posición: 32
[INFO] 22:45:13:885 BROKER/(10085:10097): Llegó un nuevo mensaje a la cola NEW_POKEMON.
[INFO] 22:45:13:898 BROKER/(10085:10116): Se conectó un proceso GAMEBOY.
[INFO] 22:45:13:903 BROKER/(10085:10116): Se almacena mensaje en memoria en posición: 16
[INFO] 22:45:13:903 BROKER/(10085:10099): Llegó un nuevo mensaje a la cola CATCH_POKEMON.
[INFO] 22:45:13:910 BROKER/(10085:10119): Se conectó un proceso GAMEBOY.
[INFO] 22:45:13:911 BROKER/(10085:10119): Un proceso GAMEBOY se sucribió a la cola NEW_POKEMON.
[INFO] 22:47:32:666 BROKER/(10197:10197): ___________________________________________________________________________________________________________
[INFO] 22:47:32:666 BROKER/(10197:10197): Inició el BROKER
[INFO] 22:47:38:159 BROKER/(10197:10219): Se conectó un proceso GAMEBOY.
[INFO] 22:47:38:162 BROKER/(10197:10219): Se almacena mensaje en memoria en posición: 0
[INFO] 22:47:38:167 BROKER/(10197:10210): Llegó un nuevo mensaje a la cola CAUGHT_POKEMON.
[INFO] 22:47:38:169 BROKER/(10197:10222): Se conectó un proceso GAMEBOY.
[INFO] 22:47:38:170 BROKER/(10197:10222): Se almacena mensaje en memoria en posición: 4
[INFO] 22:47:38:173 BROKER/(10197:10225): Se conectó un proceso GAMEBOY.
[INFO] 22:47:38:174 BROKER/(10197:10225): Se almacena mensaje en memoria en posición: 32
[INFO] 22:47:38:174 BROKER/(10197:10209): Llegó un nuevo mensaje a la cola NEW_POKEMON.
[INFO] 22:47:38:176 BROKER/(10197:10228): Se conectó un proceso GAMEBOY.
[INFO] 22:47:38:178 BROKER/(10197:10228): Se almacena mensaje en memoria en posición: 16
[INFO] 22:47:38:199 BROKER/(10197:10211): Llegó un nuevo mensaje a la cola CATCH_POKEMON.
[INFO] 22:47:38:210 BROKER/(10197:10231): Se conectó un proceso GAMEBOY.
[INFO] 22:47:38:212 BROKER/(10197:10231): Un proceso GAMEBOY se sucribió a la cola NEW_POKEMON.
[INFO] 22:50:02:691 BROKER/(10342:10342): ___________________________________________________________________________________________________________
[INFO] 22:50:02:691 BROKER/(10342:10342): Inició el BROKER
[INFO] 22:50:06:370 BROKER/(10342:10362): Se conectó un proceso GAMEBOY.
[INFO] 22:50:06:373 BROKER/(10342:10362): Se almacena mensaje en memoria en posición: 0
[INFO] 22:50:06:374 BROKER/(10342:10355): Llegó un nuevo mensaje a la cola CAUGHT_POKEMON.
[INFO] 22:50:06:380 BROKER/(10342:10365): Se conectó un proceso GAMEBOY.
[INFO] 22:50:06:382 BROKER/(10342:10365): Se almacena mensaje en memoria en posición: 4
[INFO] 22:50:06:385 BROKER/(10342:10368): Se conectó un proceso GAMEBOY.
[INFO] 22:50:06:386 BROKER/(10342:10368): Se almacena mensaje en memoria en posición: 32
[INFO] 22:50:06:387 BROKER/(10342:10354): Llegó un nuevo mensaje a la cola NEW_POKEMON.
[INFO] 22:50:06:398 BROKER/(10342:10371): Se conectó un proceso GAMEBOY.
[INFO] 22:50:06:400 BROKER/(10342:10371): Se almacena mensaje en memoria en posición: 16
[INFO] 22:50:06:400 BROKER/(10342:10356): Llegó un nuevo mensaje a la cola CATCH_POKEMON.
[INFO] 22:50:06:406 BROKER/(10342:10374): Se conectó un proceso GAMEBOY.
[INFO] 22:50:06:407 BROKER/(10342:10374): Un proceso GAMEBOY se sucribió a la cola NEW_POKEMON.
[INFO] 22:52:51:23 BROKER/(10511:10511): ___________________________________________________________________________________________________________
[INFO] 22:52:51:23 BROKER/(10511:10511): Inició el BROKER
[INFO] 22:52:58:687 BROKER/(10511:10530): Se conectó un proceso GAMEBOY.
[INFO] 22:52:58:688 BROKER/(10511:10530): Se almacena mensaje en memoria en posición: 0
[INFO] 22:52:58:688 BROKER/(10511:10524): Llegó un nuevo mensaje a la cola CAUGHT_POKEMON.
[INFO] 22:52:58:690 BROKER/(10511:10533): Se conectó un proceso GAMEBOY.
[INFO] 22:52:58:691 BROKER/(10511:10533): Se almacena mensaje en memoria en posición: 4
[INFO] 22:52:58:696 BROKER/(10511:10536): Se conectó un proceso GAMEBOY.
[INFO] 22:52:58:697 BROKER/(10511:10536): Se almacena mensaje en memoria en posición: 32
[INFO] 22:52:58:697 BROKER/(10511:10523): Llegó un nuevo mensaje a la cola NEW_POKEMON.
[INFO] 22:52:58:699 BROKER/(10511:10539): Se conectó un proceso GAMEBOY.
[INFO] 22:52:58:700 BROKER/(10511:10539): Se almacena mensaje en memoria en posición: 16
[INFO] 22:52:58:706 BROKER/(10511:10525): Llegó un nuevo mensaje a la cola CATCH_POKEMON.
[INFO] 22:52:58:719 BROKER/(10511:10542): Se conectó un proceso GAMEBOY.
[INFO] 22:52:58:723 BROKER/(10511:10542): Un proceso GAMEBOY se sucribió a la cola NEW_POKEMON.
[INFO] 22:56:08:823 BROKER/(10661:10661): ___________________________________________________________________________________________________________
[INFO] 22:56:08:823 BROKER/(10661:10661): Inició el BROKER
[INFO] 22:56:13:103 BROKER/(10661:10680): Se conectó un proceso GAMEBOY.
[INFO] 22:56:13:107 BROKER/(10661:10680): Se almacena mensaje en memoria en posición: 0
[INFO] 22:56:13:107 BROKER/(10661:10674): Llegó un nuevo mensaje a la cola CAUGHT_POKEMON.
[INFO] 22:56:13:114 BROKER/(10661:10683): Se conectó un proceso GAMEBOY.
[INFO] 22:56:13:115 BROKER/(10661:10683): Se almacena mensaje en memoria en posición: 4
[INFO] 22:56:13:116 BROKER/(10661:10686): Se conectó un proceso GAMEBOY.
[INFO] 22:56:13:117 BROKER/(10661:10686): Se almacena mensaje en memoria en posición: 32
[INFO] 22:56:13:117 BROKER/(10661:10673): Llegó un nuevo mensaje a la cola NEW_POKEMON.
[INFO] 22:56:13:119 BROKER/(10661:10689): Se conectó un proceso GAMEBOY.
[INFO] 22:56:13:120 BROKER/(10661:10689): Se almacena mensaje en memoria en posición: 16
[INFO] 22:56:13:120 BROKER/(10661:10675): Llegó un nuevo mensaje a la cola CATCH_POKEMON.
[INFO] 22:56:13:122 BROKER/(10661:10692): Se conectó un proceso GAMEBOY.
[INFO] 22:56:13:123 BROKER/(10661:10692): Un proceso GAMEBOY se sucribió a la cola NEW_POKEMON.
[INFO] 22:59:27:214 BROKER/(10796:10796): ___________________________________________________________________________________________________________
[INFO] 22:59:27:214 BROKER/(10796:10796): Inició el BROKER
[INFO] 22:59:33:869 BROKER/(10796:10818): Se conectó un proceso GAMEBOY.
[INFO] 22:59:33:870 BROKER/(10796:10818): Se almacena mensaje en memoria en posición: 0
[INFO] 22:59:33:871 BROKER/(10796:10809): Llegó un nuevo mensaje a la cola CAUGHT_POKEMON.
[INFO] 22:59:33:877 BROKER/(10796:10821): Se conectó un proceso GAMEBOY.
[INFO] 22:59:33:878 BROKER/(10796:10821): Se almacena mensaje en memoria en posición: 4
[INFO] 22:59:33:880 BROKER/(10796:10824): Se conectó un proceso GAMEBOY.
[INFO] 22:59:33:881 BROKER/(10796:10824): Se almacena mensaje en memoria en posición: 32
[INFO] 22:59:33:881 BROKER/(10796:10808): Llegó un nuevo mensaje a la cola NEW_POKEMON.
[INFO] 22:59:33:883 BROKER/(10796:10827): Se conectó un proceso GAMEBOY.
[INFO] 22:59:33:884 BROKER/(10796:10827): Se almacena mensaje en memoria en posición: 16
[INFO] 22:59:33:885 BROKER/(10796:10810): Llegó un nuevo mensaje a la cola CATCH_POKEMON.
[INFO] 22:59:33:887 BROKER/(10796:10830): Se conectó un proceso GAMEBOY.
[INFO] 22:59:33:888 BROKER/(10796:10830): Un proceso GAMEBOY se sucribió a la cola NEW_POKEMON.
[INFO] 23:06:33:335 BROKER/(11180:11180): ___________________________________________________________________________________________________________
[INFO] 23:06:33:335 BROKER/(11180:11180): Inició el BROKER
[INFO] 23:07:47:398 BROKER/(11259:11259): ___________________________________________________________________________________________________________
[INFO] 23:07:47:398 BROKER/(11259:11259): Inició el BROKER
[INFO] 23:08:01:249 BROKER/(11288:11288): ___________________________________________________________________________________________________________
[INFO] 23:08:01:249 BROKER/(11288:11288): Inició el BROKER
[INFO] 23:08:04:590 BROKER/(11288:11312): Se conectó un proceso GAMEBOY.
[INFO] 23:08:04:592 BROKER/(11288:11312): Se almacena mensaje en memoria en posición: 0
[INFO] 23:08:04:593 BROKER/(11288:11301): Llegó un nuevo mensaje a la cola CAUGHT_POKEMON.
[INFO] 23:08:04:598 BROKER/(11288:11315): Se conectó un proceso GAMEBOY.
[INFO] 23:08:04:599 BROKER/(11288:11315): Se almacena mensaje en memoria en posición: 4
[INFO] 23:08:04:601 BROKER/(11288:11318): Se conectó un proceso GAMEBOY.
[INFO] 23:08:04:602 BROKER/(11288:11318): Se almacena mensaje en memoria en posición: 32
[INFO] 23:08:04:603 BROKER/(11288:11300): Llegó un nuevo mensaje a la cola NEW_POKEMON.
[INFO] 23:08:04:605 BROKER/(11288:11321): Se conectó un proceso GAMEBOY.
[INFO] 23:08:04:605 BROKER/(11288:11321): Se almacena mensaje en memoria en posición: 16
[INFO] 23:08:04:606 BROKER/(11288:11302): Llegó un nuevo mensaje a la cola CATCH_POKEMON.
[INFO] 23:08:04:607 BROKER/(11288:11324): Se conectó un proceso GAMEBOY.
[INFO] 23:08:04:608 BROKER/(11288:11324): Un proceso GAMEBOY se sucribió a la cola NEW_POKEMON.
[INFO] 23:08:04:608 BROKER/(11288:11326): Se conectó un proceso GAMEBOY.
[INFO] 23:08:14:611 BROKER/(11288:11333): Se conectó un proceso GAMEBOY.
[INFO] 23:08:14:615 BROKER/(11288:11333): Elimino particion que comienza en: 0x8749cd0
[INFO] 23:08:14:615 BROKER/(11288:11333): Elimino particion que comienza en: 0x8749cd4
[INFO] 23:08:14:615 BROKER/(11288:11333): Se consolida partición con inicio en: 0x8749cd4 con su buddy con inicio en: (nil)
[INFO] 23:08:14:615 BROKER/(11288:11333): Se consolida partición con inicio en: 0x8749cd0 con su buddy con inicio en: 0x8
[INFO] 23:08:14:615 BROKER/(11288:11333): Elimino particion que comienza en: 0x8749cf0
[INFO] 23:08:14:616 BROKER/(11288:11333): Se almacena mensaje en memoria en posición: 32
[INFO] 23:08:14:616 BROKER/(11288:11302): Llegó un nuevo mensaje a la cola CATCH_POKEMON.
[INFO] 23:10:03:926 BROKER/(11401:11401): ___________________________________________________________________________________________________________
[INFO] 23:10:03:926 BROKER/(11401:11401): Inició el BROKER
[INFO] 23:10:19:751 BROKER/(11428:11428): ___________________________________________________________________________________________________________
[INFO] 23:10:19:751 BROKER/(11428:11428): Inició el BROKER
[INFO] 23:10:25:632 BROKER/(11428:11450): Se conectó un proceso GAMEBOY.
[INFO] 23:10:25:634 BROKER/(11428:11450): Se almacena mensaje en memoria en posición: 0
[INFO] 23:10:25:635 BROKER/(11428:11441): Llegó un nuevo mensaje a la cola CAUGHT_POKEMON.
[INFO] 23:10:25:641 BROKER/(11428:11453): Se conectó un proceso GAMEBOY.
[INFO] 23:10:25:642 BROKER/(11428:11453): Se almacena mensaje en memoria en posición: 4
[INFO] 23:10:25:645 BROKER/(11428:11456): Se conectó un proceso GAMEBOY.
[INFO] 23:10:25:646 BROKER/(11428:11456): Se almacena mensaje en memoria en posición: 32
[INFO] 23:10:25:647 BROKER/(11428:11440): Llegó un nuevo mensaje a la cola NEW_POKEMON.
[INFO] 23:10:25:649 BROKER/(11428:11459): Se conectó un proceso GAMEBOY.
[INFO] 23:10:25:650 BROKER/(11428:11459): Se almacena mensaje en memoria en posición: 16
[INFO] 23:10:25:651 BROKER/(11428:11442): Llegó un nuevo mensaje a la cola CATCH_POKEMON.
[INFO] 23:10:25:659 BROKER/(11428:11462): Se conectó un proceso GAMEBOY.
[INFO] 23:10:25:662 BROKER/(11428:11462): Un proceso GAMEBOY se sucribió a la cola NEW_POKEMON.
[INFO] 23:10:25:663 BROKER/(11428:11464): Se conectó un proceso GAMEBOY.
[INFO] 23:10:35:672 BROKER/(11428:11467): Se conectó un proceso GAMEBOY.
[INFO] 23:10:35:686 BROKER/(11428:11467): Elimino particion que comienza en: 0x8ba2cd0
[INFO] 23:10:35:686 BROKER/(11428:11467): Elimino particion que comienza en: 0x8ba2cd4
[INFO] 23:10:35:687 BROKER/(11428:11467): Se consolida partición con inicio en: 4 con su buddy con inicio en: 0
[INFO] 23:10:35:687 BROKER/(11428:11467): Se consolida partición con inicio en: 0 con su buddy con inicio en: 8
[INFO] 23:10:35:687 BROKER/(11428:11467): Elimino particion que comienza en: 0x8ba2cf0
[INFO] 23:10:35:687 BROKER/(11428:11467): Se almacena mensaje en memoria en posición: 32
[INFO] 23:10:35:688 BROKER/(11428:11442): Llegó un nuevo mensaje a la cola CATCH_POKEMON.
