[INFO] 15:56:34:287 TEAM/(6721:6721): ___________________________________________________________________________________________________________
[INFO] 15:56:34:287 TEAM/(6721:6721): Inició el TEAM
[INFO] 15:56:34:306 TEAM/(6721:6732): Recibi mensaje caught pokemon. El pokemon fue atrapado.
[INFO] 15:56:34:306 TEAM/(6721:6731): Recibi mensaje localized. El pokemon es: Flareon. La cantidad es: 1.
[INFO] 15:56:34:306 TEAM/(6721:6731): Las posiciones son: 
[INFO] 15:56:34:306 TEAM/(6721:6731): (4,6)
[INFO] 15:56:34:340 TEAM/(6721:6731): Recibi mensaje localized. El pokemon es: Gengar. La cantidad es: 0.
[INFO] 15:56:34:340 TEAM/(6721:6731): Las posiciones son: 
[INFO] 15:56:34:345 TEAM/(6721:6731): Recibi mensaje localized. El pokemon es: Onix. La cantidad es: 0.
[INFO] 15:56:34:345 TEAM/(6721:6731): Las posiciones son: 
[INFO] 15:56:35:340 TEAM/(6721:6731): Recibi mensaje localized. El pokemon es: Squirtle. La cantidad es: 1.
[INFO] 15:56:35:340 TEAM/(6721:6731): Las posiciones son: 
[INFO] 15:56:35:340 TEAM/(6721:6731): (5,2)
[INFO] 15:56:35:340 TEAM/(6721:6731): Recibi mensaje localized. El pokemon es: Pikachu. La cantidad es: 1.
[INFO] 15:56:35:340 TEAM/(6721:6731): Las posiciones son: 
[INFO] 15:56:35:340 TEAM/(6721:6731): (9,9)
[INFO] 15:56:35:346 TEAM/(6721:6774): Habilito el hilo del entrenador 1.
[INFO] 15:56:35:346 TEAM/(6721:6723): El entrenador 1 ahora está en READY.
[INFO] 15:56:35:347 TEAM/(6721:6729): El entrenador 1 ahora está en EXEC.
[INFO] 15:56:35:347 TEAM/(6721:6723): El entrenador  1 se mueve a atrapar a Pikachu en posición (9, 9)

[INFO] 15:56:35:347 TEAM/(6721:6723): El entrenador 1 ahora está en EXEC.
[INFO] 15:56:35:354 TEAM/(6721:6770): Habilito el hilo del entrenador 2.
[INFO] 15:56:35:354 TEAM/(6721:6724): El entrenador 2 ahora está en READY.
[INFO] 15:56:46:746 TEAM/(6721:6732): Recibi mensaje caught pokemon. El pokemon fue atrapado.
[INFO] 15:57:40:359 TEAM/(6721:6723): El entrenador 1 se movió a la posición (9, 9).
[INFO] 15:57:45:362 TEAM/(6721:6723): El entrenador 1 ahora está en BLOCKED.
[INFO] 15:57:45:362 TEAM/(6721:6729): El entrenador 2 ahora está en EXEC.
[INFO] 15:57:45:362 TEAM/(6721:6724): El entrenador  2 se mueve a atrapar a Squirtle en posición (5, 2)

[INFO] 15:57:45:362 TEAM/(6721:6724): El entrenador 2 ahora está en EXEC.
[INFO] 15:57:46:447 TEAM/(6721:6732): Recibi mensaje caught pokemon. El pokemon fue atrapado.
[INFO] 15:57:46:451 TEAM/(6721:6880): El entrenador 1 atrapó al pokemon Pikachu en la posición (9,9).
[INFO] 15:57:46:451 TEAM/(6721:6880): El entrenador 1 ahora está en BLOCKED.
[INFO] 15:57:46:451 TEAM/(6721:6880): Habilito el hilo del entrenador 1.
[INFO] 15:58:00:367 TEAM/(6721:6724): El entrenador 2 se movió a la posición (5, 2).
[INFO] 15:58:05:369 TEAM/(6721:6724): El entrenador 2 ahora está en BLOCKED.
[INFO] 15:58:06:411 TEAM/(6721:6732): Recibi mensaje caught pokemon. El pokemon fue atrapado.
[INFO] 15:58:06:427 TEAM/(6721:6906): El entrenador 2 atrapó al pokemon Squirtle en la posición (5,2).
[INFO] 15:58:06:427 TEAM/(6721:6906): El entrenador 2 ahora está en BLOCKED.
[INFO] 15:58:06:427 TEAM/(6721:6906): Habilito el hilo del entrenador 2.
[INFO] 15:58:56:856 TEAM/(6721:6730): Recibi mensaje appeared pokemon. El pokemon es: Onix. La posicion es: (2,8).
[INFO] 15:58:56:857 TEAM/(6721:6730): Recibi mensaje appeared pokemon. El pokemon es: Gengar. La posicion es: (6,6).
[INFO] 15:58:56:864 TEAM/(6721:6730): Recibi mensaje appeared pokemon. El pokemon es: Squirtle. La posicion es: (5,5).
[INFO] 15:58:56:869 TEAM/(6721:7014): Habilito el hilo del entrenador 0.
[INFO] 15:58:56:869 TEAM/(6721:6722): El entrenador 0 ahora está en READY.
[INFO] 15:58:56:869 TEAM/(6721:6729): El entrenador 0 ahora está en EXEC.
[INFO] 15:58:56:869 TEAM/(6721:6722): El entrenador  0 se mueve a atrapar a Onix en posición (2, 8)

[INFO] 15:58:56:869 TEAM/(6721:6722): El entrenador 0 ahora está en EXEC.
[INFO] 15:58:56:870 TEAM/(6721:6730): Recibi mensaje appeared pokemon. El pokemon es: Umbreon. La posicion es: (10,6).
[INFO] 15:58:56:870 TEAM/(6721:7021): Habilito el hilo del entrenador 2.
[INFO] 15:58:56:870 TEAM/(6721:6724): El entrenador 2 ahora está en READY.
[INFO] 15:58:56:871 TEAM/(6721:7026): Habilito el hilo del entrenador 1.
[INFO] 15:58:56:871 TEAM/(6721:6723): El entrenador 1 ahora está en READY.
[INFO] 15:58:56:888 TEAM/(6721:6730): Recibi mensaje appeared pokemon. El pokemon es: Espeon. La posicion es: (7,1).
[INFO] 15:58:56:896 TEAM/(6721:6730): Recibi mensaje appeared pokemon. El pokemon es: Vaporeon. La posicion es: (4,10).
[INFO] 15:59:26:875 TEAM/(6721:6722): El entrenador 0 se movió a la posición (2, 8).
[INFO] 15:59:31:876 TEAM/(6721:6722): El entrenador 0 ahora está en BLOCKED.
[INFO] 15:59:31:876 TEAM/(6721:6729): El entrenador 2 ahora está en EXEC.
[INFO] 15:59:31:876 TEAM/(6721:6724): El entrenador  2 se mueve a atrapar a Gengar en posición (6, 6)

[INFO] 15:59:31:876 TEAM/(6721:6724): El entrenador 2 ahora está en EXEC.
[INFO] 15:59:32:896 TEAM/(6721:6732): Recibi mensaje caught pokemon. El pokemon fue atrapado.
[INFO] 15:59:32:903 TEAM/(6721:7081): El entrenador 0 atrapó al pokemon Onix en la posición (2,8).
[INFO] 15:59:32:903 TEAM/(6721:7081): Inicio del algoritmo de detección de deadlock.
[INFO] 15:59:32:903 TEAM/(6721:7081): Habilito el hilo del entrenador 0.
[INFO] 15:59:32:904 TEAM/(6721:7081): No se encontró deadlock.
[INFO] 15:59:52:908 TEAM/(6721:6732): Recibi mensaje caught pokemon. El pokemon fue atrapado.
[INFO] 15:59:56:880 TEAM/(6721:6724): El entrenador 2 se movió a la posición (6, 6).
[INFO] 15:59:57:912 TEAM/(6721:6732): Recibi mensaje caught pokemon. El pokemon fue atrapado.
[INFO] 16:00:01:882 TEAM/(6721:6724): El entrenador 2 ahora está en BLOCKED.
[INFO] 16:00:01:882 TEAM/(6721:6729): El entrenador 1 ahora está en EXEC.
[INFO] 16:00:01:882 TEAM/(6721:6723): El entrenador  1 se mueve a atrapar a Squirtle en posición (5, 5)

[INFO] 16:00:01:883 TEAM/(6721:6723): El entrenador 1 ahora está en EXEC.
[INFO] 16:00:02:905 TEAM/(6721:6732): Recibi mensaje caught pokemon. El pokemon fue atrapado.
[INFO] 16:00:02:910 TEAM/(6721:7137): El entrenador 2 atrapó al pokemon Gengar en la posición (6,6).
[INFO] 16:00:02:910 TEAM/(6721:7137): Inicio del algoritmo de detección de deadlock.
[INFO] 16:00:02:910 TEAM/(6721:7137): Habilito el hilo del entrenador 2.
[INFO] 16:00:02:910 TEAM/(6721:7137): No se encontró deadlock.
[INFO] 16:00:02:920 TEAM/(6721:6732): Recibi mensaje caught pokemon. El pokemon fue atrapado.
[INFO] 16:00:41:896 TEAM/(6721:6723): El entrenador 1 se movió a la posición (5, 5).
[INFO] 16:00:46:897 TEAM/(6721:6723): El entrenador 1 ahora está en BLOCKED.
[INFO] 16:00:47:914 TEAM/(6721:6732): Recibi mensaje caught pokemon. El pokemon fue atrapado.
[INFO] 16:00:47:918 TEAM/(6721:7197): El entrenador 1 atrapó al pokemon Squirtle en la posición (5,5).
[INFO] 16:00:47:918 TEAM/(6721:7197): Inicio del algoritmo de detección de deadlock.
[INFO] 16:00:47:918 TEAM/(6721:7197): Habilito el hilo del entrenador 1.
[INFO] 16:00:47:918 TEAM/(6721:7197): Se encontró deadlock.
[INFO] 16:00:47:918 TEAM/(6721:6726): Encontre una espera circular. Entrenadores involucrados: 
[INFO] 16:00:47:918 TEAM/(6721:6726): Entrenador 0.
[INFO] 16:00:47:918 TEAM/(6721:6726): Entrenador 1.
[INFO] 16:00:47:918 TEAM/(6721:6726): Entrenador 2.
[INFO] 16:00:47:918 TEAM/(6721:6726): El entrenador 0, esta en DEADLOCK con el entrenador 1.
[INFO] 16:00:47:919 TEAM/(6721:6723): El entrenador 1 ahora está en READY.
[INFO] 16:00:47:919 TEAM/(6721:6729): El entrenador 1 ahora está en EXEC.
[INFO] 16:00:47:919 TEAM/(6721:6723): El entrenador 1 ahora está en EXEC.
[INFO] 16:01:17:928 TEAM/(6721:6723): El entrenador 1 se movió a la posición (2, 8).
[INFO] 16:01:42:933 TEAM/(6721:6723): El entrenador 1 le da el pokemon Squirtle al entrenador 0
[INFO] 16:01:42:933 TEAM/(6721:6723): El entrenador 0 le da el pokemon Onix al entrenador 1
[INFO] 16:01:42:933 TEAM/(6721:6723): Operación de intercambio realizada entre entrenadores 1 y 0
[INFO] 16:01:42:933 TEAM/(6721:6723): El entrenador 1 ahora está en BLOCKED.
[INFO] 16:01:42:933 TEAM/(6721:6726): El entrenador 1, esta en DEADLOCK con el entrenador 2.
[INFO] 16:01:42:933 TEAM/(6721:6724): El entrenador 2 ahora está en READY.
[INFO] 16:01:42:933 TEAM/(6721:6729): El entrenador 2 ahora está en EXEC.
[INFO] 16:01:42:933 TEAM/(6721:6724): El entrenador 2 ahora está en EXEC.
[INFO] 16:02:12:938 TEAM/(6721:6724): El entrenador 2 se movió a la posición (2, 8).
[INFO] 16:02:37:940 TEAM/(6721:6724): El entrenador 2 le da el pokemon Gengar al entrenador 1
[INFO] 16:02:37:940 TEAM/(6721:6724): El entrenador 1 le da el pokemon Onix al entrenador 2
[INFO] 16:02:37:940 TEAM/(6721:6724): Operación de intercambio realizada entre entrenadores 2 y 1
[INFO] 16:02:37:940 TEAM/(6721:6724): El entrenador 2 ahora está en BLOCKED.
[INFO] 16:02:37:941 TEAM/(6721:6726): El entrenador 0 ahora está en EXIT.
[INFO] 16:02:37:941 TEAM/(6721:6726): El entrenador 2 ahora está en EXIT.
[INFO] 16:02:37:941 TEAM/(6721:6726): El entrenador 1 ahora está en EXIT.
[INFO] 16:02:37:941 TEAM/(6721:6721): ------------------------------------------------
[INFO] 16:02:37:941 TEAM/(6721:6721): Programa terminado: objetivo global cumplido.
[INFO] 16:02:37:941 TEAM/(6721:6721): Cantidad de ciclos de CPU totales: 62.
[INFO] 16:02:37:941 TEAM/(6721:6721): Cantidad de cambios de contexto realizados: 7.
[INFO] 16:02:37:941 TEAM/(6721:6721): ------------------------------------------------
[INFO] 16:02:37:941 TEAM/(6721:6721): Información de los entrenadores: 
[INFO] 16:02:37:941 TEAM/(6721:6721): Deadlocks producidos: 2.
[INFO] 16:02:37:941 TEAM/(6721:6721): Deadlocks resueltos: 2.
[INFO] 16:02:37:941 TEAM/(6721:6721): Cantidad de ciclos de CPU realizados por el entrenador 0: 7.
[INFO] 16:02:37:941 TEAM/(6721:6721): Cantidad de ciclos de CPU realizados por el entrenador 1: 34.
[INFO] 16:02:37:941 TEAM/(6721:6721): Cantidad de ciclos de CPU realizados por el entrenador 2: 21.
[INFO] 16:14:54:929 TEAM/(8378:8378): ___________________________________________________________________________________________________________
[INFO] 16:14:54:929 TEAM/(8378:8378): Inició el TEAM
[INFO] 16:14:54:938 TEAM/(8378:8390): Recibi mensaje caught pokemon. El pokemon fue atrapado.
[INFO] 16:14:54:942 TEAM/(8378:8389): Recibi mensaje localized. El pokemon es: Jolteon. La cantidad es: 1.
[INFO] 16:14:54:942 TEAM/(8378:8389): Las posiciones son: 
[INFO] 16:14:54:942 TEAM/(8378:8389): (2,2)
[INFO] 16:14:54:947 TEAM/(8378:8389): Recibi mensaje localized. El pokemon es: Onix. La cantidad es: 0.
[INFO] 16:14:54:947 TEAM/(8378:8389): Las posiciones son: 
[INFO] 16:14:54:948 TEAM/(8378:8389): Recibi mensaje localized. El pokemon es: Gengar. La cantidad es: 0.
[INFO] 16:14:54:948 TEAM/(8378:8389): Las posiciones son: 
[INFO] 16:14:59:950 TEAM/(8378:8389): Recibi mensaje localized. El pokemon es: Pikachu. La cantidad es: 1.
[INFO] 16:14:59:950 TEAM/(8378:8389): Las posiciones son: 
[INFO] 16:14:59:950 TEAM/(8378:8389): (9,9)
[INFO] 16:14:59:954 TEAM/(8378:8389): Recibi mensaje localized. El pokemon es: Squirtle. La cantidad es: 1.
[INFO] 16:14:59:954 TEAM/(8378:8389): Las posiciones son: 
[INFO] 16:14:59:954 TEAM/(8378:8389): (5,2)
[INFO] 16:14:59:954 TEAM/(8378:8436): Habilito el hilo del entrenador 1.
[INFO] 16:14:59:954 TEAM/(8378:8381): El entrenador 1 ahora está en READY.
[INFO] 16:14:59:954 TEAM/(8378:8387): El entrenador 1 ahora está en EXEC.
[INFO] 16:14:59:954 TEAM/(8378:8381): El entrenador  1 se mueve a atrapar a Pikachu en posición (9, 9)

[INFO] 16:14:59:954 TEAM/(8378:8381): El entrenador 1 ahora está en EXEC.
[INFO] 16:14:59:955 TEAM/(8378:8441): Habilito el hilo del entrenador 2.
[INFO] 16:14:59:955 TEAM/(8378:8382): El entrenador 2 ahora está en READY.
[INFO] 16:15:08:684 TEAM/(8378:8390): Recibi mensaje caught pokemon. El pokemon fue atrapado.
[INFO] 16:16:04:969 TEAM/(8378:8381): El entrenador 1 se movió a la posición (9, 9).
[INFO] 16:16:09:972 TEAM/(8378:8381): El entrenador 1 ahora está en BLOCKED.
[INFO] 16:16:09:972 TEAM/(8378:8387): El entrenador 2 ahora está en EXEC.
[INFO] 16:16:09:972 TEAM/(8378:8382): El entrenador  2 se mueve a atrapar a Squirtle en posición (5, 2)

[INFO] 16:16:09:972 TEAM/(8378:8382): El entrenador 2 ahora está en EXEC.
[INFO] 16:16:14:994 TEAM/(8378:8390): Recibi mensaje caught pokemon. El pokemon fue atrapado.
[INFO] 16:16:14:0 TEAM/(8378:8570): El entrenador 1 atrapó al pokemon Pikachu en la posición (9,9).
[INFO] 16:16:14:0 TEAM/(8378:8570): El entrenador 1 ahora está en BLOCKED.
[INFO] 16:16:14:0 TEAM/(8378:8570): Habilito el hilo del entrenador 1.
[INFO] 16:16:24:978 TEAM/(8378:8382): El entrenador 2 se movió a la posición (5, 2).
[INFO] 16:16:29:979 TEAM/(8378:8382): El entrenador 2 ahora está en BLOCKED.
[INFO] 16:16:35:69 TEAM/(8378:8390): Recibi mensaje caught pokemon. El pokemon fue atrapado.
[INFO] 16:16:35:75 TEAM/(8378:8605): El entrenador 2 atrapó al pokemon Squirtle en la posición (5,2).
[INFO] 16:16:35:75 TEAM/(8378:8605): El entrenador 2 ahora está en BLOCKED.
[INFO] 16:16:35:75 TEAM/(8378:8605): Habilito el hilo del entrenador 2.
[INFO] 16:17:40:639 TEAM/(8378:8388): Recibi mensaje appeared pokemon. El pokemon es: Gengar. La posicion es: (6,6).
[INFO] 16:17:40:640 TEAM/(8378:8714): Habilito el hilo del entrenador 2.
[INFO] 16:17:40:640 TEAM/(8378:8382): El entrenador 2 ahora está en READY.
[INFO] 16:17:40:640 TEAM/(8378:8387): El entrenador 2 ahora está en EXEC.
[INFO] 16:17:40:640 TEAM/(8378:8382): El entrenador  2 se mueve a atrapar a Gengar en posición (6, 6)

[INFO] 16:17:40:640 TEAM/(8378:8382): El entrenador 2 ahora está en EXEC.
[INFO] 16:17:40:656 TEAM/(8378:8388): Recibi mensaje appeared pokemon. El pokemon es: Onix. La posicion es: (2,8).
[INFO] 16:17:40:657 TEAM/(8378:8388): Recibi mensaje appeared pokemon. El pokemon es: Squirtle. La posicion es: (5,5).
[INFO] 16:17:40:659 TEAM/(8378:8724): Habilito el hilo del entrenador 0.
[INFO] 16:17:40:659 TEAM/(8378:8380): El entrenador 0 ahora está en READY.
[INFO] 16:17:40:659 TEAM/(8378:8388): Recibi mensaje appeared pokemon. El pokemon es: Umbreon. La posicion es: (10,6).
[INFO] 16:17:40:659 TEAM/(8378:8727): Habilito el hilo del entrenador 1.
[INFO] 16:17:40:659 TEAM/(8378:8381): El entrenador 1 ahora está en READY.
[INFO] 16:17:40:674 TEAM/(8378:8388): Recibi mensaje appeared pokemon. El pokemon es: Vaporeon. La posicion es: (4,10).
[INFO] 16:17:40:675 TEAM/(8378:8388): Recibi mensaje appeared pokemon. El pokemon es: Espeon. La posicion es: (7,1).
[INFO] 16:18:05:650 TEAM/(8378:8382): El entrenador 2 se movió a la posición (6, 6).
[INFO] 16:18:10:652 TEAM/(8378:8382): El entrenador 2 ahora está en BLOCKED.
[INFO] 16:18:10:653 TEAM/(8378:8387): El entrenador 0 ahora está en EXEC.
[INFO] 16:18:10:653 TEAM/(8378:8380): El entrenador  0 se mueve a atrapar a Onix en posición (2, 8)

[INFO] 16:18:10:653 TEAM/(8378:8380): El entrenador 0 ahora está en EXEC.
[INFO] 16:18:10:697 TEAM/(8378:8390): Recibi mensaje caught pokemon. El pokemon fue atrapado.
[INFO] 16:18:15:668 TEAM/(8378:8390): Recibi mensaje caught pokemon. El pokemon fue atrapado.
[INFO] 16:18:15:671 TEAM/(8378:8798): El entrenador 2 atrapó al pokemon Gengar en la posición (6,6).
[INFO] 16:18:15:671 TEAM/(8378:8798): Inicio del algoritmo de detección de deadlock.
[INFO] 16:18:15:671 TEAM/(8378:8798): Habilito el hilo del entrenador 2.
[INFO] 16:18:15:671 TEAM/(8378:8798): No se encontró deadlock.
[INFO] 16:18:30:693 TEAM/(8378:8390): Recibi mensaje caught pokemon. El pokemon fue atrapado.
[INFO] 16:18:40:659 TEAM/(8378:8380): El entrenador 0 se movió a la posición (2, 8).
[INFO] 16:18:45:662 TEAM/(8378:8380): El entrenador 0 ahora está en BLOCKED.
[INFO] 16:18:45:662 TEAM/(8378:8387): El entrenador 1 ahora está en EXEC.
[INFO] 16:18:45:662 TEAM/(8378:8381): El entrenador  1 se mueve a atrapar a Squirtle en posición (5, 5)

[INFO] 16:18:45:662 TEAM/(8378:8381): El entrenador 1 ahora está en EXEC.
[INFO] 16:18:50:684 TEAM/(8378:8390): Recibi mensaje caught pokemon. El pokemon fue atrapado.
[INFO] 16:18:50:689 TEAM/(8378:8861): El entrenador 0 atrapó al pokemon Onix en la posición (2,8).
[INFO] 16:18:50:693 TEAM/(8378:8861): Inicio del algoritmo de detección de deadlock.
[INFO] 16:18:50:693 TEAM/(8378:8861): Habilito el hilo del entrenador 0.
[INFO] 16:18:50:693 TEAM/(8378:8861): No se encontró deadlock.
[INFO] 16:18:50:716 TEAM/(8378:8390): Recibi mensaje caught pokemon. El pokemon fue atrapado.
[INFO] 16:19:25:671 TEAM/(8378:8381): El entrenador 1 se movió a la posición (5, 5).
[INFO] 16:19:30:674 TEAM/(8378:8381): El entrenador 1 ahora está en BLOCKED.
[INFO] 16:19:35:726 TEAM/(8378:8390): Recibi mensaje caught pokemon. El pokemon fue atrapado.
[INFO] 16:19:35:738 TEAM/(8378:8921): El entrenador 1 atrapó al pokemon Squirtle en la posición (5,5).
[INFO] 16:19:35:738 TEAM/(8378:8921): Inicio del algoritmo de detección de deadlock.
[INFO] 16:19:35:738 TEAM/(8378:8921): Habilito el hilo del entrenador 1.
[INFO] 16:19:35:738 TEAM/(8378:8921): Se encontró deadlock.
[INFO] 16:19:35:738 TEAM/(8378:8384): Encontre una espera circular. Entrenadores involucrados: 
[INFO] 16:19:35:738 TEAM/(8378:8384): Entrenador 2.
[INFO] 16:19:35:738 TEAM/(8378:8384): Entrenador 0.
[INFO] 16:19:35:738 TEAM/(8378:8384): Entrenador 1.
[INFO] 16:19:35:738 TEAM/(8378:8384): El entrenador 2, esta en DEADLOCK con el entrenador 0.
[INFO] 16:19:35:738 TEAM/(8378:8380): El entrenador 0 ahora está en READY.
[INFO] 16:19:35:738 TEAM/(8378:8387): El entrenador 0 ahora está en EXEC.
[INFO] 16:19:35:738 TEAM/(8378:8380): El entrenador 0 ahora está en EXEC.
[INFO] 16:20:05:745 TEAM/(8378:8380): El entrenador 0 se movió a la posición (6, 6).
[INFO] 16:20:30:752 TEAM/(8378:8380): El entrenador 0 le da el pokemon Onix al entrenador 2
[INFO] 16:20:30:752 TEAM/(8378:8380): El entrenador 2 le da el pokemon Gengar al entrenador 0
[INFO] 16:20:30:753 TEAM/(8378:8380): Operación de intercambio realizada entre entrenadores 0 y 2
[INFO] 16:20:30:753 TEAM/(8378:8380): El entrenador 0 ahora está en BLOCKED.
[INFO] 16:20:30:753 TEAM/(8378:8384): El entrenador 0, esta en DEADLOCK con el entrenador 1.
[INFO] 16:20:30:753 TEAM/(8378:8381): El entrenador 1 ahora está en READY.
[INFO] 16:20:30:753 TEAM/(8378:8387): El entrenador 1 ahora está en EXEC.
[INFO] 16:20:30:753 TEAM/(8378:8381): El entrenador 1 ahora está en EXEC.
[INFO] 16:20:40:757 TEAM/(8378:8381): El entrenador 1 se movió a la posición (6, 6).
[INFO] 16:21:05:765 TEAM/(8378:8381): El entrenador 1 le da el pokemon Squirtle al entrenador 0
[INFO] 16:21:05:765 TEAM/(8378:8381): El entrenador 0 le da el pokemon Gengar al entrenador 1
[INFO] 16:21:05:765 TEAM/(8378:8381): Operación de intercambio realizada entre entrenadores 1 y 0
[INFO] 16:21:05:765 TEAM/(8378:8381): El entrenador 1 ahora está en BLOCKED.
[INFO] 16:21:05:766 TEAM/(8378:8384): El entrenador 2 ahora está en EXIT.
[INFO] 16:21:05:766 TEAM/(8378:8384): El entrenador 0 ahora está en EXIT.
[INFO] 16:21:05:766 TEAM/(8378:8384): El entrenador 1 ahora está en EXIT.
[INFO] 16:21:05:766 TEAM/(8378:8378): ------------------------------------------------
[INFO] 16:21:05:766 TEAM/(8378:8378): Programa terminado: objetivo global cumplido.
[INFO] 16:21:05:766 TEAM/(8378:8378): Cantidad de ciclos de CPU totales: 58.
[INFO] 16:21:05:766 TEAM/(8378:8378): Cantidad de cambios de contexto realizados: 7.
[INFO] 16:21:05:766 TEAM/(8378:8378): ------------------------------------------------
[INFO] 16:21:05:766 TEAM/(8378:8378): Información de los entrenadores: 
[INFO] 16:21:05:766 TEAM/(8378:8378): Deadlocks producidos: 2.
[INFO] 16:21:05:766 TEAM/(8378:8378): Deadlocks resueltos: 2.
[INFO] 16:21:05:766 TEAM/(8378:8378): Cantidad de ciclos de CPU realizados por el entrenador 0: 18.
[INFO] 16:21:05:766 TEAM/(8378:8378): Cantidad de ciclos de CPU realizados por el entrenador 1: 30.
[INFO] 16:21:05:766 TEAM/(8378:8378): Cantidad de ciclos de CPU realizados por el entrenador 2: 10.
[INFO] 23:05:51:685 TEAM/(21163:21163): ___________________________________________________________________________________________________________
[INFO] 23:05:51:904 TEAM/(21163:21163): Inició el TEAM
[INFO] 23:05:51:913 TEAM/(21163:21173): Recibi mensaje localized. El pokemon es: Jolteon. La cantidad es: 1.
[INFO] 23:05:51:913 TEAM/(21163:21173): Las posiciones son: 
[INFO] 23:05:51:913 TEAM/(21163:21173): (2,2)
[INFO] 23:05:51:913 TEAM/(21163:21173): Recibi mensaje localized. El pokemon es: Flareon. La cantidad es: 1.
[INFO] 23:05:51:913 TEAM/(21163:21173): Las posiciones son: 
[INFO] 23:05:51:913 TEAM/(21163:21173): (4,6)
[INFO] 23:05:51:932 TEAM/(21163:21173): Recibi mensaje localized. El pokemon es: Gengar. La cantidad es: 0.
[INFO] 23:05:51:932 TEAM/(21163:21173): Las posiciones son: 
[INFO] 23:05:51:943 TEAM/(21163:21173): Recibi mensaje localized. El pokemon es: Onix. La cantidad es: 0.
[INFO] 23:05:51:943 TEAM/(21163:21173): Las posiciones son: 
[INFO] 23:05:56:940 TEAM/(21163:21173): Recibi mensaje localized. El pokemon es: Squirtle. La cantidad es: 1.
[INFO] 23:05:56:940 TEAM/(21163:21173): Las posiciones son: 
[INFO] 23:05:56:940 TEAM/(21163:21173): (5,2)
[INFO] 23:05:56:941 TEAM/(21163:21173): Recibi mensaje localized. El pokemon es: Pikachu. La cantidad es: 1.
[INFO] 23:05:56:941 TEAM/(21163:21173): Las posiciones son: 
[INFO] 23:05:56:941 TEAM/(21163:21173): (9,9)
[INFO] 23:05:56:944 TEAM/(21163:21226): Habilito el hilo del entrenador 2.
[INFO] 23:05:56:944 TEAM/(21163:21166): El entrenador 2 ahora está en READY.
[INFO] 23:05:56:945 TEAM/(21163:21171): El entrenador 2 ahora está en EXEC.
[INFO] 23:05:56:945 TEAM/(21163:21166): El entrenador  2 se mueve a atrapar a Squirtle en posición (5, 2)

[INFO] 23:05:56:945 TEAM/(21163:21166): El entrenador 2 ahora está en EXEC.
[INFO] 23:05:56:945 TEAM/(21163:21230): Habilito el hilo del entrenador 1.
[INFO] 23:05:56:945 TEAM/(21163:21165): El entrenador 1 ahora está en READY.
[INFO] 23:05:58:40 TEAM/(21163:21174): Recibi mensaje caught pokemon. El pokemon fue atrapado.
[INFO] 23:06:11:946 TEAM/(21163:21166): El entrenador 2 se movió a la posición (5, 2).
[INFO] 23:06:16:947 TEAM/(21163:21166): El entrenador 2 ahora está en BLOCKED.
[INFO] 23:06:16:947 TEAM/(21163:21171): El entrenador 1 ahora está en EXEC.
[INFO] 23:06:16:947 TEAM/(21163:21165): El entrenador  1 se mueve a atrapar a Pikachu en posición (9, 9)

[INFO] 23:06:16:947 TEAM/(21163:21165): El entrenador 1 ahora está en EXEC.
[INFO] 23:06:18:46 TEAM/(21163:21174): Recibi mensaje caught pokemon. El pokemon fue atrapado.
[INFO] 23:06:22:96 TEAM/(21163:21174): Recibi mensaje caught pokemon. El pokemon fue atrapado.
[INFO] 23:06:22:100 TEAM/(21163:21272): El entrenador 2 atrapó al pokemon Squirtle en la posición (5,2).
[INFO] 23:06:22:100 TEAM/(21163:21272): El entrenador 2 ahora está en BLOCKED.
[INFO] 23:06:22:100 TEAM/(21163:21272): Habilito el hilo del entrenador 2.
[INFO] 23:07:21:956 TEAM/(21163:21165): El entrenador 1 se movió a la posición (9, 9).
[INFO] 23:07:26:957 TEAM/(21163:21165): El entrenador 1 ahora está en BLOCKED.
[INFO] 23:07:31:972 TEAM/(21163:21174): Recibi mensaje caught pokemon. El pokemon fue atrapado.
[INFO] 23:07:31:975 TEAM/(21163:21360): El entrenador 1 atrapó al pokemon Pikachu en la posición (9,9).
[INFO] 23:07:31:975 TEAM/(21163:21360): El entrenador 1 ahora está en BLOCKED.
[INFO] 23:07:31:975 TEAM/(21163:21360): Habilito el hilo del entrenador 1.
[INFO] 23:07:59:948 TEAM/(21163:21172): Recibi mensaje appeared pokemon. El pokemon es: Onix. La posicion es: (2,8).
[INFO] 23:07:59:951 TEAM/(21163:21425): Habilito el hilo del entrenador 0.
[INFO] 23:07:59:951 TEAM/(21163:21164): El entrenador 0 ahora está en READY.
[INFO] 23:07:59:951 TEAM/(21163:21171): El entrenador 0 ahora está en EXEC.
[INFO] 23:07:59:951 TEAM/(21163:21164): El entrenador  0 se mueve a atrapar a Onix en posición (2, 8)

[INFO] 23:07:59:951 TEAM/(21163:21164): El entrenador 0 ahora está en EXEC.
[INFO] 23:07:59:974 TEAM/(21163:21172): Recibi mensaje appeared pokemon. El pokemon es: Gengar. La posicion es: (6,6).
[INFO] 23:07:59:983 TEAM/(21163:21429): Habilito el hilo del entrenador 2.
[INFO] 23:07:59:983 TEAM/(21163:21166): El entrenador 2 ahora está en READY.
[INFO] 23:07:59:996 TEAM/(21163:21172): Recibi mensaje appeared pokemon. El pokemon es: Squirtle. La posicion es: (5,5).
[INFO] 23:07:59:4 TEAM/(21163:21435): Habilito el hilo del entrenador 1.
[INFO] 23:07:59:4 TEAM/(21163:21165): El entrenador 1 ahora está en READY.
[INFO] 23:08:00:22 TEAM/(21163:21172): Recibi mensaje appeared pokemon. El pokemon es: Umbreon. La posicion es: (10,6).
[INFO] 23:08:00:36 TEAM/(21163:21172): Recibi mensaje appeared pokemon. El pokemon es: Espeon. La posicion es: (7,1).
[INFO] 23:08:00:48 TEAM/(21163:21172): Recibi mensaje appeared pokemon. El pokemon es: Vaporeon. La posicion es: (4,10).
[INFO] 23:08:29:957 TEAM/(21163:21164): El entrenador 0 se movió a la posición (2, 8).
[INFO] 23:08:30:57 TEAM/(21163:21174): Recibi mensaje caught pokemon. El pokemon fue atrapado.
[INFO] 23:08:34:959 TEAM/(21163:21164): El entrenador 0 ahora está en BLOCKED.
[INFO] 23:08:34:959 TEAM/(21163:21171): El entrenador 2 ahora está en EXEC.
[INFO] 23:08:34:959 TEAM/(21163:21166): El entrenador  2 se mueve a atrapar a Gengar en posición (6, 6)

[INFO] 23:08:34:959 TEAM/(21163:21166): El entrenador 2 ahora está en EXEC.
[INFO] 23:08:39:996 TEAM/(21163:21174): Recibi mensaje caught pokemon. El pokemon fue atrapado.
[INFO] 23:08:39:0 TEAM/(21163:21503): El entrenador 0 atrapó al pokemon Onix en la posición (2,8).
[INFO] 23:08:39:0 TEAM/(21163:21503): Inicio del algoritmo de detección de deadlock.
[INFO] 23:08:39:0 TEAM/(21163:21503): Habilito el hilo del entrenador 0.
[INFO] 23:08:39:1 TEAM/(21163:21503): No se encontró deadlock.
[INFO] 23:08:50:59 TEAM/(21163:21174): Recibi mensaje caught pokemon. El pokemon fue atrapado.
[INFO] 23:08:59:965 TEAM/(21163:21166): El entrenador 2 se movió a la posición (6, 6).
[INFO] 23:09:04:967 TEAM/(21163:21166): El entrenador 2 ahora está en BLOCKED.
[INFO] 23:09:04:967 TEAM/(21163:21171): El entrenador 1 ahora está en EXEC.
[INFO] 23:09:04:967 TEAM/(21163:21165): El entrenador  1 se mueve a atrapar a Squirtle en posición (5, 5)

[INFO] 23:09:04:967 TEAM/(21163:21165): El entrenador 1 ahora está en EXEC.
[INFO] 23:09:09:985 TEAM/(21163:21174): Recibi mensaje caught pokemon. El pokemon fue atrapado.
[INFO] 23:09:09:990 TEAM/(21163:21554): El entrenador 2 atrapó al pokemon Gengar en la posición (6,6).
[INFO] 23:09:09:990 TEAM/(21163:21554): Inicio del algoritmo de detección de deadlock.
[INFO] 23:09:09:990 TEAM/(21163:21554): Habilito el hilo del entrenador 2.
[INFO] 23:09:09:990 TEAM/(21163:21554): No se encontró deadlock.
[INFO] 23:09:10:69 TEAM/(21163:21174): Recibi mensaje caught pokemon. El pokemon fue atrapado.
[INFO] 23:09:44:973 TEAM/(21163:21165): El entrenador 1 se movió a la posición (5, 5).
[INFO] 23:09:49:976 TEAM/(21163:21165): El entrenador 1 ahora está en BLOCKED.
[INFO] 23:09:54:988 TEAM/(21163:21174): Recibi mensaje caught pokemon. El pokemon fue atrapado.
[INFO] 23:09:54:0 TEAM/(21163:21610): El entrenador 1 atrapó al pokemon Squirtle en la posición (5,5).
[INFO] 23:09:54:0 TEAM/(21163:21610): Inicio del algoritmo de detección de deadlock.
[INFO] 23:09:54:0 TEAM/(21163:21610): Habilito el hilo del entrenador 1.
[INFO] 23:09:54:1 TEAM/(21163:21610): Se encontró deadlock.
[INFO] 23:09:54:1 TEAM/(21163:21168): Encontre una espera circular. Entrenadores involucrados: 
[INFO] 23:09:54:1 TEAM/(21163:21168): Entrenador 0.
[INFO] 23:09:54:1 TEAM/(21163:21168): Entrenador 1.
[INFO] 23:09:54:1 TEAM/(21163:21168): Entrenador 2.
[INFO] 23:09:54:1 TEAM/(21163:21168): El entrenador 0, esta en DEADLOCK con el entrenador 1.
[INFO] 23:09:54:1 TEAM/(21163:21165): El entrenador 1 ahora está en READY.
[INFO] 23:09:54:1 TEAM/(21163:21171): El entrenador 1 ahora está en EXEC.
[INFO] 23:09:54:1 TEAM/(21163:21165): El entrenador 1 ahora está en EXEC.
[INFO] 23:10:25:8 TEAM/(21163:21165): El entrenador 1 se movió a la posición (2, 8).
[INFO] 23:10:50:19 TEAM/(21163:21165): El entrenador 1 le da el pokemon Squirtle al entrenador 0
[INFO] 23:10:50:19 TEAM/(21163:21165): El entrenador 0 le da el pokemon Onix al entrenador 1
[INFO] 23:10:50:19 TEAM/(21163:21165): Operación de intercambio realizada entre entrenadores 1 y 0
[INFO] 23:10:50:19 TEAM/(21163:21165): El entrenador 1 ahora está en BLOCKED.
[INFO] 23:10:50:20 TEAM/(21163:21168): El entrenador 1, esta en DEADLOCK con el entrenador 2.
[INFO] 23:10:50:20 TEAM/(21163:21166): El entrenador 2 ahora está en READY.
[INFO] 23:10:50:20 TEAM/(21163:21171): El entrenador 2 ahora está en EXEC.
[INFO] 23:10:50:20 TEAM/(21163:21166): El entrenador 2 ahora está en EXEC.
[INFO] 23:11:20:27 TEAM/(21163:21166): El entrenador 2 se movió a la posición (2, 8).
[INFO] 23:11:45:31 TEAM/(21163:21166): El entrenador 2 le da el pokemon Gengar al entrenador 1
[INFO] 23:11:45:31 TEAM/(21163:21166): El entrenador 1 le da el pokemon Onix al entrenador 2
[INFO] 23:11:45:31 TEAM/(21163:21166): Operación de intercambio realizada entre entrenadores 2 y 1
[INFO] 23:11:45:31 TEAM/(21163:21166): El entrenador 2 ahora está en BLOCKED.
[INFO] 23:11:45:31 TEAM/(21163:21168): El entrenador 0 ahora está en EXIT.
[INFO] 23:11:45:31 TEAM/(21163:21168): El entrenador 2 ahora está en EXIT.
[INFO] 23:11:45:32 TEAM/(21163:21168): El entrenador 1 ahora está en EXIT.
[INFO] 23:11:45:32 TEAM/(21163:21163): ------------------------------------------------
[INFO] 23:11:45:32 TEAM/(21163:21163): Programa terminado: objetivo global cumplido.
[INFO] 23:11:45:32 TEAM/(21163:21163): Cantidad de ciclos de CPU totales: 62.
[INFO] 23:11:45:32 TEAM/(21163:21163): Cantidad de cambios de contexto realizados: 7.
[INFO] 23:11:45:32 TEAM/(21163:21163): ------------------------------------------------
[INFO] 23:11:45:32 TEAM/(21163:21163): Información de los entrenadores: 
[INFO] 23:11:45:32 TEAM/(21163:21163): Deadlocks producidos: 2.
[INFO] 23:11:45:32 TEAM/(21163:21163): Deadlocks resueltos: 2.
[INFO] 23:11:45:32 TEAM/(21163:21163): Cantidad de ciclos de CPU realizados por el entrenador 0: 7.
[INFO] 23:11:45:32 TEAM/(21163:21163): Cantidad de ciclos de CPU realizados por el entrenador 1: 34.
[INFO] 23:11:45:32 TEAM/(21163:21163): Cantidad de ciclos de CPU realizados por el entrenador 2: 21.
[INFO] 23:31:05:667 TEAM/(23905:23905): ___________________________________________________________________________________________________________
[INFO] 23:31:05:667 TEAM/(23905:23905): Inició el TEAM
[INFO] 23:31:05:675 TEAM/(23905:23915): Recibi mensaje localized. El pokemon es: Flareon. La cantidad es: 1.
[INFO] 23:31:05:675 TEAM/(23905:23915): Las posiciones son: 
[INFO] 23:31:05:675 TEAM/(23905:23915): (4,6)
[INFO] 23:31:05:675 TEAM/(23905:23915): Recibi mensaje localized. El pokemon es: Jolteon. La cantidad es: 1.
[INFO] 23:31:05:675 TEAM/(23905:23915): Las posiciones son: 
[INFO] 23:31:05:675 TEAM/(23905:23915): (2,2)
[INFO] 23:31:05:698 TEAM/(23905:23915): Recibi mensaje localized. El pokemon es: Gengar. La cantidad es: 0.
[INFO] 23:31:05:698 TEAM/(23905:23915): Las posiciones son: 
[INFO] 23:31:05:704 TEAM/(23905:23915): Recibi mensaje localized. El pokemon es: Onix. La cantidad es: 0.
[INFO] 23:31:05:704 TEAM/(23905:23915): Las posiciones son: 
[INFO] 23:31:10:696 TEAM/(23905:23915): Recibi mensaje localized. El pokemon es: Squirtle. La cantidad es: 1.
[INFO] 23:31:10:696 TEAM/(23905:23915): Las posiciones son: 
[INFO] 23:31:10:696 TEAM/(23905:23915): (5,2)
[INFO] 23:31:10:696 TEAM/(23905:23915): Recibi mensaje localized. El pokemon es: Pikachu. La cantidad es: 1.
[INFO] 23:31:10:696 TEAM/(23905:23915): Las posiciones son: 
[INFO] 23:31:10:696 TEAM/(23905:23915): (9,9)
[INFO] 23:31:10:700 TEAM/(23905:23961): Habilito el hilo del entrenador 2.
[INFO] 23:31:10:700 TEAM/(23905:23964): Habilito el hilo del entrenador 1.
[INFO] 23:31:10:700 TEAM/(23905:23908): El entrenador 2 ahora está en READY.
[INFO] 23:31:10:700 TEAM/(23905:23913): El entrenador 2 ahora está en EXEC.
[INFO] 23:31:10:700 TEAM/(23905:23908): El entrenador  2 se mueve a atrapar a Squirtle en posición (5, 2)

[INFO] 23:31:10:700 TEAM/(23905:23908): El entrenador 2 ahora está en EXEC.
[INFO] 23:31:10:700 TEAM/(23905:23907): El entrenador 1 ahora está en READY.
[INFO] 23:31:20:402 TEAM/(23905:23916): Recibi mensaje caught pokemon. El pokemon fue atrapado.
[INFO] 23:31:25:702 TEAM/(23905:23908): El entrenador 2 se movió a la posición (5, 2).
[INFO] 23:31:30:307 TEAM/(23905:23916): Recibi mensaje caught pokemon. El pokemon fue atrapado.
[INFO] 23:31:30:703 TEAM/(23905:23908): El entrenador 2 ahora está en BLOCKED.
[INFO] 23:31:30:703 TEAM/(23905:23913): El entrenador 1 ahora está en EXEC.
[INFO] 23:31:30:704 TEAM/(23905:23907): El entrenador  1 se mueve a atrapar a Pikachu en posición (9, 9)

[INFO] 23:31:30:704 TEAM/(23905:23907): El entrenador 1 ahora está en EXEC.
[INFO] 23:31:35:717 TEAM/(23905:23916): Recibi mensaje caught pokemon. El pokemon fue atrapado.
[INFO] 23:31:35:724 TEAM/(23905:24028): El entrenador 2 atrapó al pokemon Squirtle en la posición (5,2).
[INFO] 23:31:35:724 TEAM/(23905:24028): El entrenador 2 ahora está en BLOCKED.
[INFO] 23:31:35:724 TEAM/(23905:24028): Habilito el hilo del entrenador 2.
[INFO] 23:32:35:718 TEAM/(23905:23907): El entrenador 1 se movió a la posición (9, 9).
[INFO] 23:32:40:719 TEAM/(23905:23907): El entrenador 1 ahora está en BLOCKED.
[INFO] 23:32:45:740 TEAM/(23905:23916): Recibi mensaje caught pokemon. El pokemon fue atrapado.
[INFO] 23:32:45:748 TEAM/(23905:24108): El entrenador 1 atrapó al pokemon Pikachu en la posición (9,9).
[INFO] 23:32:45:748 TEAM/(23905:24108): El entrenador 1 ahora está en BLOCKED.
[INFO] 23:32:45:748 TEAM/(23905:24108): Habilito el hilo del entrenador 1.
[INFO] 23:33:36:908 TEAM/(23905:23914): Recibi mensaje appeared pokemon. El pokemon es: Onix. La posicion es: (2,8).
[INFO] 23:33:36:913 TEAM/(23905:24193): Habilito el hilo del entrenador 0.
[INFO] 23:33:36:913 TEAM/(23905:23906): El entrenador 0 ahora está en READY.
[INFO] 23:33:36:913 TEAM/(23905:23913): El entrenador 0 ahora está en EXEC.
[INFO] 23:33:36:913 TEAM/(23905:23906): El entrenador  0 se mueve a atrapar a Onix en posición (2, 8)

[INFO] 23:33:36:913 TEAM/(23905:23906): El entrenador 0 ahora está en EXEC.
[INFO] 23:33:36:914 TEAM/(23905:23914): Recibi mensaje appeared pokemon. El pokemon es: Gengar. La posicion es: (6,6).
[INFO] 23:33:36:920 TEAM/(23905:24199): Habilito el hilo del entrenador 2.
[INFO] 23:33:36:920 TEAM/(23905:23908): El entrenador 2 ahora está en READY.
[INFO] 23:33:36:939 TEAM/(23905:23914): Recibi mensaje appeared pokemon. El pokemon es: Squirtle. La posicion es: (5,5).
[INFO] 23:33:36:945 TEAM/(23905:24204): Habilito el hilo del entrenador 1.
[INFO] 23:33:36:945 TEAM/(23905:23907): El entrenador 1 ahora está en READY.
[INFO] 23:33:36:952 TEAM/(23905:23914): Recibi mensaje appeared pokemon. El pokemon es: Umbreon. La posicion es: (10,6).
[INFO] 23:33:36:960 TEAM/(23905:23914): Recibi mensaje appeared pokemon. El pokemon es: Espeon. La posicion es: (7,1).
[INFO] 23:33:36:985 TEAM/(23905:23914): Recibi mensaje appeared pokemon. El pokemon es: Vaporeon. La posicion es: (4,10).
[INFO] 23:34:06:937 TEAM/(23905:23906): El entrenador 0 se movió a la posición (2, 8).
[INFO] 23:34:11:938 TEAM/(23905:23906): El entrenador 0 ahora está en BLOCKED.
[INFO] 23:34:11:939 TEAM/(23905:23913): El entrenador 2 ahora está en EXEC.
[INFO] 23:34:11:939 TEAM/(23905:23908): El entrenador  2 se mueve a atrapar a Gengar en posición (6, 6)

[INFO] 23:34:11:939 TEAM/(23905:23908): El entrenador 2 ahora está en EXEC.
[INFO] 23:34:16:952 TEAM/(23905:23916): Recibi mensaje caught pokemon. El pokemon fue atrapado.
[INFO] 23:34:16:956 TEAM/(23905:24279): El entrenador 0 atrapó al pokemon Onix en la posición (2,8).
[INFO] 23:34:16:956 TEAM/(23905:24279): Inicio del algoritmo de detección de deadlock.
[INFO] 23:34:16:956 TEAM/(23905:24279): Habilito el hilo del entrenador 0.
[INFO] 23:34:16:956 TEAM/(23905:24279): No se encontró deadlock.
[INFO] 23:34:36:942 TEAM/(23905:23908): El entrenador 2 se movió a la posición (6, 6).
[INFO] 23:34:36:994 TEAM/(23905:23916): Recibi mensaje caught pokemon. El pokemon fue atrapado.
[INFO] 23:34:41:944 TEAM/(23905:23908): El entrenador 2 ahora está en BLOCKED.
[INFO] 23:34:41:944 TEAM/(23905:23913): El entrenador 1 ahora está en EXEC.
[INFO] 23:34:41:944 TEAM/(23905:23907): El entrenador  1 se mueve a atrapar a Squirtle en posición (5, 5)

[INFO] 23:34:41:944 TEAM/(23905:23907): El entrenador 1 ahora está en EXEC.
[INFO] 23:34:41:989 TEAM/(23905:23916): Recibi mensaje caught pokemon. El pokemon fue atrapado.
[INFO] 23:34:47:48 TEAM/(23905:23916): Recibi mensaje caught pokemon. El pokemon fue atrapado.
[INFO] 23:34:47:48 TEAM/(23905:23916): Recibi mensaje caught pokemon. El pokemon fue atrapado.
[INFO] 23:34:47:53 TEAM/(23905:24340): El entrenador 2 atrapó al pokemon Gengar en la posición (6,6).
[INFO] 23:34:47:53 TEAM/(23905:24340): Inicio del algoritmo de detección de deadlock.
[INFO] 23:34:47:53 TEAM/(23905:24340): Habilito el hilo del entrenador 2.
[INFO] 23:34:47:53 TEAM/(23905:24340): No se encontró deadlock.
[INFO] 23:35:21:952 TEAM/(23905:23907): El entrenador 1 se movió a la posición (5, 5).
[INFO] 23:35:26:953 TEAM/(23905:23907): El entrenador 1 ahora está en BLOCKED.
[INFO] 23:35:32:44 TEAM/(23905:23916): Recibi mensaje caught pokemon. El pokemon fue atrapado.
[INFO] 23:35:32:52 TEAM/(23905:24400): El entrenador 1 atrapó al pokemon Squirtle en la posición (5,5).
[INFO] 23:35:32:52 TEAM/(23905:24400): Inicio del algoritmo de detección de deadlock.
[INFO] 23:35:32:52 TEAM/(23905:24400): Habilito el hilo del entrenador 1.
[INFO] 23:35:32:52 TEAM/(23905:24400): Se encontró deadlock.
[INFO] 23:35:32:52 TEAM/(23905:23910): Encontre una espera circular. Entrenadores involucrados: 
[INFO] 23:35:32:52 TEAM/(23905:23910): Entrenador 0.
[INFO] 23:35:32:52 TEAM/(23905:23910): Entrenador 1.
[INFO] 23:35:32:52 TEAM/(23905:23910): Entrenador 2.
[INFO] 23:35:32:53 TEAM/(23905:23910): El entrenador 0, esta en DEADLOCK con el entrenador 1.
[INFO] 23:35:32:53 TEAM/(23905:23907): El entrenador 1 ahora está en READY.
[INFO] 23:35:32:53 TEAM/(23905:23913): El entrenador 1 ahora está en EXEC.
[INFO] 23:35:32:53 TEAM/(23905:23907): El entrenador 1 ahora está en EXEC.
[INFO] 23:36:02:58 TEAM/(23905:23907): El entrenador 1 se movió a la posición (2, 8).
[INFO] 23:36:27:61 TEAM/(23905:23907): El entrenador 1 le da el pokemon Squirtle al entrenador 0
[INFO] 23:36:27:61 TEAM/(23905:23907): El entrenador 0 le da el pokemon Onix al entrenador 1
[INFO] 23:36:27:62 TEAM/(23905:23907): Operación de intercambio realizada entre entrenadores 1 y 0
[INFO] 23:36:27:62 TEAM/(23905:23907): El entrenador 1 ahora está en BLOCKED.
[INFO] 23:36:27:62 TEAM/(23905:23910): El entrenador 1, esta en DEADLOCK con el entrenador 2.
[INFO] 23:36:27:62 TEAM/(23905:23908): El entrenador 2 ahora está en READY.
[INFO] 23:36:27:62 TEAM/(23905:23913): El entrenador 2 ahora está en EXEC.
[INFO] 23:36:27:62 TEAM/(23905:23908): El entrenador 2 ahora está en EXEC.
[INFO] 23:36:57:67 TEAM/(23905:23908): El entrenador 2 se movió a la posición (2, 8).
[INFO] 23:37:22:71 TEAM/(23905:23908): El entrenador 2 le da el pokemon Gengar al entrenador 1
[INFO] 23:37:22:72 TEAM/(23905:23908): El entrenador 1 le da el pokemon Onix al entrenador 2
[INFO] 23:37:22:72 TEAM/(23905:23908): Operación de intercambio realizada entre entrenadores 2 y 1
[INFO] 23:37:22:72 TEAM/(23905:23908): El entrenador 2 ahora está en BLOCKED.
[INFO] 23:37:22:72 TEAM/(23905:23910): El entrenador 0 ahora está en EXIT.
[INFO] 23:37:22:72 TEAM/(23905:23910): El entrenador 2 ahora está en EXIT.
[INFO] 23:37:22:72 TEAM/(23905:23910): El entrenador 1 ahora está en EXIT.
[INFO] 23:37:22:72 TEAM/(23905:23905): ------------------------------------------------
[INFO] 23:37:22:72 TEAM/(23905:23905): Programa terminado: objetivo global cumplido.
[INFO] 23:37:22:72 TEAM/(23905:23905): Cantidad de ciclos de CPU totales: 62.
[INFO] 23:37:22:72 TEAM/(23905:23905): Cantidad de cambios de contexto realizados: 7.
[INFO] 23:37:22:72 TEAM/(23905:23905): ------------------------------------------------
[INFO] 23:37:22:72 TEAM/(23905:23905): Información de los entrenadores: 
[INFO] 23:37:22:72 TEAM/(23905:23905): Deadlocks producidos: 2.
[INFO] 23:37:22:72 TEAM/(23905:23905): Deadlocks resueltos: 2.
[INFO] 23:37:22:72 TEAM/(23905:23905): Cantidad de ciclos de CPU realizados por el entrenador 0: 7.
[INFO] 23:37:22:72 TEAM/(23905:23905): Cantidad de ciclos de CPU realizados por el entrenador 1: 34.
[INFO] 23:37:22:72 TEAM/(23905:23905): Cantidad de ciclos de CPU realizados por el entrenador 2: 21.
[INFO] 00:29:20:380 TEAM/(29160:29160): ___________________________________________________________________________________________________________
[INFO] 00:29:20:380 TEAM/(29160:29160): Inició el TEAM
[INFO] 00:29:20:391 TEAM/(29160:29170): Recibi mensaje localized. El pokemon es: Umbreon. La cantidad es: 0.
[INFO] 00:29:20:391 TEAM/(29160:29170): Las posiciones son: 
[INFO] 00:29:20:392 TEAM/(29160:29170): Recibi mensaje localized. El pokemon es: Vaporeon. La cantidad es: 0.
[INFO] 00:29:20:392 TEAM/(29160:29170): Las posiciones son: 
[INFO] 00:29:20:392 TEAM/(29160:29170): Recibi mensaje localized. El pokemon es: Espeon. La cantidad es: 0.
[INFO] 00:29:20:392 TEAM/(29160:29170): Las posiciones son: 
[INFO] 00:29:20:422 TEAM/(29160:29170): Recibi mensaje localized. El pokemon es: Gengar. La cantidad es: 0.
[INFO] 00:29:20:422 TEAM/(29160:29170): Las posiciones son: 
[INFO] 00:29:20:423 TEAM/(29160:29170): Recibi mensaje localized. El pokemon es: Onix. La cantidad es: 0.
[INFO] 00:29:20:423 TEAM/(29160:29170): Las posiciones son: 
[INFO] 00:29:21:249 TEAM/(29160:29170): Recibi mensaje localized. El pokemon es: Flareon. La cantidad es: 1.
[INFO] 00:29:21:249 TEAM/(29160:29170): Las posiciones son: 
[INFO] 00:29:21:249 TEAM/(29160:29170): (4,6)
[INFO] 00:29:21:256 TEAM/(29160:29170): Recibi mensaje localized. El pokemon es: Jolteon. La cantidad es: 1.
[INFO] 00:29:21:256 TEAM/(29160:29170): Las posiciones son: 
[INFO] 00:29:21:256 TEAM/(29160:29170): (2,2)
[INFO] 00:29:25:426 TEAM/(29160:29170): Recibi mensaje localized. El pokemon es: Squirtle. La cantidad es: 1.
[INFO] 00:29:25:426 TEAM/(29160:29170): Las posiciones son: 
[INFO] 00:29:25:426 TEAM/(29160:29170): (5,2)
[INFO] 00:29:25:432 TEAM/(29160:29170): Recibi mensaje localized. El pokemon es: Pikachu. La cantidad es: 1.
[INFO] 00:29:25:432 TEAM/(29160:29170): Las posiciones son: 
[INFO] 00:29:25:432 TEAM/(29160:29170): (9,9)
[INFO] 00:29:25:437 TEAM/(29160:29228): Habilito el hilo del entrenador 2.
[INFO] 00:29:25:437 TEAM/(29160:29163): El entrenador 2 ahora está en READY.
[INFO] 00:29:25:437 TEAM/(29160:29168): El entrenador 2 ahora está en EXEC.
[INFO] 00:29:25:437 TEAM/(29160:29163): El entrenador  2 se mueve a atrapar a Squirtle en posición (5, 2)

[INFO] 00:29:25:437 TEAM/(29160:29163): El entrenador 2 ahora está en EXEC.
[INFO] 00:29:25:438 TEAM/(29160:29230): Habilito el hilo del entrenador 1.
[INFO] 00:29:25:438 TEAM/(29160:29162): El entrenador 1 ahora está en READY.
[INFO] 00:29:40:441 TEAM/(29160:29163): El entrenador 2 se movió a la posición (5, 2).
[INFO] 00:29:45:442 TEAM/(29160:29163): El entrenador 2 ahora está en BLOCKED.
[INFO] 00:29:45:443 TEAM/(29160:29168): El entrenador 1 ahora está en EXEC.
[INFO] 00:29:45:443 TEAM/(29160:29162): El entrenador  1 se mueve a atrapar a Pikachu en posición (9, 9)

[INFO] 00:29:45:443 TEAM/(29160:29162): El entrenador 1 ahora está en EXEC.
[INFO] 00:29:46:275 TEAM/(29160:29171): Recibi mensaje caught pokemon. El pokemon fue atrapado.
[INFO] 00:29:50:460 TEAM/(29160:29171): Recibi mensaje caught pokemon. El pokemon fue atrapado.
[INFO] 00:29:50:461 TEAM/(29160:29269): El entrenador 2 atrapó al pokemon Squirtle en la posición (5,2).
[INFO] 00:29:50:461 TEAM/(29160:29269): El entrenador 2 ahora está en BLOCKED.
[INFO] 00:29:50:461 TEAM/(29160:29269): Habilito el hilo del entrenador 2.
[INFO] 00:29:56:276 TEAM/(29160:29171): Recibi mensaje caught pokemon. El pokemon fue atrapado.
[INFO] 00:30:50:462 TEAM/(29160:29162): El entrenador 1 se movió a la posición (9, 9).
[INFO] 00:30:55:463 TEAM/(29160:29162): El entrenador 1 ahora está en BLOCKED.
[INFO] 00:31:00:484 TEAM/(29160:29171): Recibi mensaje caught pokemon. El pokemon fue atrapado.
[INFO] 00:31:00:489 TEAM/(29160:29364): El entrenador 1 atrapó al pokemon Pikachu en la posición (9,9).
[INFO] 00:31:00:489 TEAM/(29160:29364): El entrenador 1 ahora está en BLOCKED.
[INFO] 00:31:00:489 TEAM/(29160:29364): Habilito el hilo del entrenador 1.
[INFO] 00:31:21:393 TEAM/(29160:29169): Recibi mensaje appeared pokemon. El pokemon es: Onix. La posicion es: (2,8).
[INFO] 00:31:21:395 TEAM/(29160:29431): Habilito el hilo del entrenador 0.
[INFO] 00:31:21:395 TEAM/(29160:29161): El entrenador 0 ahora está en READY.
[INFO] 00:31:21:395 TEAM/(29160:29168): El entrenador 0 ahora está en EXEC.
[INFO] 00:31:21:395 TEAM/(29160:29161): El entrenador  0 se mueve a atrapar a Onix en posición (2, 8)

[INFO] 00:31:21:395 TEAM/(29160:29161): El entrenador 0 ahora está en EXEC.
[INFO] 00:31:21:420 TEAM/(29160:29169): Recibi mensaje appeared pokemon. El pokemon es: Gengar. La posicion es: (6,6).
[INFO] 00:31:21:426 TEAM/(29160:29169): Recibi mensaje appeared pokemon. El pokemon es: Squirtle. La posicion es: (5,5).
[INFO] 00:31:21:426 TEAM/(29160:29438): Habilito el hilo del entrenador 2.
[INFO] 00:31:21:426 TEAM/(29160:29163): El entrenador 2 ahora está en READY.
[INFO] 00:31:21:436 TEAM/(29160:29442): Habilito el hilo del entrenador 1.
[INFO] 00:31:21:436 TEAM/(29160:29162): El entrenador 1 ahora está en READY.
[INFO] 00:31:21:437 TEAM/(29160:29169): Recibi mensaje appeared pokemon. El pokemon es: Umbreon. La posicion es: (10,6).
[INFO] 00:31:21:438 TEAM/(29160:29169): Recibi mensaje appeared pokemon. El pokemon es: Espeon. La posicion es: (7,1).
[INFO] 00:31:21:463 TEAM/(29160:29169): Recibi mensaje appeared pokemon. El pokemon es: Vaporeon. La posicion es: (4,10).
[INFO] 00:31:51:412 TEAM/(29160:29161): El entrenador 0 se movió a la posición (2, 8).
[INFO] 00:31:56:414 TEAM/(29160:29161): El entrenador 0 ahora está en BLOCKED.
[INFO] 00:31:56:414 TEAM/(29160:29168): El entrenador 2 ahora está en EXEC.
[INFO] 00:31:56:414 TEAM/(29160:29163): El entrenador  2 se mueve a atrapar a Gengar en posición (6, 6)

[INFO] 00:31:56:414 TEAM/(29160:29163): El entrenador 2 ahora está en EXEC.
[INFO] 00:32:01:432 TEAM/(29160:29171): Recibi mensaje caught pokemon. El pokemon fue atrapado.
[INFO] 00:32:01:433 TEAM/(29160:29512): El entrenador 0 atrapó al pokemon Onix en la posición (2,8).
[INFO] 00:32:01:433 TEAM/(29160:29512): Inicio del algoritmo de detección de deadlock.
[INFO] 00:32:01:433 TEAM/(29160:29512): Habilito el hilo del entrenador 0.
[INFO] 00:32:01:433 TEAM/(29160:29512): No se encontró deadlock.
[INFO] 00:32:16:490 TEAM/(29160:29171): Recibi mensaje caught pokemon. El pokemon fue atrapado.
[INFO] 00:32:21:420 TEAM/(29160:29163): El entrenador 2 se movió a la posición (6, 6).
[INFO] 00:32:26:421 TEAM/(29160:29163): El entrenador 2 ahora está en BLOCKED.
[INFO] 00:32:26:421 TEAM/(29160:29168): El entrenador 1 ahora está en EXEC.
[INFO] 00:32:26:421 TEAM/(29160:29162): El entrenador  1 se mueve a atrapar a Squirtle en posición (5, 5)

[INFO] 00:32:26:421 TEAM/(29160:29162): El entrenador 1 ahora está en EXEC.
[INFO] 00:32:26:494 TEAM/(29160:29171): Recibi mensaje caught pokemon. El pokemon fue atrapado.
[INFO] 00:32:31:437 TEAM/(29160:29171): Recibi mensaje caught pokemon. El pokemon fue atrapado.
[INFO] 00:32:31:441 TEAM/(29160:29567): El entrenador 2 atrapó al pokemon Gengar en la posición (6,6).
[INFO] 00:32:31:441 TEAM/(29160:29567): Inicio del algoritmo de detección de deadlock.
[INFO] 00:32:31:441 TEAM/(29160:29567): Habilito el hilo del entrenador 2.
[INFO] 00:32:31:442 TEAM/(29160:29567): No se encontró deadlock.
[INFO] 00:32:31:493 TEAM/(29160:29171): Recibi mensaje caught pokemon. El pokemon fue atrapado.
[INFO] 00:33:06:429 TEAM/(29160:29162): El entrenador 1 se movió a la posición (5, 5).
[INFO] 00:33:11:430 TEAM/(29160:29162): El entrenador 1 ahora está en BLOCKED.
[INFO] 00:33:16:456 TEAM/(29160:29171): Recibi mensaje caught pokemon. El pokemon fue atrapado.
[INFO] 00:33:16:461 TEAM/(29160:29628): El entrenador 1 atrapó al pokemon Squirtle en la posición (5,5).
[INFO] 00:33:16:461 TEAM/(29160:29628): Inicio del algoritmo de detección de deadlock.
[INFO] 00:33:16:461 TEAM/(29160:29628): Habilito el hilo del entrenador 1.
[INFO] 00:33:16:461 TEAM/(29160:29628): Se encontró deadlock.
[INFO] 00:33:16:461 TEAM/(29160:29165): Encontre una espera circular. Entrenadores involucrados: 
[INFO] 00:33:16:461 TEAM/(29160:29165): Entrenador 0.
[INFO] 00:33:16:461 TEAM/(29160:29165): Entrenador 1.
[INFO] 00:33:16:461 TEAM/(29160:29165): Entrenador 2.
[INFO] 00:33:16:461 TEAM/(29160:29165): El entrenador 0, esta en DEADLOCK con el entrenador 1.
[INFO] 00:33:16:461 TEAM/(29160:29168): El entrenador 1 ahora está en EXEC.
[INFO] 00:33:16:461 TEAM/(29160:29162): El entrenador 1 ahora está en READY.
[INFO] 00:33:16:461 TEAM/(29160:29162): El entrenador 1 ahora está en EXEC.
[INFO] 00:33:46:467 TEAM/(29160:29162): El entrenador 1 se movió a la posición (2, 8).
[INFO] 00:34:11:481 TEAM/(29160:29162): El entrenador 1 le da el pokemon Squirtle al entrenador 0
[INFO] 00:34:11:481 TEAM/(29160:29162): El entrenador 0 le da el pokemon Onix al entrenador 1
[INFO] 00:34:11:482 TEAM/(29160:29162): Operación de intercambio realizada entre entrenadores 1 y 0
[INFO] 00:34:11:482 TEAM/(29160:29162): El entrenador 1 ahora está en BLOCKED.
[INFO] 00:34:11:482 TEAM/(29160:29165): El entrenador 1, esta en DEADLOCK con el entrenador 2.
[INFO] 00:34:11:482 TEAM/(29160:29163): El entrenador 2 ahora está en READY.
[INFO] 00:34:11:482 TEAM/(29160:29168): El entrenador 2 ahora está en EXEC.
[INFO] 00:34:11:482 TEAM/(29160:29163): El entrenador 2 ahora está en EXEC.
[INFO] 00:34:41:496 TEAM/(29160:29163): El entrenador 2 se movió a la posición (2, 8).
[INFO] 00:35:06:500 TEAM/(29160:29163): El entrenador 2 le da el pokemon Gengar al entrenador 1
[INFO] 00:35:06:501 TEAM/(29160:29163): El entrenador 1 le da el pokemon Onix al entrenador 2
[INFO] 00:35:06:501 TEAM/(29160:29163): Operación de intercambio realizada entre entrenadores 2 y 1
[INFO] 00:35:06:501 TEAM/(29160:29163): El entrenador 2 ahora está en BLOCKED.
[INFO] 00:35:06:501 TEAM/(29160:29165): El entrenador 0 ahora está en EXIT.
[INFO] 00:35:06:501 TEAM/(29160:29165): El entrenador 2 ahora está en EXIT.
[INFO] 00:35:06:501 TEAM/(29160:29165): El entrenador 1 ahora está en EXIT.
[INFO] 00:35:06:501 TEAM/(29160:29160): ------------------------------------------------
[INFO] 00:35:06:501 TEAM/(29160:29160): Programa terminado: objetivo global cumplido.
[INFO] 00:35:06:501 TEAM/(29160:29160): Cantidad de ciclos de CPU totales: 62.
[INFO] 00:35:06:501 TEAM/(29160:29160): Cantidad de cambios de contexto realizados: 7.
[INFO] 00:35:06:501 TEAM/(29160:29160): ------------------------------------------------
[INFO] 00:35:06:501 TEAM/(29160:29160): Información de los entrenadores: 
[INFO] 00:35:06:501 TEAM/(29160:29160): Deadlocks producidos: 2.
[INFO] 00:35:06:501 TEAM/(29160:29160): Deadlocks resueltos: 2.
[INFO] 00:35:06:501 TEAM/(29160:29160): Cantidad de ciclos de CPU realizados por el entrenador 0: 7.
[INFO] 00:35:06:501 TEAM/(29160:29160): Cantidad de ciclos de CPU realizados por el entrenador 1: 34.
[INFO] 00:35:06:501 TEAM/(29160:29160): Cantidad de ciclos de CPU realizados por el entrenador 2: 21.
